
extDB3: https://bitbucket.org/torndeco/extdb3/wiki/Home
extDB3: Version: 1.028
extDB3: Windows Debug Version

Message: All development for extDB3 is done on a Linux Dedicated Server
Message: If you would like to Donate to extDB3 Development
Message: https://www.paypal.com/cgi-bin/webscr?cmd=_s-xclick&hosted_button_id=2SUEFTGABTAM2
Message: Also leave a message if there is any particular feature you would like to see added.
Message: Thanks for all the people that have donated.
Message: Torndeco: 18/05/15


extDB3: Found extdb3-conf.ini
extDB3: Detected 8 Cores, Setting up 6 Worker Threads
extDB3: ...
extDB3: ...
extDB3: ...
extDB3: ...
extDB3: ...
extDB3: ...


[15:32:25:829481 +01:00] [Thread 2488] extDB3: Input from Server: 9:VERSION
[15:32:25:829526 +01:00] [Thread 2488] extDB3: Output to Server: 1.028
[15:32:27:266730 +01:00] [Thread 2488] extDB3: Input from Server: 9:ADD_DATABASE:DatabaseName2
[15:32:29:297856 +01:00] [Thread 2488] extDB3: MariaDBConnectorException: DatabaseName2: Can't connect to MySQL server on 'localhost' (10061)
[15:32:29:297906 +01:00] [Thread 2488] extDB3: Output to Server: [0,"Database Connection Error"]
[15:32:29:327911 +01:00] [Thread 2488] extDB3: Input from Server: 9:LOCK
[15:32:29:327964 +01:00] [Thread 2488] extDB3: Locked
[15:32:29:327977 +01:00] [Thread 2488] extDB3: Output to Server: [1]
