
extDB3: https://bitbucket.org/torndeco/extdb3/wiki/Home
extDB3: Version: 1.028
extDB3: Windows Debug Version

Message: All development for extDB3 is done on a Linux Dedicated Server
Message: If you would like to Donate to extDB3 Development
Message: https://www.paypal.com/cgi-bin/webscr?cmd=_s-xclick&hosted_button_id=2SUEFTGABTAM2
Message: Also leave a message if there is any particular feature you would like to see added.
Message: Thanks for all the people that have donated.
Message: Torndeco: 18/05/15


extDB3: Found extdb3-conf.ini
extDB3: Detected 8 Cores, Setting up 6 Worker Threads
extDB3: ...
extDB3: ...
extDB3: ...
extDB3: ...
extDB3: ...
extDB3: ...


[20:27:38:570160 +01:00] [Thread 2564] extDB3: Input from Server: 9:VERSION
[20:27:38:570297 +01:00] [Thread 2564] extDB3: Output to Server: 1.028
[20:27:40:727324 +01:00] [Thread 2564] extDB3: Input from Server: 9:ADD_DATABASE:DatabaseName2
[20:27:40:731445 +01:00] [Thread 2564] extDB3: Output to Server: [1]
[20:27:40:731563 +01:00] [Thread 2564] extDB3: Input from Server: 9:ADD_DATABASE_PROTOCOL:DatabaseName2:SQL:5297:TEXT2
[20:27:40:731615 +01:00] [Thread 2564] extDB3: SQL: Initialized: Add Quotes around TEXT Datatypes mode: 2
[20:27:40:731629 +01:00] [Thread 2564] extDB3: SQL: Initialized: NULL = ""
[20:27:40:731643 +01:00] [Thread 2564] extDB3: Output to Server: [1]
[20:27:40:731690 +01:00] [Thread 2564] extDB3: Input from Server: 9:LOCK
[20:27:40:731707 +01:00] [Thread 2564] extDB3: Locked
[20:27:40:731718 +01:00] [Thread 2564] extDB3: Output to Server: [1]
