
extDB3: https://bitbucket.org/torndeco/extdb3/wiki/Home
extDB3: Version: 1.028
extDB3: Windows Debug Version

Message: All development for extDB3 is done on a Linux Dedicated Server
Message: If you would like to Donate to extDB3 Development
Message: https://www.paypal.com/cgi-bin/webscr?cmd=_s-xclick&hosted_button_id=2SUEFTGABTAM2
Message: Also leave a message if there is any particular feature you would like to see added.
Message: Thanks for all the people that have donated.
Message: Torndeco: 18/05/15


extDB3: Found extdb3-conf.ini
extDB3: Detected 8 Cores, Setting up 6 Worker Threads
extDB3: ...
extDB3: ...
extDB3: ...
extDB3: ...
extDB3: ...
extDB3: ...


[22:30:46:394033 +01:00] [Thread 2672] extDB3: Input from Server: 9:VERSION
[22:30:46:394110 +01:00] [Thread 2672] extDB3: Output to Server: 1.028
[22:30:47:843266 +01:00] [Thread 2672] extDB3: Input from Server: 9:ADD_DATABASE:DatabaseName2
[22:30:47:845030 +01:00] [Thread 2672] extDB3: Output to Server: [1]
[22:30:47:845124 +01:00] [Thread 2672] extDB3: Input from Server: 9:ADD_DATABASE_PROTOCOL:DatabaseName2:SQL:27:TEXT2
[22:30:47:845170 +01:00] [Thread 2672] extDB3: SQL: Initialized: Add Quotes around TEXT Datatypes mode: 2
[22:30:47:845205 +01:00] [Thread 2672] extDB3: SQL: Initialized: NULL = ""
[22:30:47:845218 +01:00] [Thread 2672] extDB3: Output to Server: [1]
[22:30:47:845252 +01:00] [Thread 2672] extDB3: Input from Server: 9:LOCK
[22:30:47:845267 +01:00] [Thread 2672] extDB3: Locked
[22:30:47:845277 +01:00] [Thread 2672] extDB3: Output to Server: [1]
[22:30:47:909319 +01:00] [Thread 2672] extDB3: Input from Server: 1:27:CALL resetLifeVehicles
[22:30:47:909373 +01:00] [Thread 2672] extDB3: Output to Server: 
[22:30:47:909434 +01:00] [Thread 2620] extDB3: SQL: Trace: Input: CALL resetLifeVehicles
[22:30:47:909493 +01:00] [Thread 2672] extDB3: Input from Server: 1:27:CALL deleteDeadVehicles
[22:30:47:909514 +01:00] [Thread 2672] extDB3: Output to Server: 
[22:30:47:909574 +01:00] [Thread 1828] extDB3: SQL: Trace: Input: CALL deleteDeadVehicles
[22:30:47:909611 +01:00] [Thread 2672] extDB3: Input from Server: 1:27:CALL deleteOldHouses
[22:30:47:909631 +01:00] [Thread 2672] extDB3: Output to Server: 
[22:30:47:909723 +01:00] [Thread 2672] extDB3: Input from Server: 1:27:CALL deleteOldGangs
[22:30:47:909742 +01:00] [Thread 2672] extDB3: Output to Server: 
[22:30:47:909768 +01:00] [Thread 2908] extDB3: SQL: Trace: Input: CALL deleteOldHouses
[22:30:47:909822 +01:00] [Thread 952] extDB3: SQL: Trace: Input: CALL deleteOldGangs
[22:30:47:910013 +01:00] [Thread 2672] extDB3: Input from Server: 2:27:SELECT COUNT(*) FROM houses WHERE owned='1'
[22:30:47:910046 +01:00] [Thread 2672] extDB3: Output to Server: [2,"100"]
[22:30:47:910103 +01:00] [Thread 2672] extDB3: Input from Server: 4:100
[22:30:47:910159 +01:00] [Thread 3740] extDB3: SQL: Trace: Input: SELECT COUNT(*) FROM houses WHERE owned='1'
[22:30:47:914720 +01:00] [Thread 2672] extDB3: Output to Server: [3]
[22:30:47:914819 +01:00] [Thread 2672] extDB3: Input from Server: 4:100
[22:30:47:914838 +01:00] [Thread 2672] extDB3: Output to Server: [3]
[22:30:47:914869 +01:00] [Thread 2672] extDB3: Input from Server: 4:100
[22:30:47:914882 +01:00] [Thread 2672] extDB3: Output to Server: [3]
[22:30:47:914907 +01:00] [Thread 2672] extDB3: Input from Server: 4:100
[22:30:47:914919 +01:00] [Thread 2672] extDB3: Output to Server: [3]
[22:30:47:914942 +01:00] [Thread 2672] extDB3: Input from Server: 4:100
[22:30:47:914955 +01:00] [Thread 2672] extDB3: Output to Server: [3]
[22:30:47:914982 +01:00] [Thread 2672] extDB3: Input from Server: 4:100
[22:30:47:914994 +01:00] [Thread 2672] extDB3: Output to Server: [3]
[22:30:47:915018 +01:00] [Thread 2672] extDB3: Input from Server: 4:100
[22:30:47:915030 +01:00] [Thread 2672] extDB3: Output to Server: [3]
[22:30:47:915053 +01:00] [Thread 2672] extDB3: Input from Server: 4:100
[22:30:47:915297 +01:00] [Thread 2672] extDB3: Output to Server: [3]
[22:30:47:915325 +01:00] [Thread 2672] extDB3: Input from Server: 4:100
[22:30:47:915412 +01:00] [Thread 2672] extDB3: Output to Server: [3]
[22:30:47:915447 +01:00] [Thread 2672] extDB3: Input from Server: 4:100
[22:30:47:915461 +01:00] [Thread 2672] extDB3: Output to Server: [3]
[22:30:47:915484 +01:00] [Thread 2672] extDB3: Input from Server: 4:100
[22:30:47:915497 +01:00] [Thread 2672] extDB3: Output to Server: [3]
[22:30:47:915520 +01:00] [Thread 2672] extDB3: Input from Server: 4:100
[22:30:47:915532 +01:00] [Thread 2672] extDB3: Output to Server: [3]
[22:30:47:915564 +01:00] [Thread 2672] extDB3: Input from Server: 4:100
[22:30:47:915577 +01:00] [Thread 2672] extDB3: Output to Server: [3]
[22:30:47:915601 +01:00] [Thread 2672] extDB3: Input from Server: 4:100
[22:30:47:915614 +01:00] [Thread 2672] extDB3: Output to Server: [3]
[22:30:47:915637 +01:00] [Thread 2672] extDB3: Input from Server: 4:100
[22:30:47:915852 +01:00] [Thread 2672] extDB3: Output to Server: [3]
[22:30:47:915877 +01:00] [Thread 2672] extDB3: Input from Server: 4:100
[22:30:47:915891 +01:00] [Thread 2672] extDB3: Output to Server: [3]
[22:30:47:915921 +01:00] [Thread 2672] extDB3: Input from Server: 4:100
[22:30:47:915934 +01:00] [Thread 2672] extDB3: Output to Server: [3]
[22:30:47:915957 +01:00] [Thread 2672] extDB3: Input from Server: 4:100
[22:30:47:915970 +01:00] [Thread 2672] extDB3: Output to Server: [3]
[22:30:47:916000 +01:00] [Thread 2672] extDB3: Input from Server: 4:100
[22:30:47:916014 +01:00] [Thread 2672] extDB3: Output to Server: [3]
[22:30:47:916037 +01:00] [Thread 2672] extDB3: Input from Server: 4:100
[22:30:47:916052 +01:00] [Thread 2672] extDB3: Output to Server: [3]
[22:30:47:916083 +01:00] [Thread 2672] extDB3: Input from Server: 4:100
[22:30:47:916096 +01:00] [Thread 2672] extDB3: Output to Server: [3]
[22:30:47:916120 +01:00] [Thread 2672] extDB3: Input from Server: 4:100
[22:30:47:916132 +01:00] [Thread 2672] extDB3: Output to Server: [3]
[22:30:47:916155 +01:00] [Thread 2672] extDB3: Input from Server: 4:100
[22:30:47:916168 +01:00] [Thread 2672] extDB3: Output to Server: [3]
[22:30:47:916191 +01:00] [Thread 2672] extDB3: Input from Server: 4:100
[22:30:47:916203 +01:00] [Thread 2672] extDB3: Output to Server: [3]
[22:30:47:916235 +01:00] [Thread 2672] extDB3: Input from Server: 4:100
[22:30:47:916249 +01:00] [Thread 2672] extDB3: Output to Server: [3]
[22:30:47:916272 +01:00] [Thread 2672] extDB3: Input from Server: 4:100
[22:30:47:916285 +01:00] [Thread 2672] extDB3: Output to Server: [3]
[22:30:47:916308 +01:00] [Thread 2672] extDB3: Input from Server: 4:100
[22:30:47:916321 +01:00] [Thread 2672] extDB3: Output to Server: [3]
[22:30:47:916344 +01:00] [Thread 2672] extDB3: Input from Server: 4:100
[22:30:47:916356 +01:00] [Thread 2672] extDB3: Output to Server: [3]
[22:30:47:916379 +01:00] [Thread 2672] extDB3: Input from Server: 4:100
[22:30:47:916392 +01:00] [Thread 2672] extDB3: Output to Server: [3]
[22:30:47:916416 +01:00] [Thread 2672] extDB3: Input from Server: 4:100
[22:30:47:916428 +01:00] [Thread 2672] extDB3: Output to Server: [3]
[22:30:47:916458 +01:00] [Thread 2672] extDB3: Input from Server: 4:100
[22:30:47:916471 +01:00] [Thread 2672] extDB3: Output to Server: [3]
[22:30:47:916495 +01:00] [Thread 2672] extDB3: Input from Server: 4:100
[22:30:47:916508 +01:00] [Thread 2672] extDB3: Output to Server: [3]
[22:30:47:916531 +01:00] [Thread 2672] extDB3: Input from Server: 4:100
[22:30:47:916544 +01:00] [Thread 2672] extDB3: Output to Server: [3]
[22:30:47:916567 +01:00] [Thread 2672] extDB3: Input from Server: 4:100
[22:30:47:916579 +01:00] [Thread 2672] extDB3: Output to Server: [3]
[22:30:47:916602 +01:00] [Thread 2672] extDB3: Input from Server: 4:100
[22:30:47:916615 +01:00] [Thread 2672] extDB3: Output to Server: [3]
[22:30:47:916638 +01:00] [Thread 2672] extDB3: Input from Server: 4:100
[22:30:47:916650 +01:00] [Thread 2672] extDB3: Output to Server: [3]
[22:30:47:916673 +01:00] [Thread 2672] extDB3: Input from Server: 4:100
[22:30:47:916686 +01:00] [Thread 2672] extDB3: Output to Server: [3]
[22:30:47:916709 +01:00] [Thread 2672] extDB3: Input from Server: 4:100
[22:30:47:916771 +01:00] [Thread 2672] extDB3: Output to Server: [3]
[22:30:47:916804 +01:00] [Thread 2672] extDB3: Input from Server: 4:100
[22:30:47:916817 +01:00] [Thread 2672] extDB3: Output to Server: [3]
[22:30:47:916840 +01:00] [Thread 2672] extDB3: Input from Server: 4:100
[22:30:47:916853 +01:00] [Thread 2672] extDB3: Output to Server: [3]
[22:30:47:916876 +01:00] [Thread 2672] extDB3: Input from Server: 4:100
[22:30:47:916889 +01:00] [Thread 2672] extDB3: Output to Server: [3]
[22:30:47:916912 +01:00] [Thread 2672] extDB3: Input from Server: 4:100
[22:30:47:916924 +01:00] [Thread 2672] extDB3: Output to Server: [3]
[22:30:47:916947 +01:00] [Thread 2672] extDB3: Input from Server: 4:100
[22:30:47:916959 +01:00] [Thread 2672] extDB3: Output to Server: [3]
[22:30:47:916985 +01:00] [Thread 2672] extDB3: Input from Server: 4:100
[22:30:47:916998 +01:00] [Thread 2672] extDB3: Output to Server: [3]
[22:30:47:917029 +01:00] [Thread 2672] extDB3: Input from Server: 4:100
[22:30:47:917042 +01:00] [Thread 2672] extDB3: Output to Server: [3]
[22:30:47:917066 +01:00] [Thread 2672] extDB3: Input from Server: 4:100
[22:30:47:917079 +01:00] [Thread 2672] extDB3: Output to Server: [3]
[22:30:47:917102 +01:00] [Thread 2672] extDB3: Input from Server: 4:100
[22:30:47:917115 +01:00] [Thread 2672] extDB3: Output to Server: [3]
[22:30:47:917138 +01:00] [Thread 2672] extDB3: Input from Server: 4:100
[22:30:47:917150 +01:00] [Thread 2672] extDB3: Output to Server: [3]
[22:30:47:917173 +01:00] [Thread 2672] extDB3: Input from Server: 4:100
[22:30:47:917186 +01:00] [Thread 2672] extDB3: Output to Server: [3]
[22:30:47:917209 +01:00] [Thread 2672] extDB3: Input from Server: 4:100
[22:30:47:917221 +01:00] [Thread 2672] extDB3: Output to Server: [3]
[22:30:47:917244 +01:00] [Thread 2672] extDB3: Input from Server: 4:100
[22:30:47:917257 +01:00] [Thread 2672] extDB3: Output to Server: [3]
[22:30:47:917280 +01:00] [Thread 2672] extDB3: Input from Server: 4:100
[22:30:47:917292 +01:00] [Thread 2672] extDB3: Output to Server: [3]
[22:30:47:917315 +01:00] [Thread 2672] extDB3: Input from Server: 4:100
[22:30:47:917330 +01:00] [Thread 2672] extDB3: Output to Server: [3]
[22:30:47:917359 +01:00] [Thread 2672] extDB3: Input from Server: 4:100
[22:30:47:917372 +01:00] [Thread 2672] extDB3: Output to Server: [3]
[22:30:47:917395 +01:00] [Thread 2672] extDB3: Input from Server: 4:100
[22:30:47:917407 +01:00] [Thread 2672] extDB3: Output to Server: [3]
[22:30:47:917430 +01:00] [Thread 2672] extDB3: Input from Server: 4:100
[22:30:47:917443 +01:00] [Thread 2672] extDB3: Output to Server: [3]
[22:30:47:917466 +01:00] [Thread 2672] extDB3: Input from Server: 4:100
[22:30:47:917479 +01:00] [Thread 2672] extDB3: Output to Server: [3]
[22:30:47:917502 +01:00] [Thread 2672] extDB3: Input from Server: 4:100
[22:30:47:917514 +01:00] [Thread 2672] extDB3: Output to Server: [3]
[22:30:47:917537 +01:00] [Thread 2672] extDB3: Input from Server: 4:100
[22:30:47:917550 +01:00] [Thread 2672] extDB3: Output to Server: [3]
[22:30:47:917575 +01:00] [Thread 2672] extDB3: Input from Server: 4:100
[22:30:47:917593 +01:00] [Thread 2672] extDB3: Output to Server: [3]
[22:30:47:917617 +01:00] [Thread 2672] extDB3: Input from Server: 4:100
[22:30:47:917630 +01:00] [Thread 2672] extDB3: Output to Server: [3]
[22:30:47:917653 +01:00] [Thread 2672] extDB3: Input from Server: 4:100
[22:30:47:917666 +01:00] [Thread 2672] extDB3: Output to Server: [3]
[22:30:47:917689 +01:00] [Thread 2672] extDB3: Input from Server: 4:100
[22:30:47:917702 +01:00] [Thread 2672] extDB3: Output to Server: [3]
[22:30:47:917724 +01:00] [Thread 2672] extDB3: Input from Server: 4:100
[22:30:47:917737 +01:00] [Thread 2672] extDB3: Output to Server: [3]
[22:30:47:917760 +01:00] [Thread 2672] extDB3: Input from Server: 4:100
[22:30:47:917772 +01:00] [Thread 2672] extDB3: Output to Server: [3]
[22:30:47:917796 +01:00] [Thread 2672] extDB3: Input from Server: 4:100
[22:30:47:917808 +01:00] [Thread 2672] extDB3: Output to Server: [3]
[22:30:47:917834 +01:00] [Thread 2672] extDB3: Input from Server: 4:100
[22:30:47:917848 +01:00] [Thread 2672] extDB3: Output to Server: [3]
[22:30:47:917871 +01:00] [Thread 2672] extDB3: Input from Server: 4:100
[22:30:47:917884 +01:00] [Thread 2672] extDB3: Output to Server: [3]
[22:30:47:917908 +01:00] [Thread 2672] extDB3: Input from Server: 4:100
[22:30:47:917926 +01:00] [Thread 2672] extDB3: Output to Server: [3]
[22:30:47:917951 +01:00] [Thread 2672] extDB3: Input from Server: 4:100
[22:30:47:917964 +01:00] [Thread 2672] extDB3: Output to Server: [3]
[22:30:47:917989 +01:00] [Thread 2672] extDB3: Input from Server: 4:100
[22:30:47:918002 +01:00] [Thread 2672] extDB3: Output to Server: [3]
[22:30:47:918025 +01:00] [Thread 2672] extDB3: Input from Server: 4:100
[22:30:47:918037 +01:00] [Thread 2672] extDB3: Output to Server: [3]
[22:30:47:918060 +01:00] [Thread 2672] extDB3: Input from Server: 4:100
[22:30:47:918073 +01:00] [Thread 2672] extDB3: Output to Server: [3]
[22:30:47:918098 +01:00] [Thread 2672] extDB3: Input from Server: 4:100
[22:30:47:918509 +01:00] [Thread 2672] extDB3: Output to Server: [3]
[22:30:47:918534 +01:00] [Thread 2672] extDB3: Input from Server: 4:100
[22:30:47:918547 +01:00] [Thread 2672] extDB3: Output to Server: [3]
[22:30:47:918570 +01:00] [Thread 2672] extDB3: Input from Server: 4:100
[22:30:47:918583 +01:00] [Thread 2672] extDB3: Output to Server: [3]
[22:30:47:918606 +01:00] [Thread 2672] extDB3: Input from Server: 4:100
[22:30:47:918619 +01:00] [Thread 2672] extDB3: Output to Server: [3]
[22:30:47:918642 +01:00] [Thread 2672] extDB3: Input from Server: 4:100
[22:30:47:918654 +01:00] [Thread 2672] extDB3: Output to Server: [3]
[22:30:47:918681 +01:00] [Thread 2672] extDB3: Input from Server: 4:100
[22:30:47:918697 +01:00] [Thread 2672] extDB3: Output to Server: [3]
[22:30:47:918721 +01:00] [Thread 2672] extDB3: Input from Server: 4:100
[22:30:47:918734 +01:00] [Thread 2672] extDB3: Output to Server: [3]
[22:30:47:918757 +01:00] [Thread 2672] extDB3: Input from Server: 4:100
[22:30:47:918770 +01:00] [Thread 2672] extDB3: Output to Server: [3]
[22:30:47:918793 +01:00] [Thread 2672] extDB3: Input from Server: 4:100
[22:30:47:918806 +01:00] [Thread 2672] extDB3: Output to Server: [3]
[22:30:47:918829 +01:00] [Thread 2672] extDB3: Input from Server: 4:100
[22:30:47:918841 +01:00] [Thread 2672] extDB3: Output to Server: [3]
[22:30:47:918864 +01:00] [Thread 2672] extDB3: Input from Server: 4:100
[22:30:47:919108 +01:00] [Thread 2672] extDB3: Output to Server: [3]
[22:30:47:919134 +01:00] [Thread 2672] extDB3: Input from Server: 4:100
[22:30:47:919147 +01:00] [Thread 2672] extDB3: Output to Server: [3]
[22:30:47:919170 +01:00] [Thread 2672] extDB3: Input from Server: 4:100
[22:30:47:919183 +01:00] [Thread 2672] extDB3: Output to Server: [3]
[22:30:47:919206 +01:00] [Thread 2672] extDB3: Input from Server: 4:100
[22:30:47:919218 +01:00] [Thread 2672] extDB3: Output to Server: [3]
[22:30:47:919241 +01:00] [Thread 2672] extDB3: Input from Server: 4:100
[22:30:47:919254 +01:00] [Thread 2672] extDB3: Output to Server: [3]
[22:30:47:919284 +01:00] [Thread 2672] extDB3: Input from Server: 4:100
[22:30:47:919297 +01:00] [Thread 2672] extDB3: Output to Server: [3]
[22:30:47:919325 +01:00] [Thread 2672] extDB3: Input from Server: 4:100
[22:30:47:919340 +01:00] [Thread 2672] extDB3: Output to Server: [3]
[22:30:47:919365 +01:00] [Thread 2672] extDB3: Input from Server: 4:100
[22:30:47:919377 +01:00] [Thread 2672] extDB3: Output to Server: [3]
[22:30:47:919401 +01:00] [Thread 2672] extDB3: Input from Server: 4:100
[22:30:47:919414 +01:00] [Thread 2672] extDB3: Output to Server: [3]
[22:30:47:919437 +01:00] [Thread 2672] extDB3: Input from Server: 4:100
[22:30:47:919644 +01:00] [Thread 2672] extDB3: Output to Server: [3]
[22:30:47:919668 +01:00] [Thread 2672] extDB3: Input from Server: 4:100
[22:30:47:919681 +01:00] [Thread 2672] extDB3: Output to Server: [3]
[22:30:47:919704 +01:00] [Thread 2672] extDB3: Input from Server: 4:100
[22:30:47:919758 +01:00] [Thread 2672] extDB3: Output to Server: [3]
[22:30:47:919789 +01:00] [Thread 2672] extDB3: Input from Server: 4:100
[22:30:47:919802 +01:00] [Thread 2672] extDB3: Output to Server: [3]
[22:30:47:919825 +01:00] [Thread 2672] extDB3: Input from Server: 4:100
[22:30:47:919838 +01:00] [Thread 2672] extDB3: Output to Server: [3]
[22:30:47:919861 +01:00] [Thread 2672] extDB3: Input from Server: 4:100
[22:30:47:919874 +01:00] [Thread 2672] extDB3: Output to Server: [3]
[22:30:47:919901 +01:00] [Thread 2672] extDB3: Input from Server: 4:100
[22:30:47:919918 +01:00] [Thread 2672] extDB3: Output to Server: [3]
[22:30:47:919943 +01:00] [Thread 2672] extDB3: Input from Server: 4:100
[22:30:47:919956 +01:00] [Thread 2672] extDB3: Output to Server: [3]
[22:30:47:919979 +01:00] [Thread 2672] extDB3: Input from Server: 4:100
[22:30:47:920007 +01:00] [Thread 2672] extDB3: Output to Server: [3]
[22:30:47:920032 +01:00] [Thread 2672] extDB3: Input from Server: 4:100
[22:30:47:920045 +01:00] [Thread 2672] extDB3: Output to Server: [3]
[22:30:47:920068 +01:00] [Thread 2672] extDB3: Input from Server: 4:100
[22:30:47:920081 +01:00] [Thread 2672] extDB3: Output to Server: [3]
[22:30:47:920104 +01:00] [Thread 2672] extDB3: Input from Server: 4:100
[22:30:47:920117 +01:00] [Thread 2672] extDB3: Output to Server: [3]
[22:30:47:920140 +01:00] [Thread 2672] extDB3: Input from Server: 4:100
[22:30:47:920152 +01:00] [Thread 2672] extDB3: Output to Server: [3]
[22:30:47:920176 +01:00] [Thread 2672] extDB3: Input from Server: 4:100
[22:30:47:920188 +01:00] [Thread 2672] extDB3: Output to Server: [3]
[22:30:47:920211 +01:00] [Thread 2672] extDB3: Input from Server: 4:100
[22:30:47:920224 +01:00] [Thread 2672] extDB3: Output to Server: [3]
[22:30:47:920247 +01:00] [Thread 2672] extDB3: Input from Server: 4:100
[22:30:47:920259 +01:00] [Thread 2672] extDB3: Output to Server: [3]
[22:30:47:920282 +01:00] [Thread 2672] extDB3: Input from Server: 4:100
[22:30:47:920295 +01:00] [Thread 2672] extDB3: Output to Server: [3]
[22:30:47:920318 +01:00] [Thread 2672] extDB3: Input from Server: 4:100
[22:30:47:920330 +01:00] [Thread 2672] extDB3: Output to Server: [3]
[22:30:47:920354 +01:00] [Thread 2672] extDB3: Input from Server: 4:100
[22:30:47:920366 +01:00] [Thread 2672] extDB3: Output to Server: [3]
[22:30:47:920414 +01:00] [Thread 2672] extDB3: Input from Server: 4:100
[22:30:47:920427 +01:00] [Thread 2672] extDB3: Output to Server: [3]
[22:30:47:920461 +01:00] [Thread 2672] extDB3: Input from Server: 4:100
[22:30:47:920476 +01:00] [Thread 2672] extDB3: Output to Server: [3]
[22:30:47:920500 +01:00] [Thread 2672] extDB3: Input from Server: 4:100
[22:30:47:920513 +01:00] [Thread 2672] extDB3: Output to Server: [3]
[22:30:47:920536 +01:00] [Thread 2672] extDB3: Input from Server: 4:100
[22:30:47:920548 +01:00] [Thread 2672] extDB3: Output to Server: [3]
[22:30:47:920572 +01:00] [Thread 2672] extDB3: Input from Server: 4:100
[22:30:47:920584 +01:00] [Thread 2672] extDB3: Output to Server: [3]
[22:30:47:920607 +01:00] [Thread 2672] extDB3: Input from Server: 4:100
[22:30:47:920620 +01:00] [Thread 2672] extDB3: Output to Server: [3]
[22:30:47:920643 +01:00] [Thread 2672] extDB3: Input from Server: 4:100
[22:30:47:920655 +01:00] [Thread 2672] extDB3: Output to Server: [3]
[22:30:47:920678 +01:00] [Thread 2672] extDB3: Input from Server: 4:100
[22:30:47:920691 +01:00] [Thread 2672] extDB3: Output to Server: [3]
[22:30:47:920714 +01:00] [Thread 2672] extDB3: Input from Server: 4:100
[22:30:47:920726 +01:00] [Thread 2672] extDB3: Output to Server: [3]
[22:30:47:920749 +01:00] [Thread 2672] extDB3: Input from Server: 4:100
[22:30:47:920762 +01:00] [Thread 2672] extDB3: Output to Server: [3]
[22:30:47:920785 +01:00] [Thread 2672] extDB3: Input from Server: 4:100
[22:30:47:920797 +01:00] [Thread 2672] extDB3: Output to Server: [3]
[22:30:47:920820 +01:00] [Thread 2672] extDB3: Input from Server: 4:100
[22:30:47:920833 +01:00] [Thread 2672] extDB3: Output to Server: [3]
[22:30:47:920856 +01:00] [Thread 2672] extDB3: Input from Server: 4:100
[22:30:47:920871 +01:00] [Thread 2672] extDB3: Output to Server: [3]
[22:30:47:920896 +01:00] [Thread 2672] extDB3: Input from Server: 4:100
[22:30:47:920909 +01:00] [Thread 2672] extDB3: Output to Server: [3]
[22:30:47:920932 +01:00] [Thread 2672] extDB3: Input from Server: 4:100
[22:30:47:920944 +01:00] [Thread 2672] extDB3: Output to Server: [3]
[22:30:47:920967 +01:00] [Thread 2672] extDB3: Input from Server: 4:100
[22:30:47:920980 +01:00] [Thread 2672] extDB3: Output to Server: [3]
[22:30:47:921005 +01:00] [Thread 2672] extDB3: Input from Server: 4:100
[22:30:47:921019 +01:00] [Thread 2672] extDB3: Output to Server: [3]
[22:30:47:921050 +01:00] [Thread 2672] extDB3: Input from Server: 4:100
[22:30:47:921063 +01:00] [Thread 2672] extDB3: Output to Server: [3]
[22:30:47:921087 +01:00] [Thread 2672] extDB3: Input from Server: 4:100
[22:30:47:921100 +01:00] [Thread 2672] extDB3: Output to Server: [3]
[22:30:47:921122 +01:00] [Thread 2672] extDB3: Input from Server: 4:100
[22:30:47:921135 +01:00] [Thread 2672] extDB3: Output to Server: [3]
[22:30:47:921162 +01:00] [Thread 2672] extDB3: Input from Server: 4:100
[22:30:47:921178 +01:00] [Thread 2672] extDB3: Output to Server: [3]
[22:30:47:921214 +01:00] [Thread 2672] extDB3: Input from Server: 4:100
[22:30:47:921233 +01:00] [Thread 2672] extDB3: Output to Server: [3]
[22:30:47:921270 +01:00] [Thread 2672] extDB3: Input from Server: 4:100
[22:30:47:921290 +01:00] [Thread 2672] extDB3: Output to Server: [3]
[22:30:47:921438 +01:00] [Thread 2672] extDB3: Input from Server: 4:100
[22:30:47:921461 +01:00] [Thread 2672] extDB3: Output to Server: [3]
[22:30:47:921508 +01:00] [Thread 2672] extDB3: Input from Server: 4:100
[22:30:47:921528 +01:00] [Thread 2672] extDB3: Output to Server: [3]
[22:30:47:921567 +01:00] [Thread 2672] extDB3: Input from Server: 4:100
[22:30:47:921586 +01:00] [Thread 2672] extDB3: Output to Server: [3]
[22:30:47:921623 +01:00] [Thread 2672] extDB3: Input from Server: 4:100
[22:30:47:921643 +01:00] [Thread 2672] extDB3: Output to Server: [3]
[22:30:47:921679 +01:00] [Thread 2672] extDB3: Input from Server: 4:100
[22:30:47:921698 +01:00] [Thread 2672] extDB3: Output to Server: [3]
[22:30:47:921734 +01:00] [Thread 2672] extDB3: Input from Server: 4:100
[22:30:47:921752 +01:00] [Thread 2672] extDB3: Output to Server: [3]
[22:30:47:921789 +01:00] [Thread 2672] extDB3: Input from Server: 4:100
[22:30:47:921808 +01:00] [Thread 2672] extDB3: Output to Server: [3]
[22:30:47:921844 +01:00] [Thread 2672] extDB3: Input from Server: 4:100
[22:30:47:921862 +01:00] [Thread 2672] extDB3: Output to Server: [3]
[22:30:47:921899 +01:00] [Thread 2672] extDB3: Input from Server: 4:100
[22:30:47:922395 +01:00] [Thread 2672] extDB3: Output to Server: [3]
[22:30:47:922451 +01:00] [Thread 2672] extDB3: Input from Server: 4:100
[22:30:47:922473 +01:00] [Thread 2672] extDB3: Output to Server: [3]
[22:30:47:922511 +01:00] [Thread 2672] extDB3: Input from Server: 4:100
[22:30:47:922530 +01:00] [Thread 2672] extDB3: Output to Server: [3]
[22:30:47:922582 +01:00] [Thread 2672] extDB3: Input from Server: 4:100
[22:30:47:922601 +01:00] [Thread 2672] extDB3: Output to Server: [3]
[22:30:47:922638 +01:00] [Thread 2672] extDB3: Input from Server: 4:100
[22:30:47:922657 +01:00] [Thread 2672] extDB3: Output to Server: [3]
[22:30:47:922693 +01:00] [Thread 2672] extDB3: Input from Server: 4:100
[22:30:47:922712 +01:00] [Thread 2672] extDB3: Output to Server: [3]
[22:30:47:922749 +01:00] [Thread 2672] extDB3: Input from Server: 4:100
[22:30:47:922768 +01:00] [Thread 2672] extDB3: Output to Server: [3]
[22:30:47:922805 +01:00] [Thread 2672] extDB3: Input from Server: 4:100
[22:30:47:922822 +01:00] [Thread 2672] extDB3: Output to Server: [3]
[22:30:47:922858 +01:00] [Thread 2672] extDB3: Input from Server: 4:100
[22:30:47:922878 +01:00] [Thread 2672] extDB3: Output to Server: [3]
[22:30:47:922914 +01:00] [Thread 2672] extDB3: Input from Server: 4:100
[22:30:47:922933 +01:00] [Thread 2672] extDB3: Output to Server: [3]
[22:30:47:922973 +01:00] [Thread 2672] extDB3: Input from Server: 4:100
[22:30:47:923272 +01:00] [Thread 2672] extDB3: Output to Server: [3]
[22:30:47:923324 +01:00] [Thread 2672] extDB3: Input from Server: 4:100
[22:30:47:923345 +01:00] [Thread 2672] extDB3: Output to Server: [3]
[22:30:47:923381 +01:00] [Thread 2672] extDB3: Input from Server: 4:100
[22:30:47:923400 +01:00] [Thread 2672] extDB3: Output to Server: [3]
[22:30:47:923437 +01:00] [Thread 2672] extDB3: Input from Server: 4:100
[22:30:47:923457 +01:00] [Thread 2672] extDB3: Output to Server: [3]
[22:30:47:923493 +01:00] [Thread 2672] extDB3: Input from Server: 4:100
[22:30:47:923512 +01:00] [Thread 2672] extDB3: Output to Server: [3]
[22:30:47:923548 +01:00] [Thread 2672] extDB3: Input from Server: 4:100
[22:30:47:923566 +01:00] [Thread 2672] extDB3: Output to Server: [3]
[22:30:47:923602 +01:00] [Thread 2672] extDB3: Input from Server: 4:100
[22:30:47:923633 +01:00] [Thread 2672] extDB3: Output to Server: [3]
[22:30:47:923671 +01:00] [Thread 2672] extDB3: Input from Server: 4:100
[22:30:47:923689 +01:00] [Thread 2672] extDB3: Output to Server: [3]
[22:30:47:923726 +01:00] [Thread 2672] extDB3: Input from Server: 4:100
[22:30:47:923745 +01:00] [Thread 2672] extDB3: Output to Server: [3]
[22:30:47:923781 +01:00] [Thread 2672] extDB3: Input from Server: 4:100
[22:30:47:923799 +01:00] [Thread 2672] extDB3: Output to Server: [3]
[22:30:47:923835 +01:00] [Thread 2672] extDB3: Input from Server: 4:100
[22:30:47:923853 +01:00] [Thread 2672] extDB3: Output to Server: [3]
[22:30:47:923889 +01:00] [Thread 2672] extDB3: Input from Server: 4:100
[22:30:47:924152 +01:00] [Thread 2672] extDB3: Output to Server: [3]
[22:30:47:924201 +01:00] [Thread 2672] extDB3: Input from Server: 4:100
[22:30:47:924222 +01:00] [Thread 2672] extDB3: Output to Server: [3]
[22:30:47:924219 +01:00] [Thread 1828] extDB3: SQL: Trace: Result: [1,[]]
[22:30:47:924263 +01:00] [Thread 2672] extDB3: Input from Server: 4:100
[22:30:47:924286 +01:00] [Thread 2672] extDB3: Output to Server: [3]
[22:30:47:924232 +01:00] [Thread 2908] extDB3: SQL: Trace: Result: [1,[]]
[22:30:47:924326 +01:00] [Thread 2672] extDB3: Input from Server: 4:100
[22:30:47:924351 +01:00] [Thread 2672] extDB3: Output to Server: [3]
[22:30:47:924392 +01:00] [Thread 2672] extDB3: Input from Server: 4:100
[22:30:47:924414 +01:00] [Thread 2672] extDB3: Output to Server: [3]
[22:30:47:924453 +01:00] [Thread 2672] extDB3: Input from Server: 4:100
[22:30:47:924475 +01:00] [Thread 2672] extDB3: Output to Server: [3]
[22:30:47:924516 +01:00] [Thread 2672] extDB3: Input from Server: 4:100
[22:30:47:924537 +01:00] [Thread 2672] extDB3: Output to Server: [3]
[22:30:47:924576 +01:00] [Thread 2672] extDB3: Input from Server: 4:100
[22:30:47:924596 +01:00] [Thread 2672] extDB3: Output to Server: [3]
[22:30:47:924634 +01:00] [Thread 2672] extDB3: Input from Server: 4:100
[22:30:47:924655 +01:00] [Thread 2672] extDB3: Output to Server: [3]
[22:30:47:924694 +01:00] [Thread 2672] extDB3: Input from Server: 4:100
[22:30:47:924714 +01:00] [Thread 2672] extDB3: Output to Server: [3]
[22:30:47:924754 +01:00] [Thread 2672] extDB3: Input from Server: 4:100
[22:30:47:924776 +01:00] [Thread 2672] extDB3: Output to Server: [3]
[22:30:47:924814 +01:00] [Thread 2672] extDB3: Input from Server: 4:100
[22:30:47:924836 +01:00] [Thread 2672] extDB3: Output to Server: [3]
[22:30:47:924877 +01:00] [Thread 2672] extDB3: Input from Server: 4:100
[22:30:47:924898 +01:00] [Thread 2672] extDB3: Output to Server: [3]
[22:30:47:924937 +01:00] [Thread 2672] extDB3: Input from Server: 4:100
[22:30:47:924958 +01:00] [Thread 2672] extDB3: Output to Server: [3]
[22:30:47:924997 +01:00] [Thread 2672] extDB3: Input from Server: 4:100
[22:30:47:925018 +01:00] [Thread 2672] extDB3: Output to Server: [3]
[22:30:47:925062 +01:00] [Thread 2672] extDB3: Input from Server: 4:100
[22:30:47:925083 +01:00] [Thread 2672] extDB3: Output to Server: [3]
[22:30:47:925121 +01:00] [Thread 2672] extDB3: Input from Server: 4:100
[22:30:47:925141 +01:00] [Thread 2672] extDB3: Output to Server: [3]
[22:30:47:925169 +01:00] [Thread 2672] extDB3: Input from Server: 4:100
[22:30:47:925182 +01:00] [Thread 2672] extDB3: Output to Server: [3]
[22:30:47:925205 +01:00] [Thread 2672] extDB3: Input from Server: 4:100
[22:30:47:925218 +01:00] [Thread 2672] extDB3: Output to Server: [3]
[22:30:47:925241 +01:00] [Thread 2672] extDB3: Input from Server: 4:100
[22:30:47:925253 +01:00] [Thread 2672] extDB3: Output to Server: [3]
[22:30:47:925276 +01:00] [Thread 2672] extDB3: Input from Server: 4:100
[22:30:47:925289 +01:00] [Thread 2672] extDB3: Output to Server: [3]
[22:30:47:925312 +01:00] [Thread 2672] extDB3: Input from Server: 4:100
[22:30:47:925324 +01:00] [Thread 2672] extDB3: Output to Server: [3]
[22:30:47:925347 +01:00] [Thread 2672] extDB3: Input from Server: 4:100
[22:30:47:925360 +01:00] [Thread 2672] extDB3: Output to Server: [3]
[22:30:47:925383 +01:00] [Thread 2672] extDB3: Input from Server: 4:100
[22:30:47:925395 +01:00] [Thread 2672] extDB3: Output to Server: [3]
[22:30:47:925418 +01:00] [Thread 2672] extDB3: Input from Server: 4:100
[22:30:47:925431 +01:00] [Thread 2672] extDB3: Output to Server: [3]
[22:30:47:925454 +01:00] [Thread 2672] extDB3: Input from Server: 4:100
[22:30:47:925467 +01:00] [Thread 2672] extDB3: Output to Server: [3]
[22:30:47:925490 +01:00] [Thread 2672] extDB3: Input from Server: 4:100
[22:30:47:925502 +01:00] [Thread 2672] extDB3: Output to Server: [3]
[22:30:47:925525 +01:00] [Thread 2672] extDB3: Input from Server: 4:100
[22:30:47:925538 +01:00] [Thread 2672] extDB3: Output to Server: [3]
[22:30:47:925561 +01:00] [Thread 2672] extDB3: Input from Server: 4:100
[22:30:47:925573 +01:00] [Thread 2672] extDB3: Output to Server: [3]
[22:30:47:925596 +01:00] [Thread 2672] extDB3: Input from Server: 4:100
[22:30:47:925608 +01:00] [Thread 2672] extDB3: Output to Server: [3]
[22:30:47:925632 +01:00] [Thread 2672] extDB3: Input from Server: 4:100
[22:30:47:925644 +01:00] [Thread 2672] extDB3: Output to Server: [3]
[22:30:47:925667 +01:00] [Thread 2672] extDB3: Input from Server: 4:100
[22:30:47:925679 +01:00] [Thread 2672] extDB3: Output to Server: [3]
[22:30:47:925702 +01:00] [Thread 2672] extDB3: Input from Server: 4:100
[22:30:47:925715 +01:00] [Thread 2672] extDB3: Output to Server: [3]
[22:30:47:925738 +01:00] [Thread 2672] extDB3: Input from Server: 4:100
[22:30:47:925750 +01:00] [Thread 2672] extDB3: Output to Server: [3]
[22:30:47:925773 +01:00] [Thread 2672] extDB3: Input from Server: 4:100
[22:30:47:925785 +01:00] [Thread 2672] extDB3: Output to Server: [3]
[22:30:47:925808 +01:00] [Thread 2672] extDB3: Input from Server: 4:100
[22:30:47:925821 +01:00] [Thread 2672] extDB3: Output to Server: [3]
[22:30:47:925844 +01:00] [Thread 2672] extDB3: Input from Server: 4:100
[22:30:47:925856 +01:00] [Thread 2672] extDB3: Output to Server: [3]
[22:30:47:925879 +01:00] [Thread 2672] extDB3: Input from Server: 4:100
[22:30:47:925891 +01:00] [Thread 2672] extDB3: Output to Server: [3]
[22:30:47:925914 +01:00] [Thread 2672] extDB3: Input from Server: 4:100
[22:30:47:925927 +01:00] [Thread 2672] extDB3: Output to Server: [3]
[22:30:47:925949 +01:00] [Thread 2672] extDB3: Input from Server: 4:100
[22:30:47:925961 +01:00] [Thread 2672] extDB3: Output to Server: [3]
[22:30:47:925984 +01:00] [Thread 2672] extDB3: Input from Server: 4:100
[22:30:47:925997 +01:00] [Thread 2672] extDB3: Output to Server: [3]
[22:30:47:926022 +01:00] [Thread 2672] extDB3: Input from Server: 4:100
[22:30:47:926034 +01:00] [Thread 2672] extDB3: Output to Server: [3]
[22:30:47:926057 +01:00] [Thread 2672] extDB3: Input from Server: 4:100
[22:30:47:926070 +01:00] [Thread 2672] extDB3: Output to Server: [3]
[22:30:47:926093 +01:00] [Thread 2672] extDB3: Input from Server: 4:100
[22:30:47:926105 +01:00] [Thread 2672] extDB3: Output to Server: [3]
[22:30:47:926128 +01:00] [Thread 2672] extDB3: Input from Server: 4:100
[22:30:47:926140 +01:00] [Thread 2672] extDB3: Output to Server: [3]
[22:30:47:926227 +01:00] [Thread 2672] extDB3: Input from Server: 4:100
[22:30:47:926245 +01:00] [Thread 2672] extDB3: Output to Server: [3]
[22:30:47:926270 +01:00] [Thread 2672] extDB3: Input from Server: 4:100
[22:30:47:926666 +01:00] [Thread 2672] extDB3: Output to Server: [3]
[22:30:47:926692 +01:00] [Thread 2672] extDB3: Input from Server: 4:100
[22:30:47:926705 +01:00] [Thread 2672] extDB3: Output to Server: [3]
[22:30:47:926728 +01:00] [Thread 2672] extDB3: Input from Server: 4:100
[22:30:47:926740 +01:00] [Thread 2672] extDB3: Output to Server: [3]
[22:30:47:926763 +01:00] [Thread 2672] extDB3: Input from Server: 4:100
[22:30:47:926775 +01:00] [Thread 2672] extDB3: Output to Server: [3]
[22:30:47:926798 +01:00] [Thread 2672] extDB3: Input from Server: 4:100
[22:30:47:926810 +01:00] [Thread 2672] extDB3: Output to Server: [3]
[22:30:47:926833 +01:00] [Thread 2672] extDB3: Input from Server: 4:100
[22:30:47:926846 +01:00] [Thread 2672] extDB3: Output to Server: [3]
[22:30:47:926869 +01:00] [Thread 2672] extDB3: Input from Server: 4:100
[22:30:47:926881 +01:00] [Thread 2672] extDB3: Output to Server: [3]
[22:30:47:926904 +01:00] [Thread 2672] extDB3: Input from Server: 4:100
[22:30:47:926916 +01:00] [Thread 2672] extDB3: Output to Server: [3]
[22:30:47:926939 +01:00] [Thread 2672] extDB3: Input from Server: 4:100
[22:30:47:926951 +01:00] [Thread 2672] extDB3: Output to Server: [3]
[22:30:47:926974 +01:00] [Thread 2672] extDB3: Input from Server: 4:100
[22:30:47:926987 +01:00] [Thread 2672] extDB3: Output to Server: [3]
[22:30:47:927009 +01:00] [Thread 2672] extDB3: Input from Server: 4:100
[22:30:47:927235 +01:00] [Thread 2672] extDB3: Output to Server: [3]
[22:30:47:927261 +01:00] [Thread 2672] extDB3: Input from Server: 4:100
[22:30:47:927274 +01:00] [Thread 2672] extDB3: Output to Server: [3]
[22:30:47:927298 +01:00] [Thread 2672] extDB3: Input from Server: 4:100
[22:30:47:927310 +01:00] [Thread 2672] extDB3: Output to Server: [3]
[22:30:47:927333 +01:00] [Thread 2672] extDB3: Input from Server: 4:100
[22:30:47:927346 +01:00] [Thread 2672] extDB3: Output to Server: [3]
[22:30:47:927369 +01:00] [Thread 2672] extDB3: Input from Server: 4:100
[22:30:47:927381 +01:00] [Thread 2672] extDB3: Output to Server: [3]
[22:30:47:927426 +01:00] [Thread 2672] extDB3: Input from Server: 4:100
[22:30:47:927440 +01:00] [Thread 2672] extDB3: Output to Server: [3]
[22:30:47:927463 +01:00] [Thread 2672] extDB3: Input from Server: 4:100
[22:30:47:927475 +01:00] [Thread 2672] extDB3: Output to Server: [3]
[22:30:47:927498 +01:00] [Thread 2672] extDB3: Input from Server: 4:100
[22:30:47:927511 +01:00] [Thread 2672] extDB3: Output to Server: [3]
[22:30:47:927534 +01:00] [Thread 2672] extDB3: Input from Server: 4:100
[22:30:47:927546 +01:00] [Thread 2672] extDB3: Output to Server: [3]
[22:30:47:927569 +01:00] [Thread 2672] extDB3: Input from Server: 4:100
[22:30:47:927789 +01:00] [Thread 2672] extDB3: Output to Server: [3]
[22:30:47:927816 +01:00] [Thread 2672] extDB3: Input from Server: 4:100
[22:30:47:927828 +01:00] [Thread 2672] extDB3: Output to Server: [3]
[22:30:47:927852 +01:00] [Thread 2672] extDB3: Input from Server: 4:100
[22:30:47:927864 +01:00] [Thread 2672] extDB3: Output to Server: [3]
[22:30:47:927887 +01:00] [Thread 2672] extDB3: Input from Server: 4:100
[22:30:47:927899 +01:00] [Thread 2672] extDB3: Output to Server: [3]
[22:30:47:927922 +01:00] [Thread 2672] extDB3: Input from Server: 4:100
[22:30:47:927935 +01:00] [Thread 2672] extDB3: Output to Server: [3]
[22:30:47:927958 +01:00] [Thread 2672] extDB3: Input from Server: 4:100
[22:30:47:927970 +01:00] [Thread 2672] extDB3: Output to Server: [3]
[22:30:47:927993 +01:00] [Thread 2672] extDB3: Input from Server: 4:100
[22:30:47:928005 +01:00] [Thread 2672] extDB3: Output to Server: [3]
[22:30:47:928031 +01:00] [Thread 2672] extDB3: Input from Server: 4:100
[22:30:47:928044 +01:00] [Thread 2672] extDB3: Output to Server: [3]
[22:30:47:928067 +01:00] [Thread 2672] extDB3: Input from Server: 4:100
[22:30:47:928079 +01:00] [Thread 2672] extDB3: Output to Server: [3]
[22:30:47:928105 +01:00] [Thread 2672] extDB3: Input from Server: 4:100
[22:30:47:928119 +01:00] [Thread 2672] extDB3: Output to Server: [3]
[22:30:47:928142 +01:00] [Thread 2672] extDB3: Input from Server: 4:100
[22:30:47:928155 +01:00] [Thread 2672] extDB3: Output to Server: [3]
[22:30:47:928178 +01:00] [Thread 2672] extDB3: Input from Server: 4:100
[22:30:47:928190 +01:00] [Thread 2672] extDB3: Output to Server: [3]
[22:30:47:928213 +01:00] [Thread 2672] extDB3: Input from Server: 4:100
[22:30:47:928226 +01:00] [Thread 2672] extDB3: Output to Server: [3]
[22:30:47:928249 +01:00] [Thread 2672] extDB3: Input from Server: 4:100
[22:30:47:928261 +01:00] [Thread 2672] extDB3: Output to Server: [3]
[22:30:47:928284 +01:00] [Thread 2672] extDB3: Input from Server: 4:100
[22:30:47:928296 +01:00] [Thread 2672] extDB3: Output to Server: [3]
[22:30:47:928301 +01:00] [Thread 952] extDB3: SQL: Trace: Result: [1,[]]
[22:30:47:928319 +01:00] [Thread 2672] extDB3: Input from Server: 4:100
[22:30:47:928365 +01:00] [Thread 2672] extDB3: Output to Server: [3]
[22:30:47:928388 +01:00] [Thread 2672] extDB3: Input from Server: 4:100
[22:30:47:928400 +01:00] [Thread 2672] extDB3: Output to Server: [3]
[22:30:47:928423 +01:00] [Thread 2672] extDB3: Input from Server: 4:100
[22:30:47:928436 +01:00] [Thread 2672] extDB3: Output to Server: [3]
[22:30:47:928459 +01:00] [Thread 2672] extDB3: Input from Server: 4:100
[22:30:47:928471 +01:00] [Thread 2672] extDB3: Output to Server: [3]
[22:30:47:928494 +01:00] [Thread 2672] extDB3: Input from Server: 4:100
[22:30:47:928507 +01:00] [Thread 2672] extDB3: Output to Server: [3]
[22:30:47:928541 +01:00] [Thread 2672] extDB3: Input from Server: 4:100
[22:30:47:928555 +01:00] [Thread 2672] extDB3: Output to Server: [3]
[22:30:47:928580 +01:00] [Thread 2672] extDB3: Input from Server: 4:100
[22:30:47:928593 +01:00] [Thread 2672] extDB3: Output to Server: [3]
[22:30:47:928616 +01:00] [Thread 2672] extDB3: Input from Server: 4:100
[22:30:47:928629 +01:00] [Thread 2672] extDB3: Output to Server: [3]
[22:30:47:928651 +01:00] [Thread 2672] extDB3: Input from Server: 4:100
[22:30:47:928664 +01:00] [Thread 2672] extDB3: Output to Server: [3]
[22:30:47:928687 +01:00] [Thread 2672] extDB3: Input from Server: 4:100
[22:30:47:928699 +01:00] [Thread 2672] extDB3: Output to Server: [3]
[22:30:47:928722 +01:00] [Thread 2672] extDB3: Input from Server: 4:100
[22:30:47:928734 +01:00] [Thread 2672] extDB3: Output to Server: [3]
[22:30:47:928757 +01:00] [Thread 2672] extDB3: Input from Server: 4:100
[22:30:47:928770 +01:00] [Thread 2672] extDB3: Output to Server: [3]
[22:30:47:928792 +01:00] [Thread 2672] extDB3: Input from Server: 4:100
[22:30:47:928804 +01:00] [Thread 2672] extDB3: Output to Server: [3]
[22:30:47:928827 +01:00] [Thread 2672] extDB3: Input from Server: 4:100
[22:30:47:928839 +01:00] [Thread 2672] extDB3: Output to Server: [3]
[22:30:47:928862 +01:00] [Thread 2672] extDB3: Input from Server: 4:100
[22:30:47:928874 +01:00] [Thread 2672] extDB3: Output to Server: [3]
[22:30:47:928897 +01:00] [Thread 2672] extDB3: Input from Server: 4:100
[22:30:47:928909 +01:00] [Thread 2672] extDB3: Output to Server: [3]
[22:30:47:928932 +01:00] [Thread 2672] extDB3: Input from Server: 4:100
[22:30:47:928944 +01:00] [Thread 2672] extDB3: Output to Server: [3]
[22:30:47:928967 +01:00] [Thread 2672] extDB3: Input from Server: 4:100
[22:30:47:928980 +01:00] [Thread 2672] extDB3: Output to Server: [3]
[22:30:47:929003 +01:00] [Thread 2672] extDB3: Input from Server: 4:100
[22:30:47:929017 +01:00] [Thread 2672] extDB3: Output to Server: [3]
[22:30:47:929040 +01:00] [Thread 2672] extDB3: Input from Server: 4:100
[22:30:47:929052 +01:00] [Thread 2672] extDB3: Output to Server: [3]
[22:30:47:929075 +01:00] [Thread 2672] extDB3: Input from Server: 4:100
[22:30:47:929088 +01:00] [Thread 2672] extDB3: Output to Server: [3]
[22:30:47:929110 +01:00] [Thread 2672] extDB3: Input from Server: 4:100
[22:30:47:929123 +01:00] [Thread 2672] extDB3: Output to Server: [3]
[22:30:47:929148 +01:00] [Thread 2672] extDB3: Input from Server: 4:100
[22:30:47:929162 +01:00] [Thread 2672] extDB3: Output to Server: [3]
[22:30:47:929166 +01:00] [Thread 2620] extDB3: SQL: Error MariaDBQueryException: The user specified as a definer ('arma3'@'localhost') does not exist
[22:30:47:929214 +01:00] [Thread 2620] extDB3: SQL: Error MariaDBQueryException: Input: CALL resetLifeVehicles
[22:30:47:929185 +01:00] [Thread 2672] extDB3: Input from Server: 4:100
[22:30:47:929264 +01:00] [Thread 2672] extDB3: Output to Server: [3]
[22:30:47:929287 +01:00] [Thread 2672] extDB3: Input from Server: 4:100
[22:30:47:929299 +01:00] [Thread 2672] extDB3: Output to Server: [3]
[22:30:47:929322 +01:00] [Thread 2672] extDB3: Input from Server: 4:100
[22:30:47:929335 +01:00] [Thread 2672] extDB3: Output to Server: [3]
[22:30:47:929358 +01:00] [Thread 2672] extDB3: Input from Server: 4:100
[22:30:47:929370 +01:00] [Thread 2672] extDB3: Output to Server: [3]
[22:30:47:929394 +01:00] [Thread 2672] extDB3: Input from Server: 4:100
[22:30:47:929411 +01:00] [Thread 2672] extDB3: Output to Server: [3]
[22:30:47:929437 +01:00] [Thread 2672] extDB3: Input from Server: 4:100
[22:30:47:929450 +01:00] [Thread 2672] extDB3: Output to Server: [3]
[22:30:47:929474 +01:00] [Thread 2672] extDB3: Input from Server: 4:100
[22:30:47:929486 +01:00] [Thread 2672] extDB3: Output to Server: [3]
[22:30:47:929509 +01:00] [Thread 2672] extDB3: Input from Server: 4:100
[22:30:47:929521 +01:00] [Thread 2672] extDB3: Output to Server: [3]
[22:30:47:929544 +01:00] [Thread 2672] extDB3: Input from Server: 4:100
[22:30:47:929556 +01:00] [Thread 2672] extDB3: Output to Server: [3]
[22:30:47:929579 +01:00] [Thread 2672] extDB3: Input from Server: 4:100
[22:30:47:929591 +01:00] [Thread 2672] extDB3: Output to Server: [3]
[22:30:47:929614 +01:00] [Thread 2672] extDB3: Input from Server: 4:100
[22:30:47:929626 +01:00] [Thread 2672] extDB3: Output to Server: [3]
[22:30:47:929649 +01:00] [Thread 2672] extDB3: Input from Server: 4:100
[22:30:47:929662 +01:00] [Thread 2672] extDB3: Output to Server: [3]
[22:30:47:929684 +01:00] [Thread 2672] extDB3: Input from Server: 4:100
[22:30:47:929697 +01:00] [Thread 2672] extDB3: Output to Server: [3]
[22:30:47:929720 +01:00] [Thread 2672] extDB3: Input from Server: 4:100
[22:30:47:929732 +01:00] [Thread 2672] extDB3: Output to Server: [3]
[22:30:47:929755 +01:00] [Thread 2672] extDB3: Input from Server: 4:100
[22:30:47:929770 +01:00] [Thread 2672] extDB3: Output to Server: [3]
[22:30:47:929798 +01:00] [Thread 2672] extDB3: Input from Server: 4:100
[22:30:47:929811 +01:00] [Thread 2672] extDB3: Output to Server: [3]
[22:30:47:929834 +01:00] [Thread 2672] extDB3: Input from Server: 4:100
[22:30:47:929846 +01:00] [Thread 2672] extDB3: Output to Server: [3]
[22:30:47:929869 +01:00] [Thread 2672] extDB3: Input from Server: 4:100
[22:30:47:929882 +01:00] [Thread 2672] extDB3: Output to Server: [3]
[22:30:47:929905 +01:00] [Thread 2672] extDB3: Input from Server: 4:100
[22:30:47:929917 +01:00] [Thread 2672] extDB3: Output to Server: [3]
[22:30:47:929940 +01:00] [Thread 2672] extDB3: Input from Server: 4:100
[22:30:47:929953 +01:00] [Thread 2672] extDB3: Output to Server: [3]
[22:30:47:929975 +01:00] [Thread 2672] extDB3: Input from Server: 4:100
[22:30:47:929988 +01:00] [Thread 2672] extDB3: Output to Server: [3]
[22:30:47:930011 +01:00] [Thread 2672] extDB3: Input from Server: 4:100
[22:30:47:930023 +01:00] [Thread 2672] extDB3: Output to Server: [3]
[22:30:47:930046 +01:00] [Thread 2672] extDB3: Input from Server: 4:100
[22:30:47:930061 +01:00] [Thread 2672] extDB3: Output to Server: [3]
[22:30:47:930084 +01:00] [Thread 2672] extDB3: Input from Server: 4:100
[22:30:47:930099 +01:00] [Thread 2672] extDB3: Output to Server: [3]
[22:30:47:930127 +01:00] [Thread 2672] extDB3: Input from Server: 4:100
[22:30:47:930140 +01:00] [Thread 2672] extDB3: Output to Server: [3]
[22:30:47:930164 +01:00] [Thread 2672] extDB3: Input from Server: 4:100
[22:30:47:930176 +01:00] [Thread 2672] extDB3: Output to Server: [3]
[22:30:47:930202 +01:00] [Thread 2672] extDB3: Input from Server: 4:100
[22:30:47:930216 +01:00] [Thread 2672] extDB3: Output to Server: [3]
[22:30:47:930239 +01:00] [Thread 2672] extDB3: Input from Server: 4:100
[22:30:47:930252 +01:00] [Thread 2672] extDB3: Output to Server: [3]
[22:30:47:930275 +01:00] [Thread 2672] extDB3: Input from Server: 4:100
[22:30:47:930287 +01:00] [Thread 2672] extDB3: Output to Server: [3]
[22:30:47:930310 +01:00] [Thread 2672] extDB3: Input from Server: 4:100
[22:30:47:930323 +01:00] [Thread 2672] extDB3: Output to Server: [3]
[22:30:47:930346 +01:00] [Thread 2672] extDB3: Input from Server: 4:100
[22:30:47:930365 +01:00] [Thread 2672] extDB3: Output to Server: [3]
[22:30:47:930389 +01:00] [Thread 2672] extDB3: Input from Server: 4:100
[22:30:47:930402 +01:00] [Thread 2672] extDB3: Output to Server: [3]
[22:30:47:930425 +01:00] [Thread 2672] extDB3: Input from Server: 4:100
[22:30:47:930438 +01:00] [Thread 2672] extDB3: Output to Server: [3]
[22:30:47:930462 +01:00] [Thread 2672] extDB3: Input from Server: 4:100
[22:30:47:930474 +01:00] [Thread 2672] extDB3: Output to Server: [3]
[22:30:47:930497 +01:00] [Thread 2672] extDB3: Input from Server: 4:100
[22:30:47:930509 +01:00] [Thread 2672] extDB3: Output to Server: [3]
[22:30:47:930533 +01:00] [Thread 2672] extDB3: Input from Server: 4:100
[22:30:47:930545 +01:00] [Thread 2672] extDB3: Output to Server: [3]
[22:30:47:930568 +01:00] [Thread 2672] extDB3: Input from Server: 4:100
[22:30:47:930580 +01:00] [Thread 2672] extDB3: Output to Server: [3]
[22:30:47:930603 +01:00] [Thread 2672] extDB3: Input from Server: 4:100
[22:30:47:930615 +01:00] [Thread 2672] extDB3: Output to Server: [3]
[22:30:47:930638 +01:00] [Thread 2672] extDB3: Input from Server: 4:100
[22:30:47:930651 +01:00] [Thread 2672] extDB3: Output to Server: [3]
[22:30:47:930674 +01:00] [Thread 2672] extDB3: Input from Server: 4:100
[22:30:47:930686 +01:00] [Thread 2672] extDB3: Output to Server: [3]
[22:30:47:930709 +01:00] [Thread 2672] extDB3: Input from Server: 4:100
[22:30:47:930721 +01:00] [Thread 2672] extDB3: Output to Server: [3]
[22:30:47:930751 +01:00] [Thread 2672] extDB3: Input from Server: 4:100
[22:30:47:930765 +01:00] [Thread 2672] extDB3: Output to Server: [3]
[22:30:47:930788 +01:00] [Thread 2672] extDB3: Input from Server: 4:100
[22:30:47:930800 +01:00] [Thread 2672] extDB3: Output to Server: [3]
[22:30:47:930823 +01:00] [Thread 2672] extDB3: Input from Server: 4:100
[22:30:47:930835 +01:00] [Thread 2672] extDB3: Output to Server: [3]
[22:30:47:930858 +01:00] [Thread 2672] extDB3: Input from Server: 4:100
[22:30:47:930870 +01:00] [Thread 2672] extDB3: Output to Server: [3]
[22:30:47:930893 +01:00] [Thread 2672] extDB3: Input from Server: 4:100
[22:30:47:930906 +01:00] [Thread 2672] extDB3: Output to Server: [3]
[22:30:47:930928 +01:00] [Thread 2672] extDB3: Input from Server: 4:100
[22:30:47:930941 +01:00] [Thread 2672] extDB3: Output to Server: [3]
[22:30:47:930963 +01:00] [Thread 2672] extDB3: Input from Server: 4:100
[22:30:47:930976 +01:00] [Thread 2672] extDB3: Output to Server: [3]
[22:30:47:930999 +01:00] [Thread 2672] extDB3: Input from Server: 4:100
[22:30:47:931011 +01:00] [Thread 2672] extDB3: Output to Server: [3]
[22:30:47:931034 +01:00] [Thread 2672] extDB3: Input from Server: 4:100
[22:30:47:931046 +01:00] [Thread 2672] extDB3: Output to Server: [3]
[22:30:47:931071 +01:00] [Thread 2672] extDB3: Input from Server: 4:100
[22:30:47:931083 +01:00] [Thread 2672] extDB3: Output to Server: [3]
[22:30:47:931106 +01:00] [Thread 2672] extDB3: Input from Server: 4:100
[22:30:47:931119 +01:00] [Thread 2672] extDB3: Output to Server: [3]
[22:30:47:931110 +01:00] [Thread 3740] extDB3: SQL: Trace: Result: [1,[[0]]]
[22:30:47:931143 +01:00] [Thread 2672] extDB3: Input from Server: 4:100
[22:30:47:931182 +01:00] [Thread 2672] extDB3: Output to Server: [1,[[0]]]
[22:30:47:931466 +01:00] [Thread 2672] extDB3: Input from Server: 2:27:SELECT houses.id, houses.pid, houses.pos, players.name FROM houses INNER JOIN players ON houses.pid=players.playerid WHERE houses.owned='1' LIMIT 0,10
[22:30:47:931504 +01:00] [Thread 2672] extDB3: Output to Server: [2,"101"]
[22:30:47:931550 +01:00] [Thread 3740] extDB3: SQL: Trace: Input: SELECT houses.id, houses.pid, houses.pos, players.name FROM houses INNER JOIN players ON houses.pid=players.playerid WHERE houses.owned='1' LIMIT 0,10
[22:30:47:931561 +01:00] [Thread 2672] extDB3: Input from Server: 4:101
[22:30:47:931607 +01:00] [Thread 2672] extDB3: Output to Server: [3]
[22:30:47:931646 +01:00] [Thread 2672] extDB3: Input from Server: 4:101
[22:30:47:931659 +01:00] [Thread 2672] extDB3: Output to Server: [3]
[22:30:47:931684 +01:00] [Thread 2672] extDB3: Input from Server: 4:101
[22:30:47:931696 +01:00] [Thread 2672] extDB3: Output to Server: [3]
[22:30:47:931719 +01:00] [Thread 2672] extDB3: Input from Server: 4:101
[22:30:47:931732 +01:00] [Thread 2672] extDB3: Output to Server: [3]
[22:30:47:931755 +01:00] [Thread 2672] extDB3: Input from Server: 4:101
[22:30:47:931767 +01:00] [Thread 2672] extDB3: Output to Server: [3]
[22:30:47:931790 +01:00] [Thread 2672] extDB3: Input from Server: 4:101
[22:30:47:931802 +01:00] [Thread 2672] extDB3: Output to Server: [3]
[22:30:47:931825 +01:00] [Thread 2672] extDB3: Input from Server: 4:101
[22:30:47:931838 +01:00] [Thread 2672] extDB3: Output to Server: [3]
[22:30:47:931860 +01:00] [Thread 2672] extDB3: Input from Server: 4:101
[22:30:47:931873 +01:00] [Thread 2672] extDB3: Output to Server: [3]
[22:30:47:931898 +01:00] [Thread 2672] extDB3: Input from Server: 4:101
[22:30:47:931917 +01:00] [Thread 2672] extDB3: Output to Server: [3]
[22:30:47:931941 +01:00] [Thread 2672] extDB3: Input from Server: 4:101
[22:30:47:931954 +01:00] [Thread 2672] extDB3: Output to Server: [3]
[22:30:47:931977 +01:00] [Thread 2672] extDB3: Input from Server: 4:101
[22:30:47:931989 +01:00] [Thread 2672] extDB3: Output to Server: [3]
[22:30:47:932012 +01:00] [Thread 2672] extDB3: Input from Server: 4:101
[22:30:47:932024 +01:00] [Thread 2672] extDB3: Output to Server: [3]
[22:30:47:932047 +01:00] [Thread 2672] extDB3: Input from Server: 4:101
[22:30:47:932062 +01:00] [Thread 2672] extDB3: Output to Server: [3]
[22:30:47:932085 +01:00] [Thread 2672] extDB3: Input from Server: 4:101
[22:30:47:932097 +01:00] [Thread 2672] extDB3: Output to Server: [3]
[22:30:47:932120 +01:00] [Thread 2672] extDB3: Input from Server: 4:101
[22:30:47:932133 +01:00] [Thread 2672] extDB3: Output to Server: [3]
[22:30:47:932163 +01:00] [Thread 2672] extDB3: Input from Server: 4:101
[22:30:47:932176 +01:00] [Thread 2672] extDB3: Output to Server: [3]
[22:30:47:932199 +01:00] [Thread 2672] extDB3: Input from Server: 4:101
[22:30:47:932211 +01:00] [Thread 2672] extDB3: Output to Server: [3]
[22:30:47:932235 +01:00] [Thread 2672] extDB3: Input from Server: 4:101
[22:30:47:932247 +01:00] [Thread 2672] extDB3: Output to Server: [3]
[22:30:47:932270 +01:00] [Thread 2672] extDB3: Input from Server: 4:101
[22:30:47:932282 +01:00] [Thread 2672] extDB3: Output to Server: [3]
[22:30:47:932305 +01:00] [Thread 2672] extDB3: Input from Server: 4:101
[22:30:47:932317 +01:00] [Thread 2672] extDB3: Output to Server: [3]
[22:30:47:932341 +01:00] [Thread 2672] extDB3: Input from Server: 4:101
[22:30:47:932353 +01:00] [Thread 2672] extDB3: Output to Server: [3]
[22:30:47:932376 +01:00] [Thread 2672] extDB3: Input from Server: 4:101
[22:30:47:932388 +01:00] [Thread 2672] extDB3: Output to Server: [3]
[22:30:47:932411 +01:00] [Thread 2672] extDB3: Input from Server: 4:101
[22:30:47:932424 +01:00] [Thread 2672] extDB3: Output to Server: [3]
[22:30:47:932447 +01:00] [Thread 2672] extDB3: Input from Server: 4:101
[22:30:47:932459 +01:00] [Thread 2672] extDB3: Output to Server: [3]
[22:30:47:932482 +01:00] [Thread 2672] extDB3: Input from Server: 4:101
[22:30:47:932494 +01:00] [Thread 2672] extDB3: Output to Server: [3]
[22:30:47:932517 +01:00] [Thread 2672] extDB3: Input from Server: 4:101
[22:30:47:932530 +01:00] [Thread 2672] extDB3: Output to Server: [3]
[22:30:47:932555 +01:00] [Thread 2672] extDB3: Input from Server: 4:101
[22:30:47:932569 +01:00] [Thread 2672] extDB3: Output to Server: [3]
[22:30:47:932592 +01:00] [Thread 2672] extDB3: Input from Server: 4:101
[22:30:47:932609 +01:00] [Thread 2672] extDB3: Output to Server: [3]
[22:30:47:932636 +01:00] [Thread 2672] extDB3: Input from Server: 4:101
[22:30:47:932649 +01:00] [Thread 2672] extDB3: Output to Server: [3]
[22:30:47:932672 +01:00] [Thread 2672] extDB3: Input from Server: 4:101
[22:30:47:932684 +01:00] [Thread 2672] extDB3: Output to Server: [3]
[22:30:47:932707 +01:00] [Thread 2672] extDB3: Input from Server: 4:101
[22:30:47:932719 +01:00] [Thread 2672] extDB3: Output to Server: [3]
[22:30:47:932742 +01:00] [Thread 2672] extDB3: Input from Server: 4:101
[22:30:47:932754 +01:00] [Thread 2672] extDB3: Output to Server: [3]
[22:30:47:932778 +01:00] [Thread 2672] extDB3: Input from Server: 4:101
[22:30:47:932790 +01:00] [Thread 2672] extDB3: Output to Server: [3]
[22:30:47:932813 +01:00] [Thread 2672] extDB3: Input from Server: 4:101
[22:30:47:932825 +01:00] [Thread 2672] extDB3: Output to Server: [3]
[22:30:47:932848 +01:00] [Thread 2672] extDB3: Input from Server: 4:101
[22:30:47:932860 +01:00] [Thread 2672] extDB3: Output to Server: [3]
[22:30:47:932883 +01:00] [Thread 2672] extDB3: Input from Server: 4:101
[22:30:47:932895 +01:00] [Thread 2672] extDB3: Output to Server: [3]
[22:30:47:932918 +01:00] [Thread 2672] extDB3: Input from Server: 4:101
[22:30:47:932930 +01:00] [Thread 2672] extDB3: Output to Server: [3]
[22:30:47:932953 +01:00] [Thread 2672] extDB3: Input from Server: 4:101
[22:30:47:932965 +01:00] [Thread 2672] extDB3: Output to Server: [3]
[22:30:47:932988 +01:00] [Thread 2672] extDB3: Input from Server: 4:101
[22:30:47:933000 +01:00] [Thread 2672] extDB3: Output to Server: [3]
[22:30:47:933023 +01:00] [Thread 2672] extDB3: Input from Server: 4:101
[22:30:47:933035 +01:00] [Thread 2672] extDB3: Output to Server: [3]
[22:30:47:933058 +01:00] [Thread 2672] extDB3: Input from Server: 4:101
[22:30:47:933072 +01:00] [Thread 2672] extDB3: Output to Server: [3]
[22:30:47:933095 +01:00] [Thread 2672] extDB3: Input from Server: 4:101
[22:30:47:933108 +01:00] [Thread 2672] extDB3: Output to Server: [3]
[22:30:47:933130 +01:00] [Thread 2672] extDB3: Input from Server: 4:101
[22:30:47:933143 +01:00] [Thread 2672] extDB3: Output to Server: [3]
[22:30:47:933165 +01:00] [Thread 2672] extDB3: Input from Server: 4:101
[22:30:47:933178 +01:00] [Thread 2672] extDB3: Output to Server: [3]
[22:30:47:933200 +01:00] [Thread 2672] extDB3: Input from Server: 4:101
[22:30:47:933213 +01:00] [Thread 2672] extDB3: Output to Server: [3]
[22:30:47:933235 +01:00] [Thread 2672] extDB3: Input from Server: 4:101
[22:30:47:933248 +01:00] [Thread 2672] extDB3: Output to Server: [3]
[22:30:47:933271 +01:00] [Thread 2672] extDB3: Input from Server: 4:101
[22:30:47:933283 +01:00] [Thread 2672] extDB3: Output to Server: [3]
[22:30:47:933306 +01:00] [Thread 2672] extDB3: Input from Server: 4:101
[22:30:47:933318 +01:00] [Thread 2672] extDB3: Output to Server: [3]
[22:30:47:933341 +01:00] [Thread 2672] extDB3: Input from Server: 4:101
[22:30:47:933353 +01:00] [Thread 2672] extDB3: Output to Server: [3]
[22:30:47:933375 +01:00] [Thread 2672] extDB3: Input from Server: 4:101
[22:30:47:933388 +01:00] [Thread 2672] extDB3: Output to Server: [3]
[22:30:47:933410 +01:00] [Thread 2672] extDB3: Input from Server: 4:101
[22:30:47:933424 +01:00] [Thread 2672] extDB3: Output to Server: [3]
[22:30:47:933453 +01:00] [Thread 2672] extDB3: Input from Server: 4:101
[22:30:47:933466 +01:00] [Thread 2672] extDB3: Output to Server: [3]
[22:30:47:933489 +01:00] [Thread 2672] extDB3: Input from Server: 4:101
[22:30:47:933501 +01:00] [Thread 2672] extDB3: Output to Server: [3]
[22:30:47:933524 +01:00] [Thread 2672] extDB3: Input from Server: 4:101
[22:30:47:933536 +01:00] [Thread 2672] extDB3: Output to Server: [3]
[22:30:47:933559 +01:00] [Thread 2672] extDB3: Input from Server: 4:101
[22:30:47:933574 +01:00] [Thread 2672] extDB3: Output to Server: [3]
[22:30:47:933598 +01:00] [Thread 2672] extDB3: Input from Server: 4:101
[22:30:47:933611 +01:00] [Thread 2672] extDB3: Output to Server: [3]
[22:30:47:933634 +01:00] [Thread 2672] extDB3: Input from Server: 4:101
[22:30:47:933646 +01:00] [Thread 2672] extDB3: Output to Server: [3]
[22:30:47:933669 +01:00] [Thread 2672] extDB3: Input from Server: 4:101
[22:30:47:933681 +01:00] [Thread 2672] extDB3: Output to Server: [3]
[22:30:47:933704 +01:00] [Thread 2672] extDB3: Input from Server: 4:101
[22:30:47:933716 +01:00] [Thread 2672] extDB3: Output to Server: [3]
[22:30:47:933739 +01:00] [Thread 2672] extDB3: Input from Server: 4:101
[22:30:47:933751 +01:00] [Thread 2672] extDB3: Output to Server: [3]
[22:30:47:933774 +01:00] [Thread 2672] extDB3: Input from Server: 4:101
[22:30:47:933786 +01:00] [Thread 2672] extDB3: Output to Server: [3]
[22:30:47:933809 +01:00] [Thread 2672] extDB3: Input from Server: 4:101
[22:30:47:933821 +01:00] [Thread 2672] extDB3: Output to Server: [3]
[22:30:47:933844 +01:00] [Thread 2672] extDB3: Input from Server: 4:101
[22:30:47:933856 +01:00] [Thread 2672] extDB3: Output to Server: [3]
[22:30:47:933879 +01:00] [Thread 2672] extDB3: Input from Server: 4:101
[22:30:47:933891 +01:00] [Thread 2672] extDB3: Output to Server: [3]
[22:30:47:933914 +01:00] [Thread 2672] extDB3: Input from Server: 4:101
[22:30:47:933926 +01:00] [Thread 2672] extDB3: Output to Server: [3]
[22:30:47:933958 +01:00] [Thread 2672] extDB3: Input from Server: 4:101
[22:30:47:933971 +01:00] [Thread 2672] extDB3: Output to Server: [3]
[22:30:47:933994 +01:00] [Thread 2672] extDB3: Input from Server: 4:101
[22:30:47:934006 +01:00] [Thread 2672] extDB3: Output to Server: [3]
[22:30:47:934029 +01:00] [Thread 2672] extDB3: Input from Server: 4:101
[22:30:47:934042 +01:00] [Thread 2672] extDB3: Output to Server: [3]
[22:30:47:934066 +01:00] [Thread 2672] extDB3: Input from Server: 4:101
[22:30:47:934084 +01:00] [Thread 2672] extDB3: Output to Server: [3]
[22:30:47:934107 +01:00] [Thread 2672] extDB3: Input from Server: 4:101
[22:30:47:934120 +01:00] [Thread 2672] extDB3: Output to Server: [3]
[22:30:47:934143 +01:00] [Thread 2672] extDB3: Input from Server: 4:101
[22:30:47:934155 +01:00] [Thread 2672] extDB3: Output to Server: [3]
[22:30:47:934178 +01:00] [Thread 2672] extDB3: Input from Server: 4:101
[22:30:47:934190 +01:00] [Thread 2672] extDB3: Output to Server: [3]
[22:30:47:934213 +01:00] [Thread 2672] extDB3: Input from Server: 4:101
[22:30:47:934225 +01:00] [Thread 2672] extDB3: Output to Server: [3]
[22:30:47:934247 +01:00] [Thread 2672] extDB3: Input from Server: 4:101
[22:30:47:934260 +01:00] [Thread 2672] extDB3: Output to Server: [3]
[22:30:47:934282 +01:00] [Thread 2672] extDB3: Input from Server: 4:101
[22:30:47:934295 +01:00] [Thread 2672] extDB3: Output to Server: [3]
[22:30:47:934317 +01:00] [Thread 2672] extDB3: Input from Server: 4:101
[22:30:47:934330 +01:00] [Thread 2672] extDB3: Output to Server: [3]
[22:30:47:934352 +01:00] [Thread 2672] extDB3: Input from Server: 4:101
[22:30:47:934364 +01:00] [Thread 2672] extDB3: Output to Server: [3]
[22:30:47:934387 +01:00] [Thread 2672] extDB3: Input from Server: 4:101
[22:30:47:934399 +01:00] [Thread 2672] extDB3: Output to Server: [3]
[22:30:47:934422 +01:00] [Thread 2672] extDB3: Input from Server: 4:101
[22:30:47:934435 +01:00] [Thread 2672] extDB3: Output to Server: [3]
[22:30:47:934457 +01:00] [Thread 2672] extDB3: Input from Server: 4:101
[22:30:47:934470 +01:00] [Thread 2672] extDB3: Output to Server: [3]
[22:30:47:934492 +01:00] [Thread 2672] extDB3: Input from Server: 4:101
[22:30:47:934505 +01:00] [Thread 2672] extDB3: Output to Server: [3]
[22:30:47:934527 +01:00] [Thread 2672] extDB3: Input from Server: 4:101
[22:30:47:934539 +01:00] [Thread 2672] extDB3: Output to Server: [3]
[22:30:47:934562 +01:00] [Thread 2672] extDB3: Input from Server: 4:101
[22:30:47:934574 +01:00] [Thread 2672] extDB3: Output to Server: [3]
[22:30:47:934600 +01:00] [Thread 2672] extDB3: Input from Server: 4:101
[22:30:47:934614 +01:00] [Thread 2672] extDB3: Output to Server: [3]
[22:30:47:934637 +01:00] [Thread 2672] extDB3: Input from Server: 4:101
[22:30:47:934650 +01:00] [Thread 2672] extDB3: Output to Server: [3]
[22:30:47:934672 +01:00] [Thread 2672] extDB3: Input from Server: 4:101
[22:30:47:934685 +01:00] [Thread 2672] extDB3: Output to Server: [3]
[22:30:47:934707 +01:00] [Thread 2672] extDB3: Input from Server: 4:101
[22:30:47:934720 +01:00] [Thread 2672] extDB3: Output to Server: [3]
[22:30:47:934743 +01:00] [Thread 2672] extDB3: Input from Server: 4:101
[22:30:47:934755 +01:00] [Thread 2672] extDB3: Output to Server: [3]
[22:30:47:934756 +01:00] [Thread 3740] extDB3: SQL: Trace: Result: [1,[]]
[22:30:47:934778 +01:00] [Thread 2672] extDB3: Input from Server: 4:101
[22:30:47:934809 +01:00] [Thread 2672] extDB3: Output to Server: [1,[]]
[22:30:47:935783 +01:00] [Thread 2672] extDB3: Input from Server: 2:27:SELECT prices FROM dynmarket WHERE id='1'
[22:30:47:935814 +01:00] [Thread 2672] extDB3: Output to Server: [2,"102"]
[22:30:47:935868 +01:00] [Thread 2672] extDB3: Input from Server: 4:102
[22:30:47:935884 +01:00] [Thread 2672] extDB3: Output to Server: [3]
[22:30:47:935862 +01:00] [Thread 3740] extDB3: SQL: Trace: Input: SELECT prices FROM dynmarket WHERE id='1'
[22:30:47:935923 +01:00] [Thread 2672] extDB3: Input from Server: 4:102
[22:30:47:935937 +01:00] [Thread 2672] extDB3: Output to Server: [3]
[22:30:47:935962 +01:00] [Thread 2672] extDB3: Input from Server: 4:102
[22:30:47:935975 +01:00] [Thread 2672] extDB3: Output to Server: [3]
[22:30:47:935998 +01:00] [Thread 2672] extDB3: Input from Server: 4:102
[22:30:47:936011 +01:00] [Thread 2672] extDB3: Output to Server: [3]
[22:30:47:936034 +01:00] [Thread 2672] extDB3: Input from Server: 4:102
[22:30:47:936049 +01:00] [Thread 2672] extDB3: Output to Server: [3]
[22:30:47:936072 +01:00] [Thread 2672] extDB3: Input from Server: 4:102
[22:30:47:936084 +01:00] [Thread 2672] extDB3: Output to Server: [3]
[22:30:47:936107 +01:00] [Thread 2672] extDB3: Input from Server: 4:102
[22:30:47:936119 +01:00] [Thread 2672] extDB3: Output to Server: [3]
[22:30:47:936142 +01:00] [Thread 2672] extDB3: Input from Server: 4:102
[22:30:47:936155 +01:00] [Thread 2672] extDB3: Output to Server: [3]
[22:30:47:936177 +01:00] [Thread 2672] extDB3: Input from Server: 4:102
[22:30:47:936190 +01:00] [Thread 2672] extDB3: Output to Server: [3]
[22:30:47:936212 +01:00] [Thread 2672] extDB3: Input from Server: 4:102
[22:30:47:936224 +01:00] [Thread 2672] extDB3: Output to Server: [3]
[22:30:47:936247 +01:00] [Thread 2672] extDB3: Input from Server: 4:102
[22:30:47:936259 +01:00] [Thread 2672] extDB3: Output to Server: [3]
[22:30:47:936282 +01:00] [Thread 2672] extDB3: Input from Server: 4:102
[22:30:47:936294 +01:00] [Thread 2672] extDB3: Output to Server: [3]
[22:30:47:936322 +01:00] [Thread 2672] extDB3: Input from Server: 4:102
[22:30:47:936339 +01:00] [Thread 2672] extDB3: Output to Server: [3]
[22:30:47:936363 +01:00] [Thread 2672] extDB3: Input from Server: 4:102
[22:30:47:936375 +01:00] [Thread 2672] extDB3: Output to Server: [3]
[22:30:47:936399 +01:00] [Thread 2672] extDB3: Input from Server: 4:102
[22:30:47:936411 +01:00] [Thread 2672] extDB3: Output to Server: [3]
[22:30:47:936434 +01:00] [Thread 2672] extDB3: Input from Server: 4:102
[22:30:47:936446 +01:00] [Thread 2672] extDB3: Output to Server: [3]
[22:30:47:936469 +01:00] [Thread 2672] extDB3: Input from Server: 4:102
[22:30:47:936482 +01:00] [Thread 2672] extDB3: Output to Server: [3]
[22:30:47:936504 +01:00] [Thread 2672] extDB3: Input from Server: 4:102
[22:30:47:936517 +01:00] [Thread 2672] extDB3: Output to Server: [3]
[22:30:47:936539 +01:00] [Thread 2672] extDB3: Input from Server: 4:102
[22:30:47:936551 +01:00] [Thread 2672] extDB3: Output to Server: [3]
[22:30:47:936574 +01:00] [Thread 2672] extDB3: Input from Server: 4:102
[22:30:47:936586 +01:00] [Thread 2672] extDB3: Output to Server: [3]
[22:30:47:936681 +01:00] [Thread 2672] extDB3: Input from Server: 4:102
[22:30:47:936701 +01:00] [Thread 2672] extDB3: Output to Server: [3]
[22:30:47:936726 +01:00] [Thread 2672] extDB3: Input from Server: 4:102
[22:30:47:936738 +01:00] [Thread 2672] extDB3: Output to Server: [3]
[22:30:47:936761 +01:00] [Thread 2672] extDB3: Input from Server: 4:102
[22:30:47:936773 +01:00] [Thread 2672] extDB3: Output to Server: [3]
[22:30:47:936796 +01:00] [Thread 2672] extDB3: Input from Server: 4:102
[22:30:47:936808 +01:00] [Thread 2672] extDB3: Output to Server: [3]
[22:30:47:936831 +01:00] [Thread 2672] extDB3: Input from Server: 4:102
[22:30:47:936843 +01:00] [Thread 2672] extDB3: Output to Server: [3]
[22:30:47:936866 +01:00] [Thread 2672] extDB3: Input from Server: 4:102
[22:30:47:936878 +01:00] [Thread 2672] extDB3: Output to Server: [3]
[22:30:47:936901 +01:00] [Thread 2672] extDB3: Input from Server: 4:102
[22:30:47:936913 +01:00] [Thread 2672] extDB3: Output to Server: [3]
[22:30:47:936935 +01:00] [Thread 2672] extDB3: Input from Server: 4:102
[22:30:47:936948 +01:00] [Thread 2672] extDB3: Output to Server: [3]
[22:30:47:936970 +01:00] [Thread 2672] extDB3: Input from Server: 4:102
[22:30:47:936983 +01:00] [Thread 2672] extDB3: Output to Server: [3]
[22:30:47:937006 +01:00] [Thread 2672] extDB3: Input from Server: 4:102
[22:30:47:937018 +01:00] [Thread 2672] extDB3: Output to Server: [3]
[22:30:47:937040 +01:00] [Thread 2672] extDB3: Input from Server: 4:102
[22:30:47:937053 +01:00] [Thread 2672] extDB3: Output to Server: [3]
[22:30:47:937078 +01:00] [Thread 2672] extDB3: Input from Server: 4:102
[22:30:47:937090 +01:00] [Thread 2672] extDB3: Output to Server: [3]
[22:30:47:937113 +01:00] [Thread 2672] extDB3: Input from Server: 4:102
[22:30:47:937125 +01:00] [Thread 2672] extDB3: Output to Server: [3]
[22:30:47:937148 +01:00] [Thread 2672] extDB3: Input from Server: 4:102
[22:30:47:937160 +01:00] [Thread 2672] extDB3: Output to Server: [3]
[22:30:47:937183 +01:00] [Thread 2672] extDB3: Input from Server: 4:102
[22:30:47:937195 +01:00] [Thread 2672] extDB3: Output to Server: [3]
[22:30:47:937218 +01:00] [Thread 2672] extDB3: Input from Server: 4:102
[22:30:47:937230 +01:00] [Thread 2672] extDB3: Output to Server: [3]
[22:30:47:937253 +01:00] [Thread 2672] extDB3: Input from Server: 4:102
[22:30:47:937265 +01:00] [Thread 2672] extDB3: Output to Server: [3]
[22:30:47:937288 +01:00] [Thread 2672] extDB3: Input from Server: 4:102
[22:30:47:937300 +01:00] [Thread 2672] extDB3: Output to Server: [3]
[22:30:47:937323 +01:00] [Thread 2672] extDB3: Input from Server: 4:102
[22:30:47:937335 +01:00] [Thread 2672] extDB3: Output to Server: [3]
[22:30:47:937358 +01:00] [Thread 2672] extDB3: Input from Server: 4:102
[22:30:47:937370 +01:00] [Thread 2672] extDB3: Output to Server: [3]
[22:30:47:937393 +01:00] [Thread 2672] extDB3: Input from Server: 4:102
[22:30:47:937405 +01:00] [Thread 2672] extDB3: Output to Server: [3]
[22:30:47:937428 +01:00] [Thread 2672] extDB3: Input from Server: 4:102
[22:30:47:937441 +01:00] [Thread 2672] extDB3: Output to Server: [3]
[22:30:47:937463 +01:00] [Thread 2672] extDB3: Input from Server: 4:102
[22:30:47:937475 +01:00] [Thread 2672] extDB3: Output to Server: [3]
[22:30:47:937498 +01:00] [Thread 2672] extDB3: Input from Server: 4:102
[22:30:47:937510 +01:00] [Thread 2672] extDB3: Output to Server: [3]
[22:30:47:937533 +01:00] [Thread 2672] extDB3: Input from Server: 4:102
[22:30:47:937545 +01:00] [Thread 2672] extDB3: Output to Server: [3]
[22:30:47:937576 +01:00] [Thread 2672] extDB3: Input from Server: 4:102
[22:30:47:937589 +01:00] [Thread 2672] extDB3: Output to Server: [3]
[22:30:47:937612 +01:00] [Thread 2672] extDB3: Input from Server: 4:102
[22:30:47:937625 +01:00] [Thread 2672] extDB3: Output to Server: [3]
[22:30:47:937648 +01:00] [Thread 2672] extDB3: Input from Server: 4:102
[22:30:47:937660 +01:00] [Thread 2672] extDB3: Output to Server: [3]
[22:30:47:937683 +01:00] [Thread 2672] extDB3: Input from Server: 4:102
[22:30:47:937695 +01:00] [Thread 2672] extDB3: Output to Server: [3]
[22:30:47:937721 +01:00] [Thread 2672] extDB3: Input from Server: 4:102
[22:30:47:937735 +01:00] [Thread 2672] extDB3: Output to Server: [3]
[22:30:47:937758 +01:00] [Thread 2672] extDB3: Input from Server: 4:102
[22:30:47:937771 +01:00] [Thread 2672] extDB3: Output to Server: [3]
[22:30:47:937794 +01:00] [Thread 2672] extDB3: Input from Server: 4:102
[22:30:47:937806 +01:00] [Thread 2672] extDB3: Output to Server: [3]
[22:30:47:937828 +01:00] [Thread 2672] extDB3: Input from Server: 4:102
[22:30:47:937841 +01:00] [Thread 2672] extDB3: Output to Server: [3]
[22:30:47:937864 +01:00] [Thread 2672] extDB3: Input from Server: 4:102
[22:30:47:937876 +01:00] [Thread 2672] extDB3: Output to Server: [3]
[22:30:47:937899 +01:00] [Thread 2672] extDB3: Input from Server: 4:102
[22:30:47:937912 +01:00] [Thread 2672] extDB3: Output to Server: [3]
[22:30:47:937934 +01:00] [Thread 2672] extDB3: Input from Server: 4:102
[22:30:47:937947 +01:00] [Thread 2672] extDB3: Output to Server: [3]
[22:30:47:937970 +01:00] [Thread 2672] extDB3: Input from Server: 4:102
[22:30:47:937982 +01:00] [Thread 2672] extDB3: Output to Server: [3]
[22:30:47:938005 +01:00] [Thread 2672] extDB3: Input from Server: 4:102
[22:30:47:938017 +01:00] [Thread 2672] extDB3: Output to Server: [3]
[22:30:47:938040 +01:00] [Thread 2672] extDB3: Input from Server: 4:102
[22:30:47:938052 +01:00] [Thread 2672] extDB3: Output to Server: [3]
[22:30:47:938100 +01:00] [Thread 2672] extDB3: Input from Server: 4:102
[22:30:47:938114 +01:00] [Thread 2672] extDB3: Output to Server: [3]
[22:30:47:938138 +01:00] [Thread 2672] extDB3: Input from Server: 4:102
[22:30:47:938151 +01:00] [Thread 2672] extDB3: Output to Server: [3]
[22:30:47:938173 +01:00] [Thread 2672] extDB3: Input from Server: 4:102
[22:30:47:938186 +01:00] [Thread 2672] extDB3: Output to Server: [3]
[22:30:47:938209 +01:00] [Thread 2672] extDB3: Input from Server: 4:102
[22:30:47:938221 +01:00] [Thread 2672] extDB3: Output to Server: [3]
[22:30:47:938244 +01:00] [Thread 2672] extDB3: Input from Server: 4:102
[22:30:47:938256 +01:00] [Thread 2672] extDB3: Output to Server: [3]
[22:30:47:938279 +01:00] [Thread 2672] extDB3: Input from Server: 4:102
[22:30:47:938291 +01:00] [Thread 2672] extDB3: Output to Server: [3]
[22:30:47:938314 +01:00] [Thread 2672] extDB3: Input from Server: 4:102
[22:30:47:938327 +01:00] [Thread 2672] extDB3: Output to Server: [3]
[22:30:47:938349 +01:00] [Thread 2672] extDB3: Input from Server: 4:102
[22:30:47:938362 +01:00] [Thread 2672] extDB3: Output to Server: [3]
[22:30:47:938384 +01:00] [Thread 2672] extDB3: Input from Server: 4:102
[22:30:47:938397 +01:00] [Thread 2672] extDB3: Output to Server: [3]
[22:30:47:938420 +01:00] [Thread 2672] extDB3: Input from Server: 4:102
[22:30:47:938432 +01:00] [Thread 2672] extDB3: Output to Server: [3]
[22:30:47:938454 +01:00] [Thread 2672] extDB3: Input from Server: 4:102
[22:30:47:938467 +01:00] [Thread 2672] extDB3: Output to Server: [3]
[22:30:47:938489 +01:00] [Thread 2672] extDB3: Input from Server: 4:102
[22:30:47:938502 +01:00] [Thread 2672] extDB3: Output to Server: [3]
[22:30:47:938525 +01:00] [Thread 2672] extDB3: Input from Server: 4:102
[22:30:47:938537 +01:00] [Thread 2672] extDB3: Output to Server: [3]
[22:30:47:938567 +01:00] [Thread 2672] extDB3: Input from Server: 4:102
[22:30:47:938581 +01:00] [Thread 2672] extDB3: Output to Server: [3]
[22:30:47:938604 +01:00] [Thread 2672] extDB3: Input from Server: 4:102
[22:30:47:938617 +01:00] [Thread 2672] extDB3: Output to Server: [3]
[22:30:47:938640 +01:00] [Thread 2672] extDB3: Input from Server: 4:102
[22:30:47:938653 +01:00] [Thread 2672] extDB3: Output to Server: [3]
[22:30:47:938675 +01:00] [Thread 2672] extDB3: Input from Server: 4:102
[22:30:47:938687 +01:00] [Thread 2672] extDB3: Output to Server: [3]
[22:30:47:938710 +01:00] [Thread 2672] extDB3: Input from Server: 4:102
[22:30:47:938723 +01:00] [Thread 2672] extDB3: Output to Server: [3]
[22:30:47:938745 +01:00] [Thread 2672] extDB3: Input from Server: 4:102
[22:30:47:938760 +01:00] [Thread 2672] extDB3: Output to Server: [3]
[22:30:47:938759 +01:00] [Thread 3740] extDB3: SQL: Trace: Result: [1,[]]
[22:30:47:938784 +01:00] [Thread 2672] extDB3: Input from Server: 4:102
[22:30:47:938819 +01:00] [Thread 2672] extDB3: Output to Server: [1,[]]
[22:34:08:083987 +01:00] [Thread 2672] extDB3: Input from Server: 1:27:UPDATE dynmarket SET prices='[["apple",50,0],["heroinu",1850,0],["heroinp",2650,0],["salema",45,0],["ornate",40,0],["mackerel",175,0],["tuna",700,0],["mullet",250,0],["catshark",300,0],["rabbit",65,0],["oilp",3200,0],["turtle",3000,0],["water",5,0],["coffee",5,0],["turtlesoup",1000,0],["donuts",60,0],["marijuana",2350,0],["tbacon",25,0],["lockpick",75,0],["pickaxe",750,0],["redgull",200,0],["peach",55,0],["cocaine",3000,0],["cocainep",5000,0],["diamond",750,0],["diamondc",2000,0],["iron_r",3200,0],["copper_r",1500,0],["salt_r",1650,0],["glass",1450,0],["cement",1950,0],["goldbar",95000,0],["heroinu",1200,0],["heroinp",2500,0],["cocaine",1500,0],["cocainep",3500,0],["marijuana",2000,0],["turtle",3000,0]]'
[22:34:08:084077 +01:00] [Thread 2672] extDB3: Output to Server: 
[22:34:08:084134 +01:00] [Thread 3740] extDB3: SQL: Trace: Input: UPDATE dynmarket SET prices='[["apple",50,0],["heroinu",1850,0],["heroinp",2650,0],["salema",45,0],["ornate",40,0],["mackerel",175,0],["tuna",700,0],["mullet",250,0],["catshark",300,0],["rabbit",65,0],["oilp",3200,0],["turtle",3000,0],["water",5,0],["coffee",5,0],["turtlesoup",1000,0],["donuts",60,0],["marijuana",2350,0],["tbacon",25,0],["lockpick",75,0],["pickaxe",750,0],["redgull",200,0],["peach",55,0],["cocaine",3000,0],["cocainep",5000,0],["diamond",750,0],["diamondc",2000,0],["iron_r",3200,0],["copper_r",1500,0],["salt_r",1650,0],["glass",1450,0],["cement",1950,0],["goldbar",95000,0],["heroinu",1200,0],["heroinp",2500,0],["cocaine",1500,0],["cocainep",3500,0],["marijuana",2000,0],["turtle",3000,0]]'
[22:34:08:084635 +01:00] [Thread 3740] extDB3: SQL: Trace: Result: [1,[]]
[22:34:21:072756 +01:00] [Thread 2672] extDB3: Input from Server: 2:27:SELECT pid, pos, inventory, containers FROM houses WHERE pid='76561197964675179' AND owned='1'
[22:34:21:072836 +01:00] [Thread 2672] extDB3: Output to Server: [2,"103"]
[22:34:21:072879 +01:00] [Thread 3740] extDB3: SQL: Trace: Input: SELECT pid, pos, inventory, containers FROM houses WHERE pid='76561197964675179' AND owned='1'
[22:34:21:072908 +01:00] [Thread 2672] extDB3: Input from Server: 4:103
[22:34:21:072938 +01:00] [Thread 2672] extDB3: Output to Server: [3]
[22:34:21:072983 +01:00] [Thread 2672] extDB3: Input from Server: 4:103
[22:34:21:072996 +01:00] [Thread 2672] extDB3: Output to Server: [3]
[22:34:21:073023 +01:00] [Thread 2672] extDB3: Input from Server: 4:103
[22:34:21:073035 +01:00] [Thread 2672] extDB3: Output to Server: [3]
[22:34:21:073059 +01:00] [Thread 2672] extDB3: Input from Server: 4:103
[22:34:21:073072 +01:00] [Thread 2672] extDB3: Output to Server: [3]
[22:34:21:073095 +01:00] [Thread 2672] extDB3: Input from Server: 4:103
[22:34:21:073108 +01:00] [Thread 2672] extDB3: Output to Server: [3]
[22:34:21:073131 +01:00] [Thread 2672] extDB3: Input from Server: 4:103
[22:34:21:073144 +01:00] [Thread 2672] extDB3: Output to Server: [3]
[22:34:21:073167 +01:00] [Thread 2672] extDB3: Input from Server: 4:103
[22:34:21:073179 +01:00] [Thread 2672] extDB3: Output to Server: [3]
[22:34:21:073202 +01:00] [Thread 2672] extDB3: Input from Server: 4:103
[22:34:21:073214 +01:00] [Thread 2672] extDB3: Output to Server: [3]
[22:34:21:073238 +01:00] [Thread 2672] extDB3: Input from Server: 4:103
[22:34:21:073250 +01:00] [Thread 2672] extDB3: Output to Server: [3]
[22:34:21:073273 +01:00] [Thread 2672] extDB3: Input from Server: 4:103
[22:34:21:073285 +01:00] [Thread 2672] extDB3: Output to Server: [3]
[22:34:21:073308 +01:00] [Thread 2672] extDB3: Input from Server: 4:103
[22:34:21:073321 +01:00] [Thread 2672] extDB3: Output to Server: [3]
[22:34:21:073344 +01:00] [Thread 2672] extDB3: Input from Server: 4:103
[22:34:21:073356 +01:00] [Thread 2672] extDB3: Output to Server: [3]
[22:34:21:073383 +01:00] [Thread 2672] extDB3: Input from Server: 4:103
[22:34:21:073400 +01:00] [Thread 2672] extDB3: Output to Server: [3]
[22:34:21:073423 +01:00] [Thread 2672] extDB3: Input from Server: 4:103
[22:34:21:073436 +01:00] [Thread 2672] extDB3: Output to Server: [3]
[22:34:21:073459 +01:00] [Thread 2672] extDB3: Input from Server: 4:103
[22:34:21:073455 +01:00] [Thread 3740] extDB3: SQL: Trace: Result: [1,[]]
[22:34:21:073472 +01:00] [Thread 2672] extDB3: Output to Server: [3]
[22:34:21:073523 +01:00] [Thread 2672] extDB3: Input from Server: 4:103
[22:34:21:073536 +01:00] [Thread 2672] extDB3: Output to Server: [1,[]]
