
extDB3: https://bitbucket.org/torndeco/extdb3/wiki/Home
extDB3: Version: 1.028
extDB3: Windows Debug Version

Message: All development for extDB3 is done on a Linux Dedicated Server
Message: If you would like to Donate to extDB3 Development
Message: https://www.paypal.com/cgi-bin/webscr?cmd=_s-xclick&hosted_button_id=2SUEFTGABTAM2
Message: Also leave a message if there is any particular feature you would like to see added.
Message: Thanks for all the people that have donated.
Message: Torndeco: 18/05/15


extDB3: Found extdb3-conf.ini
extDB3: Detected 8 Cores, Setting up 6 Worker Threads
extDB3: ...
extDB3: ...
extDB3: ...
extDB3: ...
extDB3: ...
extDB3: ...


[22:42:38:195628 +01:00] [Thread 3628] extDB3: Input from Server: 9:VERSION
[22:42:38:195746 +01:00] [Thread 3628] extDB3: Output to Server: 1.028
[22:42:40:759394 +01:00] [Thread 3628] extDB3: Input from Server: 9:ADD_DATABASE:DatabaseName2
[22:42:40:763467 +01:00] [Thread 3628] extDB3: Output to Server: [1]
[22:42:40:763570 +01:00] [Thread 3628] extDB3: Input from Server: 9:ADD_DATABASE_PROTOCOL:DatabaseName2:SQL:9831:TEXT2
[22:42:40:763621 +01:00] [Thread 3628] extDB3: SQL: Initialized: Add Quotes around TEXT Datatypes mode: 2
[22:42:40:763635 +01:00] [Thread 3628] extDB3: SQL: Initialized: NULL = ""
[22:42:40:763648 +01:00] [Thread 3628] extDB3: Output to Server: [1]
[22:42:40:763684 +01:00] [Thread 3628] extDB3: Input from Server: 9:LOCK
[22:42:40:763700 +01:00] [Thread 3628] extDB3: Locked
[22:42:40:763711 +01:00] [Thread 3628] extDB3: Output to Server: [1]
[22:42:40:943083 +01:00] [Thread 3628] extDB3: Input from Server: 1:9831:CALL deleteOldGangs
[22:42:40:943139 +01:00] [Thread 3628] extDB3: Output to Server: 
[22:42:40:943201 +01:00] [Thread 3584] extDB3: SQL: Trace: Input: CALL deleteOldGangs
[22:42:40:943859 +01:00] [Thread 3584] extDB3: SQL: Trace: Result: [1,[]]
[22:42:40:953014 +01:00] [Thread 3628] extDB3: Input from Server: 1:9831:CALL resetLifeVehicles
[22:42:40:953050 +01:00] [Thread 3628] extDB3: Output to Server: 
[22:42:40:953096 +01:00] [Thread 3584] extDB3: SQL: Trace: Input: CALL resetLifeVehicles
[22:42:40:953149 +01:00] [Thread 3628] extDB3: Input from Server: 1:9831:CALL deleteDeadVehicles
[22:42:40:953169 +01:00] [Thread 3628] extDB3: Output to Server: 
[22:42:40:953204 +01:00] [Thread 3508] extDB3: SQL: Trace: Input: CALL deleteDeadVehicles
[22:42:40:953296 +01:00] [Thread 3628] extDB3: Input from Server: 1:9831:CALL deleteOldHouses
[22:42:40:953321 +01:00] [Thread 3628] extDB3: Output to Server: 
[22:42:40:953381 +01:00] [Thread 3364] extDB3: SQL: Trace: Input: CALL deleteOldHouses
[22:42:40:953636 +01:00] [Thread 3628] extDB3: Input from Server: 2:9831:SELECT COUNT(*) FROM houses WHERE owned='1'
[22:42:40:953676 +01:00] [Thread 3628] extDB3: Output to Server: [2,"100"]
[22:42:40:953758 +01:00] [Thread 3628] extDB3: Input from Server: 4:100
[22:42:40:953754 +01:00] [Thread 2284] extDB3: SQL: Trace: Input: SELECT COUNT(*) FROM houses WHERE owned='1'
[22:42:40:953789 +01:00] [Thread 3628] extDB3: Output to Server: [3]
[22:42:40:953866 +01:00] [Thread 3628] extDB3: Input from Server: 4:100
[22:42:40:957625 +01:00] [Thread 3628] extDB3: Output to Server: [3]
[22:42:40:957708 +01:00] [Thread 3628] extDB3: Input from Server: 4:100
[22:42:40:957739 +01:00] [Thread 3628] extDB3: Output to Server: [3]
[22:42:40:957783 +01:00] [Thread 3628] extDB3: Input from Server: 4:100
[22:42:40:957797 +01:00] [Thread 3628] extDB3: Output to Server: [3]
[22:42:40:957821 +01:00] [Thread 3628] extDB3: Input from Server: 4:100
[22:42:40:957833 +01:00] [Thread 3628] extDB3: Output to Server: [3]
[22:42:40:957854 +01:00] [Thread 3628] extDB3: Input from Server: 4:100
[22:42:40:957865 +01:00] [Thread 3628] extDB3: Output to Server: [3]
[22:42:40:957885 +01:00] [Thread 3628] extDB3: Input from Server: 4:100
[22:42:40:957896 +01:00] [Thread 3628] extDB3: Output to Server: [3]
[22:42:40:957917 +01:00] [Thread 3628] extDB3: Input from Server: 4:100
[22:42:40:958137 +01:00] [Thread 3628] extDB3: Output to Server: [3]
[22:42:40:958234 +01:00] [Thread 3628] extDB3: Input from Server: 4:100
[22:42:40:958253 +01:00] [Thread 3628] extDB3: Output to Server: [3]
[22:42:40:958274 +01:00] [Thread 3628] extDB3: Input from Server: 4:100
[22:42:40:958286 +01:00] [Thread 3628] extDB3: Output to Server: [3]
[22:42:40:958306 +01:00] [Thread 3628] extDB3: Input from Server: 4:100
[22:42:40:958317 +01:00] [Thread 3628] extDB3: Output to Server: [3]
[22:42:40:958337 +01:00] [Thread 3628] extDB3: Input from Server: 4:100
[22:42:40:958348 +01:00] [Thread 3628] extDB3: Output to Server: [3]
[22:42:40:958368 +01:00] [Thread 3628] extDB3: Input from Server: 4:100
[22:42:40:958379 +01:00] [Thread 3628] extDB3: Output to Server: [3]
[22:42:40:958399 +01:00] [Thread 3628] extDB3: Input from Server: 4:100
[22:42:40:958410 +01:00] [Thread 3628] extDB3: Output to Server: [3]
[22:42:40:958431 +01:00] [Thread 3628] extDB3: Input from Server: 4:100
[22:42:40:958632 +01:00] [Thread 3628] extDB3: Output to Server: [3]
[22:42:40:958654 +01:00] [Thread 3628] extDB3: Input from Server: 4:100
[22:42:40:958666 +01:00] [Thread 3628] extDB3: Output to Server: [3]
[22:42:40:958686 +01:00] [Thread 3628] extDB3: Input from Server: 4:100
[22:42:40:958697 +01:00] [Thread 3628] extDB3: Output to Server: [3]
[22:42:40:958724 +01:00] [Thread 3628] extDB3: Input from Server: 4:100
[22:42:40:958737 +01:00] [Thread 3628] extDB3: Output to Server: [3]
[22:42:40:958759 +01:00] [Thread 3628] extDB3: Input from Server: 4:100
[22:42:40:958770 +01:00] [Thread 3628] extDB3: Output to Server: [3]
[22:42:40:958791 +01:00] [Thread 3628] extDB3: Input from Server: 4:100
[22:42:40:958802 +01:00] [Thread 3628] extDB3: Output to Server: [3]
[22:42:40:958822 +01:00] [Thread 3628] extDB3: Input from Server: 4:100
[22:42:40:958833 +01:00] [Thread 3628] extDB3: Output to Server: [3]
[22:42:40:958853 +01:00] [Thread 3628] extDB3: Input from Server: 4:100
[22:42:40:958865 +01:00] [Thread 3628] extDB3: Output to Server: [3]
[22:42:40:958885 +01:00] [Thread 3628] extDB3: Input from Server: 4:100
[22:42:40:958896 +01:00] [Thread 3628] extDB3: Output to Server: [3]
[22:42:40:958917 +01:00] [Thread 3628] extDB3: Input from Server: 4:100
[22:42:40:958927 +01:00] [Thread 3628] extDB3: Output to Server: [3]
[22:42:40:958948 +01:00] [Thread 3628] extDB3: Input from Server: 4:100
[22:42:40:958959 +01:00] [Thread 3628] extDB3: Output to Server: [3]
[22:42:40:958979 +01:00] [Thread 3628] extDB3: Input from Server: 4:100
[22:42:40:958990 +01:00] [Thread 3628] extDB3: Output to Server: [3]
[22:42:40:959010 +01:00] [Thread 3628] extDB3: Input from Server: 4:100
[22:42:40:959021 +01:00] [Thread 3628] extDB3: Output to Server: [3]
[22:42:40:959042 +01:00] [Thread 3628] extDB3: Input from Server: 4:100
[22:42:40:959052 +01:00] [Thread 3628] extDB3: Output to Server: [3]
[22:42:40:959073 +01:00] [Thread 3628] extDB3: Input from Server: 4:100
[22:42:40:959084 +01:00] [Thread 3628] extDB3: Output to Server: [3]
[22:42:40:959104 +01:00] [Thread 3628] extDB3: Input from Server: 4:100
[22:42:40:959115 +01:00] [Thread 3628] extDB3: Output to Server: [3]
[22:42:40:959135 +01:00] [Thread 3628] extDB3: Input from Server: 4:100
[22:42:40:959146 +01:00] [Thread 3628] extDB3: Output to Server: [3]
[22:42:40:959166 +01:00] [Thread 3628] extDB3: Input from Server: 4:100
[22:42:40:959177 +01:00] [Thread 3628] extDB3: Output to Server: [3]
[22:42:40:959198 +01:00] [Thread 3628] extDB3: Input from Server: 4:100
[22:42:40:959209 +01:00] [Thread 3628] extDB3: Output to Server: [3]
[22:42:40:959229 +01:00] [Thread 3628] extDB3: Input from Server: 4:100
[22:42:40:959240 +01:00] [Thread 3628] extDB3: Output to Server: [3]
[22:42:40:959260 +01:00] [Thread 3628] extDB3: Input from Server: 4:100
[22:42:40:959271 +01:00] [Thread 3628] extDB3: Output to Server: [3]
[22:42:40:959305 +01:00] [Thread 3628] extDB3: Input from Server: 4:100
[22:42:40:959318 +01:00] [Thread 3628] extDB3: Output to Server: [3]
[22:42:40:959339 +01:00] [Thread 3628] extDB3: Input from Server: 4:100
[22:42:40:959350 +01:00] [Thread 3628] extDB3: Output to Server: [3]
[22:42:40:959412 +01:00] [Thread 3628] extDB3: Input from Server: 4:100
[22:42:40:959428 +01:00] [Thread 3628] extDB3: Output to Server: [3]
[22:42:40:959448 +01:00] [Thread 3628] extDB3: Input from Server: 4:100
[22:42:40:959459 +01:00] [Thread 3628] extDB3: Output to Server: [3]
[22:42:40:959480 +01:00] [Thread 3628] extDB3: Input from Server: 4:100
[22:42:40:959491 +01:00] [Thread 3628] extDB3: Output to Server: [3]
[22:42:40:959511 +01:00] [Thread 3628] extDB3: Input from Server: 4:100
[22:42:40:959522 +01:00] [Thread 3628] extDB3: Output to Server: [3]
[22:42:40:959542 +01:00] [Thread 3628] extDB3: Input from Server: 4:100
[22:42:40:959553 +01:00] [Thread 3628] extDB3: Output to Server: [3]
[22:42:40:959573 +01:00] [Thread 3628] extDB3: Input from Server: 4:100
[22:42:40:959584 +01:00] [Thread 3628] extDB3: Output to Server: [3]
[22:42:40:959604 +01:00] [Thread 3628] extDB3: Input from Server: 4:100
[22:42:40:959615 +01:00] [Thread 3628] extDB3: Output to Server: [3]
[22:42:40:959635 +01:00] [Thread 3628] extDB3: Input from Server: 4:100
[22:42:40:959646 +01:00] [Thread 3628] extDB3: Output to Server: [3]
[22:42:40:959666 +01:00] [Thread 3628] extDB3: Input from Server: 4:100
[22:42:40:959677 +01:00] [Thread 3628] extDB3: Output to Server: [3]
[22:42:40:959697 +01:00] [Thread 3628] extDB3: Input from Server: 4:100
[22:42:40:959708 +01:00] [Thread 3628] extDB3: Output to Server: [3]
[22:42:40:959740 +01:00] [Thread 3628] extDB3: Input from Server: 4:100
[22:42:40:959752 +01:00] [Thread 3628] extDB3: Output to Server: [3]
[22:42:40:959773 +01:00] [Thread 3628] extDB3: Input from Server: 4:100
[22:42:40:959784 +01:00] [Thread 3628] extDB3: Output to Server: [3]
[22:42:40:959804 +01:00] [Thread 3628] extDB3: Input from Server: 4:100
[22:42:40:959815 +01:00] [Thread 3628] extDB3: Output to Server: [3]
[22:42:40:959835 +01:00] [Thread 3628] extDB3: Input from Server: 4:100
[22:42:40:959846 +01:00] [Thread 3628] extDB3: Output to Server: [3]
[22:42:40:959866 +01:00] [Thread 3628] extDB3: Input from Server: 4:100
[22:42:40:959877 +01:00] [Thread 3628] extDB3: Output to Server: [3]
[22:42:40:959897 +01:00] [Thread 3628] extDB3: Input from Server: 4:100
[22:42:40:959907 +01:00] [Thread 3628] extDB3: Output to Server: [3]
[22:42:40:959927 +01:00] [Thread 3628] extDB3: Input from Server: 4:100
[22:42:40:959938 +01:00] [Thread 3628] extDB3: Output to Server: [3]
[22:42:40:959959 +01:00] [Thread 3628] extDB3: Input from Server: 4:100
[22:42:40:959969 +01:00] [Thread 3628] extDB3: Output to Server: [3]
[22:42:40:959990 +01:00] [Thread 3628] extDB3: Input from Server: 4:100
[22:42:40:960001 +01:00] [Thread 3628] extDB3: Output to Server: [3]
[22:42:40:960021 +01:00] [Thread 3628] extDB3: Input from Server: 4:100
[22:42:40:960031 +01:00] [Thread 3628] extDB3: Output to Server: [3]
[22:42:40:960052 +01:00] [Thread 3628] extDB3: Input from Server: 4:100
[22:42:40:960063 +01:00] [Thread 3628] extDB3: Output to Server: [3]
[22:42:40:960083 +01:00] [Thread 3628] extDB3: Input from Server: 4:100
[22:42:40:960094 +01:00] [Thread 3628] extDB3: Output to Server: [3]
[22:42:40:960114 +01:00] [Thread 3628] extDB3: Input from Server: 4:100
[22:42:40:960124 +01:00] [Thread 3628] extDB3: Output to Server: [3]
[22:42:40:960145 +01:00] [Thread 3628] extDB3: Input from Server: 4:100
[22:42:40:960155 +01:00] [Thread 3628] extDB3: Output to Server: [3]
[22:42:40:960176 +01:00] [Thread 3628] extDB3: Input from Server: 4:100
[22:42:40:960187 +01:00] [Thread 3628] extDB3: Output to Server: [3]
[22:42:40:960207 +01:00] [Thread 3628] extDB3: Input from Server: 4:100
[22:42:40:960218 +01:00] [Thread 3628] extDB3: Output to Server: [3]
[22:42:40:960238 +01:00] [Thread 3628] extDB3: Input from Server: 4:100
[22:42:40:960249 +01:00] [Thread 3628] extDB3: Output to Server: [3]
[22:42:40:960269 +01:00] [Thread 3628] extDB3: Input from Server: 4:100
[22:42:40:960280 +01:00] [Thread 3628] extDB3: Output to Server: [3]
[22:42:40:960300 +01:00] [Thread 3628] extDB3: Input from Server: 4:100
[22:42:40:960363 +01:00] [Thread 3508] extDB3: SQL: Trace: Result: [1,[]]
[22:42:40:960699 +01:00] [Thread 3628] extDB3: Output to Server: [3]
[22:42:40:960720 +01:00] [Thread 3628] extDB3: Input from Server: 4:100
[22:42:40:960731 +01:00] [Thread 3628] extDB3: Output to Server: [3]
[22:42:40:960754 +01:00] [Thread 3628] extDB3: Input from Server: 4:100
[22:42:40:960765 +01:00] [Thread 3628] extDB3: Output to Server: [3]
[22:42:40:960786 +01:00] [Thread 3628] extDB3: Input from Server: 4:100
[22:42:40:960796 +01:00] [Thread 3628] extDB3: Output to Server: [3]
[22:42:40:960817 +01:00] [Thread 3628] extDB3: Input from Server: 4:100
[22:42:40:960827 +01:00] [Thread 3628] extDB3: Output to Server: [3]
[22:42:40:960848 +01:00] [Thread 3628] extDB3: Input from Server: 4:100
[22:42:40:960859 +01:00] [Thread 3628] extDB3: Output to Server: [3]
[22:42:40:960879 +01:00] [Thread 3628] extDB3: Input from Server: 4:100
[22:42:40:960890 +01:00] [Thread 3628] extDB3: Output to Server: [3]
[22:42:40:960910 +01:00] [Thread 3628] extDB3: Input from Server: 4:100
[22:42:40:960921 +01:00] [Thread 3628] extDB3: Output to Server: [3]
[22:42:40:960941 +01:00] [Thread 3628] extDB3: Input from Server: 4:100
[22:42:40:960952 +01:00] [Thread 3628] extDB3: Output to Server: [3]
[22:42:40:960972 +01:00] [Thread 3628] extDB3: Input from Server: 4:100
[22:42:40:960983 +01:00] [Thread 3628] extDB3: Output to Server: [3]
[22:42:40:961003 +01:00] [Thread 3628] extDB3: Input from Server: 4:100
[22:42:40:961228 +01:00] [Thread 3628] extDB3: Output to Server: [3]
[22:42:40:961250 +01:00] [Thread 3628] extDB3: Input from Server: 4:100
[22:42:40:961261 +01:00] [Thread 3628] extDB3: Output to Server: [3]
[22:42:40:961282 +01:00] [Thread 3628] extDB3: Input from Server: 4:100
[22:42:40:961292 +01:00] [Thread 3628] extDB3: Output to Server: [3]
[22:42:40:961313 +01:00] [Thread 3628] extDB3: Input from Server: 4:100
[22:42:40:961324 +01:00] [Thread 3628] extDB3: Output to Server: [3]
[22:42:40:961344 +01:00] [Thread 3628] extDB3: Input from Server: 4:100
[22:42:40:961355 +01:00] [Thread 3628] extDB3: Output to Server: [3]
[22:42:40:961375 +01:00] [Thread 3628] extDB3: Input from Server: 4:100
[22:42:40:961386 +01:00] [Thread 3628] extDB3: Output to Server: [3]
[22:42:40:961406 +01:00] [Thread 3628] extDB3: Input from Server: 4:100
[22:42:40:961417 +01:00] [Thread 3628] extDB3: Output to Server: [3]
[22:42:40:961437 +01:00] [Thread 3628] extDB3: Input from Server: 4:100
[22:42:40:961448 +01:00] [Thread 3628] extDB3: Output to Server: [3]
[22:42:40:961468 +01:00] [Thread 3628] extDB3: Input from Server: 4:100
[22:42:40:961479 +01:00] [Thread 3628] extDB3: Output to Server: [3]
[22:42:40:961500 +01:00] [Thread 3628] extDB3: Input from Server: 4:100
[22:42:40:961511 +01:00] [Thread 3628] extDB3: Output to Server: [3]
[22:42:40:961531 +01:00] [Thread 3628] extDB3: Input from Server: 4:100
[22:42:40:961720 +01:00] [Thread 3628] extDB3: Output to Server: [3]
[22:42:40:961741 +01:00] [Thread 3628] extDB3: Input from Server: 4:100
[22:42:40:961754 +01:00] [Thread 3628] extDB3: Output to Server: [3]
[22:42:40:961774 +01:00] [Thread 3628] extDB3: Input from Server: 4:100
[22:42:40:961785 +01:00] [Thread 3628] extDB3: Output to Server: [3]
[22:42:40:961806 +01:00] [Thread 3628] extDB3: Input from Server: 4:100
[22:42:40:961817 +01:00] [Thread 3628] extDB3: Output to Server: [3]
[22:42:40:961837 +01:00] [Thread 3628] extDB3: Input from Server: 4:100
[22:42:40:961848 +01:00] [Thread 3628] extDB3: Output to Server: [3]
[22:42:40:961869 +01:00] [Thread 3628] extDB3: Input from Server: 4:100
[22:42:40:961880 +01:00] [Thread 3628] extDB3: Output to Server: [3]
[22:42:40:961900 +01:00] [Thread 3628] extDB3: Input from Server: 4:100
[22:42:40:961911 +01:00] [Thread 3628] extDB3: Output to Server: [3]
[22:42:40:961931 +01:00] [Thread 3628] extDB3: Input from Server: 4:100
[22:42:40:961942 +01:00] [Thread 3628] extDB3: Output to Server: [3]
[22:42:40:961963 +01:00] [Thread 3628] extDB3: Input from Server: 4:100
[22:42:40:962012 +01:00] [Thread 3628] extDB3: Output to Server: [3]
[22:42:40:962039 +01:00] [Thread 3628] extDB3: Input from Server: 4:100
[22:42:40:962050 +01:00] [Thread 3628] extDB3: Output to Server: [3]
[22:42:40:962071 +01:00] [Thread 3628] extDB3: Input from Server: 4:100
[22:42:40:962082 +01:00] [Thread 3628] extDB3: Output to Server: [3]
[22:42:40:962102 +01:00] [Thread 3628] extDB3: Input from Server: 4:100
[22:42:40:962113 +01:00] [Thread 3628] extDB3: Output to Server: [3]
[22:42:40:962133 +01:00] [Thread 3628] extDB3: Input from Server: 4:100
[22:42:40:962144 +01:00] [Thread 3628] extDB3: Output to Server: [3]
[22:42:40:962164 +01:00] [Thread 3628] extDB3: Input from Server: 4:100
[22:42:40:962175 +01:00] [Thread 3628] extDB3: Output to Server: [3]
[22:42:40:962195 +01:00] [Thread 3628] extDB3: Input from Server: 4:100
[22:42:40:962206 +01:00] [Thread 3628] extDB3: Output to Server: [3]
[22:42:40:962226 +01:00] [Thread 3628] extDB3: Input from Server: 4:100
[22:42:40:962237 +01:00] [Thread 3628] extDB3: Output to Server: [3]
[22:42:40:962258 +01:00] [Thread 3628] extDB3: Input from Server: 4:100
[22:42:40:962269 +01:00] [Thread 3628] extDB3: Output to Server: [3]
[22:42:40:962289 +01:00] [Thread 3628] extDB3: Input from Server: 4:100
[22:42:40:962300 +01:00] [Thread 3628] extDB3: Output to Server: [3]
[22:42:40:962320 +01:00] [Thread 3628] extDB3: Input from Server: 4:100
[22:42:40:962331 +01:00] [Thread 3628] extDB3: Output to Server: [3]
[22:42:40:962351 +01:00] [Thread 3628] extDB3: Input from Server: 4:100
[22:42:40:962362 +01:00] [Thread 3628] extDB3: Output to Server: [3]
[22:42:40:962382 +01:00] [Thread 3628] extDB3: Input from Server: 4:100
[22:42:40:962393 +01:00] [Thread 3628] extDB3: Output to Server: [3]
[22:42:40:962413 +01:00] [Thread 3628] extDB3: Input from Server: 4:100
[22:42:40:962424 +01:00] [Thread 3628] extDB3: Output to Server: [3]
[22:42:40:962445 +01:00] [Thread 3628] extDB3: Input from Server: 4:100
[22:42:40:962456 +01:00] [Thread 3628] extDB3: Output to Server: [3]
[22:42:40:962476 +01:00] [Thread 3628] extDB3: Input from Server: 4:100
[22:42:40:962487 +01:00] [Thread 3628] extDB3: Output to Server: [3]
[22:42:40:962507 +01:00] [Thread 3628] extDB3: Input from Server: 4:100
[22:42:40:962518 +01:00] [Thread 3628] extDB3: Output to Server: [3]
[22:42:40:962538 +01:00] [Thread 3628] extDB3: Input from Server: 4:100
[22:42:40:962549 +01:00] [Thread 3628] extDB3: Output to Server: [3]
[22:42:40:962569 +01:00] [Thread 3628] extDB3: Input from Server: 4:100
[22:42:40:962580 +01:00] [Thread 3628] extDB3: Output to Server: [3]
[22:42:40:962600 +01:00] [Thread 3628] extDB3: Input from Server: 4:100
[22:42:40:962611 +01:00] [Thread 3628] extDB3: Output to Server: [3]
[22:42:40:962631 +01:00] [Thread 3628] extDB3: Input from Server: 4:100
[22:42:40:962642 +01:00] [Thread 3628] extDB3: Output to Server: [3]
[22:42:40:962662 +01:00] [Thread 3628] extDB3: Input from Server: 4:100
[22:42:40:962673 +01:00] [Thread 3628] extDB3: Output to Server: [3]
[22:42:40:962693 +01:00] [Thread 3628] extDB3: Input from Server: 4:100
[22:42:40:962704 +01:00] [Thread 3628] extDB3: Output to Server: [3]
[22:42:40:962726 +01:00] [Thread 3628] extDB3: Input from Server: 4:100
[22:42:40:962737 +01:00] [Thread 3628] extDB3: Output to Server: [3]
[22:42:40:962758 +01:00] [Thread 3628] extDB3: Input from Server: 4:100
[22:42:40:962769 +01:00] [Thread 3628] extDB3: Output to Server: [3]
[22:42:40:962789 +01:00] [Thread 3628] extDB3: Input from Server: 4:100
[22:42:40:962800 +01:00] [Thread 3628] extDB3: Output to Server: [3]
[22:42:40:962820 +01:00] [Thread 3628] extDB3: Input from Server: 4:100
[22:42:40:962831 +01:00] [Thread 3628] extDB3: Output to Server: [3]
[22:42:40:962851 +01:00] [Thread 3628] extDB3: Input from Server: 4:100
[22:42:40:962862 +01:00] [Thread 3628] extDB3: Output to Server: [3]
[22:42:40:962882 +01:00] [Thread 3628] extDB3: Input from Server: 4:100
[22:42:40:962893 +01:00] [Thread 3628] extDB3: Output to Server: [3]
[22:42:40:962930 +01:00] [Thread 3628] extDB3: Input from Server: 4:100
[22:42:40:962943 +01:00] [Thread 3628] extDB3: Output to Server: [3]
[22:42:40:962963 +01:00] [Thread 3628] extDB3: Input from Server: 4:100
[22:42:40:962974 +01:00] [Thread 3628] extDB3: Output to Server: [3]
[22:42:40:962968 +01:00] [Thread 3584] extDB3: SQL: Error MariaDBQueryException: The user specified as a definer ('arma3'@'localhost') does not exist
[22:42:40:962996 +01:00] [Thread 3628] extDB3: Input from Server: 4:100
[22:42:40:963030 +01:00] [Thread 3628] extDB3: Output to Server: [3]
[22:42:40:963017 +01:00] [Thread 3584] extDB3: SQL: Error MariaDBQueryException: Input: CALL resetLifeVehicles
[22:42:40:963060 +01:00] [Thread 3628] extDB3: Input from Server: 4:100
[22:42:40:963074 +01:00] [Thread 3628] extDB3: Output to Server: [3]
[22:42:40:963095 +01:00] [Thread 3628] extDB3: Input from Server: 4:100
[22:42:40:963106 +01:00] [Thread 3628] extDB3: Output to Server: [3]
[22:42:40:963127 +01:00] [Thread 3628] extDB3: Input from Server: 4:100
[22:42:40:963138 +01:00] [Thread 3628] extDB3: Output to Server: [3]
[22:42:40:963158 +01:00] [Thread 3628] extDB3: Input from Server: 4:100
[22:42:40:963169 +01:00] [Thread 3628] extDB3: Output to Server: [3]
[22:42:40:963189 +01:00] [Thread 3628] extDB3: Input from Server: 4:100
[22:42:40:963200 +01:00] [Thread 3628] extDB3: Output to Server: [3]
[22:42:40:963220 +01:00] [Thread 3628] extDB3: Input from Server: 4:100
[22:42:40:963231 +01:00] [Thread 3628] extDB3: Output to Server: [3]
[22:42:40:963251 +01:00] [Thread 3628] extDB3: Input from Server: 4:100
[22:42:40:963262 +01:00] [Thread 3628] extDB3: Output to Server: [3]
[22:42:40:963282 +01:00] [Thread 3628] extDB3: Input from Server: 4:100
[22:42:40:963293 +01:00] [Thread 3628] extDB3: Output to Server: [3]
[22:42:40:963313 +01:00] [Thread 3628] extDB3: Input from Server: 4:100
[22:42:40:963324 +01:00] [Thread 3628] extDB3: Output to Server: [3]
[22:42:40:963344 +01:00] [Thread 3628] extDB3: Input from Server: 4:100
[22:42:40:963355 +01:00] [Thread 3628] extDB3: Output to Server: [3]
[22:42:40:963375 +01:00] [Thread 3628] extDB3: Input from Server: 4:100
[22:42:40:963386 +01:00] [Thread 3628] extDB3: Output to Server: [3]
[22:42:40:963406 +01:00] [Thread 3628] extDB3: Input from Server: 4:100
[22:42:40:963416 +01:00] [Thread 3628] extDB3: Output to Server: [3]
[22:42:40:963437 +01:00] [Thread 3628] extDB3: Input from Server: 4:100
[22:42:40:963448 +01:00] [Thread 3628] extDB3: Output to Server: [3]
[22:42:40:963448 +01:00] [Thread 3364] extDB3: SQL: Trace: Result: [1,[]]
[22:42:40:963468 +01:00] [Thread 3628] extDB3: Input from Server: 4:100
[22:42:40:963497 +01:00] [Thread 3628] extDB3: Output to Server: [3]
[22:42:40:963518 +01:00] [Thread 3628] extDB3: Input from Server: 4:100
[22:42:40:963529 +01:00] [Thread 3628] extDB3: Output to Server: [3]
[22:42:40:963554 +01:00] [Thread 3628] extDB3: Input from Server: 4:100
[22:42:40:963565 +01:00] [Thread 3628] extDB3: Output to Server: [3]
[22:42:40:963585 +01:00] [Thread 3628] extDB3: Input from Server: 4:100
[22:42:40:963596 +01:00] [Thread 3628] extDB3: Output to Server: [3]
[22:42:40:963617 +01:00] [Thread 3628] extDB3: Input from Server: 4:100
[22:42:40:963627 +01:00] [Thread 3628] extDB3: Output to Server: [3]
[22:42:40:963647 +01:00] [Thread 3628] extDB3: Input from Server: 4:100
[22:42:40:963658 +01:00] [Thread 3628] extDB3: Output to Server: [3]
[22:42:40:963678 +01:00] [Thread 3628] extDB3: Input from Server: 4:100
[22:42:40:963689 +01:00] [Thread 3628] extDB3: Output to Server: [3]
[22:42:40:963710 +01:00] [Thread 3628] extDB3: Input from Server: 4:100
[22:42:40:963720 +01:00] [Thread 3628] extDB3: Output to Server: [3]
[22:42:40:963731 +01:00] [Thread 2284] extDB3: SQL: Trace: Result: [1,[[0]]]
[22:42:40:963742 +01:00] [Thread 3628] extDB3: Input from Server: 4:100
[22:42:40:963781 +01:00] [Thread 3628] extDB3: Output to Server: [1,[[0]]]
[22:42:40:964016 +01:00] [Thread 3628] extDB3: Input from Server: 2:9831:SELECT houses.id, houses.pid, houses.pos, players.name FROM houses INNER JOIN players ON houses.pid=players.playerid WHERE houses.owned='1' LIMIT 0,10
[22:42:40:964049 +01:00] [Thread 3628] extDB3: Output to Server: [2,"101"]
[22:42:40:964099 +01:00] [Thread 3628] extDB3: Input from Server: 4:101
[22:42:40:964103 +01:00] [Thread 2284] extDB3: SQL: Trace: Input: SELECT houses.id, houses.pid, houses.pos, players.name FROM houses INNER JOIN players ON houses.pid=players.playerid WHERE houses.owned='1' LIMIT 0,10
[22:42:40:964112 +01:00] [Thread 3628] extDB3: Output to Server: [3]
[22:42:40:964175 +01:00] [Thread 3628] extDB3: Input from Server: 4:101
[22:42:40:964187 +01:00] [Thread 3628] extDB3: Output to Server: [3]
[22:42:40:964234 +01:00] [Thread 3628] extDB3: Input from Server: 4:101
[22:42:40:964245 +01:00] [Thread 3628] extDB3: Output to Server: [3]
[22:42:40:964266 +01:00] [Thread 3628] extDB3: Input from Server: 4:101
[22:42:40:964277 +01:00] [Thread 3628] extDB3: Output to Server: [3]
[22:42:40:964298 +01:00] [Thread 3628] extDB3: Input from Server: 4:101
[22:42:40:964309 +01:00] [Thread 3628] extDB3: Output to Server: [3]
[22:42:40:964329 +01:00] [Thread 3628] extDB3: Input from Server: 4:101
[22:42:40:964340 +01:00] [Thread 3628] extDB3: Output to Server: [3]
[22:42:40:964360 +01:00] [Thread 3628] extDB3: Input from Server: 4:101
[22:42:40:964371 +01:00] [Thread 3628] extDB3: Output to Server: [3]
[22:42:40:964392 +01:00] [Thread 3628] extDB3: Input from Server: 4:101
[22:42:40:964403 +01:00] [Thread 3628] extDB3: Output to Server: [3]
[22:42:40:964423 +01:00] [Thread 3628] extDB3: Input from Server: 4:101
[22:42:40:964434 +01:00] [Thread 3628] extDB3: Output to Server: [3]
[22:42:40:964454 +01:00] [Thread 3628] extDB3: Input from Server: 4:101
[22:42:40:964465 +01:00] [Thread 3628] extDB3: Output to Server: [3]
[22:42:40:964485 +01:00] [Thread 3628] extDB3: Input from Server: 4:101
[22:42:40:964496 +01:00] [Thread 3628] extDB3: Output to Server: [3]
[22:42:40:964517 +01:00] [Thread 3628] extDB3: Input from Server: 4:101
[22:42:40:964528 +01:00] [Thread 3628] extDB3: Output to Server: [3]
[22:42:40:964548 +01:00] [Thread 3628] extDB3: Input from Server: 4:101
[22:42:40:964559 +01:00] [Thread 3628] extDB3: Output to Server: [3]
[22:42:40:964554 +01:00] [Thread 2284] extDB3: SQL: Trace: Result: [1,[]]
[22:42:40:964580 +01:00] [Thread 3628] extDB3: Input from Server: 4:101
[22:42:40:964622 +01:00] [Thread 3628] extDB3: Output to Server: [1,[]]
[22:42:40:965503 +01:00] [Thread 3628] extDB3: Input from Server: 2:9831:SELECT prices FROM dynmarket WHERE id='1'
[22:42:40:965531 +01:00] [Thread 3628] extDB3: Output to Server: [2,"102"]
[22:42:40:965577 +01:00] [Thread 3628] extDB3: Input from Server: 4:102
[22:42:40:965576 +01:00] [Thread 2284] extDB3: SQL: Trace: Input: SELECT prices FROM dynmarket WHERE id='1'
[22:42:40:965592 +01:00] [Thread 3628] extDB3: Output to Server: [3]
[22:42:40:965654 +01:00] [Thread 3628] extDB3: Input from Server: 4:102
[22:42:40:965666 +01:00] [Thread 3628] extDB3: Output to Server: [3]
[22:42:40:965688 +01:00] [Thread 3628] extDB3: Input from Server: 4:102
[22:42:40:965699 +01:00] [Thread 3628] extDB3: Output to Server: [3]
[22:42:40:965720 +01:00] [Thread 3628] extDB3: Input from Server: 4:102
[22:42:40:965731 +01:00] [Thread 3628] extDB3: Output to Server: [3]
[22:42:40:965754 +01:00] [Thread 3628] extDB3: Input from Server: 4:102
[22:42:40:965765 +01:00] [Thread 3628] extDB3: Output to Server: [3]
[22:42:40:965785 +01:00] [Thread 3628] extDB3: Input from Server: 4:102
[22:42:40:965796 +01:00] [Thread 3628] extDB3: Output to Server: [3]
[22:42:40:965817 +01:00] [Thread 3628] extDB3: Input from Server: 4:102
[22:42:40:965827 +01:00] [Thread 3628] extDB3: Output to Server: [3]
[22:42:40:965853 +01:00] [Thread 3628] extDB3: Input from Server: 4:102
[22:42:40:965864 +01:00] [Thread 3628] extDB3: Output to Server: [3]
[22:42:40:965885 +01:00] [Thread 3628] extDB3: Input from Server: 4:102
[22:42:40:965896 +01:00] [Thread 3628] extDB3: Output to Server: [3]
[22:42:40:965919 +01:00] [Thread 3628] extDB3: Input from Server: 4:102
[22:42:40:965931 +01:00] [Thread 3628] extDB3: Output to Server: [3]
[22:42:40:965941 +01:00] [Thread 2284] extDB3: SQL: Trace: Result: [1,[]]
[22:42:40:965952 +01:00] [Thread 3628] extDB3: Input from Server: 4:102
[22:42:40:965995 +01:00] [Thread 3628] extDB3: Output to Server: [1,[]]
[22:44:12:299758 +01:00] [Thread 3628] extDB3: Input from Server: 2:9831:SELECT playerid, name, cash, adminlevel, donatorlvl, civ_licenses, arrested, civ_gear FROM players WHERE playerid='76561197964675179'
[22:44:12:299835 +01:00] [Thread 3628] extDB3: Output to Server: [2,"103"]
[22:44:12:299886 +01:00] [Thread 2284] extDB3: SQL: Trace: Input: SELECT playerid, name, cash, adminlevel, donatorlvl, civ_licenses, arrested, civ_gear FROM players WHERE playerid='76561197964675179'
[22:44:12:299907 +01:00] [Thread 3628] extDB3: Input from Server: 4:103
[22:44:12:299952 +01:00] [Thread 3628] extDB3: Output to Server: [3]
[22:44:12:299997 +01:00] [Thread 3628] extDB3: Input from Server: 4:103
[22:44:12:300010 +01:00] [Thread 3628] extDB3: Output to Server: [3]
[22:44:12:300037 +01:00] [Thread 3628] extDB3: Input from Server: 4:103
[22:44:12:300049 +01:00] [Thread 3628] extDB3: Output to Server: [3]
[22:44:12:300073 +01:00] [Thread 3628] extDB3: Input from Server: 4:103
[22:44:12:300085 +01:00] [Thread 3628] extDB3: Output to Server: [3]
[22:44:12:300108 +01:00] [Thread 3628] extDB3: Input from Server: 4:103
[22:44:12:300120 +01:00] [Thread 3628] extDB3: Output to Server: [3]
[22:44:12:300150 +01:00] [Thread 3628] extDB3: Input from Server: 4:103
[22:44:12:300162 +01:00] [Thread 3628] extDB3: Output to Server: [3]
[22:44:12:300185 +01:00] [Thread 3628] extDB3: Input from Server: 4:103
[22:44:12:300197 +01:00] [Thread 3628] extDB3: Output to Server: [3]
[22:44:12:300219 +01:00] [Thread 3628] extDB3: Input from Server: 4:103
[22:44:12:300231 +01:00] [Thread 3628] extDB3: Output to Server: [3]
[22:44:12:300254 +01:00] [Thread 3628] extDB3: Input from Server: 4:103
[22:44:12:300266 +01:00] [Thread 3628] extDB3: Output to Server: [3]
[22:44:12:300288 +01:00] [Thread 3628] extDB3: Input from Server: 4:103
[22:44:12:300300 +01:00] [Thread 3628] extDB3: Output to Server: [3]
[22:44:12:300323 +01:00] [Thread 3628] extDB3: Input from Server: 4:103
[22:44:12:300335 +01:00] [Thread 3628] extDB3: Output to Server: [3]
[22:44:12:300357 +01:00] [Thread 3628] extDB3: Input from Server: 4:103
[22:44:12:300369 +01:00] [Thread 3628] extDB3: Output to Server: [3]
[22:44:12:300392 +01:00] [Thread 3628] extDB3: Input from Server: 4:103
[22:44:12:300404 +01:00] [Thread 3628] extDB3: Output to Server: [3]
[22:44:12:300426 +01:00] [Thread 3628] extDB3: Input from Server: 4:103
[22:44:12:300438 +01:00] [Thread 3628] extDB3: Output to Server: [3]
[22:44:12:300461 +01:00] [Thread 3628] extDB3: Input from Server: 4:103
[22:44:12:300473 +01:00] [Thread 3628] extDB3: Output to Server: [3]
[22:44:12:300495 +01:00] [Thread 3628] extDB3: Input from Server: 4:103
[22:44:12:300507 +01:00] [Thread 3628] extDB3: Output to Server: [3]
[22:44:12:300529 +01:00] [Thread 3628] extDB3: Input from Server: 4:103
[22:44:12:300541 +01:00] [Thread 3628] extDB3: Output to Server: [3]
[22:44:12:300563 +01:00] [Thread 3628] extDB3: Input from Server: 4:103
[22:44:12:300575 +01:00] [Thread 3628] extDB3: Output to Server: [3]
[22:44:12:300598 +01:00] [Thread 3628] extDB3: Input from Server: 4:103
[22:44:12:300611 +01:00] [Thread 3628] extDB3: Output to Server: [3]
[22:44:12:300643 +01:00] [Thread 3628] extDB3: Input from Server: 4:103
[22:44:12:300657 +01:00] [Thread 3628] extDB3: Output to Server: [3]
[22:44:12:300680 +01:00] [Thread 3628] extDB3: Input from Server: 4:103
[22:44:12:300692 +01:00] [Thread 3628] extDB3: Output to Server: [3]
[22:44:12:300714 +01:00] [Thread 3628] extDB3: Input from Server: 4:103
[22:44:12:300726 +01:00] [Thread 3628] extDB3: Output to Server: [3]
[22:44:12:300749 +01:00] [Thread 3628] extDB3: Input from Server: 4:103
[22:44:12:300761 +01:00] [Thread 3628] extDB3: Output to Server: [3]
[22:44:12:300883 +01:00] [Thread 3628] extDB3: Input from Server: 4:103
[22:44:12:300904 +01:00] [Thread 3628] extDB3: Output to Server: [3]
[22:44:12:300927 +01:00] [Thread 3628] extDB3: Input from Server: 4:103
[22:44:12:300939 +01:00] [Thread 3628] extDB3: Output to Server: [3]
[22:44:12:300962 +01:00] [Thread 3628] extDB3: Input from Server: 4:103
[22:44:12:300974 +01:00] [Thread 3628] extDB3: Output to Server: [3]
[22:44:12:300997 +01:00] [Thread 3628] extDB3: Input from Server: 4:103
[22:44:12:301009 +01:00] [Thread 3628] extDB3: Output to Server: [3]
[22:44:12:301031 +01:00] [Thread 3628] extDB3: Input from Server: 4:103
[22:44:12:301043 +01:00] [Thread 3628] extDB3: Output to Server: [3]
[22:44:12:301066 +01:00] [Thread 3628] extDB3: Input from Server: 4:103
[22:44:12:301078 +01:00] [Thread 3628] extDB3: Output to Server: [3]
[22:44:12:301101 +01:00] [Thread 3628] extDB3: Input from Server: 4:103
[22:44:12:301102 +01:00] [Thread 2284] extDB3: SQL: Trace: Result: [1,[]]
[22:44:12:301113 +01:00] [Thread 3628] extDB3: Output to Server: [3]
[22:44:12:301179 +01:00] [Thread 3628] extDB3: Input from Server: 4:103
[22:44:12:301193 +01:00] [Thread 3628] extDB3: Output to Server: [1,[]]
[22:44:12:428638 +01:00] [Thread 3628] extDB3: Input from Server: 2:9831:SELECT playerid, name FROM players WHERE playerid='76561197964675179'
[22:44:12:428707 +01:00] [Thread 3628] extDB3: Output to Server: [2,"104"]
[22:44:12:428764 +01:00] [Thread 2284] extDB3: SQL: Trace: Input: SELECT playerid, name FROM players WHERE playerid='76561197964675179'
[22:44:12:428779 +01:00] [Thread 3628] extDB3: Input from Server: 4:104
[22:44:12:428828 +01:00] [Thread 3628] extDB3: Output to Server: [3]
[22:44:12:428873 +01:00] [Thread 3628] extDB3: Input from Server: 4:104
[22:44:12:428887 +01:00] [Thread 3628] extDB3: Output to Server: [3]
[22:44:12:428913 +01:00] [Thread 3628] extDB3: Input from Server: 4:104
[22:44:12:428925 +01:00] [Thread 3628] extDB3: Output to Server: [3]
[22:44:12:428948 +01:00] [Thread 3628] extDB3: Input from Server: 4:104
[22:44:12:428960 +01:00] [Thread 3628] extDB3: Output to Server: [3]
[22:44:12:428983 +01:00] [Thread 3628] extDB3: Input from Server: 4:104
[22:44:12:428995 +01:00] [Thread 3628] extDB3: Output to Server: [3]
[22:44:12:429018 +01:00] [Thread 3628] extDB3: Input from Server: 4:104
[22:44:12:429030 +01:00] [Thread 3628] extDB3: Output to Server: [3]
[22:44:12:429052 +01:00] [Thread 3628] extDB3: Input from Server: 4:104
[22:44:12:429064 +01:00] [Thread 3628] extDB3: Output to Server: [3]
[22:44:12:429087 +01:00] [Thread 3628] extDB3: Input from Server: 4:104
[22:44:12:429099 +01:00] [Thread 3628] extDB3: Output to Server: [3]
[22:44:12:429122 +01:00] [Thread 3628] extDB3: Input from Server: 4:104
[22:44:12:429134 +01:00] [Thread 3628] extDB3: Output to Server: [3]
[22:44:12:429157 +01:00] [Thread 3628] extDB3: Input from Server: 4:104
[22:44:12:429169 +01:00] [Thread 3628] extDB3: Output to Server: [3]
[22:44:12:429198 +01:00] [Thread 3628] extDB3: Input from Server: 4:104
[22:44:12:429211 +01:00] [Thread 3628] extDB3: Output to Server: [3]
[22:44:12:429234 +01:00] [Thread 3628] extDB3: Input from Server: 4:104
[22:44:12:429247 +01:00] [Thread 3628] extDB3: Output to Server: [3]
[22:44:12:429262 +01:00] [Thread 2284] extDB3: SQL: Trace: Result: [1,[]]
[22:44:12:429269 +01:00] [Thread 3628] extDB3: Input from Server: 4:104
[22:44:12:429322 +01:00] [Thread 3628] extDB3: Output to Server: [1,[]]
[22:44:12:430125 +01:00] [Thread 3628] extDB3: Input from Server: 1:9831:INSERT INTO players (playerid, name, cash, aliases, cop_licenses, med_licenses, civ_licenses, civ_gear, cop_gear, med_gear) VALUES('76561197964675179', 'Kira Luci', '10000', '["Kira Luci"]','[]','[]','[]','[]','[]','[]')
[22:44:12:430153 +01:00] [Thread 3628] extDB3: Output to Server: 
[22:44:12:430221 +01:00] [Thread 2284] extDB3: SQL: Trace: Input: INSERT INTO players (playerid, name, cash, aliases, cop_licenses, med_licenses, civ_licenses, civ_gear, cop_gear, med_gear) VALUES('76561197964675179', 'Kira Luci', '10000', '["Kira Luci"]','[]','[]','[]','[]','[]','[]')
[22:44:12:430263 +01:00] [Thread 3628] extDB3: Input from Server: 1:9831:INSERT INTO permis (uid) VALUES('76561197964675179')
[22:44:12:430287 +01:00] [Thread 3628] extDB3: Output to Server: 
[22:44:12:430330 +01:00] [Thread 3364] extDB3: SQL: Trace: Input: INSERT INTO permis (uid) VALUES('76561197964675179')
[22:44:12:433742 +01:00] [Thread 2284] extDB3: SQL: Trace: Result: [1,[]]
[22:44:12:434334 +01:00] [Thread 3364] extDB3: SQL: Trace: Result: [1,[]]
[22:44:12:584772 +01:00] [Thread 3628] extDB3: Input from Server: 2:9831:SELECT playerid, name, cash, adminlevel, donatorlvl, civ_licenses, arrested, civ_gear FROM players WHERE playerid='76561197964675179'
[22:44:12:584840 +01:00] [Thread 3628] extDB3: Output to Server: [2,"105"]
[22:44:12:584910 +01:00] [Thread 3628] extDB3: Input from Server: 4:105
[22:44:12:584906 +01:00] [Thread 3364] extDB3: SQL: Trace: Input: SELECT playerid, name, cash, adminlevel, donatorlvl, civ_licenses, arrested, civ_gear FROM players WHERE playerid='76561197964675179'
[22:44:12:584931 +01:00] [Thread 3628] extDB3: Output to Server: [3]
[22:44:12:585009 +01:00] [Thread 3628] extDB3: Input from Server: 4:105
[22:44:12:585022 +01:00] [Thread 3628] extDB3: Output to Server: [3]
[22:44:12:585048 +01:00] [Thread 3628] extDB3: Input from Server: 4:105
[22:44:12:585061 +01:00] [Thread 3628] extDB3: Output to Server: [3]
[22:44:12:585084 +01:00] [Thread 3628] extDB3: Input from Server: 4:105
[22:44:12:585096 +01:00] [Thread 3628] extDB3: Output to Server: [3]
[22:44:12:585119 +01:00] [Thread 3628] extDB3: Input from Server: 4:105
[22:44:12:585131 +01:00] [Thread 3628] extDB3: Output to Server: [3]
[22:44:12:585154 +01:00] [Thread 3628] extDB3: Input from Server: 4:105
[22:44:12:585166 +01:00] [Thread 3628] extDB3: Output to Server: [3]
[22:44:12:585189 +01:00] [Thread 3628] extDB3: Input from Server: 4:105
[22:44:12:585201 +01:00] [Thread 3628] extDB3: Output to Server: [3]
[22:44:12:585223 +01:00] [Thread 3628] extDB3: Input from Server: 4:105
[22:44:12:585235 +01:00] [Thread 3628] extDB3: Output to Server: [3]
[22:44:12:585258 +01:00] [Thread 3628] extDB3: Input from Server: 4:105
[22:44:12:585270 +01:00] [Thread 3628] extDB3: Output to Server: [3]
[22:44:12:585292 +01:00] [Thread 3628] extDB3: Input from Server: 4:105
[22:44:12:585304 +01:00] [Thread 3628] extDB3: Output to Server: [3]
[22:44:12:585360 +01:00] [Thread 3628] extDB3: Input from Server: 4:105
[22:44:12:585374 +01:00] [Thread 3628] extDB3: Output to Server: [3]
[22:44:12:585396 +01:00] [Thread 3628] extDB3: Input from Server: 4:105
[22:44:12:585409 +01:00] [Thread 3628] extDB3: Output to Server: [3]
[22:44:12:585431 +01:00] [Thread 3628] extDB3: Input from Server: 4:105
[22:44:12:585443 +01:00] [Thread 3628] extDB3: Output to Server: [3]
[22:44:12:585466 +01:00] [Thread 3628] extDB3: Input from Server: 4:105
[22:44:12:585478 +01:00] [Thread 3628] extDB3: Output to Server: [3]
[22:44:12:585492 +01:00] [Thread 3364] extDB3: SQL: Trace: Result: [1,[['76561197964675179','Kira Luci',10000,0,0,[],0,[]]]]
[22:44:12:585501 +01:00] [Thread 3628] extDB3: Input from Server: 4:105
[22:44:12:585548 +01:00] [Thread 3628] extDB3: Output to Server: [1,[['76561197964675179','Kira Luci',10000,0,0,[],0,[]]]]
[22:44:12:606617 +01:00] [Thread 3628] extDB3: Input from Server: 2:9831:SELECT pid, pos, inventory, containers FROM houses WHERE pid='76561197964675179' AND owned='1'
[22:44:12:606679 +01:00] [Thread 3628] extDB3: Output to Server: [2,"106"]
[22:44:12:606728 +01:00] [Thread 3364] extDB3: SQL: Trace: Input: SELECT pid, pos, inventory, containers FROM houses WHERE pid='76561197964675179' AND owned='1'
[22:44:12:606748 +01:00] [Thread 3628] extDB3: Input from Server: 4:106
[22:44:12:606788 +01:00] [Thread 3628] extDB3: Output to Server: [3]
[22:44:12:606831 +01:00] [Thread 3628] extDB3: Input from Server: 4:106
[22:44:12:606845 +01:00] [Thread 3628] extDB3: Output to Server: [3]
[22:44:12:606870 +01:00] [Thread 3628] extDB3: Input from Server: 4:106
[22:44:12:606889 +01:00] [Thread 3628] extDB3: Output to Server: [3]
[22:44:12:606916 +01:00] [Thread 3628] extDB3: Input from Server: 4:106
[22:44:12:606929 +01:00] [Thread 3628] extDB3: Output to Server: [3]
[22:44:12:606952 +01:00] [Thread 3628] extDB3: Input from Server: 4:106
[22:44:12:606964 +01:00] [Thread 3628] extDB3: Output to Server: [3]
[22:44:12:606987 +01:00] [Thread 3628] extDB3: Input from Server: 4:106
[22:44:12:606999 +01:00] [Thread 3628] extDB3: Output to Server: [3]
[22:44:12:607022 +01:00] [Thread 3628] extDB3: Input from Server: 4:106
[22:44:12:607034 +01:00] [Thread 3628] extDB3: Output to Server: [3]
[22:44:12:607057 +01:00] [Thread 3628] extDB3: Input from Server: 4:106
[22:44:12:607069 +01:00] [Thread 3628] extDB3: Output to Server: [3]
[22:44:12:607091 +01:00] [Thread 3628] extDB3: Input from Server: 4:106
[22:44:12:607103 +01:00] [Thread 3628] extDB3: Output to Server: [3]
[22:44:12:607126 +01:00] [Thread 3628] extDB3: Input from Server: 4:106
[22:44:12:607138 +01:00] [Thread 3628] extDB3: Output to Server: [3]
[22:44:12:607160 +01:00] [Thread 3628] extDB3: Input from Server: 4:106
[22:44:12:607172 +01:00] [Thread 3628] extDB3: Output to Server: [3]
[22:44:12:607195 +01:00] [Thread 3628] extDB3: Input from Server: 4:106
[22:44:12:607207 +01:00] [Thread 3628] extDB3: Output to Server: [3]
[22:44:12:607230 +01:00] [Thread 3628] extDB3: Input from Server: 4:106
[22:44:12:607242 +01:00] [Thread 3628] extDB3: Output to Server: [3]
[22:44:12:607238 +01:00] [Thread 3364] extDB3: SQL: Trace: Result: [1,[]]
[22:44:12:607264 +01:00] [Thread 3628] extDB3: Input from Server: 4:106
[22:44:12:607297 +01:00] [Thread 3628] extDB3: Output to Server: [1,[]]
[22:44:12:650385 +01:00] [Thread 3628] extDB3: Input from Server: 2:9831:SELECT id, owner, name, maxmembers, bank, members FROM gangs WHERE active='1' AND members LIKE '%76561197964675179%'
[22:44:12:650453 +01:00] [Thread 3628] extDB3: Output to Server: [2,"107"]
[22:44:12:650504 +01:00] [Thread 3364] extDB3: SQL: Trace: Input: SELECT id, owner, name, maxmembers, bank, members FROM gangs WHERE active='1' AND members LIKE '%76561197964675179%'
[22:44:12:650524 +01:00] [Thread 3628] extDB3: Input from Server: 4:107
[22:44:12:650571 +01:00] [Thread 3628] extDB3: Output to Server: [3]
[22:44:12:650615 +01:00] [Thread 3628] extDB3: Input from Server: 4:107
[22:44:12:650629 +01:00] [Thread 3628] extDB3: Output to Server: [3]
[22:44:12:650655 +01:00] [Thread 3628] extDB3: Input from Server: 4:107
[22:44:12:650668 +01:00] [Thread 3628] extDB3: Output to Server: [3]
[22:44:12:650691 +01:00] [Thread 3628] extDB3: Input from Server: 4:107
[22:44:12:650704 +01:00] [Thread 3628] extDB3: Output to Server: [3]
[22:44:12:650727 +01:00] [Thread 3628] extDB3: Input from Server: 4:107
[22:44:12:650739 +01:00] [Thread 3628] extDB3: Output to Server: [3]
[22:44:12:650762 +01:00] [Thread 3628] extDB3: Input from Server: 4:107
[22:44:12:650774 +01:00] [Thread 3628] extDB3: Output to Server: [3]
[22:44:12:650797 +01:00] [Thread 3628] extDB3: Input from Server: 4:107
[22:44:12:650810 +01:00] [Thread 3628] extDB3: Output to Server: [3]
[22:44:12:650832 +01:00] [Thread 3628] extDB3: Input from Server: 4:107
[22:44:12:650845 +01:00] [Thread 3628] extDB3: Output to Server: [3]
[22:44:12:650867 +01:00] [Thread 3628] extDB3: Input from Server: 4:107
[22:44:12:650880 +01:00] [Thread 3628] extDB3: Output to Server: [3]
[22:44:12:650903 +01:00] [Thread 3628] extDB3: Input from Server: 4:107
[22:44:12:650915 +01:00] [Thread 3628] extDB3: Output to Server: [3]
[22:44:12:650938 +01:00] [Thread 3628] extDB3: Input from Server: 4:107
[22:44:12:650950 +01:00] [Thread 3628] extDB3: Output to Server: [3]
[22:44:12:650973 +01:00] [Thread 3628] extDB3: Input from Server: 4:107
[22:44:12:650985 +01:00] [Thread 3628] extDB3: Output to Server: [3]
[22:44:12:651008 +01:00] [Thread 3628] extDB3: Input from Server: 4:107
[22:44:12:651020 +01:00] [Thread 3628] extDB3: Output to Server: [3]
[22:44:12:651042 +01:00] [Thread 3628] extDB3: Input from Server: 4:107
[22:44:12:651062 +01:00] [Thread 3628] extDB3: Output to Server: [3]
[22:44:12:651100 +01:00] [Thread 3628] extDB3: Input from Server: 4:107
[22:44:12:651119 +01:00] [Thread 3628] extDB3: Output to Server: [3]
[22:44:12:651143 +01:00] [Thread 3628] extDB3: Input from Server: 4:107
[22:44:12:651156 +01:00] [Thread 3628] extDB3: Output to Server: [3]
[22:44:12:651178 +01:00] [Thread 3628] extDB3: Input from Server: 4:107
[22:44:12:651191 +01:00] [Thread 3628] extDB3: Output to Server: [3]
[22:44:12:651213 +01:00] [Thread 3628] extDB3: Input from Server: 4:107
[22:44:12:651225 +01:00] [Thread 3628] extDB3: Output to Server: [3]
[22:44:12:651248 +01:00] [Thread 3628] extDB3: Input from Server: 4:107
[22:44:12:651260 +01:00] [Thread 3628] extDB3: Output to Server: [3]
[22:44:12:651283 +01:00] [Thread 3628] extDB3: Input from Server: 4:107
[22:44:12:651295 +01:00] [Thread 3628] extDB3: Output to Server: [3]
[22:44:12:651318 +01:00] [Thread 3628] extDB3: Input from Server: 4:107
[22:44:12:651330 +01:00] [Thread 3628] extDB3: Output to Server: [3]
[22:44:12:651352 +01:00] [Thread 3628] extDB3: Input from Server: 4:107
[22:44:12:651365 +01:00] [Thread 3628] extDB3: Output to Server: [3]
[22:44:12:651387 +01:00] [Thread 3628] extDB3: Input from Server: 4:107
[22:44:12:651399 +01:00] [Thread 3628] extDB3: Output to Server: [3]
[22:44:12:651407 +01:00] [Thread 3364] extDB3: SQL: Trace: Result: [1,[]]
[22:44:12:651422 +01:00] [Thread 3628] extDB3: Input from Server: 4:107
[22:44:12:651460 +01:00] [Thread 3628] extDB3: Output to Server: [1,[]]
[22:44:12:672367 +01:00] [Thread 3628] extDB3: Input from Server: 2:9831:SELECT Ppermis, nbrPermis, PermisDispo, waitTime FROM permis WHERE uid='76561197964675179'
[22:44:12:672430 +01:00] [Thread 3628] extDB3: Output to Server: [2,"108"]
[22:44:12:672479 +01:00] [Thread 3364] extDB3: SQL: Trace: Input: SELECT Ppermis, nbrPermis, PermisDispo, waitTime FROM permis WHERE uid='76561197964675179'
[22:44:12:672501 +01:00] [Thread 3628] extDB3: Input from Server: 4:108
[22:44:12:672542 +01:00] [Thread 3628] extDB3: Output to Server: [3]
[22:44:12:672586 +01:00] [Thread 3628] extDB3: Input from Server: 4:108
[22:44:12:672599 +01:00] [Thread 3628] extDB3: Output to Server: [3]
[22:44:12:672625 +01:00] [Thread 3628] extDB3: Input from Server: 4:108
[22:44:12:672638 +01:00] [Thread 3628] extDB3: Output to Server: [3]
[22:44:12:672660 +01:00] [Thread 3628] extDB3: Input from Server: 4:108
[22:44:12:672672 +01:00] [Thread 3628] extDB3: Output to Server: [3]
[22:44:12:672694 +01:00] [Thread 3628] extDB3: Input from Server: 4:108
[22:44:12:672706 +01:00] [Thread 3628] extDB3: Output to Server: [3]
[22:44:12:672728 +01:00] [Thread 3628] extDB3: Input from Server: 4:108
[22:44:12:672740 +01:00] [Thread 3628] extDB3: Output to Server: [3]
[22:44:12:672763 +01:00] [Thread 3628] extDB3: Input from Server: 4:108
[22:44:12:672775 +01:00] [Thread 3628] extDB3: Output to Server: [3]
[22:44:12:672797 +01:00] [Thread 3628] extDB3: Input from Server: 4:108
[22:44:12:672809 +01:00] [Thread 3628] extDB3: Output to Server: [3]
[22:44:12:672831 +01:00] [Thread 3628] extDB3: Input from Server: 4:108
[22:44:12:672843 +01:00] [Thread 3628] extDB3: Output to Server: [3]
[22:44:12:672866 +01:00] [Thread 3628] extDB3: Input from Server: 4:108
[22:44:12:672878 +01:00] [Thread 3628] extDB3: Output to Server: [3]
[22:44:12:672900 +01:00] [Thread 3628] extDB3: Input from Server: 4:108
[22:44:12:672912 +01:00] [Thread 3628] extDB3: Output to Server: [3]
[22:44:12:672934 +01:00] [Thread 3628] extDB3: Input from Server: 4:108
[22:44:12:672946 +01:00] [Thread 3628] extDB3: Output to Server: [3]
[22:44:12:672968 +01:00] [Thread 3628] extDB3: Input from Server: 4:108
[22:44:12:672980 +01:00] [Thread 3628] extDB3: Output to Server: [3]
[22:44:12:672993 +01:00] [Thread 3364] extDB3: SQL: Trace: Result: [1,[[0,0,0,0]]]
[22:44:12:673002 +01:00] [Thread 3628] extDB3: Input from Server: 4:108
[22:44:12:673050 +01:00] [Thread 3628] extDB3: Output to Server: [1,[[0,0,0,0]]]
[22:44:12:673301 +01:00] [Thread 3628] extDB3: Input from Server: 2:9831:SELECT id FROM banque WHERE playerid='76561197964675179'
[22:44:12:673333 +01:00] [Thread 3628] extDB3: Output to Server: [2,"109"]
[22:44:12:673383 +01:00] [Thread 3628] extDB3: Input from Server: 4:109
[22:44:12:673380 +01:00] [Thread 3364] extDB3: SQL: Trace: Input: SELECT id FROM banque WHERE playerid='76561197964675179'
[22:44:12:673399 +01:00] [Thread 3628] extDB3: Output to Server: [3]
[22:44:12:673463 +01:00] [Thread 3628] extDB3: Input from Server: 4:109
[22:44:12:673477 +01:00] [Thread 3628] extDB3: Output to Server: [3]
[22:44:12:673500 +01:00] [Thread 3628] extDB3: Input from Server: 4:109
[22:44:12:673512 +01:00] [Thread 3628] extDB3: Output to Server: [3]
[22:44:12:673535 +01:00] [Thread 3628] extDB3: Input from Server: 4:109
[22:44:12:673547 +01:00] [Thread 3628] extDB3: Output to Server: [3]
[22:44:12:673569 +01:00] [Thread 3628] extDB3: Input from Server: 4:109
[22:44:12:673581 +01:00] [Thread 3628] extDB3: Output to Server: [3]
[22:44:12:673603 +01:00] [Thread 3628] extDB3: Input from Server: 4:109
[22:44:12:673615 +01:00] [Thread 3628] extDB3: Output to Server: [3]
[22:44:12:673638 +01:00] [Thread 3628] extDB3: Input from Server: 4:109
[22:44:12:673650 +01:00] [Thread 3628] extDB3: Output to Server: [3]
[22:44:12:673673 +01:00] [Thread 3628] extDB3: Input from Server: 4:109
[22:44:12:673685 +01:00] [Thread 3628] extDB3: Output to Server: [3]
[22:44:12:673707 +01:00] [Thread 3628] extDB3: Input from Server: 4:109
[22:44:12:673719 +01:00] [Thread 3628] extDB3: Output to Server: [3]
[22:44:12:673741 +01:00] [Thread 3628] extDB3: Input from Server: 4:109
[22:44:12:673754 +01:00] [Thread 3628] extDB3: Output to Server: [3]
[22:44:12:673776 +01:00] [Thread 3628] extDB3: Input from Server: 4:109
[22:44:12:673788 +01:00] [Thread 3628] extDB3: Output to Server: [3]
[22:44:12:673810 +01:00] [Thread 3628] extDB3: Input from Server: 4:109
[22:44:12:673822 +01:00] [Thread 3628] extDB3: Output to Server: [3]
[22:44:12:673845 +01:00] [Thread 3628] extDB3: Input from Server: 4:109
[22:44:12:673856 +01:00] [Thread 3628] extDB3: Output to Server: [3]
[22:44:12:673879 +01:00] [Thread 3628] extDB3: Input from Server: 4:109
[22:44:12:673891 +01:00] [Thread 3628] extDB3: Output to Server: [3]
[22:44:12:673913 +01:00] [Thread 3628] extDB3: Input from Server: 4:109
[22:44:12:673925 +01:00] [Thread 3628] extDB3: Output to Server: [3]
[22:44:12:673947 +01:00] [Thread 3628] extDB3: Input from Server: 4:109
[22:44:12:673963 +01:00] [Thread 3628] extDB3: Output to Server: [3]
[22:44:12:673992 +01:00] [Thread 3628] extDB3: Input from Server: 4:109
[22:44:12:674006 +01:00] [Thread 3628] extDB3: Output to Server: [3]
[22:44:12:674029 +01:00] [Thread 3628] extDB3: Input from Server: 4:109
[22:44:12:674041 +01:00] [Thread 3628] extDB3: Output to Server: [3]
[22:44:12:674063 +01:00] [Thread 3628] extDB3: Input from Server: 4:109
[22:44:12:674076 +01:00] [Thread 3628] extDB3: Output to Server: [3]
[22:44:12:674098 +01:00] [Thread 3628] extDB3: Input from Server: 4:109
[22:44:12:674110 +01:00] [Thread 3628] extDB3: Output to Server: [3]
[22:44:12:674132 +01:00] [Thread 3628] extDB3: Input from Server: 4:109
[22:44:12:674144 +01:00] [Thread 3628] extDB3: Output to Server: [3]
[22:44:12:674172 +01:00] [Thread 3628] extDB3: Input from Server: 4:109
[22:44:12:674184 +01:00] [Thread 3628] extDB3: Output to Server: [3]
[22:44:12:674207 +01:00] [Thread 3628] extDB3: Input from Server: 4:109
[22:44:12:674219 +01:00] [Thread 3628] extDB3: Output to Server: [3]
[22:44:12:674242 +01:00] [Thread 3628] extDB3: Input from Server: 4:109
[22:44:12:674254 +01:00] [Thread 3628] extDB3: Output to Server: [3]
[22:44:12:674276 +01:00] [Thread 3628] extDB3: Input from Server: 4:109
[22:44:12:674289 +01:00] [Thread 3628] extDB3: Output to Server: [3]
[22:44:12:674311 +01:00] [Thread 3628] extDB3: Input from Server: 4:109
[22:44:12:674323 +01:00] [Thread 3628] extDB3: Output to Server: [3]
[22:44:12:674346 +01:00] [Thread 3628] extDB3: Input from Server: 4:109
[22:44:12:674362 +01:00] [Thread 3628] extDB3: Output to Server: [3]
[22:44:12:674388 +01:00] [Thread 3628] extDB3: Input from Server: 4:109
[22:44:12:674400 +01:00] [Thread 3628] extDB3: Output to Server: [3]
[22:44:12:674423 +01:00] [Thread 3628] extDB3: Input from Server: 4:109
[22:44:12:674435 +01:00] [Thread 3628] extDB3: Output to Server: [3]
[22:44:12:674457 +01:00] [Thread 3628] extDB3: Input from Server: 4:109
[22:44:12:674469 +01:00] [Thread 3628] extDB3: Output to Server: [3]
[22:44:12:674492 +01:00] [Thread 3628] extDB3: Input from Server: 4:109
[22:44:12:674504 +01:00] [Thread 3628] extDB3: Output to Server: [3]
[22:44:12:674526 +01:00] [Thread 3628] extDB3: Input from Server: 4:109
[22:44:12:674539 +01:00] [Thread 3628] extDB3: Output to Server: [3]
[22:44:12:674561 +01:00] [Thread 3628] extDB3: Input from Server: 4:109
[22:44:12:674573 +01:00] [Thread 3628] extDB3: Output to Server: [3]
[22:44:12:674595 +01:00] [Thread 3628] extDB3: Input from Server: 4:109
[22:44:12:674607 +01:00] [Thread 3628] extDB3: Output to Server: [3]
[22:44:12:674629 +01:00] [Thread 3628] extDB3: Input from Server: 4:109
[22:44:12:674642 +01:00] [Thread 3628] extDB3: Output to Server: [3]
[22:44:12:674664 +01:00] [Thread 3628] extDB3: Input from Server: 4:109
[22:44:12:674676 +01:00] [Thread 3628] extDB3: Output to Server: [3]
[22:44:12:674698 +01:00] [Thread 3628] extDB3: Input from Server: 4:109
[22:44:12:674711 +01:00] [Thread 3628] extDB3: Output to Server: [3]
[22:44:12:674740 +01:00] [Thread 3628] extDB3: Input from Server: 4:109
[22:44:12:674754 +01:00] [Thread 3628] extDB3: Output to Server: [3]
[22:44:12:674777 +01:00] [Thread 3628] extDB3: Input from Server: 4:109
[22:44:12:674789 +01:00] [Thread 3628] extDB3: Output to Server: [3]
[22:44:12:674812 +01:00] [Thread 3628] extDB3: Input from Server: 4:109
[22:44:12:674824 +01:00] [Thread 3628] extDB3: Output to Server: [3]
[22:44:12:674846 +01:00] [Thread 3628] extDB3: Input from Server: 4:109
[22:44:12:674858 +01:00] [Thread 3628] extDB3: Output to Server: [3]
[22:44:12:674881 +01:00] [Thread 3628] extDB3: Input from Server: 4:109
[22:44:12:674893 +01:00] [Thread 3628] extDB3: Output to Server: [3]
[22:44:12:674915 +01:00] [Thread 3628] extDB3: Input from Server: 4:109
[22:44:12:674927 +01:00] [Thread 3628] extDB3: Output to Server: [3]
[22:44:12:674950 +01:00] [Thread 3628] extDB3: Input from Server: 4:109
[22:44:12:674962 +01:00] [Thread 3628] extDB3: Output to Server: [3]
[22:44:12:674984 +01:00] [Thread 3628] extDB3: Input from Server: 4:109
[22:44:12:674997 +01:00] [Thread 3628] extDB3: Output to Server: [3]
[22:44:12:675019 +01:00] [Thread 3628] extDB3: Input from Server: 4:109
[22:44:12:675031 +01:00] [Thread 3628] extDB3: Output to Server: [3]
[22:44:12:675053 +01:00] [Thread 3628] extDB3: Input from Server: 4:109
[22:44:12:675065 +01:00] [Thread 3628] extDB3: Output to Server: [3]
[22:44:12:675088 +01:00] [Thread 3628] extDB3: Input from Server: 4:109
[22:44:12:675100 +01:00] [Thread 3628] extDB3: Output to Server: [3]
[22:44:12:675123 +01:00] [Thread 3628] extDB3: Input from Server: 4:109
[22:44:12:675135 +01:00] [Thread 3628] extDB3: Output to Server: [3]
[22:44:12:675161 +01:00] [Thread 3628] extDB3: Input from Server: 4:109
[22:44:12:675174 +01:00] [Thread 3628] extDB3: Output to Server: [3]
[22:44:12:675197 +01:00] [Thread 3628] extDB3: Input from Server: 4:109
[22:44:12:675209 +01:00] [Thread 3628] extDB3: Output to Server: [3]
[22:44:12:675927 +01:00] [Thread 3364] extDB3: SQL: Trace: Result: [1,[]]
[22:44:12:694289 +01:00] [Thread 3628] extDB3: Input from Server: 4:109
[22:44:12:694339 +01:00] [Thread 3628] extDB3: Output to Server: [1,[]]
[22:44:12:694553 +01:00] [Thread 3628] extDB3: Input from Server: 2:9831:SELECT id FROM banque WHERE playerid='76561197964675179' AND entreprise='1'
[22:44:12:694589 +01:00] [Thread 3628] extDB3: Output to Server: [2,"110"]
[22:44:12:694645 +01:00] [Thread 3628] extDB3: Input from Server: 4:110
[22:44:12:694662 +01:00] [Thread 3628] extDB3: Output to Server: [3]
[22:44:12:694638 +01:00] [Thread 3364] extDB3: SQL: Trace: Input: SELECT id FROM banque WHERE playerid='76561197964675179' AND entreprise='1'
[22:44:12:694710 +01:00] [Thread 3628] extDB3: Input from Server: 4:110
[22:44:12:694752 +01:00] [Thread 3628] extDB3: Output to Server: [3]
[22:44:12:694778 +01:00] [Thread 3628] extDB3: Input from Server: 4:110
[22:44:12:694790 +01:00] [Thread 3628] extDB3: Output to Server: [3]
[22:44:12:694813 +01:00] [Thread 3628] extDB3: Input from Server: 4:110
[22:44:12:694825 +01:00] [Thread 3628] extDB3: Output to Server: [3]
[22:44:12:694847 +01:00] [Thread 3628] extDB3: Input from Server: 4:110
[22:44:12:694860 +01:00] [Thread 3628] extDB3: Output to Server: [3]
[22:44:12:694882 +01:00] [Thread 3628] extDB3: Input from Server: 4:110
[22:44:12:694894 +01:00] [Thread 3628] extDB3: Output to Server: [3]
[22:44:12:694917 +01:00] [Thread 3628] extDB3: Input from Server: 4:110
[22:44:12:694929 +01:00] [Thread 3628] extDB3: Output to Server: [3]
[22:44:12:694951 +01:00] [Thread 3628] extDB3: Input from Server: 4:110
[22:44:12:694963 +01:00] [Thread 3628] extDB3: Output to Server: [3]
[22:44:12:694985 +01:00] [Thread 3628] extDB3: Input from Server: 4:110
[22:44:12:694998 +01:00] [Thread 3628] extDB3: Output to Server: [3]
[22:44:12:695020 +01:00] [Thread 3628] extDB3: Input from Server: 4:110
[22:44:12:695032 +01:00] [Thread 3628] extDB3: Output to Server: [3]
[22:44:12:695054 +01:00] [Thread 3628] extDB3: Input from Server: 4:110
[22:44:12:695066 +01:00] [Thread 3628] extDB3: Output to Server: [3]
[22:44:12:695089 +01:00] [Thread 3628] extDB3: Input from Server: 4:110
[22:44:12:695101 +01:00] [Thread 3628] extDB3: Output to Server: [3]
[22:44:12:695123 +01:00] [Thread 3628] extDB3: Input from Server: 4:110
[22:44:12:695135 +01:00] [Thread 3628] extDB3: Output to Server: [3]
[22:44:12:695157 +01:00] [Thread 3628] extDB3: Input from Server: 4:110
[22:44:12:695169 +01:00] [Thread 3628] extDB3: Output to Server: [3]
[22:44:12:695171 +01:00] [Thread 3364] extDB3: SQL: Trace: Result: [1,[]]
[22:44:12:695192 +01:00] [Thread 3628] extDB3: Input from Server: 4:110
[22:44:12:695245 +01:00] [Thread 3628] extDB3: Output to Server: [1,[]]
[22:44:12:695412 +01:00] [Thread 3628] extDB3: Input from Server: 2:9831:SELECT id, bankacc FROM banque WHERE playerid='76561197964675179' AND dflt='1'
[22:44:12:695437 +01:00] [Thread 3628] extDB3: Output to Server: [2,"111"]
[22:44:12:695486 +01:00] [Thread 3628] extDB3: Input from Server: 4:111
[22:44:12:695487 +01:00] [Thread 3364] extDB3: SQL: Trace: Input: SELECT id, bankacc FROM banque WHERE playerid='76561197964675179' AND dflt='1'
[22:44:12:695501 +01:00] [Thread 3628] extDB3: Output to Server: [3]
[22:44:12:695587 +01:00] [Thread 3628] extDB3: Input from Server: 4:111
[22:44:12:695602 +01:00] [Thread 3628] extDB3: Output to Server: [3]
[22:44:12:695627 +01:00] [Thread 3628] extDB3: Input from Server: 4:111
[22:44:12:695639 +01:00] [Thread 3628] extDB3: Output to Server: [3]
[22:44:12:695662 +01:00] [Thread 3628] extDB3: Input from Server: 4:111
[22:44:12:695674 +01:00] [Thread 3628] extDB3: Output to Server: [3]
[22:44:12:695697 +01:00] [Thread 3628] extDB3: Input from Server: 4:111
[22:44:12:695709 +01:00] [Thread 3628] extDB3: Output to Server: [3]
[22:44:12:695732 +01:00] [Thread 3628] extDB3: Input from Server: 4:111
[22:44:12:695744 +01:00] [Thread 3628] extDB3: Output to Server: [3]
[22:44:12:695766 +01:00] [Thread 3628] extDB3: Input from Server: 4:111
[22:44:12:695778 +01:00] [Thread 3628] extDB3: Output to Server: [3]
[22:44:12:695801 +01:00] [Thread 3628] extDB3: Input from Server: 4:111
[22:44:12:695813 +01:00] [Thread 3628] extDB3: Output to Server: [3]
[22:44:12:695835 +01:00] [Thread 3628] extDB3: Input from Server: 4:111
[22:44:12:695847 +01:00] [Thread 3628] extDB3: Output to Server: [3]
[22:44:12:695869 +01:00] [Thread 3628] extDB3: Input from Server: 4:111
[22:44:12:695881 +01:00] [Thread 3628] extDB3: Output to Server: [3]
[22:44:12:695904 +01:00] [Thread 3628] extDB3: Input from Server: 4:111
[22:44:12:695916 +01:00] [Thread 3364] extDB3: SQL: Trace: Result: [1,[]]
[22:44:12:696033 +01:00] [Thread 3628] extDB3: Output to Server: [3]
[22:44:12:696092 +01:00] [Thread 3628] extDB3: Input from Server: 4:111
[22:44:12:696105 +01:00] [Thread 3628] extDB3: Output to Server: [1,[]]
[22:44:31:089690 +01:00] [Thread 3628] extDB3: Input from Server: 2:9831:SELECT pid, pos, inventory, containers FROM houses WHERE pid='76561197964675179' AND owned='1'
[22:44:31:089769 +01:00] [Thread 3628] extDB3: Output to Server: [2,"112"]
[22:44:31:089819 +01:00] [Thread 3364] extDB3: SQL: Trace: Input: SELECT pid, pos, inventory, containers FROM houses WHERE pid='76561197964675179' AND owned='1'
[22:44:31:089839 +01:00] [Thread 3628] extDB3: Input from Server: 4:112
[22:44:31:089884 +01:00] [Thread 3628] extDB3: Output to Server: [3]
[22:44:31:089928 +01:00] [Thread 3628] extDB3: Input from Server: 4:112
[22:44:31:089942 +01:00] [Thread 3628] extDB3: Output to Server: [3]
[22:44:31:089968 +01:00] [Thread 3628] extDB3: Input from Server: 4:112
[22:44:31:089980 +01:00] [Thread 3628] extDB3: Output to Server: [3]
[22:44:31:090003 +01:00] [Thread 3628] extDB3: Input from Server: 4:112
[22:44:31:090016 +01:00] [Thread 3628] extDB3: Output to Server: [3]
[22:44:31:090039 +01:00] [Thread 3628] extDB3: Input from Server: 4:112
[22:44:31:090051 +01:00] [Thread 3628] extDB3: Output to Server: [3]
[22:44:31:090074 +01:00] [Thread 3628] extDB3: Input from Server: 4:112
[22:44:31:090086 +01:00] [Thread 3628] extDB3: Output to Server: [3]
[22:44:31:090109 +01:00] [Thread 3628] extDB3: Input from Server: 4:112
[22:44:31:090121 +01:00] [Thread 3628] extDB3: Output to Server: [3]
[22:44:31:090144 +01:00] [Thread 3628] extDB3: Input from Server: 4:112
[22:44:31:090156 +01:00] [Thread 3628] extDB3: Output to Server: [3]
[22:44:31:090179 +01:00] [Thread 3628] extDB3: Input from Server: 4:112
[22:44:31:090191 +01:00] [Thread 3628] extDB3: Output to Server: [3]
[22:44:31:090214 +01:00] [Thread 3628] extDB3: Input from Server: 4:112
[22:44:31:090226 +01:00] [Thread 3628] extDB3: Output to Server: [3]
[22:44:31:090249 +01:00] [Thread 3628] extDB3: Input from Server: 4:112
[22:44:31:090261 +01:00] [Thread 3628] extDB3: Output to Server: [3]
[22:44:31:090284 +01:00] [Thread 3628] extDB3: Input from Server: 4:112
[22:44:31:090296 +01:00] [Thread 3628] extDB3: Output to Server: [3]
[22:44:31:090319 +01:00] [Thread 3628] extDB3: Input from Server: 4:112
[22:44:31:090331 +01:00] [Thread 3628] extDB3: Output to Server: [3]
[22:44:31:090354 +01:00] [Thread 3628] extDB3: Input from Server: 4:112
[22:44:31:090350 +01:00] [Thread 3364] extDB3: SQL: Trace: Result: [1,[]]
[22:44:31:090366 +01:00] [Thread 3628] extDB3: Output to Server: [3]
[22:44:31:090421 +01:00] [Thread 3628] extDB3: Input from Server: 4:112
[22:44:31:090435 +01:00] [Thread 3628] extDB3: Output to Server: [1,[]]
[22:46:01:085034 +01:00] [Thread 3628] extDB3: Input from Server: 1:9831:UPDATE dynmarket SET prices='[["apple",50,0],["heroinu",1850,0],["heroinp",2650,0],["salema",45,0],["ornate",40,0],["mackerel",175,0],["tuna",700,0],["mullet",250,0],["catshark",300,0],["rabbit",65,0],["oilp",3200,0],["turtle",3000,0],["water",5,0],["coffee",5,0],["turtlesoup",1000,0],["donuts",60,0],["marijuana",2350,0],["tbacon",25,0],["lockpick",75,0],["pickaxe",750,0],["redgull",200,0],["peach",55,0],["cocaine",3000,0],["cocainep",5000,0],["diamond",750,0],["diamondc",2000,0],["iron_r",3200,0],["copper_r",1500,0],["salt_r",1650,0],["glass",1450,0],["cement",1950,0],["goldbar",95000,0],["heroinu",1200,0],["heroinp",2500,0],["cocaine",1500,0],["cocainep",3500,0],["marijuana",2000,0],["turtle",3000,0]]'
[22:46:01:085124 +01:00] [Thread 3628] extDB3: Output to Server: 
[22:46:01:085184 +01:00] [Thread 3364] extDB3: SQL: Trace: Input: UPDATE dynmarket SET prices='[["apple",50,0],["heroinu",1850,0],["heroinp",2650,0],["salema",45,0],["ornate",40,0],["mackerel",175,0],["tuna",700,0],["mullet",250,0],["catshark",300,0],["rabbit",65,0],["oilp",3200,0],["turtle",3000,0],["water",5,0],["coffee",5,0],["turtlesoup",1000,0],["donuts",60,0],["marijuana",2350,0],["tbacon",25,0],["lockpick",75,0],["pickaxe",750,0],["redgull",200,0],["peach",55,0],["cocaine",3000,0],["cocainep",5000,0],["diamond",750,0],["diamondc",2000,0],["iron_r",3200,0],["copper_r",1500,0],["salt_r",1650,0],["glass",1450,0],["cement",1950,0],["goldbar",95000,0],["heroinu",1200,0],["heroinp",2500,0],["cocaine",1500,0],["cocainep",3500,0],["marijuana",2000,0],["turtle",3000,0]]'
[22:46:01:085791 +01:00] [Thread 3364] extDB3: SQL: Trace: Result: [1,[]]
[22:49:16:139715 +01:00] [Thread 3628] extDB3: Input from Server: 1:9831:UPDATE dynmarket SET prices='[["apple",50,0],["heroinu",1850,0],["heroinp",2650,0],["salema",45,0],["ornate",40,0],["mackerel",175,0],["tuna",700,0],["mullet",250,0],["catshark",300,0],["rabbit",65,0],["oilp",3200,0],["turtle",3000,0],["water",5,0],["coffee",5,0],["turtlesoup",1000,0],["donuts",60,0],["marijuana",2350,0],["tbacon",25,0],["lockpick",75,0],["pickaxe",750,0],["redgull",200,0],["peach",55,0],["cocaine",3000,0],["cocainep",5000,0],["diamond",750,0],["diamondc",2000,0],["iron_r",3200,0],["copper_r",1500,0],["salt_r",1650,0],["glass",1450,0],["cement",1950,0],["goldbar",95000,0],["heroinu",1200,0],["heroinp",2500,0],["cocaine",1500,0],["cocainep",3500,0],["marijuana",2000,0],["turtle",3000,0]]'
[22:49:16:139799 +01:00] [Thread 3628] extDB3: Output to Server: 
[22:49:16:139901 +01:00] [Thread 3364] extDB3: SQL: Trace: Input: UPDATE dynmarket SET prices='[["apple",50,0],["heroinu",1850,0],["heroinp",2650,0],["salema",45,0],["ornate",40,0],["mackerel",175,0],["tuna",700,0],["mullet",250,0],["catshark",300,0],["rabbit",65,0],["oilp",3200,0],["turtle",3000,0],["water",5,0],["coffee",5,0],["turtlesoup",1000,0],["donuts",60,0],["marijuana",2350,0],["tbacon",25,0],["lockpick",75,0],["pickaxe",750,0],["redgull",200,0],["peach",55,0],["cocaine",3000,0],["cocainep",5000,0],["diamond",750,0],["diamondc",2000,0],["iron_r",3200,0],["copper_r",1500,0],["salt_r",1650,0],["glass",1450,0],["cement",1950,0],["goldbar",95000,0],["heroinu",1200,0],["heroinp",2500,0],["cocaine",1500,0],["cocainep",3500,0],["marijuana",2000,0],["turtle",3000,0]]'
[22:49:16:140429 +01:00] [Thread 3364] extDB3: SQL: Trace: Result: [1,[]]
[22:52:31:186932 +01:00] [Thread 3628] extDB3: Input from Server: 1:9831:UPDATE dynmarket SET prices='[["apple",50,0],["heroinu",1850,0],["heroinp",2650,0],["salema",45,0],["ornate",40,0],["mackerel",175,0],["tuna",700,0],["mullet",250,0],["catshark",300,0],["rabbit",65,0],["oilp",3200,0],["turtle",3000,0],["water",5,0],["coffee",5,0],["turtlesoup",1000,0],["donuts",60,0],["marijuana",2350,0],["tbacon",25,0],["lockpick",75,0],["pickaxe",750,0],["redgull",200,0],["peach",55,0],["cocaine",3000,0],["cocainep",5000,0],["diamond",750,0],["diamondc",2000,0],["iron_r",3200,0],["copper_r",1500,0],["salt_r",1650,0],["glass",1450,0],["cement",1950,0],["goldbar",95000,0],["heroinu",1200,0],["heroinp",2500,0],["cocaine",1500,0],["cocainep",3500,0],["marijuana",2000,0],["turtle",3000,0]]'
[22:52:31:187005 +01:00] [Thread 3628] extDB3: Output to Server: 
[22:52:31:187101 +01:00] [Thread 3364] extDB3: SQL: Trace: Input: UPDATE dynmarket SET prices='[["apple",50,0],["heroinu",1850,0],["heroinp",2650,0],["salema",45,0],["ornate",40,0],["mackerel",175,0],["tuna",700,0],["mullet",250,0],["catshark",300,0],["rabbit",65,0],["oilp",3200,0],["turtle",3000,0],["water",5,0],["coffee",5,0],["turtlesoup",1000,0],["donuts",60,0],["marijuana",2350,0],["tbacon",25,0],["lockpick",75,0],["pickaxe",750,0],["redgull",200,0],["peach",55,0],["cocaine",3000,0],["cocainep",5000,0],["diamond",750,0],["diamondc",2000,0],["iron_r",3200,0],["copper_r",1500,0],["salt_r",1650,0],["glass",1450,0],["cement",1950,0],["goldbar",95000,0],["heroinu",1200,0],["heroinp",2500,0],["cocaine",1500,0],["cocainep",3500,0],["marijuana",2000,0],["turtle",3000,0]]'
[22:52:31:187635 +01:00] [Thread 3364] extDB3: SQL: Trace: Result: [1,[]]
[22:55:46:236129 +01:00] [Thread 3628] extDB3: Input from Server: 1:9831:UPDATE dynmarket SET prices='[["apple",50,0],["heroinu",1850,0],["heroinp",2650,0],["salema",45,0],["ornate",40,0],["mackerel",175,0],["tuna",700,0],["mullet",250,0],["catshark",300,0],["rabbit",65,0],["oilp",3200,0],["turtle",3000,0],["water",5,0],["coffee",5,0],["turtlesoup",1000,0],["donuts",60,0],["marijuana",2350,0],["tbacon",25,0],["lockpick",75,0],["pickaxe",750,0],["redgull",200,0],["peach",55,0],["cocaine",3000,0],["cocainep",5000,0],["diamond",750,0],["diamondc",2000,0],["iron_r",3200,0],["copper_r",1500,0],["salt_r",1650,0],["glass",1450,0],["cement",1950,0],["goldbar",95000,0],["heroinu",1200,0],["heroinp",2500,0],["cocaine",1500,0],["cocainep",3500,0],["marijuana",2000,0],["turtle",3000,0]]'
[22:55:46:236208 +01:00] [Thread 3628] extDB3: Output to Server: 
[22:55:46:236306 +01:00] [Thread 3364] extDB3: SQL: Trace: Input: UPDATE dynmarket SET prices='[["apple",50,0],["heroinu",1850,0],["heroinp",2650,0],["salema",45,0],["ornate",40,0],["mackerel",175,0],["tuna",700,0],["mullet",250,0],["catshark",300,0],["rabbit",65,0],["oilp",3200,0],["turtle",3000,0],["water",5,0],["coffee",5,0],["turtlesoup",1000,0],["donuts",60,0],["marijuana",2350,0],["tbacon",25,0],["lockpick",75,0],["pickaxe",750,0],["redgull",200,0],["peach",55,0],["cocaine",3000,0],["cocainep",5000,0],["diamond",750,0],["diamondc",2000,0],["iron_r",3200,0],["copper_r",1500,0],["salt_r",1650,0],["glass",1450,0],["cement",1950,0],["goldbar",95000,0],["heroinu",1200,0],["heroinp",2500,0],["cocaine",1500,0],["cocainep",3500,0],["marijuana",2000,0],["turtle",3000,0]]'
[22:55:46:236837 +01:00] [Thread 3364] extDB3: SQL: Trace: Result: [1,[]]
[22:59:01:298093 +01:00] [Thread 3628] extDB3: Input from Server: 1:9831:UPDATE dynmarket SET prices='[["apple",50,0],["heroinu",1850,0],["heroinp",2650,0],["salema",45,0],["ornate",40,0],["mackerel",175,0],["tuna",700,0],["mullet",250,0],["catshark",300,0],["rabbit",65,0],["oilp",3200,0],["turtle",3000,0],["water",5,0],["coffee",5,0],["turtlesoup",1000,0],["donuts",60,0],["marijuana",2350,0],["tbacon",25,0],["lockpick",75,0],["pickaxe",750,0],["redgull",200,0],["peach",55,0],["cocaine",3000,0],["cocainep",5000,0],["diamond",750,0],["diamondc",2000,0],["iron_r",3200,0],["copper_r",1500,0],["salt_r",1650,0],["glass",1450,0],["cement",1950,0],["goldbar",95000,0],["heroinu",1200,0],["heroinp",2500,0],["cocaine",1500,0],["cocainep",3500,0],["marijuana",2000,0],["turtle",3000,0]]'
[22:59:01:298168 +01:00] [Thread 3628] extDB3: Output to Server: 
[22:59:01:298265 +01:00] [Thread 3364] extDB3: SQL: Trace: Input: UPDATE dynmarket SET prices='[["apple",50,0],["heroinu",1850,0],["heroinp",2650,0],["salema",45,0],["ornate",40,0],["mackerel",175,0],["tuna",700,0],["mullet",250,0],["catshark",300,0],["rabbit",65,0],["oilp",3200,0],["turtle",3000,0],["water",5,0],["coffee",5,0],["turtlesoup",1000,0],["donuts",60,0],["marijuana",2350,0],["tbacon",25,0],["lockpick",75,0],["pickaxe",750,0],["redgull",200,0],["peach",55,0],["cocaine",3000,0],["cocainep",5000,0],["diamond",750,0],["diamondc",2000,0],["iron_r",3200,0],["copper_r",1500,0],["salt_r",1650,0],["glass",1450,0],["cement",1950,0],["goldbar",95000,0],["heroinu",1200,0],["heroinp",2500,0],["cocaine",1500,0],["cocainep",3500,0],["marijuana",2000,0],["turtle",3000,0]]'
[22:59:01:298798 +01:00] [Thread 3364] extDB3: SQL: Trace: Result: [1,[]]
[23:02:16:352837 +01:00] [Thread 3628] extDB3: Input from Server: 1:9831:UPDATE dynmarket SET prices='[["apple",50,0],["heroinu",1850,0],["heroinp",2650,0],["salema",45,0],["ornate",40,0],["mackerel",175,0],["tuna",700,0],["mullet",250,0],["catshark",300,0],["rabbit",65,0],["oilp",3200,0],["turtle",3000,0],["water",5,0],["coffee",5,0],["turtlesoup",1000,0],["donuts",60,0],["marijuana",2350,0],["tbacon",25,0],["lockpick",75,0],["pickaxe",750,0],["redgull",200,0],["peach",55,0],["cocaine",3000,0],["cocainep",5000,0],["diamond",750,0],["diamondc",2000,0],["iron_r",3200,0],["copper_r",1500,0],["salt_r",1650,0],["glass",1450,0],["cement",1950,0],["goldbar",95000,0],["heroinu",1200,0],["heroinp",2500,0],["cocaine",1500,0],["cocainep",3500,0],["marijuana",2000,0],["turtle",3000,0]]'
[23:02:16:352916 +01:00] [Thread 3628] extDB3: Output to Server: 
[23:02:16:353015 +01:00] [Thread 3364] extDB3: SQL: Trace: Input: UPDATE dynmarket SET prices='[["apple",50,0],["heroinu",1850,0],["heroinp",2650,0],["salema",45,0],["ornate",40,0],["mackerel",175,0],["tuna",700,0],["mullet",250,0],["catshark",300,0],["rabbit",65,0],["oilp",3200,0],["turtle",3000,0],["water",5,0],["coffee",5,0],["turtlesoup",1000,0],["donuts",60,0],["marijuana",2350,0],["tbacon",25,0],["lockpick",75,0],["pickaxe",750,0],["redgull",200,0],["peach",55,0],["cocaine",3000,0],["cocainep",5000,0],["diamond",750,0],["diamondc",2000,0],["iron_r",3200,0],["copper_r",1500,0],["salt_r",1650,0],["glass",1450,0],["cement",1950,0],["goldbar",95000,0],["heroinu",1200,0],["heroinp",2500,0],["cocaine",1500,0],["cocainep",3500,0],["marijuana",2000,0],["turtle",3000,0]]'
[23:02:16:353539 +01:00] [Thread 3364] extDB3: SQL: Trace: Result: [1,[]]
[23:05:31:403897 +01:00] [Thread 3628] extDB3: Input from Server: 1:9831:UPDATE dynmarket SET prices='[["apple",50,0],["heroinu",1850,0],["heroinp",2650,0],["salema",45,0],["ornate",40,0],["mackerel",175,0],["tuna",700,0],["mullet",250,0],["catshark",300,0],["rabbit",65,0],["oilp",3200,0],["turtle",3000,0],["water",5,0],["coffee",5,0],["turtlesoup",1000,0],["donuts",60,0],["marijuana",2350,0],["tbacon",25,0],["lockpick",75,0],["pickaxe",750,0],["redgull",200,0],["peach",55,0],["cocaine",3000,0],["cocainep",5000,0],["diamond",750,0],["diamondc",2000,0],["iron_r",3200,0],["copper_r",1500,0],["salt_r",1650,0],["glass",1450,0],["cement",1950,0],["goldbar",95000,0],["heroinu",1200,0],["heroinp",2500,0],["cocaine",1500,0],["cocainep",3500,0],["marijuana",2000,0],["turtle",3000,0]]'
[23:05:31:403975 +01:00] [Thread 3628] extDB3: Output to Server: 
[23:05:31:404072 +01:00] [Thread 3364] extDB3: SQL: Trace: Input: UPDATE dynmarket SET prices='[["apple",50,0],["heroinu",1850,0],["heroinp",2650,0],["salema",45,0],["ornate",40,0],["mackerel",175,0],["tuna",700,0],["mullet",250,0],["catshark",300,0],["rabbit",65,0],["oilp",3200,0],["turtle",3000,0],["water",5,0],["coffee",5,0],["turtlesoup",1000,0],["donuts",60,0],["marijuana",2350,0],["tbacon",25,0],["lockpick",75,0],["pickaxe",750,0],["redgull",200,0],["peach",55,0],["cocaine",3000,0],["cocainep",5000,0],["diamond",750,0],["diamondc",2000,0],["iron_r",3200,0],["copper_r",1500,0],["salt_r",1650,0],["glass",1450,0],["cement",1950,0],["goldbar",95000,0],["heroinu",1200,0],["heroinp",2500,0],["cocaine",1500,0],["cocainep",3500,0],["marijuana",2000,0],["turtle",3000,0]]'
[23:05:31:404597 +01:00] [Thread 3364] extDB3: SQL: Trace: Result: [1,[]]
[23:08:46:443264 +01:00] [Thread 3628] extDB3: Input from Server: 1:9831:UPDATE dynmarket SET prices='[["apple",50,0],["heroinu",1850,0],["heroinp",2650,0],["salema",45,0],["ornate",40,0],["mackerel",175,0],["tuna",700,0],["mullet",250,0],["catshark",300,0],["rabbit",65,0],["oilp",3200,0],["turtle",3000,0],["water",5,0],["coffee",5,0],["turtlesoup",1000,0],["donuts",60,0],["marijuana",2350,0],["tbacon",25,0],["lockpick",75,0],["pickaxe",750,0],["redgull",200,0],["peach",55,0],["cocaine",3000,0],["cocainep",5000,0],["diamond",750,0],["diamondc",2000,0],["iron_r",3200,0],["copper_r",1500,0],["salt_r",1650,0],["glass",1450,0],["cement",1950,0],["goldbar",95000,0],["heroinu",1200,0],["heroinp",2500,0],["cocaine",1500,0],["cocainep",3500,0],["marijuana",2000,0],["turtle",3000,0]]'
[23:08:46:443337 +01:00] [Thread 3628] extDB3: Output to Server: 
[23:08:46:443389 +01:00] [Thread 3364] extDB3: SQL: Trace: Input: UPDATE dynmarket SET prices='[["apple",50,0],["heroinu",1850,0],["heroinp",2650,0],["salema",45,0],["ornate",40,0],["mackerel",175,0],["tuna",700,0],["mullet",250,0],["catshark",300,0],["rabbit",65,0],["oilp",3200,0],["turtle",3000,0],["water",5,0],["coffee",5,0],["turtlesoup",1000,0],["donuts",60,0],["marijuana",2350,0],["tbacon",25,0],["lockpick",75,0],["pickaxe",750,0],["redgull",200,0],["peach",55,0],["cocaine",3000,0],["cocainep",5000,0],["diamond",750,0],["diamondc",2000,0],["iron_r",3200,0],["copper_r",1500,0],["salt_r",1650,0],["glass",1450,0],["cement",1950,0],["goldbar",95000,0],["heroinu",1200,0],["heroinp",2500,0],["cocaine",1500,0],["cocainep",3500,0],["marijuana",2000,0],["turtle",3000,0]]'
[23:08:46:443891 +01:00] [Thread 3364] extDB3: SQL: Trace: Result: [1,[]]
[23:12:01:514845 +01:00] [Thread 3628] extDB3: Input from Server: 1:9831:UPDATE dynmarket SET prices='[["apple",50,0],["heroinu",1850,0],["heroinp",2650,0],["salema",45,0],["ornate",40,0],["mackerel",175,0],["tuna",700,0],["mullet",250,0],["catshark",300,0],["rabbit",65,0],["oilp",3200,0],["turtle",3000,0],["water",5,0],["coffee",5,0],["turtlesoup",1000,0],["donuts",60,0],["marijuana",2350,0],["tbacon",25,0],["lockpick",75,0],["pickaxe",750,0],["redgull",200,0],["peach",55,0],["cocaine",3000,0],["cocainep",5000,0],["diamond",750,0],["diamondc",2000,0],["iron_r",3200,0],["copper_r",1500,0],["salt_r",1650,0],["glass",1450,0],["cement",1950,0],["goldbar",95000,0],["heroinu",1200,0],["heroinp",2500,0],["cocaine",1500,0],["cocainep",3500,0],["marijuana",2000,0],["turtle",3000,0]]'
[23:12:01:514920 +01:00] [Thread 3628] extDB3: Output to Server: 
[23:12:01:515018 +01:00] [Thread 3364] extDB3: SQL: Trace: Input: UPDATE dynmarket SET prices='[["apple",50,0],["heroinu",1850,0],["heroinp",2650,0],["salema",45,0],["ornate",40,0],["mackerel",175,0],["tuna",700,0],["mullet",250,0],["catshark",300,0],["rabbit",65,0],["oilp",3200,0],["turtle",3000,0],["water",5,0],["coffee",5,0],["turtlesoup",1000,0],["donuts",60,0],["marijuana",2350,0],["tbacon",25,0],["lockpick",75,0],["pickaxe",750,0],["redgull",200,0],["peach",55,0],["cocaine",3000,0],["cocainep",5000,0],["diamond",750,0],["diamondc",2000,0],["iron_r",3200,0],["copper_r",1500,0],["salt_r",1650,0],["glass",1450,0],["cement",1950,0],["goldbar",95000,0],["heroinu",1200,0],["heroinp",2500,0],["cocaine",1500,0],["cocainep",3500,0],["marijuana",2000,0],["turtle",3000,0]]'
[23:12:01:515525 +01:00] [Thread 3364] extDB3: SQL: Trace: Result: [1,[]]
[23:15:16:569130 +01:00] [Thread 3628] extDB3: Input from Server: 1:9831:UPDATE dynmarket SET prices='[["apple",50,0],["heroinu",1850,0],["heroinp",2650,0],["salema",45,0],["ornate",40,0],["mackerel",175,0],["tuna",700,0],["mullet",250,0],["catshark",300,0],["rabbit",65,0],["oilp",3200,0],["turtle",3000,0],["water",5,0],["coffee",5,0],["turtlesoup",1000,0],["donuts",60,0],["marijuana",2350,0],["tbacon",25,0],["lockpick",75,0],["pickaxe",750,0],["redgull",200,0],["peach",55,0],["cocaine",3000,0],["cocainep",5000,0],["diamond",750,0],["diamondc",2000,0],["iron_r",3200,0],["copper_r",1500,0],["salt_r",1650,0],["glass",1450,0],["cement",1950,0],["goldbar",95000,0],["heroinu",1200,0],["heroinp",2500,0],["cocaine",1500,0],["cocainep",3500,0],["marijuana",2000,0],["turtle",3000,0]]'
[23:15:16:569346 +01:00] [Thread 3628] extDB3: Output to Server: 
[23:15:16:569447 +01:00] [Thread 3364] extDB3: SQL: Trace: Input: UPDATE dynmarket SET prices='[["apple",50,0],["heroinu",1850,0],["heroinp",2650,0],["salema",45,0],["ornate",40,0],["mackerel",175,0],["tuna",700,0],["mullet",250,0],["catshark",300,0],["rabbit",65,0],["oilp",3200,0],["turtle",3000,0],["water",5,0],["coffee",5,0],["turtlesoup",1000,0],["donuts",60,0],["marijuana",2350,0],["tbacon",25,0],["lockpick",75,0],["pickaxe",750,0],["redgull",200,0],["peach",55,0],["cocaine",3000,0],["cocainep",5000,0],["diamond",750,0],["diamondc",2000,0],["iron_r",3200,0],["copper_r",1500,0],["salt_r",1650,0],["glass",1450,0],["cement",1950,0],["goldbar",95000,0],["heroinu",1200,0],["heroinp",2500,0],["cocaine",1500,0],["cocainep",3500,0],["marijuana",2000,0],["turtle",3000,0]]'
[23:15:16:569927 +01:00] [Thread 3364] extDB3: SQL: Trace: Result: [1,[]]
[23:18:31:638899 +01:00] [Thread 3628] extDB3: Input from Server: 1:9831:UPDATE dynmarket SET prices='[["apple",50,0],["heroinu",1850,0],["heroinp",2650,0],["salema",45,0],["ornate",40,0],["mackerel",175,0],["tuna",700,0],["mullet",250,0],["catshark",300,0],["rabbit",65,0],["oilp",3200,0],["turtle",3000,0],["water",5,0],["coffee",5,0],["turtlesoup",1000,0],["donuts",60,0],["marijuana",2350,0],["tbacon",25,0],["lockpick",75,0],["pickaxe",750,0],["redgull",200,0],["peach",55,0],["cocaine",3000,0],["cocainep",5000,0],["diamond",750,0],["diamondc",2000,0],["iron_r",3200,0],["copper_r",1500,0],["salt_r",1650,0],["glass",1450,0],["cement",1950,0],["goldbar",95000,0],["heroinu",1200,0],["heroinp",2500,0],["cocaine",1500,0],["cocainep",3500,0],["marijuana",2000,0],["turtle",3000,0]]'
[23:18:31:638975 +01:00] [Thread 3628] extDB3: Output to Server: 
[23:18:31:639020 +01:00] [Thread 3364] extDB3: SQL: Trace: Input: UPDATE dynmarket SET prices='[["apple",50,0],["heroinu",1850,0],["heroinp",2650,0],["salema",45,0],["ornate",40,0],["mackerel",175,0],["tuna",700,0],["mullet",250,0],["catshark",300,0],["rabbit",65,0],["oilp",3200,0],["turtle",3000,0],["water",5,0],["coffee",5,0],["turtlesoup",1000,0],["donuts",60,0],["marijuana",2350,0],["tbacon",25,0],["lockpick",75,0],["pickaxe",750,0],["redgull",200,0],["peach",55,0],["cocaine",3000,0],["cocainep",5000,0],["diamond",750,0],["diamondc",2000,0],["iron_r",3200,0],["copper_r",1500,0],["salt_r",1650,0],["glass",1450,0],["cement",1950,0],["goldbar",95000,0],["heroinu",1200,0],["heroinp",2500,0],["cocaine",1500,0],["cocainep",3500,0],["marijuana",2000,0],["turtle",3000,0]]'
[23:18:31:639542 +01:00] [Thread 3364] extDB3: SQL: Trace: Result: [1,[]]
[23:21:46:695151 +01:00] [Thread 3628] extDB3: Input from Server: 1:9831:UPDATE dynmarket SET prices='[["apple",50,0],["heroinu",1850,0],["heroinp",2650,0],["salema",45,0],["ornate",40,0],["mackerel",175,0],["tuna",700,0],["mullet",250,0],["catshark",300,0],["rabbit",65,0],["oilp",3200,0],["turtle",3000,0],["water",5,0],["coffee",5,0],["turtlesoup",1000,0],["donuts",60,0],["marijuana",2350,0],["tbacon",25,0],["lockpick",75,0],["pickaxe",750,0],["redgull",200,0],["peach",55,0],["cocaine",3000,0],["cocainep",5000,0],["diamond",750,0],["diamondc",2000,0],["iron_r",3200,0],["copper_r",1500,0],["salt_r",1650,0],["glass",1450,0],["cement",1950,0],["goldbar",95000,0],["heroinu",1200,0],["heroinp",2500,0],["cocaine",1500,0],["cocainep",3500,0],["marijuana",2000,0],["turtle",3000,0]]'
[23:21:46:695226 +01:00] [Thread 3628] extDB3: Output to Server: 
[23:21:46:695321 +01:00] [Thread 3364] extDB3: SQL: Trace: Input: UPDATE dynmarket SET prices='[["apple",50,0],["heroinu",1850,0],["heroinp",2650,0],["salema",45,0],["ornate",40,0],["mackerel",175,0],["tuna",700,0],["mullet",250,0],["catshark",300,0],["rabbit",65,0],["oilp",3200,0],["turtle",3000,0],["water",5,0],["coffee",5,0],["turtlesoup",1000,0],["donuts",60,0],["marijuana",2350,0],["tbacon",25,0],["lockpick",75,0],["pickaxe",750,0],["redgull",200,0],["peach",55,0],["cocaine",3000,0],["cocainep",5000,0],["diamond",750,0],["diamondc",2000,0],["iron_r",3200,0],["copper_r",1500,0],["salt_r",1650,0],["glass",1450,0],["cement",1950,0],["goldbar",95000,0],["heroinu",1200,0],["heroinp",2500,0],["cocaine",1500,0],["cocainep",3500,0],["marijuana",2000,0],["turtle",3000,0]]'
[23:21:46:695807 +01:00] [Thread 3364] extDB3: SQL: Trace: Result: [1,[]]
