
extDB3: https://bitbucket.org/torndeco/extdb3/wiki/Home
extDB3: Version: 1.028
extDB3: Windows Debug Version

Message: All development for extDB3 is done on a Linux Dedicated Server
Message: If you would like to Donate to extDB3 Development
Message: https://www.paypal.com/cgi-bin/webscr?cmd=_s-xclick&hosted_button_id=2SUEFTGABTAM2
Message: Also leave a message if there is any particular feature you would like to see added.
Message: Thanks for all the people that have donated.
Message: Torndeco: 18/05/15


extDB3: Found extdb3-conf.ini
extDB3: Detected 8 Cores, Setting up 6 Worker Threads
extDB3: ...
extDB3: ...
extDB3: ...
extDB3: ...
extDB3: ...
extDB3: ...


[23:28:01:716910 +01:00] [Thread 1744] extDB3: Input from Server: 9:VERSION
[23:28:01:716988 +01:00] [Thread 1744] extDB3: Output to Server: 1.028
[23:28:03:239454 +01:00] [Thread 1744] extDB3: Input from Server: 9:ADD_DATABASE:DatabaseName2
[23:28:03:243309 +01:00] [Thread 1744] extDB3: Output to Server: [1]
[23:28:03:243402 +01:00] [Thread 1744] extDB3: Input from Server: 9:ADD_DATABASE_PROTOCOL:DatabaseName2:SQL:1857:TEXT2
[23:28:03:243448 +01:00] [Thread 1744] extDB3: SQL: Initialized: Add Quotes around TEXT Datatypes mode: 2
[23:28:03:243460 +01:00] [Thread 1744] extDB3: SQL: Initialized: NULL = ""
[23:28:03:243472 +01:00] [Thread 1744] extDB3: Output to Server: [1]
[23:28:03:243504 +01:00] [Thread 1744] extDB3: Input from Server: 9:LOCK
[23:28:03:243519 +01:00] [Thread 1744] extDB3: Locked
[23:28:03:243529 +01:00] [Thread 1744] extDB3: Output to Server: [1]
[23:28:03:312451 +01:00] [Thread 1744] extDB3: Input from Server: 1:1857:CALL deleteOldGangs
[23:28:03:312503 +01:00] [Thread 1744] extDB3: Output to Server: 
[23:28:03:312560 +01:00] [Thread 912] extDB3: SQL: Trace: Input: CALL deleteOldGangs
[23:28:03:313372 +01:00] [Thread 912] extDB3: SQL: Trace: Result: [1,[]]
[23:28:03:322519 +01:00] [Thread 1744] extDB3: Input from Server: 1:1857:CALL resetLifeVehicles
[23:28:03:322556 +01:00] [Thread 1744] extDB3: Output to Server: 
[23:28:03:322595 +01:00] [Thread 912] extDB3: SQL: Trace: Input: CALL resetLifeVehicles
[23:28:03:322653 +01:00] [Thread 1744] extDB3: Input from Server: 1:1857:CALL deleteDeadVehicles
[23:28:03:322672 +01:00] [Thread 1744] extDB3: Output to Server: 
[23:28:03:322734 +01:00] [Thread 2560] extDB3: SQL: Trace: Input: CALL deleteDeadVehicles
[23:28:03:322756 +01:00] [Thread 1744] extDB3: Input from Server: 1:1857:CALL deleteOldHouses
[23:28:03:322785 +01:00] [Thread 1744] extDB3: Output to Server: 
[23:28:03:322842 +01:00] [Thread 348] extDB3: SQL: Trace: Input: CALL deleteOldHouses
[23:28:03:323038 +01:00] [Thread 1744] extDB3: Input from Server: 2:1857:SELECT COUNT(*) FROM houses WHERE owned='1'
[23:28:03:323067 +01:00] [Thread 1744] extDB3: Output to Server: [2,"100"]
[23:28:03:323117 +01:00] [Thread 1744] extDB3: Input from Server: 4:100
[23:28:03:323139 +01:00] [Thread 1744] extDB3: Output to Server: [3]
[23:28:03:323178 +01:00] [Thread 1744] extDB3: Input from Server: 4:100
[23:28:03:323173 +01:00] [Thread 3580] extDB3: SQL: Trace: Input: SELECT COUNT(*) FROM houses WHERE owned='1'
[23:28:03:326806 +01:00] [Thread 1744] extDB3: Output to Server: [3]
[23:28:03:326883 +01:00] [Thread 1744] extDB3: Input from Server: 4:100
[23:28:03:326900 +01:00] [Thread 1744] extDB3: Output to Server: [3]
[23:28:03:326925 +01:00] [Thread 1744] extDB3: Input from Server: 4:100
[23:28:03:326937 +01:00] [Thread 1744] extDB3: Output to Server: [3]
[23:28:03:326958 +01:00] [Thread 1744] extDB3: Input from Server: 4:100
[23:28:03:326970 +01:00] [Thread 1744] extDB3: Output to Server: [3]
[23:28:03:326991 +01:00] [Thread 1744] extDB3: Input from Server: 4:100
[23:28:03:327002 +01:00] [Thread 1744] extDB3: Output to Server: [3]
[23:28:03:327022 +01:00] [Thread 1744] extDB3: Input from Server: 4:100
[23:28:03:327033 +01:00] [Thread 1744] extDB3: Output to Server: [3]
[23:28:03:327054 +01:00] [Thread 1744] extDB3: Input from Server: 4:100
[23:28:03:327065 +01:00] [Thread 1744] extDB3: Output to Server: [3]
[23:28:03:327151 +01:00] [Thread 1744] extDB3: Input from Server: 4:100
[23:28:03:327298 +01:00] [Thread 1744] extDB3: Output to Server: [3]
[23:28:03:327322 +01:00] [Thread 1744] extDB3: Input from Server: 4:100
[23:28:03:327333 +01:00] [Thread 1744] extDB3: Output to Server: [3]
[23:28:03:327354 +01:00] [Thread 1744] extDB3: Input from Server: 4:100
[23:28:03:327365 +01:00] [Thread 1744] extDB3: Output to Server: [3]
[23:28:03:327385 +01:00] [Thread 1744] extDB3: Input from Server: 4:100
[23:28:03:327396 +01:00] [Thread 1744] extDB3: Output to Server: [3]
[23:28:03:327416 +01:00] [Thread 1744] extDB3: Input from Server: 4:100
[23:28:03:327427 +01:00] [Thread 1744] extDB3: Output to Server: [3]
[23:28:03:327447 +01:00] [Thread 1744] extDB3: Input from Server: 4:100
[23:28:03:327458 +01:00] [Thread 1744] extDB3: Output to Server: [3]
[23:28:03:327479 +01:00] [Thread 1744] extDB3: Input from Server: 4:100
[23:28:03:327489 +01:00] [Thread 1744] extDB3: Output to Server: [3]
[23:28:03:327510 +01:00] [Thread 1744] extDB3: Input from Server: 4:100
[23:28:03:327521 +01:00] [Thread 1744] extDB3: Output to Server: [3]
[23:28:03:327541 +01:00] [Thread 1744] extDB3: Input from Server: 4:100
[23:28:03:327552 +01:00] [Thread 1744] extDB3: Output to Server: [3]
[23:28:03:327572 +01:00] [Thread 1744] extDB3: Input from Server: 4:100
[23:28:03:327583 +01:00] [Thread 1744] extDB3: Output to Server: [3]
[23:28:03:327604 +01:00] [Thread 1744] extDB3: Input from Server: 4:100
[23:28:03:327779 +01:00] [Thread 1744] extDB3: Output to Server: [3]
[23:28:03:327801 +01:00] [Thread 1744] extDB3: Input from Server: 4:100
[23:28:03:327813 +01:00] [Thread 1744] extDB3: Output to Server: [3]
[23:28:03:327833 +01:00] [Thread 1744] extDB3: Input from Server: 4:100
[23:28:03:327844 +01:00] [Thread 1744] extDB3: Output to Server: [3]
[23:28:03:327864 +01:00] [Thread 1744] extDB3: Input from Server: 4:100
[23:28:03:327875 +01:00] [Thread 1744] extDB3: Output to Server: [3]
[23:28:03:327896 +01:00] [Thread 1744] extDB3: Input from Server: 4:100
[23:28:03:327907 +01:00] [Thread 1744] extDB3: Output to Server: [3]
[23:28:03:327927 +01:00] [Thread 1744] extDB3: Input from Server: 4:100
[23:28:03:327938 +01:00] [Thread 1744] extDB3: Output to Server: [3]
[23:28:03:327958 +01:00] [Thread 1744] extDB3: Input from Server: 4:100
[23:28:03:327969 +01:00] [Thread 1744] extDB3: Output to Server: [3]
[23:28:03:327989 +01:00] [Thread 1744] extDB3: Input from Server: 4:100
[23:28:03:328000 +01:00] [Thread 1744] extDB3: Output to Server: [3]
[23:28:03:328021 +01:00] [Thread 1744] extDB3: Input from Server: 4:100
[23:28:03:328031 +01:00] [Thread 1744] extDB3: Output to Server: [3]
[23:28:03:328052 +01:00] [Thread 1744] extDB3: Input from Server: 4:100
[23:28:03:328063 +01:00] [Thread 1744] extDB3: Output to Server: [3]
[23:28:03:328083 +01:00] [Thread 1744] extDB3: Input from Server: 4:100
[23:28:03:328094 +01:00] [Thread 1744] extDB3: Output to Server: [3]
[23:28:03:328114 +01:00] [Thread 1744] extDB3: Input from Server: 4:100
[23:28:03:328125 +01:00] [Thread 1744] extDB3: Output to Server: [3]
[23:28:03:328145 +01:00] [Thread 1744] extDB3: Input from Server: 4:100
[23:28:03:328156 +01:00] [Thread 1744] extDB3: Output to Server: [3]
[23:28:03:328176 +01:00] [Thread 1744] extDB3: Input from Server: 4:100
[23:28:03:328187 +01:00] [Thread 1744] extDB3: Output to Server: [3]
[23:28:03:328207 +01:00] [Thread 1744] extDB3: Input from Server: 4:100
[23:28:03:328218 +01:00] [Thread 1744] extDB3: Output to Server: [3]
[23:28:03:328241 +01:00] [Thread 1744] extDB3: Input from Server: 4:100
[23:28:03:328251 +01:00] [Thread 1744] extDB3: Output to Server: [3]
[23:28:03:328272 +01:00] [Thread 1744] extDB3: Input from Server: 4:100
[23:28:03:328283 +01:00] [Thread 1744] extDB3: Output to Server: [3]
[23:28:03:328303 +01:00] [Thread 1744] extDB3: Input from Server: 4:100
[23:28:03:328314 +01:00] [Thread 1744] extDB3: Output to Server: [3]
[23:28:03:328335 +01:00] [Thread 1744] extDB3: Input from Server: 4:100
[23:28:03:328346 +01:00] [Thread 1744] extDB3: Output to Server: [3]
[23:28:03:328405 +01:00] [Thread 1744] extDB3: Input from Server: 4:100
[23:28:03:328420 +01:00] [Thread 1744] extDB3: Output to Server: [3]
[23:28:03:328441 +01:00] [Thread 1744] extDB3: Input from Server: 4:100
[23:28:03:328452 +01:00] [Thread 1744] extDB3: Output to Server: [3]
[23:28:03:328473 +01:00] [Thread 1744] extDB3: Input from Server: 4:100
[23:28:03:328483 +01:00] [Thread 1744] extDB3: Output to Server: [3]
[23:28:03:328504 +01:00] [Thread 1744] extDB3: Input from Server: 4:100
[23:28:03:328515 +01:00] [Thread 1744] extDB3: Output to Server: [3]
[23:28:03:328535 +01:00] [Thread 1744] extDB3: Input from Server: 4:100
[23:28:03:328546 +01:00] [Thread 1744] extDB3: Output to Server: [3]
[23:28:03:328567 +01:00] [Thread 1744] extDB3: Input from Server: 4:100
[23:28:03:328578 +01:00] [Thread 1744] extDB3: Output to Server: [3]
[23:28:03:328598 +01:00] [Thread 1744] extDB3: Input from Server: 4:100
[23:28:03:328609 +01:00] [Thread 1744] extDB3: Output to Server: [3]
[23:28:03:328629 +01:00] [Thread 1744] extDB3: Input from Server: 4:100
[23:28:03:328640 +01:00] [Thread 1744] extDB3: Output to Server: [3]
[23:28:03:328661 +01:00] [Thread 1744] extDB3: Input from Server: 4:100
[23:28:03:328672 +01:00] [Thread 1744] extDB3: Output to Server: [3]
[23:28:03:328692 +01:00] [Thread 1744] extDB3: Input from Server: 4:100
[23:28:03:328703 +01:00] [Thread 1744] extDB3: Output to Server: [3]
[23:28:03:328723 +01:00] [Thread 1744] extDB3: Input from Server: 4:100
[23:28:03:328734 +01:00] [Thread 1744] extDB3: Output to Server: [3]
[23:28:03:328754 +01:00] [Thread 1744] extDB3: Input from Server: 4:100
[23:28:03:328766 +01:00] [Thread 1744] extDB3: Output to Server: [3]
[23:28:03:328786 +01:00] [Thread 1744] extDB3: Input from Server: 4:100
[23:28:03:328797 +01:00] [Thread 1744] extDB3: Output to Server: [3]
[23:28:03:328817 +01:00] [Thread 1744] extDB3: Input from Server: 4:100
[23:28:03:328828 +01:00] [Thread 1744] extDB3: Output to Server: [3]
[23:28:03:328848 +01:00] [Thread 1744] extDB3: Input from Server: 4:100
[23:28:03:328859 +01:00] [Thread 1744] extDB3: Output to Server: [3]
[23:28:03:328879 +01:00] [Thread 1744] extDB3: Input from Server: 4:100
[23:28:03:328890 +01:00] [Thread 1744] extDB3: Output to Server: [3]
[23:28:03:328911 +01:00] [Thread 1744] extDB3: Input from Server: 4:100
[23:28:03:328922 +01:00] [Thread 1744] extDB3: Output to Server: [3]
[23:28:03:328942 +01:00] [Thread 1744] extDB3: Input from Server: 4:100
[23:28:03:328953 +01:00] [Thread 1744] extDB3: Output to Server: [3]
[23:28:03:328973 +01:00] [Thread 1744] extDB3: Input from Server: 4:100
[23:28:03:328984 +01:00] [Thread 1744] extDB3: Output to Server: [3]
[23:28:03:329004 +01:00] [Thread 1744] extDB3: Input from Server: 4:100
[23:28:03:329015 +01:00] [Thread 1744] extDB3: Output to Server: [3]
[23:28:03:329036 +01:00] [Thread 1744] extDB3: Input from Server: 4:100
[23:28:03:329047 +01:00] [Thread 1744] extDB3: Output to Server: [3]
[23:28:03:329067 +01:00] [Thread 1744] extDB3: Input from Server: 4:100
[23:28:03:329078 +01:00] [Thread 1744] extDB3: Output to Server: [3]
[23:28:03:329098 +01:00] [Thread 1744] extDB3: Input from Server: 4:100
[23:28:03:329109 +01:00] [Thread 1744] extDB3: Output to Server: [3]
[23:28:03:329130 +01:00] [Thread 1744] extDB3: Input from Server: 4:100
[23:28:03:329140 +01:00] [Thread 1744] extDB3: Output to Server: [3]
[23:28:03:329161 +01:00] [Thread 1744] extDB3: Input from Server: 4:100
[23:28:03:329172 +01:00] [Thread 1744] extDB3: Output to Server: [3]
[23:28:03:329192 +01:00] [Thread 1744] extDB3: Input from Server: 4:100
[23:28:03:329205 +01:00] [Thread 1744] extDB3: Output to Server: [3]
[23:28:03:329225 +01:00] [Thread 1744] extDB3: Input from Server: 4:100
[23:28:03:329236 +01:00] [Thread 1744] extDB3: Output to Server: [3]
[23:28:03:329257 +01:00] [Thread 1744] extDB3: Input from Server: 4:100
[23:28:03:329268 +01:00] [Thread 1744] extDB3: Output to Server: [3]
[23:28:03:329288 +01:00] [Thread 1744] extDB3: Input from Server: 4:100
[23:28:03:329300 +01:00] [Thread 1744] extDB3: Output to Server: [3]
[23:28:03:329322 +01:00] [Thread 1744] extDB3: Input from Server: 4:100
[23:28:03:329333 +01:00] [Thread 1744] extDB3: Output to Server: [3]
[23:28:03:329354 +01:00] [Thread 1744] extDB3: Input from Server: 4:100
[23:28:03:329364 +01:00] [Thread 1744] extDB3: Output to Server: [3]
[23:28:03:329385 +01:00] [Thread 1744] extDB3: Input from Server: 4:100
[23:28:03:329396 +01:00] [Thread 1744] extDB3: Output to Server: [3]
[23:28:03:329416 +01:00] [Thread 1744] extDB3: Input from Server: 4:100
[23:28:03:329427 +01:00] [Thread 1744] extDB3: Output to Server: [3]
[23:28:03:329447 +01:00] [Thread 1744] extDB3: Input from Server: 4:100
[23:28:03:329458 +01:00] [Thread 1744] extDB3: Output to Server: [3]
[23:28:03:329478 +01:00] [Thread 1744] extDB3: Input from Server: 4:100
[23:28:03:329489 +01:00] [Thread 1744] extDB3: Output to Server: [3]
[23:28:03:329509 +01:00] [Thread 1744] extDB3: Input from Server: 4:100
[23:28:03:329520 +01:00] [Thread 1744] extDB3: Output to Server: [3]
[23:28:03:329540 +01:00] [Thread 1744] extDB3: Input from Server: 4:100
[23:28:03:329551 +01:00] [Thread 1744] extDB3: Output to Server: [3]
[23:28:03:329572 +01:00] [Thread 1744] extDB3: Input from Server: 4:100
[23:28:03:329583 +01:00] [Thread 1744] extDB3: Output to Server: [3]
[23:28:03:329603 +01:00] [Thread 1744] extDB3: Input from Server: 4:100
[23:28:03:329606 +01:00] [Thread 2560] extDB3: SQL: Trace: Result: [1,[]]
[23:28:03:329984 +01:00] [Thread 1744] extDB3: Output to Server: [3]
[23:28:03:330005 +01:00] [Thread 1744] extDB3: Input from Server: 4:100
[23:28:03:330016 +01:00] [Thread 1744] extDB3: Output to Server: [3]
[23:28:03:330036 +01:00] [Thread 1744] extDB3: Input from Server: 4:100
[23:28:03:330046 +01:00] [Thread 1744] extDB3: Output to Server: [3]
[23:28:03:330067 +01:00] [Thread 1744] extDB3: Input from Server: 4:100
[23:28:03:330078 +01:00] [Thread 1744] extDB3: Output to Server: [3]
[23:28:03:330098 +01:00] [Thread 1744] extDB3: Input from Server: 4:100
[23:28:03:330109 +01:00] [Thread 1744] extDB3: Output to Server: [3]
[23:28:03:330129 +01:00] [Thread 1744] extDB3: Input from Server: 4:100
[23:28:03:330140 +01:00] [Thread 1744] extDB3: Output to Server: [3]
[23:28:03:330160 +01:00] [Thread 1744] extDB3: Input from Server: 4:100
[23:28:03:330171 +01:00] [Thread 1744] extDB3: Output to Server: [3]
[23:28:03:330191 +01:00] [Thread 1744] extDB3: Input from Server: 4:100
[23:28:03:330202 +01:00] [Thread 1744] extDB3: Output to Server: [3]
[23:28:03:330222 +01:00] [Thread 1744] extDB3: Input from Server: 4:100
[23:28:03:330241 +01:00] [Thread 1744] extDB3: Output to Server: [3]
[23:28:03:330262 +01:00] [Thread 1744] extDB3: Input from Server: 4:100
[23:28:03:330274 +01:00] [Thread 1744] extDB3: Output to Server: [3]
[23:28:03:330294 +01:00] [Thread 1744] extDB3: Input from Server: 4:100
[23:28:03:330500 +01:00] [Thread 1744] extDB3: Output to Server: [3]
[23:28:03:330522 +01:00] [Thread 1744] extDB3: Input from Server: 4:100
[23:28:03:330533 +01:00] [Thread 1744] extDB3: Output to Server: [3]
[23:28:03:330554 +01:00] [Thread 1744] extDB3: Input from Server: 4:100
[23:28:03:330565 +01:00] [Thread 1744] extDB3: Output to Server: [3]
[23:28:03:330585 +01:00] [Thread 1744] extDB3: Input from Server: 4:100
[23:28:03:330596 +01:00] [Thread 1744] extDB3: Output to Server: [3]
[23:28:03:330616 +01:00] [Thread 1744] extDB3: Input from Server: 4:100
[23:28:03:330626 +01:00] [Thread 1744] extDB3: Output to Server: [3]
[23:28:03:330647 +01:00] [Thread 1744] extDB3: Input from Server: 4:100
[23:28:03:330658 +01:00] [Thread 1744] extDB3: Output to Server: [3]
[23:28:03:330678 +01:00] [Thread 1744] extDB3: Input from Server: 4:100
[23:28:03:330689 +01:00] [Thread 1744] extDB3: Output to Server: [3]
[23:28:03:330709 +01:00] [Thread 1744] extDB3: Input from Server: 4:100
[23:28:03:330720 +01:00] [Thread 1744] extDB3: Output to Server: [3]
[23:28:03:330740 +01:00] [Thread 1744] extDB3: Input from Server: 4:100
[23:28:03:330791 +01:00] [Thread 1744] extDB3: Output to Server: [3]
[23:28:03:330819 +01:00] [Thread 1744] extDB3: Input from Server: 4:100
[23:28:03:330993 +01:00] [Thread 1744] extDB3: Output to Server: [3]
[23:28:03:331016 +01:00] [Thread 1744] extDB3: Input from Server: 4:100
[23:28:03:331027 +01:00] [Thread 1744] extDB3: Output to Server: [3]
[23:28:03:331047 +01:00] [Thread 1744] extDB3: Input from Server: 4:100
[23:28:03:331058 +01:00] [Thread 1744] extDB3: Output to Server: [3]
[23:28:03:331078 +01:00] [Thread 1744] extDB3: Input from Server: 4:100
[23:28:03:331089 +01:00] [Thread 1744] extDB3: Output to Server: [3]
[23:28:03:331110 +01:00] [Thread 1744] extDB3: Input from Server: 4:100
[23:28:03:331121 +01:00] [Thread 1744] extDB3: Output to Server: [3]
[23:28:03:331141 +01:00] [Thread 1744] extDB3: Input from Server: 4:100
[23:28:03:331152 +01:00] [Thread 1744] extDB3: Output to Server: [3]
[23:28:03:331172 +01:00] [Thread 1744] extDB3: Input from Server: 4:100
[23:28:03:331183 +01:00] [Thread 1744] extDB3: Output to Server: [3]
[23:28:03:331203 +01:00] [Thread 1744] extDB3: Input from Server: 4:100
[23:28:03:331214 +01:00] [Thread 1744] extDB3: Output to Server: [3]
[23:28:03:331235 +01:00] [Thread 1744] extDB3: Input from Server: 4:100
[23:28:03:331248 +01:00] [Thread 1744] extDB3: Output to Server: [3]
[23:28:03:331268 +01:00] [Thread 1744] extDB3: Input from Server: 4:100
[23:28:03:331279 +01:00] [Thread 1744] extDB3: Output to Server: [3]
[23:28:03:331299 +01:00] [Thread 1744] extDB3: Input from Server: 4:100
[23:28:03:331310 +01:00] [Thread 1744] extDB3: Output to Server: [3]
[23:28:03:331330 +01:00] [Thread 1744] extDB3: Input from Server: 4:100
[23:28:03:331341 +01:00] [Thread 1744] extDB3: Output to Server: [3]
[23:28:03:331361 +01:00] [Thread 1744] extDB3: Input from Server: 4:100
[23:28:03:331372 +01:00] [Thread 1744] extDB3: Output to Server: [3]
[23:28:03:331392 +01:00] [Thread 1744] extDB3: Input from Server: 4:100
[23:28:03:331403 +01:00] [Thread 1744] extDB3: Output to Server: [3]
[23:28:03:331423 +01:00] [Thread 1744] extDB3: Input from Server: 4:100
[23:28:03:331434 +01:00] [Thread 1744] extDB3: Output to Server: [3]
[23:28:03:331454 +01:00] [Thread 1744] extDB3: Input from Server: 4:100
[23:28:03:331465 +01:00] [Thread 1744] extDB3: Output to Server: [3]
[23:28:03:331485 +01:00] [Thread 1744] extDB3: Input from Server: 4:100
[23:28:03:331496 +01:00] [Thread 1744] extDB3: Output to Server: [3]
[23:28:03:331516 +01:00] [Thread 1744] extDB3: Input from Server: 4:100
[23:28:03:331527 +01:00] [Thread 1744] extDB3: Output to Server: [3]
[23:28:03:331547 +01:00] [Thread 1744] extDB3: Input from Server: 4:100
[23:28:03:331558 +01:00] [Thread 1744] extDB3: Output to Server: [3]
[23:28:03:331578 +01:00] [Thread 1744] extDB3: Input from Server: 4:100
[23:28:03:331589 +01:00] [Thread 1744] extDB3: Output to Server: [3]
[23:28:03:331610 +01:00] [Thread 1744] extDB3: Input from Server: 4:100
[23:28:03:331620 +01:00] [Thread 1744] extDB3: Output to Server: [3]
[23:28:03:331641 +01:00] [Thread 1744] extDB3: Input from Server: 4:100
[23:28:03:331652 +01:00] [Thread 1744] extDB3: Output to Server: [3]
[23:28:03:331672 +01:00] [Thread 1744] extDB3: Input from Server: 4:100
[23:28:03:331683 +01:00] [Thread 1744] extDB3: Output to Server: [3]
[23:28:03:331703 +01:00] [Thread 1744] extDB3: Input from Server: 4:100
[23:28:03:331714 +01:00] [Thread 1744] extDB3: Output to Server: [3]
[23:28:03:331734 +01:00] [Thread 1744] extDB3: Input from Server: 4:100
[23:28:03:331745 +01:00] [Thread 1744] extDB3: Output to Server: [3]
[23:28:03:331765 +01:00] [Thread 1744] extDB3: Input from Server: 4:100
[23:28:03:331776 +01:00] [Thread 1744] extDB3: Output to Server: [3]
[23:28:03:331796 +01:00] [Thread 1744] extDB3: Input from Server: 4:100
[23:28:03:331807 +01:00] [Thread 1744] extDB3: Output to Server: [3]
[23:28:03:331828 +01:00] [Thread 1744] extDB3: Input from Server: 4:100
[23:28:03:331838 +01:00] [Thread 1744] extDB3: Output to Server: [3]
[23:28:03:331861 +01:00] [Thread 1744] extDB3: Input from Server: 4:100
[23:28:03:331873 +01:00] [Thread 1744] extDB3: Output to Server: [3]
[23:28:03:331894 +01:00] [Thread 1744] extDB3: Input from Server: 4:100
[23:28:03:331904 +01:00] [Thread 1744] extDB3: Output to Server: [3]
[23:28:03:331925 +01:00] [Thread 1744] extDB3: Input from Server: 4:100
[23:28:03:331936 +01:00] [Thread 1744] extDB3: Output to Server: [3]
[23:28:03:331956 +01:00] [Thread 1744] extDB3: Input from Server: 4:100
[23:28:03:331967 +01:00] [Thread 1744] extDB3: Output to Server: [3]
[23:28:03:331987 +01:00] [Thread 1744] extDB3: Input from Server: 4:100
[23:28:03:331998 +01:00] [Thread 1744] extDB3: Output to Server: [3]
[23:28:03:332018 +01:00] [Thread 1744] extDB3: Input from Server: 4:100
[23:28:03:332029 +01:00] [Thread 1744] extDB3: Output to Server: [3]
[23:28:03:332050 +01:00] [Thread 1744] extDB3: Input from Server: 4:100
[23:28:03:332061 +01:00] [Thread 1744] extDB3: Output to Server: [3]
[23:28:03:332081 +01:00] [Thread 1744] extDB3: Input from Server: 4:100
[23:28:03:332092 +01:00] [Thread 1744] extDB3: Output to Server: [3]
[23:28:03:332112 +01:00] [Thread 1744] extDB3: Input from Server: 4:100
[23:28:03:332123 +01:00] [Thread 1744] extDB3: Output to Server: [3]
[23:28:03:332144 +01:00] [Thread 1744] extDB3: Input from Server: 4:100
[23:28:03:332154 +01:00] [Thread 1744] extDB3: Output to Server: [3]
[23:28:03:332175 +01:00] [Thread 1744] extDB3: Input from Server: 4:100
[23:28:03:332185 +01:00] [Thread 1744] extDB3: Output to Server: [3]
[23:28:03:332208 +01:00] [Thread 1744] extDB3: Input from Server: 4:100
[23:28:03:332219 +01:00] [Thread 1744] extDB3: Output to Server: [3]
[23:28:03:332239 +01:00] [Thread 1744] extDB3: Input from Server: 4:100
[23:28:03:332251 +01:00] [Thread 1744] extDB3: Output to Server: [3]
[23:28:03:332234 +01:00] [Thread 912] extDB3: SQL: Error MariaDBQueryException: The user specified as a definer ('arma3'@'localhost') does not exist
[23:28:03:332272 +01:00] [Thread 1744] extDB3: Input from Server: 4:100
[23:28:03:332289 +01:00] [Thread 912] extDB3: SQL: Error MariaDBQueryException: Input: CALL resetLifeVehicles
[23:28:03:332300 +01:00] [Thread 1744] extDB3: Output to Server: [3]
[23:28:03:332342 +01:00] [Thread 1744] extDB3: Input from Server: 4:100
[23:28:03:332353 +01:00] [Thread 1744] extDB3: Output to Server: [3]
[23:28:03:332373 +01:00] [Thread 1744] extDB3: Input from Server: 4:100
[23:28:03:332384 +01:00] [Thread 1744] extDB3: Output to Server: [3]
[23:28:03:332404 +01:00] [Thread 1744] extDB3: Input from Server: 4:100
[23:28:03:332415 +01:00] [Thread 1744] extDB3: Output to Server: [3]
[23:28:03:332436 +01:00] [Thread 1744] extDB3: Input from Server: 4:100
[23:28:03:332447 +01:00] [Thread 1744] extDB3: Output to Server: [3]
[23:28:03:332467 +01:00] [Thread 1744] extDB3: Input from Server: 4:100
[23:28:03:332477 +01:00] [Thread 1744] extDB3: Output to Server: [3]
[23:28:03:332498 +01:00] [Thread 1744] extDB3: Input from Server: 4:100
[23:28:03:332509 +01:00] [Thread 1744] extDB3: Output to Server: [3]
[23:28:03:332529 +01:00] [Thread 1744] extDB3: Input from Server: 4:100
[23:28:03:332540 +01:00] [Thread 1744] extDB3: Output to Server: [3]
[23:28:03:332560 +01:00] [Thread 1744] extDB3: Input from Server: 4:100
[23:28:03:332571 +01:00] [Thread 1744] extDB3: Output to Server: [3]
[23:28:03:332591 +01:00] [Thread 1744] extDB3: Input from Server: 4:100
[23:28:03:332602 +01:00] [Thread 1744] extDB3: Output to Server: [3]
[23:28:03:332622 +01:00] [Thread 1744] extDB3: Input from Server: 4:100
[23:28:03:332623 +01:00] [Thread 348] extDB3: SQL: Trace: Result: [1,[]]
[23:28:03:332633 +01:00] [Thread 1744] extDB3: Output to Server: [3]
[23:28:03:332679 +01:00] [Thread 1744] extDB3: Input from Server: 4:100
[23:28:03:332690 +01:00] [Thread 1744] extDB3: Output to Server: [3]
[23:28:03:332710 +01:00] [Thread 1744] extDB3: Input from Server: 4:100
[23:28:03:332721 +01:00] [Thread 1744] extDB3: Output to Server: [3]
[23:28:03:332742 +01:00] [Thread 1744] extDB3: Input from Server: 4:100
[23:28:03:332754 +01:00] [Thread 1744] extDB3: Output to Server: [3]
[23:28:03:332776 +01:00] [Thread 1744] extDB3: Input from Server: 4:100
[23:28:03:332787 +01:00] [Thread 1744] extDB3: Output to Server: [3]
[23:28:03:332808 +01:00] [Thread 1744] extDB3: Input from Server: 4:100
[23:28:03:332819 +01:00] [Thread 1744] extDB3: Output to Server: [3]
[23:28:03:332839 +01:00] [Thread 1744] extDB3: Input from Server: 4:100
[23:28:03:332850 +01:00] [Thread 1744] extDB3: Output to Server: [3]
[23:28:03:332870 +01:00] [Thread 1744] extDB3: Input from Server: 4:100
[23:28:03:332881 +01:00] [Thread 1744] extDB3: Output to Server: [3]
[23:28:03:332901 +01:00] [Thread 1744] extDB3: Input from Server: 4:100
[23:28:03:332912 +01:00] [Thread 1744] extDB3: Output to Server: [3]
[23:28:03:332911 +01:00] [Thread 3580] extDB3: SQL: Trace: Result: [1,[[0]]]
[23:28:03:332933 +01:00] [Thread 1744] extDB3: Input from Server: 4:100
[23:28:03:332959 +01:00] [Thread 1744] extDB3: Output to Server: [1,[[0]]]
[23:28:03:333201 +01:00] [Thread 1744] extDB3: Input from Server: 2:1857:SELECT houses.id, houses.pid, houses.pos, players.name FROM houses INNER JOIN players ON houses.pid=players.playerid WHERE houses.owned='1' LIMIT 0,10
[23:28:03:333231 +01:00] [Thread 1744] extDB3: Output to Server: [2,"101"]
[23:28:03:333257 +01:00] [Thread 3580] extDB3: SQL: Trace: Input: SELECT houses.id, houses.pid, houses.pos, players.name FROM houses INNER JOIN players ON houses.pid=players.playerid WHERE houses.owned='1' LIMIT 0,10
[23:28:03:333282 +01:00] [Thread 1744] extDB3: Input from Server: 4:101
[23:28:03:333306 +01:00] [Thread 1744] extDB3: Output to Server: [3]
[23:28:03:333341 +01:00] [Thread 1744] extDB3: Input from Server: 4:101
[23:28:03:333352 +01:00] [Thread 1744] extDB3: Output to Server: [3]
[23:28:03:333374 +01:00] [Thread 1744] extDB3: Input from Server: 4:101
[23:28:03:333385 +01:00] [Thread 1744] extDB3: Output to Server: [3]
[23:28:03:333405 +01:00] [Thread 1744] extDB3: Input from Server: 4:101
[23:28:03:333416 +01:00] [Thread 1744] extDB3: Output to Server: [3]
[23:28:03:333436 +01:00] [Thread 1744] extDB3: Input from Server: 4:101
[23:28:03:333447 +01:00] [Thread 1744] extDB3: Output to Server: [3]
[23:28:03:333467 +01:00] [Thread 1744] extDB3: Input from Server: 4:101
[23:28:03:333478 +01:00] [Thread 1744] extDB3: Output to Server: [3]
[23:28:03:333498 +01:00] [Thread 1744] extDB3: Input from Server: 4:101
[23:28:03:333509 +01:00] [Thread 1744] extDB3: Output to Server: [3]
[23:28:03:333530 +01:00] [Thread 1744] extDB3: Input from Server: 4:101
[23:28:03:333541 +01:00] [Thread 1744] extDB3: Output to Server: [3]
[23:28:03:333561 +01:00] [Thread 1744] extDB3: Input from Server: 4:101
[23:28:03:333572 +01:00] [Thread 1744] extDB3: Output to Server: [3]
[23:28:03:333592 +01:00] [Thread 1744] extDB3: Input from Server: 4:101
[23:28:03:333603 +01:00] [Thread 1744] extDB3: Output to Server: [3]
[23:28:03:333623 +01:00] [Thread 1744] extDB3: Input from Server: 4:101
[23:28:03:333634 +01:00] [Thread 1744] extDB3: Output to Server: [3]
[23:28:03:333654 +01:00] [Thread 1744] extDB3: Input from Server: 4:101
[23:28:03:333665 +01:00] [Thread 1744] extDB3: Output to Server: [3]
[23:28:03:333686 +01:00] [Thread 1744] extDB3: Input from Server: 4:101
[23:28:03:333697 +01:00] [Thread 1744] extDB3: Output to Server: [3]
[23:28:03:333717 +01:00] [Thread 1744] extDB3: Input from Server: 4:101
[23:28:03:333728 +01:00] [Thread 1744] extDB3: Output to Server: [3]
[23:28:03:333725 +01:00] [Thread 3580] extDB3: SQL: Trace: Result: [1,[]]
[23:28:03:333748 +01:00] [Thread 1744] extDB3: Input from Server: 4:101
[23:28:03:333775 +01:00] [Thread 1744] extDB3: Output to Server: [1,[]]
[23:28:03:334644 +01:00] [Thread 1744] extDB3: Input from Server: 2:1857:SELECT prices FROM dynmarket WHERE id='1'
[23:28:03:334672 +01:00] [Thread 1744] extDB3: Output to Server: [2,"102"]
[23:28:03:334710 +01:00] [Thread 3580] extDB3: SQL: Trace: Input: SELECT prices FROM dynmarket WHERE id='1'
[23:28:03:334719 +01:00] [Thread 1744] extDB3: Input from Server: 4:102
[23:28:03:334769 +01:00] [Thread 1744] extDB3: Output to Server: [3]
[23:28:03:334805 +01:00] [Thread 1744] extDB3: Input from Server: 4:102
[23:28:03:334817 +01:00] [Thread 1744] extDB3: Output to Server: [3]
[23:28:03:334839 +01:00] [Thread 1744] extDB3: Input from Server: 4:102
[23:28:03:334850 +01:00] [Thread 1744] extDB3: Output to Server: [3]
[23:28:03:334871 +01:00] [Thread 1744] extDB3: Input from Server: 4:102
[23:28:03:334882 +01:00] [Thread 1744] extDB3: Output to Server: [3]
[23:28:03:334902 +01:00] [Thread 1744] extDB3: Input from Server: 4:102
[23:28:03:334913 +01:00] [Thread 1744] extDB3: Output to Server: [3]
[23:28:03:334933 +01:00] [Thread 1744] extDB3: Input from Server: 4:102
[23:28:03:334944 +01:00] [Thread 1744] extDB3: Output to Server: [3]
[23:28:03:334964 +01:00] [Thread 1744] extDB3: Input from Server: 4:102
[23:28:03:334975 +01:00] [Thread 1744] extDB3: Output to Server: [3]
[23:28:03:334995 +01:00] [Thread 1744] extDB3: Input from Server: 4:102
[23:28:03:335006 +01:00] [Thread 1744] extDB3: Output to Server: [3]
[23:28:03:335025 +01:00] [Thread 1744] extDB3: Input from Server: 4:102
[23:28:03:335037 +01:00] [Thread 1744] extDB3: Output to Server: [3]
[23:28:03:335057 +01:00] [Thread 1744] extDB3: Input from Server: 4:102
[23:28:03:335068 +01:00] [Thread 1744] extDB3: Output to Server: [3]
[23:28:03:335070 +01:00] [Thread 3580] extDB3: SQL: Trace: Result: [1,[]]
[23:28:03:335088 +01:00] [Thread 1744] extDB3: Input from Server: 4:102
[23:28:03:335124 +01:00] [Thread 1744] extDB3: Output to Server: [1,[]]
[23:29:41:192906 +01:00] [Thread 1744] extDB3: Input from Server: 2:1857:SELECT playerid, name, cash, adminlevel, donatorlvl, civ_licenses, arrested, civ_gear FROM players WHERE playerid='76561197964675179'
[23:29:41:192986 +01:00] [Thread 1744] extDB3: Output to Server: [2,"103"]
[23:29:41:193036 +01:00] [Thread 3580] extDB3: SQL: Trace: Input: SELECT playerid, name, cash, adminlevel, donatorlvl, civ_licenses, arrested, civ_gear FROM players WHERE playerid='76561197964675179'
[23:29:41:193066 +01:00] [Thread 1744] extDB3: Input from Server: 4:103
[23:29:41:193094 +01:00] [Thread 1744] extDB3: Output to Server: [3]
[23:29:41:193139 +01:00] [Thread 1744] extDB3: Input from Server: 4:103
[23:29:41:193152 +01:00] [Thread 1744] extDB3: Output to Server: [3]
[23:29:41:193178 +01:00] [Thread 1744] extDB3: Input from Server: 4:103
[23:29:41:193190 +01:00] [Thread 1744] extDB3: Output to Server: [3]
[23:29:41:193213 +01:00] [Thread 1744] extDB3: Input from Server: 4:103
[23:29:41:193225 +01:00] [Thread 1744] extDB3: Output to Server: [3]
[23:29:41:193248 +01:00] [Thread 1744] extDB3: Input from Server: 4:103
[23:29:41:193260 +01:00] [Thread 1744] extDB3: Output to Server: [3]
[23:29:41:193283 +01:00] [Thread 1744] extDB3: Input from Server: 4:103
[23:29:41:193295 +01:00] [Thread 1744] extDB3: Output to Server: [3]
[23:29:41:193317 +01:00] [Thread 1744] extDB3: Input from Server: 4:103
[23:29:41:193329 +01:00] [Thread 1744] extDB3: Output to Server: [3]
[23:29:41:193352 +01:00] [Thread 1744] extDB3: Input from Server: 4:103
[23:29:41:193364 +01:00] [Thread 1744] extDB3: Output to Server: [3]
[23:29:41:193386 +01:00] [Thread 1744] extDB3: Input from Server: 4:103
[23:29:41:193398 +01:00] [Thread 1744] extDB3: Output to Server: [3]
[23:29:41:193421 +01:00] [Thread 1744] extDB3: Input from Server: 4:103
[23:29:41:193433 +01:00] [Thread 1744] extDB3: Output to Server: [3]
[23:29:41:193455 +01:00] [Thread 1744] extDB3: Input from Server: 4:103
[23:29:41:193467 +01:00] [Thread 1744] extDB3: Output to Server: [3]
[23:29:41:193489 +01:00] [Thread 1744] extDB3: Input from Server: 4:103
[23:29:41:193501 +01:00] [Thread 1744] extDB3: Output to Server: [3]
[23:29:41:193536 +01:00] [Thread 1744] extDB3: Input from Server: 4:103
[23:29:41:193552 +01:00] [Thread 1744] extDB3: Output to Server: [3]
[23:29:41:193576 +01:00] [Thread 1744] extDB3: Input from Server: 4:103
[23:29:41:193589 +01:00] [Thread 1744] extDB3: Output to Server: [3]
[23:29:41:193689 +01:00] [Thread 3580] extDB3: SQL: Trace: Result: [1,[['76561197964675179','Kira Luci',10000,0,0,[],0,[]]]]
[23:29:41:193703 +01:00] [Thread 1744] extDB3: Input from Server: 4:103
[23:29:41:193776 +01:00] [Thread 1744] extDB3: Output to Server: [1,[['76561197964675179','Kira Luci',10000,0,0,[],0,[]]]]
[23:29:41:214846 +01:00] [Thread 1744] extDB3: Input from Server: 2:1857:SELECT pid, pos, inventory, containers FROM houses WHERE pid='76561197964675179' AND owned='1'
[23:29:41:214911 +01:00] [Thread 1744] extDB3: Output to Server: [2,"104"]
[23:29:41:214962 +01:00] [Thread 3580] extDB3: SQL: Trace: Input: SELECT pid, pos, inventory, containers FROM houses WHERE pid='76561197964675179' AND owned='1'
[23:29:41:214980 +01:00] [Thread 1744] extDB3: Input from Server: 4:104
[23:29:41:215022 +01:00] [Thread 1744] extDB3: Output to Server: [3]
[23:29:41:215066 +01:00] [Thread 1744] extDB3: Input from Server: 4:104
[23:29:41:215080 +01:00] [Thread 1744] extDB3: Output to Server: [3]
[23:29:41:215106 +01:00] [Thread 1744] extDB3: Input from Server: 4:104
[23:29:41:215118 +01:00] [Thread 1744] extDB3: Output to Server: [3]
[23:29:41:215143 +01:00] [Thread 1744] extDB3: Input from Server: 4:104
[23:29:41:215155 +01:00] [Thread 1744] extDB3: Output to Server: [3]
[23:29:41:215178 +01:00] [Thread 1744] extDB3: Input from Server: 4:104
[23:29:41:215190 +01:00] [Thread 1744] extDB3: Output to Server: [3]
[23:29:41:215213 +01:00] [Thread 1744] extDB3: Input from Server: 4:104
[23:29:41:215225 +01:00] [Thread 1744] extDB3: Output to Server: [3]
[23:29:41:215248 +01:00] [Thread 1744] extDB3: Input from Server: 4:104
[23:29:41:215260 +01:00] [Thread 1744] extDB3: Output to Server: [3]
[23:29:41:215282 +01:00] [Thread 1744] extDB3: Input from Server: 4:104
[23:29:41:215295 +01:00] [Thread 1744] extDB3: Output to Server: [3]
[23:29:41:215318 +01:00] [Thread 1744] extDB3: Input from Server: 4:104
[23:29:41:215330 +01:00] [Thread 1744] extDB3: Output to Server: [3]
[23:29:41:215353 +01:00] [Thread 1744] extDB3: Input from Server: 4:104
[23:29:41:215365 +01:00] [Thread 1744] extDB3: Output to Server: [3]
[23:29:41:215387 +01:00] [Thread 1744] extDB3: Input from Server: 4:104
[23:29:41:215400 +01:00] [Thread 1744] extDB3: Output to Server: [3]
[23:29:41:215422 +01:00] [Thread 1744] extDB3: Input from Server: 4:104
[23:29:41:215434 +01:00] [Thread 1744] extDB3: Output to Server: [3]
[23:29:41:215457 +01:00] [Thread 1744] extDB3: Input from Server: 4:104
[23:29:41:215469 +01:00] [Thread 1744] extDB3: Output to Server: [3]
[23:29:41:215491 +01:00] [Thread 1744] extDB3: Input from Server: 4:104
[23:29:41:215494 +01:00] [Thread 3580] extDB3: SQL: Trace: Result: [1,[]]
[23:29:41:215503 +01:00] [Thread 1744] extDB3: Output to Server: [3]
[23:29:41:215565 +01:00] [Thread 1744] extDB3: Input from Server: 4:104
[23:29:41:215578 +01:00] [Thread 1744] extDB3: Output to Server: [1,[]]
[23:29:41:259666 +01:00] [Thread 1744] extDB3: Input from Server: 2:1857:SELECT id, owner, name, maxmembers, bank, members FROM gangs WHERE active='1' AND members LIKE '%76561197964675179%'
[23:29:41:259736 +01:00] [Thread 1744] extDB3: Output to Server: [2,"105"]
[23:29:41:259785 +01:00] [Thread 3580] extDB3: SQL: Trace: Input: SELECT id, owner, name, maxmembers, bank, members FROM gangs WHERE active='1' AND members LIKE '%76561197964675179%'
[23:29:41:259808 +01:00] [Thread 1744] extDB3: Input from Server: 4:105
[23:29:41:259854 +01:00] [Thread 1744] extDB3: Output to Server: [3]
[23:29:41:259899 +01:00] [Thread 1744] extDB3: Input from Server: 4:105
[23:29:41:259912 +01:00] [Thread 1744] extDB3: Output to Server: [3]
[23:29:41:259939 +01:00] [Thread 1744] extDB3: Input from Server: 4:105
[23:29:41:259951 +01:00] [Thread 1744] extDB3: Output to Server: [3]
[23:29:41:259974 +01:00] [Thread 1744] extDB3: Input from Server: 4:105
[23:29:41:259986 +01:00] [Thread 1744] extDB3: Output to Server: [3]
[23:29:41:260009 +01:00] [Thread 1744] extDB3: Input from Server: 4:105
[23:29:41:260021 +01:00] [Thread 1744] extDB3: Output to Server: [3]
[23:29:41:260050 +01:00] [Thread 1744] extDB3: Input from Server: 4:105
[23:29:41:260065 +01:00] [Thread 1744] extDB3: Output to Server: [3]
[23:29:41:260089 +01:00] [Thread 1744] extDB3: Input from Server: 4:105
[23:29:41:260101 +01:00] [Thread 1744] extDB3: Output to Server: [3]
[23:29:41:260124 +01:00] [Thread 1744] extDB3: Input from Server: 4:105
[23:29:41:260136 +01:00] [Thread 1744] extDB3: Output to Server: [3]
[23:29:41:260158 +01:00] [Thread 1744] extDB3: Input from Server: 4:105
[23:29:41:260171 +01:00] [Thread 1744] extDB3: Output to Server: [3]
[23:29:41:260193 +01:00] [Thread 1744] extDB3: Input from Server: 4:105
[23:29:41:260205 +01:00] [Thread 1744] extDB3: Output to Server: [3]
[23:29:41:260228 +01:00] [Thread 1744] extDB3: Input from Server: 4:105
[23:29:41:260240 +01:00] [Thread 1744] extDB3: Output to Server: [3]
[23:29:41:260262 +01:00] [Thread 1744] extDB3: Input from Server: 4:105
[23:29:41:260275 +01:00] [Thread 1744] extDB3: Output to Server: [3]
[23:29:41:260297 +01:00] [Thread 1744] extDB3: Input from Server: 4:105
[23:29:41:260309 +01:00] [Thread 1744] extDB3: Output to Server: [3]
[23:29:41:260332 +01:00] [Thread 1744] extDB3: Input from Server: 4:105
[23:29:41:260344 +01:00] [Thread 1744] extDB3: Output to Server: [3]
[23:29:41:260366 +01:00] [Thread 1744] extDB3: Input from Server: 4:105
[23:29:41:260362 +01:00] [Thread 3580] extDB3: SQL: Trace: Result: [1,[]]
[23:29:41:260379 +01:00] [Thread 1744] extDB3: Output to Server: [3]
[23:29:41:260461 +01:00] [Thread 1744] extDB3: Input from Server: 4:105
[23:29:41:260476 +01:00] [Thread 1744] extDB3: Output to Server: [1,[]]
[23:29:41:283127 +01:00] [Thread 1744] extDB3: Input from Server: 2:1857:SELECT Ppermis, nbrPermis, PermisDispo, waitTime FROM permis WHERE uid='76561197964675179'
[23:29:41:283190 +01:00] [Thread 1744] extDB3: Output to Server: [2,"106"]
[23:29:41:283239 +01:00] [Thread 3580] extDB3: SQL: Trace: Input: SELECT Ppermis, nbrPermis, PermisDispo, waitTime FROM permis WHERE uid='76561197964675179'
[23:29:41:283261 +01:00] [Thread 1744] extDB3: Input from Server: 4:106
[23:29:41:283301 +01:00] [Thread 1744] extDB3: Output to Server: [3]
[23:29:41:283345 +01:00] [Thread 1744] extDB3: Input from Server: 4:106
[23:29:41:283358 +01:00] [Thread 1744] extDB3: Output to Server: [3]
[23:29:41:283384 +01:00] [Thread 1744] extDB3: Input from Server: 4:106
[23:29:41:283396 +01:00] [Thread 1744] extDB3: Output to Server: [3]
[23:29:41:283419 +01:00] [Thread 1744] extDB3: Input from Server: 4:106
[23:29:41:283432 +01:00] [Thread 1744] extDB3: Output to Server: [3]
[23:29:41:283454 +01:00] [Thread 1744] extDB3: Input from Server: 4:106
[23:29:41:283466 +01:00] [Thread 1744] extDB3: Output to Server: [3]
[23:29:41:283489 +01:00] [Thread 1744] extDB3: Input from Server: 4:106
[23:29:41:283501 +01:00] [Thread 1744] extDB3: Output to Server: [3]
[23:29:41:283524 +01:00] [Thread 1744] extDB3: Input from Server: 4:106
[23:29:41:283536 +01:00] [Thread 1744] extDB3: Output to Server: [3]
[23:29:41:283558 +01:00] [Thread 1744] extDB3: Input from Server: 4:106
[23:29:41:283570 +01:00] [Thread 1744] extDB3: Output to Server: [3]
[23:29:41:283592 +01:00] [Thread 1744] extDB3: Input from Server: 4:106
[23:29:41:283604 +01:00] [Thread 1744] extDB3: Output to Server: [3]
[23:29:41:283627 +01:00] [Thread 1744] extDB3: Input from Server: 4:106
[23:29:41:283639 +01:00] [Thread 1744] extDB3: Output to Server: [3]
[23:29:41:283661 +01:00] [Thread 1744] extDB3: Input from Server: 4:106
[23:29:41:283673 +01:00] [Thread 1744] extDB3: Output to Server: [3]
[23:29:41:283695 +01:00] [Thread 1744] extDB3: Input from Server: 4:106
[23:29:41:283707 +01:00] [Thread 1744] extDB3: Output to Server: [3]
[23:29:41:283729 +01:00] [Thread 1744] extDB3: Input from Server: 4:106
[23:29:41:283741 +01:00] [Thread 1744] extDB3: Output to Server: [3]
[23:29:41:283764 +01:00] [Thread 1744] extDB3: Input from Server: 4:106
[23:29:41:283763 +01:00] [Thread 3580] extDB3: SQL: Trace: Result: [1,[[0,0,0,0]]]
[23:29:41:283782 +01:00] [Thread 1744] extDB3: Output to Server: [3]
[23:29:41:283841 +01:00] [Thread 1744] extDB3: Input from Server: 4:106
[23:29:41:283854 +01:00] [Thread 1744] extDB3: Output to Server: [1,[[0,0,0,0]]]
[23:29:41:284092 +01:00] [Thread 1744] extDB3: Input from Server: 2:1857:SELECT id FROM banque WHERE playerid='76561197964675179'
[23:29:41:284119 +01:00] [Thread 1744] extDB3: Output to Server: [2,"107"]
[23:29:41:284167 +01:00] [Thread 1744] extDB3: Input from Server: 4:107
[23:29:41:284166 +01:00] [Thread 3580] extDB3: SQL: Trace: Input: SELECT id FROM banque WHERE playerid='76561197964675179'
[23:29:41:284182 +01:00] [Thread 1744] extDB3: Output to Server: [3]
[23:29:41:284251 +01:00] [Thread 1744] extDB3: Input from Server: 4:107
[23:29:41:284263 +01:00] [Thread 1744] extDB3: Output to Server: [3]
[23:29:41:284288 +01:00] [Thread 1744] extDB3: Input from Server: 4:107
[23:29:41:284300 +01:00] [Thread 1744] extDB3: Output to Server: [3]
[23:29:41:284322 +01:00] [Thread 1744] extDB3: Input from Server: 4:107
[23:29:41:284334 +01:00] [Thread 1744] extDB3: Output to Server: [3]
[23:29:41:284357 +01:00] [Thread 1744] extDB3: Input from Server: 4:107
[23:29:41:284369 +01:00] [Thread 1744] extDB3: Output to Server: [3]
[23:29:41:284391 +01:00] [Thread 1744] extDB3: Input from Server: 4:107
[23:29:41:284403 +01:00] [Thread 1744] extDB3: Output to Server: [3]
[23:29:41:284426 +01:00] [Thread 1744] extDB3: Input from Server: 4:107
[23:29:41:284438 +01:00] [Thread 1744] extDB3: Output to Server: [3]
[23:29:41:284460 +01:00] [Thread 1744] extDB3: Input from Server: 4:107
[23:29:41:284472 +01:00] [Thread 1744] extDB3: Output to Server: [3]
[23:29:41:284494 +01:00] [Thread 1744] extDB3: Input from Server: 4:107
[23:29:41:284506 +01:00] [Thread 1744] extDB3: Output to Server: [3]
[23:29:41:284529 +01:00] [Thread 1744] extDB3: Input from Server: 4:107
[23:29:41:284541 +01:00] [Thread 1744] extDB3: Output to Server: [3]
[23:29:41:284564 +01:00] [Thread 1744] extDB3: Input from Server: 4:107
[23:29:41:284576 +01:00] [Thread 1744] extDB3: Output to Server: [3]
[23:29:41:284574 +01:00] [Thread 3580] extDB3: SQL: Trace: Result: [1,[]]
[23:29:41:284599 +01:00] [Thread 1744] extDB3: Input from Server: 4:107
[23:29:41:284626 +01:00] [Thread 1744] extDB3: Output to Server: [1,[]]
[23:29:41:284780 +01:00] [Thread 1744] extDB3: Input from Server: 2:1857:SELECT id FROM banque WHERE playerid='76561197964675179' AND entreprise='1'
[23:29:41:284806 +01:00] [Thread 1744] extDB3: Output to Server: [2,"108"]
[23:29:41:284852 +01:00] [Thread 1744] extDB3: Input from Server: 4:108
[23:29:41:284851 +01:00] [Thread 3580] extDB3: SQL: Trace: Input: SELECT id FROM banque WHERE playerid='76561197964675179' AND entreprise='1'
[23:29:41:284867 +01:00] [Thread 1744] extDB3: Output to Server: [3]
[23:29:41:284929 +01:00] [Thread 1744] extDB3: Input from Server: 4:108
[23:29:41:284942 +01:00] [Thread 1744] extDB3: Output to Server: [3]
[23:29:41:284965 +01:00] [Thread 1744] extDB3: Input from Server: 4:108
[23:29:41:284977 +01:00] [Thread 1744] extDB3: Output to Server: [3]
[23:29:41:285000 +01:00] [Thread 1744] extDB3: Input from Server: 4:108
[23:29:41:285012 +01:00] [Thread 1744] extDB3: Output to Server: [3]
[23:29:41:285034 +01:00] [Thread 1744] extDB3: Input from Server: 4:108
[23:29:41:285046 +01:00] [Thread 1744] extDB3: Output to Server: [3]
[23:29:41:285068 +01:00] [Thread 1744] extDB3: Input from Server: 4:108
[23:29:41:285080 +01:00] [Thread 1744] extDB3: Output to Server: [3]
[23:29:41:285103 +01:00] [Thread 1744] extDB3: Input from Server: 4:108
[23:29:41:285114 +01:00] [Thread 1744] extDB3: Output to Server: [3]
[23:29:41:285137 +01:00] [Thread 1744] extDB3: Input from Server: 4:108
[23:29:41:285149 +01:00] [Thread 1744] extDB3: Output to Server: [3]
[23:29:41:285171 +01:00] [Thread 1744] extDB3: Input from Server: 4:108
[23:29:41:285183 +01:00] [Thread 1744] extDB3: Output to Server: [3]
[23:29:41:285206 +01:00] [Thread 1744] extDB3: Input from Server: 4:108
[23:29:41:285222 +01:00] [Thread 1744] extDB3: Output to Server: [3]
[23:29:41:285247 +01:00] [Thread 1744] extDB3: Input from Server: 4:108
[23:29:41:285260 +01:00] [Thread 1744] extDB3: Output to Server: [3]
[23:29:41:285273 +01:00] [Thread 3580] extDB3: SQL: Trace: Result: [1,[]]
[23:29:41:285282 +01:00] [Thread 1744] extDB3: Input from Server: 4:108
[23:29:41:285332 +01:00] [Thread 1744] extDB3: Output to Server: [1,[]]
[23:29:41:285484 +01:00] [Thread 1744] extDB3: Input from Server: 2:1857:SELECT id, bankacc FROM banque WHERE playerid='76561197964675179' AND dflt='1'
[23:29:41:285508 +01:00] [Thread 1744] extDB3: Output to Server: [2,"109"]
[23:29:41:285554 +01:00] [Thread 1744] extDB3: Input from Server: 4:109
[23:29:41:285555 +01:00] [Thread 3580] extDB3: SQL: Trace: Input: SELECT id, bankacc FROM banque WHERE playerid='76561197964675179' AND dflt='1'
[23:29:41:285569 +01:00] [Thread 1744] extDB3: Output to Server: [3]
[23:29:41:285633 +01:00] [Thread 1744] extDB3: Input from Server: 4:109
[23:29:41:285646 +01:00] [Thread 1744] extDB3: Output to Server: [3]
[23:29:41:285669 +01:00] [Thread 1744] extDB3: Input from Server: 4:109
[23:29:41:285681 +01:00] [Thread 1744] extDB3: Output to Server: [3]
[23:29:41:285703 +01:00] [Thread 1744] extDB3: Input from Server: 4:109
[23:29:41:285715 +01:00] [Thread 1744] extDB3: Output to Server: [3]
[23:29:41:285738 +01:00] [Thread 1744] extDB3: Input from Server: 4:109
[23:29:41:285750 +01:00] [Thread 1744] extDB3: Output to Server: [3]
[23:29:41:285772 +01:00] [Thread 1744] extDB3: Input from Server: 4:109
[23:29:41:285793 +01:00] [Thread 1744] extDB3: Output to Server: [3]
[23:29:41:285816 +01:00] [Thread 1744] extDB3: Input from Server: 4:109
[23:29:41:285828 +01:00] [Thread 1744] extDB3: Output to Server: [3]
[23:29:41:285851 +01:00] [Thread 1744] extDB3: Input from Server: 4:109
[23:29:41:285863 +01:00] [Thread 1744] extDB3: Output to Server: [3]
[23:29:41:285885 +01:00] [Thread 1744] extDB3: Input from Server: 4:109
[23:29:41:285897 +01:00] [Thread 1744] extDB3: Output to Server: [3]
[23:29:41:285920 +01:00] [Thread 1744] extDB3: Input from Server: 4:109
[23:29:41:285932 +01:00] [Thread 1744] extDB3: Output to Server: [3]
[23:29:41:285954 +01:00] [Thread 1744] extDB3: Input from Server: 4:109
[23:29:41:285966 +01:00] [Thread 1744] extDB3: Output to Server: [3]
[23:29:41:285989 +01:00] [Thread 3580] extDB3: SQL: Trace: Result: [1,[]]
[23:29:41:307067 +01:00] [Thread 1744] extDB3: Input from Server: 4:109
[23:29:41:307121 +01:00] [Thread 1744] extDB3: Output to Server: [1,[]]
