
extDB3: https://bitbucket.org/torndeco/extdb3/wiki/Home
extDB3: Version: 1.028
extDB3: Windows Debug Version

Message: All development for extDB3 is done on a Linux Dedicated Server
Message: If you would like to Donate to extDB3 Development
Message: https://www.paypal.com/cgi-bin/webscr?cmd=_s-xclick&hosted_button_id=2SUEFTGABTAM2
Message: Also leave a message if there is any particular feature you would like to see added.
Message: Thanks for all the people that have donated.
Message: Torndeco: 18/05/15


extDB3: Found extdb3-conf.ini
extDB3: Detected 8 Cores, Setting up 6 Worker Threads
extDB3: ...
extDB3: ...
extDB3: ...
extDB3: ...
extDB3: ...
extDB3: ...


[23:33:25:486773 +01:00] [Thread 2320] extDB3: Input from Server: 9:VERSION
[23:33:25:486817 +01:00] [Thread 2320] extDB3: Output to Server: 1.028
[23:33:26:708329 +01:00] [Thread 2320] extDB3: Input from Server: 9:ADD_DATABASE:DatabaseName2
[23:33:26:710877 +01:00] [Thread 2320] extDB3: Output to Server: [1]
[23:33:26:710931 +01:00] [Thread 2320] extDB3: Input from Server: 9:ADD_DATABASE_PROTOCOL:DatabaseName2:SQL:3950:TEXT2
[23:33:26:710959 +01:00] [Thread 2320] extDB3: SQL: Initialized: Add Quotes around TEXT Datatypes mode: 2
[23:33:26:710966 +01:00] [Thread 2320] extDB3: SQL: Initialized: NULL = ""
[23:33:26:710973 +01:00] [Thread 2320] extDB3: Output to Server: [1]
[23:33:26:710992 +01:00] [Thread 2320] extDB3: Input from Server: 9:LOCK
[23:33:26:711001 +01:00] [Thread 2320] extDB3: Locked
[23:33:26:711006 +01:00] [Thread 2320] extDB3: Output to Server: [1]
[23:33:26:753109 +01:00] [Thread 2320] extDB3: Input from Server: 1:3950:CALL deleteOldGangs
[23:33:26:753144 +01:00] [Thread 2320] extDB3: Output to Server: 
[23:33:26:753194 +01:00] [Thread 2608] extDB3: SQL: Trace: Input: CALL deleteOldGangs
[23:33:26:753770 +01:00] [Thread 2608] extDB3: SQL: Trace: Result: [1,[]]
[23:33:26:754295 +01:00] [Thread 2320] extDB3: Input from Server: 1:3950:CALL resetLifeVehicles
[23:33:26:754313 +01:00] [Thread 2320] extDB3: Output to Server: 
[23:33:26:754352 +01:00] [Thread 2608] extDB3: SQL: Trace: Input: CALL resetLifeVehicles
[23:33:26:754382 +01:00] [Thread 2320] extDB3: Input from Server: 1:3950:CALL deleteDeadVehicles
[23:33:26:754396 +01:00] [Thread 2320] extDB3: Output to Server: 
[23:33:26:754445 +01:00] [Thread 2940] extDB3: SQL: Trace: Input: CALL deleteDeadVehicles
[23:33:26:754452 +01:00] [Thread 2320] extDB3: Input from Server: 1:3950:CALL deleteOldHouses
[23:33:26:754483 +01:00] [Thread 2320] extDB3: Output to Server: 
[23:33:26:754529 +01:00] [Thread 2308] extDB3: SQL: Trace: Input: CALL deleteOldHouses
[23:33:26:754627 +01:00] [Thread 2320] extDB3: Input from Server: 2:3950:SELECT COUNT(*) FROM houses WHERE owned='1'
[23:33:26:754646 +01:00] [Thread 2320] extDB3: Output to Server: [2,"100"]
[23:33:26:754691 +01:00] [Thread 2320] extDB3: Input from Server: 4:100
[23:33:26:754697 +01:00] [Thread 2680] extDB3: SQL: Trace: Input: SELECT COUNT(*) FROM houses WHERE owned='1'
[23:33:26:754710 +01:00] [Thread 2320] extDB3: Output to Server: [3]
[23:33:26:754746 +01:00] [Thread 2320] extDB3: Input from Server: 4:100
[23:33:26:754757 +01:00] [Thread 2320] extDB3: Output to Server: [3]
[23:33:26:754776 +01:00] [Thread 2320] extDB3: Input from Server: 4:100
[23:33:26:754786 +01:00] [Thread 2320] extDB3: Output to Server: [3]
[23:33:26:754804 +01:00] [Thread 2320] extDB3: Input from Server: 4:100
[23:33:26:754813 +01:00] [Thread 2320] extDB3: Output to Server: [3]
[23:33:26:754832 +01:00] [Thread 2320] extDB3: Input from Server: 4:100
[23:33:26:757288 +01:00] [Thread 2320] extDB3: Output to Server: [3]
[23:33:26:757339 +01:00] [Thread 2320] extDB3: Input from Server: 4:100
[23:33:26:757349 +01:00] [Thread 2320] extDB3: Output to Server: [3]
[23:33:26:757372 +01:00] [Thread 2320] extDB3: Input from Server: 4:100
[23:33:26:757380 +01:00] [Thread 2320] extDB3: Output to Server: [3]
[23:33:26:757394 +01:00] [Thread 2320] extDB3: Input from Server: 4:100
[23:33:26:757402 +01:00] [Thread 2320] extDB3: Output to Server: [3]
[23:33:26:757467 +01:00] [Thread 2320] extDB3: Input from Server: 4:100
[23:33:26:757616 +01:00] [Thread 2320] extDB3: Output to Server: [3]
[23:33:26:757632 +01:00] [Thread 2320] extDB3: Input from Server: 4:100
[23:33:26:757639 +01:00] [Thread 2320] extDB3: Output to Server: [3]
[23:33:26:757654 +01:00] [Thread 2320] extDB3: Input from Server: 4:100
[23:33:26:757661 +01:00] [Thread 2320] extDB3: Output to Server: [3]
[23:33:26:757674 +01:00] [Thread 2320] extDB3: Input from Server: 4:100
[23:33:26:757682 +01:00] [Thread 2320] extDB3: Output to Server: [3]
[23:33:26:757695 +01:00] [Thread 2320] extDB3: Input from Server: 4:100
[23:33:26:757703 +01:00] [Thread 2320] extDB3: Output to Server: [3]
[23:33:26:757716 +01:00] [Thread 2320] extDB3: Input from Server: 4:100
[23:33:26:757723 +01:00] [Thread 2320] extDB3: Output to Server: [3]
[23:33:26:757737 +01:00] [Thread 2320] extDB3: Input from Server: 4:100
[23:33:26:757744 +01:00] [Thread 2320] extDB3: Output to Server: [3]
[23:33:26:757758 +01:00] [Thread 2320] extDB3: Input from Server: 4:100
[23:33:26:757765 +01:00] [Thread 2320] extDB3: Output to Server: [3]
[23:33:26:757778 +01:00] [Thread 2320] extDB3: Input from Server: 4:100
[23:33:26:757785 +01:00] [Thread 2320] extDB3: Output to Server: [3]
[23:33:26:757799 +01:00] [Thread 2320] extDB3: Input from Server: 4:100
[23:33:26:757806 +01:00] [Thread 2320] extDB3: Output to Server: [3]
[23:33:26:757820 +01:00] [Thread 2320] extDB3: Input from Server: 4:100
[23:33:26:757938 +01:00] [Thread 2320] extDB3: Output to Server: [3]
[23:33:26:757952 +01:00] [Thread 2320] extDB3: Input from Server: 4:100
[23:33:26:757960 +01:00] [Thread 2320] extDB3: Output to Server: [3]
[23:33:26:757973 +01:00] [Thread 2320] extDB3: Input from Server: 4:100
[23:33:26:757981 +01:00] [Thread 2320] extDB3: Output to Server: [3]
[23:33:26:757994 +01:00] [Thread 2320] extDB3: Input from Server: 4:100
[23:33:26:758001 +01:00] [Thread 2320] extDB3: Output to Server: [3]
[23:33:26:758015 +01:00] [Thread 2320] extDB3: Input from Server: 4:100
[23:33:26:758022 +01:00] [Thread 2320] extDB3: Output to Server: [3]
[23:33:26:758036 +01:00] [Thread 2320] extDB3: Input from Server: 4:100
[23:33:26:758043 +01:00] [Thread 2320] extDB3: Output to Server: [3]
[23:33:26:758057 +01:00] [Thread 2320] extDB3: Input from Server: 4:100
[23:33:26:758064 +01:00] [Thread 2320] extDB3: Output to Server: [3]
[23:33:26:758078 +01:00] [Thread 2320] extDB3: Input from Server: 4:100
[23:33:26:758085 +01:00] [Thread 2320] extDB3: Output to Server: [3]
[23:33:26:758099 +01:00] [Thread 2320] extDB3: Input from Server: 4:100
[23:33:26:758106 +01:00] [Thread 2320] extDB3: Output to Server: [3]
[23:33:26:758119 +01:00] [Thread 2320] extDB3: Input from Server: 4:100
[23:33:26:758126 +01:00] [Thread 2320] extDB3: Output to Server: [3]
[23:33:26:758140 +01:00] [Thread 2320] extDB3: Input from Server: 4:100
[23:33:26:758147 +01:00] [Thread 2320] extDB3: Output to Server: [3]
[23:33:26:758161 +01:00] [Thread 2320] extDB3: Input from Server: 4:100
[23:33:26:758168 +01:00] [Thread 2320] extDB3: Output to Server: [3]
[23:33:26:758182 +01:00] [Thread 2320] extDB3: Input from Server: 4:100
[23:33:26:758189 +01:00] [Thread 2320] extDB3: Output to Server: [3]
[23:33:26:758202 +01:00] [Thread 2320] extDB3: Input from Server: 4:100
[23:33:26:758209 +01:00] [Thread 2320] extDB3: Output to Server: [3]
[23:33:26:758223 +01:00] [Thread 2320] extDB3: Input from Server: 4:100
[23:33:26:758230 +01:00] [Thread 2320] extDB3: Output to Server: [3]
[23:33:26:758244 +01:00] [Thread 2320] extDB3: Input from Server: 4:100
[23:33:26:758251 +01:00] [Thread 2320] extDB3: Output to Server: [3]
[23:33:26:758265 +01:00] [Thread 2320] extDB3: Input from Server: 4:100
[23:33:26:758272 +01:00] [Thread 2320] extDB3: Output to Server: [3]
[23:33:26:758285 +01:00] [Thread 2320] extDB3: Input from Server: 4:100
[23:33:26:758292 +01:00] [Thread 2320] extDB3: Output to Server: [3]
[23:33:26:758306 +01:00] [Thread 2320] extDB3: Input from Server: 4:100
[23:33:26:758313 +01:00] [Thread 2320] extDB3: Output to Server: [3]
[23:33:26:758352 +01:00] [Thread 2320] extDB3: Input from Server: 4:100
[23:33:26:758366 +01:00] [Thread 2320] extDB3: Output to Server: [3]
[23:33:26:758381 +01:00] [Thread 2320] extDB3: Input from Server: 4:100
[23:33:26:758389 +01:00] [Thread 2320] extDB3: Output to Server: [3]
[23:33:26:758402 +01:00] [Thread 2320] extDB3: Input from Server: 4:100
[23:33:26:758409 +01:00] [Thread 2320] extDB3: Output to Server: [3]
[23:33:26:758423 +01:00] [Thread 2320] extDB3: Input from Server: 4:100
[23:33:26:758430 +01:00] [Thread 2320] extDB3: Output to Server: [3]
[23:33:26:758444 +01:00] [Thread 2320] extDB3: Input from Server: 4:100
[23:33:26:758451 +01:00] [Thread 2320] extDB3: Output to Server: [3]
[23:33:26:758465 +01:00] [Thread 2320] extDB3: Input from Server: 4:100
[23:33:26:758472 +01:00] [Thread 2320] extDB3: Output to Server: [3]
[23:33:26:758486 +01:00] [Thread 2320] extDB3: Input from Server: 4:100
[23:33:26:758494 +01:00] [Thread 2320] extDB3: Output to Server: [3]
[23:33:26:758510 +01:00] [Thread 2320] extDB3: Input from Server: 4:100
[23:33:26:758518 +01:00] [Thread 2320] extDB3: Output to Server: [3]
[23:33:26:758532 +01:00] [Thread 2320] extDB3: Input from Server: 4:100
[23:33:26:758539 +01:00] [Thread 2320] extDB3: Output to Server: [3]
[23:33:26:758553 +01:00] [Thread 2320] extDB3: Input from Server: 4:100
[23:33:26:758560 +01:00] [Thread 2320] extDB3: Output to Server: [3]
[23:33:26:758574 +01:00] [Thread 2320] extDB3: Input from Server: 4:100
[23:33:26:758581 +01:00] [Thread 2320] extDB3: Output to Server: [3]
[23:33:26:758595 +01:00] [Thread 2320] extDB3: Input from Server: 4:100
[23:33:26:758602 +01:00] [Thread 2320] extDB3: Output to Server: [3]
[23:33:26:758616 +01:00] [Thread 2320] extDB3: Input from Server: 4:100
[23:33:26:758623 +01:00] [Thread 2320] extDB3: Output to Server: [3]
[23:33:26:758637 +01:00] [Thread 2320] extDB3: Input from Server: 4:100
[23:33:26:758644 +01:00] [Thread 2320] extDB3: Output to Server: [3]
[23:33:26:758658 +01:00] [Thread 2320] extDB3: Input from Server: 4:100
[23:33:26:758665 +01:00] [Thread 2320] extDB3: Output to Server: [3]
[23:33:26:758679 +01:00] [Thread 2320] extDB3: Input from Server: 4:100
[23:33:26:758686 +01:00] [Thread 2320] extDB3: Output to Server: [3]
[23:33:26:758700 +01:00] [Thread 2320] extDB3: Input from Server: 4:100
[23:33:26:758708 +01:00] [Thread 2320] extDB3: Output to Server: [3]
[23:33:26:758721 +01:00] [Thread 2320] extDB3: Input from Server: 4:100
[23:33:26:758729 +01:00] [Thread 2320] extDB3: Output to Server: [3]
[23:33:26:758743 +01:00] [Thread 2320] extDB3: Input from Server: 4:100
[23:33:26:758750 +01:00] [Thread 2320] extDB3: Output to Server: [3]
[23:33:26:758764 +01:00] [Thread 2320] extDB3: Input from Server: 4:100
[23:33:26:758771 +01:00] [Thread 2320] extDB3: Output to Server: [3]
[23:33:26:758785 +01:00] [Thread 2320] extDB3: Input from Server: 4:100
[23:33:26:758792 +01:00] [Thread 2320] extDB3: Output to Server: [3]
[23:33:26:758806 +01:00] [Thread 2320] extDB3: Input from Server: 4:100
[23:33:26:758813 +01:00] [Thread 2320] extDB3: Output to Server: [3]
[23:33:26:758827 +01:00] [Thread 2320] extDB3: Input from Server: 4:100
[23:33:26:758834 +01:00] [Thread 2320] extDB3: Output to Server: [3]
[23:33:26:758848 +01:00] [Thread 2320] extDB3: Input from Server: 4:100
[23:33:26:758855 +01:00] [Thread 2320] extDB3: Output to Server: [3]
[23:33:26:758869 +01:00] [Thread 2320] extDB3: Input from Server: 4:100
[23:33:26:758876 +01:00] [Thread 2320] extDB3: Output to Server: [3]
[23:33:26:758890 +01:00] [Thread 2320] extDB3: Input from Server: 4:100
[23:33:26:758897 +01:00] [Thread 2320] extDB3: Output to Server: [3]
[23:33:26:758911 +01:00] [Thread 2320] extDB3: Input from Server: 4:100
[23:33:26:758919 +01:00] [Thread 2320] extDB3: Output to Server: [3]
[23:33:26:758932 +01:00] [Thread 2320] extDB3: Input from Server: 4:100
[23:33:26:758940 +01:00] [Thread 2320] extDB3: Output to Server: [3]
[23:33:26:758954 +01:00] [Thread 2320] extDB3: Input from Server: 4:100
[23:33:26:758962 +01:00] [Thread 2320] extDB3: Output to Server: [3]
[23:33:26:758977 +01:00] [Thread 2320] extDB3: Input from Server: 4:100
[23:33:26:758985 +01:00] [Thread 2320] extDB3: Output to Server: [3]
[23:33:26:758999 +01:00] [Thread 2320] extDB3: Input from Server: 4:100
[23:33:26:759006 +01:00] [Thread 2320] extDB3: Output to Server: [3]
[23:33:26:759020 +01:00] [Thread 2320] extDB3: Input from Server: 4:100
[23:33:26:759027 +01:00] [Thread 2320] extDB3: Output to Server: [3]
[23:33:26:759041 +01:00] [Thread 2320] extDB3: Input from Server: 4:100
[23:33:26:759048 +01:00] [Thread 2320] extDB3: Output to Server: [3]
[23:33:26:759062 +01:00] [Thread 2320] extDB3: Input from Server: 4:100
[23:33:26:759069 +01:00] [Thread 2320] extDB3: Output to Server: [3]
[23:33:26:759083 +01:00] [Thread 2320] extDB3: Input from Server: 4:100
[23:33:26:759090 +01:00] [Thread 2320] extDB3: Output to Server: [3]
[23:33:26:759104 +01:00] [Thread 2320] extDB3: Input from Server: 4:100
[23:33:26:759111 +01:00] [Thread 2320] extDB3: Output to Server: [3]
[23:33:26:759125 +01:00] [Thread 2320] extDB3: Input from Server: 4:100
[23:33:26:759151 +01:00] [Thread 2940] extDB3: SQL: Trace: Result: [1,[]]
[23:33:26:759378 +01:00] [Thread 2320] extDB3: Output to Server: [3]
[23:33:26:759393 +01:00] [Thread 2320] extDB3: Input from Server: 4:100
[23:33:26:759401 +01:00] [Thread 2320] extDB3: Output to Server: [3]
[23:33:26:759414 +01:00] [Thread 2320] extDB3: Input from Server: 4:100
[23:33:26:759422 +01:00] [Thread 2320] extDB3: Output to Server: [3]
[23:33:26:759436 +01:00] [Thread 2320] extDB3: Input from Server: 4:100
[23:33:26:759443 +01:00] [Thread 2320] extDB3: Output to Server: [3]
[23:33:26:759456 +01:00] [Thread 2320] extDB3: Input from Server: 4:100
[23:33:26:759464 +01:00] [Thread 2320] extDB3: Output to Server: [3]
[23:33:26:759478 +01:00] [Thread 2320] extDB3: Input from Server: 4:100
[23:33:26:759485 +01:00] [Thread 2320] extDB3: Output to Server: [3]
[23:33:26:759499 +01:00] [Thread 2320] extDB3: Input from Server: 4:100
[23:33:26:759506 +01:00] [Thread 2320] extDB3: Output to Server: [3]
[23:33:26:759520 +01:00] [Thread 2320] extDB3: Input from Server: 4:100
[23:33:26:759527 +01:00] [Thread 2320] extDB3: Output to Server: [3]
[23:33:26:759541 +01:00] [Thread 2320] extDB3: Input from Server: 4:100
[23:33:26:759548 +01:00] [Thread 2320] extDB3: Output to Server: [3]
[23:33:26:759562 +01:00] [Thread 2320] extDB3: Input from Server: 4:100
[23:33:26:759569 +01:00] [Thread 2320] extDB3: Output to Server: [3]
[23:33:26:759583 +01:00] [Thread 2320] extDB3: Input from Server: 4:100
[23:33:26:759730 +01:00] [Thread 2320] extDB3: Output to Server: [3]
[23:33:26:759745 +01:00] [Thread 2320] extDB3: Input from Server: 4:100
[23:33:26:759753 +01:00] [Thread 2320] extDB3: Output to Server: [3]
[23:33:26:759767 +01:00] [Thread 2320] extDB3: Input from Server: 4:100
[23:33:26:759774 +01:00] [Thread 2320] extDB3: Output to Server: [3]
[23:33:26:759788 +01:00] [Thread 2320] extDB3: Input from Server: 4:100
[23:33:26:759796 +01:00] [Thread 2320] extDB3: Output to Server: [3]
[23:33:26:759809 +01:00] [Thread 2320] extDB3: Input from Server: 4:100
[23:33:26:759817 +01:00] [Thread 2320] extDB3: Output to Server: [3]
[23:33:26:759831 +01:00] [Thread 2320] extDB3: Input from Server: 4:100
[23:33:26:759838 +01:00] [Thread 2320] extDB3: Output to Server: [3]
[23:33:26:759852 +01:00] [Thread 2320] extDB3: Input from Server: 4:100
[23:33:26:759859 +01:00] [Thread 2320] extDB3: Output to Server: [3]
[23:33:26:759873 +01:00] [Thread 2320] extDB3: Input from Server: 4:100
[23:33:26:759880 +01:00] [Thread 2320] extDB3: Output to Server: [3]
[23:33:26:759894 +01:00] [Thread 2320] extDB3: Input from Server: 4:100
[23:33:26:759901 +01:00] [Thread 2320] extDB3: Output to Server: [3]
[23:33:26:759915 +01:00] [Thread 2320] extDB3: Input from Server: 4:100
[23:33:26:759922 +01:00] [Thread 2320] extDB3: Output to Server: [3]
[23:33:26:759936 +01:00] [Thread 2320] extDB3: Input from Server: 4:100
[23:33:26:760050 +01:00] [Thread 2320] extDB3: Output to Server: [3]
[23:33:26:760069 +01:00] [Thread 2320] extDB3: Input from Server: 4:100
[23:33:26:760077 +01:00] [Thread 2320] extDB3: Output to Server: [3]
[23:33:26:760091 +01:00] [Thread 2320] extDB3: Input from Server: 4:100
[23:33:26:760098 +01:00] [Thread 2320] extDB3: Output to Server: [3]
[23:33:26:760112 +01:00] [Thread 2320] extDB3: Input from Server: 4:100
[23:33:26:760119 +01:00] [Thread 2320] extDB3: Output to Server: [3]
[23:33:26:760133 +01:00] [Thread 2320] extDB3: Input from Server: 4:100
[23:33:26:760140 +01:00] [Thread 2320] extDB3: Output to Server: [3]
[23:33:26:760153 +01:00] [Thread 2320] extDB3: Input from Server: 4:100
[23:33:26:760161 +01:00] [Thread 2320] extDB3: Output to Server: [3]
[23:33:26:760174 +01:00] [Thread 2320] extDB3: Input from Server: 4:100
[23:33:26:760182 +01:00] [Thread 2320] extDB3: Output to Server: [3]
[23:33:26:760195 +01:00] [Thread 2320] extDB3: Input from Server: 4:100
[23:33:26:760203 +01:00] [Thread 2320] extDB3: Output to Server: [3]
[23:33:26:760217 +01:00] [Thread 2320] extDB3: Input from Server: 4:100
[23:33:26:760224 +01:00] [Thread 2320] extDB3: Output to Server: [3]
[23:33:26:760238 +01:00] [Thread 2320] extDB3: Input from Server: 4:100
[23:33:26:760245 +01:00] [Thread 2320] extDB3: Output to Server: [3]
[23:33:26:760258 +01:00] [Thread 2320] extDB3: Input from Server: 4:100
[23:33:26:760266 +01:00] [Thread 2320] extDB3: Output to Server: [3]
[23:33:26:760279 +01:00] [Thread 2320] extDB3: Input from Server: 4:100
[23:33:26:760287 +01:00] [Thread 2320] extDB3: Output to Server: [3]
[23:33:26:760301 +01:00] [Thread 2320] extDB3: Input from Server: 4:100
[23:33:26:760308 +01:00] [Thread 2320] extDB3: Output to Server: [3]
[23:33:26:760322 +01:00] [Thread 2320] extDB3: Input from Server: 4:100
[23:33:26:760329 +01:00] [Thread 2320] extDB3: Output to Server: [3]
[23:33:26:760343 +01:00] [Thread 2320] extDB3: Input from Server: 4:100
[23:33:26:760350 +01:00] [Thread 2320] extDB3: Output to Server: [3]
[23:33:26:760373 +01:00] [Thread 2320] extDB3: Input from Server: 4:100
[23:33:26:760381 +01:00] [Thread 2320] extDB3: Output to Server: [3]
[23:33:26:760402 +01:00] [Thread 2320] extDB3: Input from Server: 4:100
[23:33:26:760410 +01:00] [Thread 2320] extDB3: Output to Server: [3]
[23:33:26:760443 +01:00] [Thread 2320] extDB3: Input from Server: 4:100
[23:33:26:760452 +01:00] [Thread 2320] extDB3: Output to Server: [3]
[23:33:26:760468 +01:00] [Thread 2320] extDB3: Input from Server: 4:100
[23:33:26:760476 +01:00] [Thread 2320] extDB3: Output to Server: [3]
[23:33:26:760492 +01:00] [Thread 2320] extDB3: Input from Server: 4:100
[23:33:26:760500 +01:00] [Thread 2320] extDB3: Output to Server: [3]
[23:33:26:760516 +01:00] [Thread 2320] extDB3: Input from Server: 4:100
[23:33:26:760525 +01:00] [Thread 2320] extDB3: Output to Server: [3]
[23:33:26:760541 +01:00] [Thread 2320] extDB3: Input from Server: 4:100
[23:33:26:760549 +01:00] [Thread 2320] extDB3: Output to Server: [3]
[23:33:26:760565 +01:00] [Thread 2320] extDB3: Input from Server: 4:100
[23:33:26:760573 +01:00] [Thread 2320] extDB3: Output to Server: [3]
[23:33:26:760589 +01:00] [Thread 2320] extDB3: Input from Server: 4:100
[23:33:26:760598 +01:00] [Thread 2320] extDB3: Output to Server: [3]
[23:33:26:760613 +01:00] [Thread 2320] extDB3: Input from Server: 4:100
[23:33:26:760622 +01:00] [Thread 2320] extDB3: Output to Server: [3]
[23:33:26:760638 +01:00] [Thread 2320] extDB3: Input from Server: 4:100
[23:33:26:760646 +01:00] [Thread 2320] extDB3: Output to Server: [3]
[23:33:26:760662 +01:00] [Thread 2320] extDB3: Input from Server: 4:100
[23:33:26:760670 +01:00] [Thread 2320] extDB3: Output to Server: [3]
[23:33:26:760686 +01:00] [Thread 2320] extDB3: Input from Server: 4:100
[23:33:26:760695 +01:00] [Thread 2320] extDB3: Output to Server: [3]
[23:33:26:760710 +01:00] [Thread 2320] extDB3: Input from Server: 4:100
[23:33:26:760719 +01:00] [Thread 2320] extDB3: Output to Server: [3]
[23:33:26:760737 +01:00] [Thread 2320] extDB3: Input from Server: 4:100
[23:33:26:760746 +01:00] [Thread 2320] extDB3: Output to Server: [3]
[23:33:26:760762 +01:00] [Thread 2320] extDB3: Input from Server: 4:100
[23:33:26:760770 +01:00] [Thread 2320] extDB3: Output to Server: [3]
[23:33:26:760786 +01:00] [Thread 2320] extDB3: Input from Server: 4:100
[23:33:26:760795 +01:00] [Thread 2320] extDB3: Output to Server: [3]
[23:33:26:760810 +01:00] [Thread 2320] extDB3: Input from Server: 4:100
[23:33:26:760819 +01:00] [Thread 2320] extDB3: Output to Server: [3]
[23:33:26:760834 +01:00] [Thread 2320] extDB3: Input from Server: 4:100
[23:33:26:760843 +01:00] [Thread 2320] extDB3: Output to Server: [3]
[23:33:26:760859 +01:00] [Thread 2320] extDB3: Input from Server: 4:100
[23:33:26:760867 +01:00] [Thread 2320] extDB3: Output to Server: [3]
[23:33:26:760883 +01:00] [Thread 2320] extDB3: Input from Server: 4:100
[23:33:26:760892 +01:00] [Thread 2320] extDB3: Output to Server: [3]
[23:33:26:760907 +01:00] [Thread 2320] extDB3: Input from Server: 4:100
[23:33:26:760916 +01:00] [Thread 2320] extDB3: Output to Server: [3]
[23:33:26:760932 +01:00] [Thread 2320] extDB3: Input from Server: 4:100
[23:33:26:760940 +01:00] [Thread 2320] extDB3: Output to Server: [3]
[23:33:26:760956 +01:00] [Thread 2320] extDB3: Input from Server: 4:100
[23:33:26:760964 +01:00] [Thread 2320] extDB3: Output to Server: [3]
[23:33:26:760980 +01:00] [Thread 2320] extDB3: Input from Server: 4:100
[23:33:26:760988 +01:00] [Thread 2320] extDB3: Output to Server: [3]
[23:33:26:761004 +01:00] [Thread 2320] extDB3: Input from Server: 4:100
[23:33:26:761013 +01:00] [Thread 2320] extDB3: Output to Server: [3]
[23:33:26:761021 +01:00] [Thread 2608] extDB3: SQL: Error MariaDBQueryException: The user specified as a definer ('arma3'@'localhost') does not exist
[23:33:26:761047 +01:00] [Thread 2608] extDB3: SQL: Error MariaDBQueryException: Input: CALL resetLifeVehicles
[23:33:26:761029 +01:00] [Thread 2320] extDB3: Input from Server: 4:100
[23:33:26:761065 +01:00] [Thread 2320] extDB3: Output to Server: [3]
[23:33:26:761086 +01:00] [Thread 2320] extDB3: Input from Server: 4:100
[23:33:26:761099 +01:00] [Thread 2320] extDB3: Output to Server: [3]
[23:33:26:761116 +01:00] [Thread 2320] extDB3: Input from Server: 4:100
[23:33:26:761125 +01:00] [Thread 2320] extDB3: Output to Server: [3]
[23:33:26:761141 +01:00] [Thread 2320] extDB3: Input from Server: 4:100
[23:33:26:761149 +01:00] [Thread 2320] extDB3: Output to Server: [3]
[23:33:26:761165 +01:00] [Thread 2320] extDB3: Input from Server: 4:100
[23:33:26:761174 +01:00] [Thread 2320] extDB3: Output to Server: [3]
[23:33:26:761190 +01:00] [Thread 2320] extDB3: Input from Server: 4:100
[23:33:26:761198 +01:00] [Thread 2320] extDB3: Output to Server: [3]
[23:33:26:761214 +01:00] [Thread 2320] extDB3: Input from Server: 4:100
[23:33:26:761222 +01:00] [Thread 2320] extDB3: Output to Server: [3]
[23:33:26:761238 +01:00] [Thread 2320] extDB3: Input from Server: 4:100
[23:33:26:761247 +01:00] [Thread 2320] extDB3: Output to Server: [3]
[23:33:26:761263 +01:00] [Thread 2320] extDB3: Input from Server: 4:100
[23:33:26:761271 +01:00] [Thread 2320] extDB3: Output to Server: [3]
[23:33:26:761287 +01:00] [Thread 2320] extDB3: Input from Server: 4:100
[23:33:26:761295 +01:00] [Thread 2320] extDB3: Output to Server: [3]
[23:33:26:761311 +01:00] [Thread 2320] extDB3: Input from Server: 4:100
[23:33:26:761320 +01:00] [Thread 2320] extDB3: Output to Server: [3]
[23:33:26:761335 +01:00] [Thread 2320] extDB3: Input from Server: 4:100
[23:33:26:761344 +01:00] [Thread 2320] extDB3: Output to Server: [3]
[23:33:26:761351 +01:00] [Thread 2308] extDB3: SQL: Trace: Result: [1,[]]
[23:33:26:761360 +01:00] [Thread 2320] extDB3: Input from Server: 4:100
[23:33:26:761389 +01:00] [Thread 2320] extDB3: Output to Server: [3]
[23:33:26:761405 +01:00] [Thread 2320] extDB3: Input from Server: 4:100
[23:33:26:761414 +01:00] [Thread 2320] extDB3: Output to Server: [3]
[23:33:26:761430 +01:00] [Thread 2320] extDB3: Input from Server: 4:100
[23:33:26:761440 +01:00] [Thread 2320] extDB3: Output to Server: [3]
[23:33:26:761457 +01:00] [Thread 2320] extDB3: Input from Server: 4:100
[23:33:26:761465 +01:00] [Thread 2320] extDB3: Output to Server: [3]
[23:33:26:761482 +01:00] [Thread 2320] extDB3: Input from Server: 4:100
[23:33:26:761490 +01:00] [Thread 2320] extDB3: Output to Server: [3]
[23:33:26:761506 +01:00] [Thread 2320] extDB3: Input from Server: 4:100
[23:33:26:761515 +01:00] [Thread 2320] extDB3: Output to Server: [3]
[23:33:26:761530 +01:00] [Thread 2320] extDB3: Input from Server: 4:100
[23:33:26:761539 +01:00] [Thread 2320] extDB3: Output to Server: [3]
[23:33:26:761555 +01:00] [Thread 2320] extDB3: Input from Server: 4:100
[23:33:26:761563 +01:00] [Thread 2320] extDB3: Output to Server: [3]
[23:33:26:761558 +01:00] [Thread 2680] extDB3: SQL: Trace: Result: [1,[[0]]]
[23:33:26:761580 +01:00] [Thread 2320] extDB3: Input from Server: 4:100
[23:33:26:761611 +01:00] [Thread 2320] extDB3: Output to Server: [1,[[0]]]
[23:33:26:761785 +01:00] [Thread 2320] extDB3: Input from Server: 2:3950:SELECT houses.id, houses.pid, houses.pos, players.name FROM houses INNER JOIN players ON houses.pid=players.playerid WHERE houses.owned='1' LIMIT 0,10
[23:33:26:761809 +01:00] [Thread 2320] extDB3: Output to Server: [2,"101"]
[23:33:26:761846 +01:00] [Thread 2320] extDB3: Input from Server: 4:101
[23:33:26:761857 +01:00] [Thread 2320] extDB3: Output to Server: [3]
[23:33:26:761857 +01:00] [Thread 2680] extDB3: SQL: Trace: Input: SELECT houses.id, houses.pid, houses.pos, players.name FROM houses INNER JOIN players ON houses.pid=players.playerid WHERE houses.owned='1' LIMIT 0,10
[23:33:26:761883 +01:00] [Thread 2320] extDB3: Input from Server: 4:101
[23:33:26:761892 +01:00] [Thread 2320] extDB3: Output to Server: [3]
[23:33:26:761909 +01:00] [Thread 2320] extDB3: Input from Server: 4:101
[23:33:26:761918 +01:00] [Thread 2320] extDB3: Output to Server: [3]
[23:33:26:761934 +01:00] [Thread 2320] extDB3: Input from Server: 4:101
[23:33:26:761942 +01:00] [Thread 2320] extDB3: Output to Server: [3]
[23:33:26:761958 +01:00] [Thread 2320] extDB3: Input from Server: 4:101
[23:33:26:761966 +01:00] [Thread 2320] extDB3: Output to Server: [3]
[23:33:26:761982 +01:00] [Thread 2320] extDB3: Input from Server: 4:101
[23:33:26:761990 +01:00] [Thread 2320] extDB3: Output to Server: [3]
[23:33:26:762006 +01:00] [Thread 2320] extDB3: Input from Server: 4:101
[23:33:26:762015 +01:00] [Thread 2320] extDB3: Output to Server: [3]
[23:33:26:762030 +01:00] [Thread 2320] extDB3: Input from Server: 4:101
[23:33:26:762039 +01:00] [Thread 2320] extDB3: Output to Server: [3]
[23:33:26:762055 +01:00] [Thread 2320] extDB3: Input from Server: 4:101
[23:33:26:762063 +01:00] [Thread 2320] extDB3: Output to Server: [3]
[23:33:26:762079 +01:00] [Thread 2320] extDB3: Input from Server: 4:101
[23:33:26:762087 +01:00] [Thread 2320] extDB3: Output to Server: [3]
[23:33:26:762103 +01:00] [Thread 2320] extDB3: Input from Server: 4:101
[23:33:26:762111 +01:00] [Thread 2320] extDB3: Output to Server: [3]
[23:33:26:762127 +01:00] [Thread 2320] extDB3: Input from Server: 4:101
[23:33:26:762136 +01:00] [Thread 2320] extDB3: Output to Server: [3]
[23:33:26:762151 +01:00] [Thread 2320] extDB3: Input from Server: 4:101
[23:33:26:762160 +01:00] [Thread 2320] extDB3: Output to Server: [3]
[23:33:26:762176 +01:00] [Thread 2320] extDB3: Input from Server: 4:101
[23:33:26:762184 +01:00] [Thread 2320] extDB3: Output to Server: [3]
[23:33:26:762200 +01:00] [Thread 2320] extDB3: Input from Server: 4:101
[23:33:26:762208 +01:00] [Thread 2320] extDB3: Output to Server: [3]
[23:33:26:762212 +01:00] [Thread 2680] extDB3: SQL: Trace: Result: [1,[]]
[23:33:26:762224 +01:00] [Thread 2320] extDB3: Input from Server: 4:101
[23:33:26:762251 +01:00] [Thread 2320] extDB3: Output to Server: [1,[]]
[23:33:26:762933 +01:00] [Thread 2320] extDB3: Input from Server: 2:3950:SELECT prices FROM dynmarket WHERE id='1'
[23:33:26:762955 +01:00] [Thread 2320] extDB3: Output to Server: [2,"102"]
[23:33:26:762993 +01:00] [Thread 2320] extDB3: Input from Server: 4:102
[23:33:26:762992 +01:00] [Thread 2680] extDB3: SQL: Trace: Input: SELECT prices FROM dynmarket WHERE id='1'
[23:33:26:763005 +01:00] [Thread 2320] extDB3: Output to Server: [3]
[23:33:26:763056 +01:00] [Thread 2320] extDB3: Input from Server: 4:102
[23:33:26:763065 +01:00] [Thread 2320] extDB3: Output to Server: [3]
[23:33:26:763082 +01:00] [Thread 2320] extDB3: Input from Server: 4:102
[23:33:26:763090 +01:00] [Thread 2320] extDB3: Output to Server: [3]
[23:33:26:763106 +01:00] [Thread 2320] extDB3: Input from Server: 4:102
[23:33:26:763115 +01:00] [Thread 2320] extDB3: Output to Server: [3]
[23:33:26:763131 +01:00] [Thread 2320] extDB3: Input from Server: 4:102
[23:33:26:763139 +01:00] [Thread 2320] extDB3: Output to Server: [3]
[23:33:26:763155 +01:00] [Thread 2320] extDB3: Input from Server: 4:102
[23:33:26:763163 +01:00] [Thread 2320] extDB3: Output to Server: [3]
[23:33:26:763179 +01:00] [Thread 2320] extDB3: Input from Server: 4:102
[23:33:26:763187 +01:00] [Thread 2320] extDB3: Output to Server: [3]
[23:33:26:763203 +01:00] [Thread 2320] extDB3: Input from Server: 4:102
[23:33:26:763211 +01:00] [Thread 2320] extDB3: Output to Server: [3]
[23:33:26:763227 +01:00] [Thread 2320] extDB3: Input from Server: 4:102
[23:33:26:763236 +01:00] [Thread 2320] extDB3: Output to Server: [3]
[23:33:26:763251 +01:00] [Thread 2320] extDB3: Input from Server: 4:102
[23:33:26:763259 +01:00] [Thread 2320] extDB3: Output to Server: [3]
[23:33:26:763275 +01:00] [Thread 2320] extDB3: Input from Server: 4:102
[23:33:26:763276 +01:00] [Thread 2680] extDB3: SQL: Trace: Result: [1,[]]
[23:33:26:763284 +01:00] [Thread 2320] extDB3: Output to Server: [3]
[23:33:26:763318 +01:00] [Thread 2320] extDB3: Input from Server: 4:102
[23:33:26:763327 +01:00] [Thread 2320] extDB3: Output to Server: [1,[]]
[23:35:30:688103 +01:00] [Thread 2320] extDB3: Input from Server: 2:3950:SELECT playerid, name, cash, adminlevel, donatorlvl, civ_licenses, arrested, civ_gear FROM players WHERE playerid='76561197964675179'
[23:35:30:688183 +01:00] [Thread 2320] extDB3: Output to Server: [2,"103"]
[23:35:30:688231 +01:00] [Thread 2680] extDB3: SQL: Trace: Input: SELECT playerid, name, cash, adminlevel, donatorlvl, civ_licenses, arrested, civ_gear FROM players WHERE playerid='76561197964675179'
[23:35:30:688253 +01:00] [Thread 2320] extDB3: Input from Server: 4:103
[23:35:30:688299 +01:00] [Thread 2320] extDB3: Output to Server: [3]
[23:35:30:688343 +01:00] [Thread 2320] extDB3: Input from Server: 4:103
[23:35:30:688357 +01:00] [Thread 2320] extDB3: Output to Server: [3]
[23:35:30:688383 +01:00] [Thread 2320] extDB3: Input from Server: 4:103
[23:35:30:688395 +01:00] [Thread 2320] extDB3: Output to Server: [3]
[23:35:30:688419 +01:00] [Thread 2320] extDB3: Input from Server: 4:103
[23:35:30:688431 +01:00] [Thread 2320] extDB3: Output to Server: [3]
[23:35:30:688454 +01:00] [Thread 2320] extDB3: Input from Server: 4:103
[23:35:30:688466 +01:00] [Thread 2320] extDB3: Output to Server: [3]
[23:35:30:688489 +01:00] [Thread 2320] extDB3: Input from Server: 4:103
[23:35:30:688501 +01:00] [Thread 2320] extDB3: Output to Server: [3]
[23:35:30:688523 +01:00] [Thread 2320] extDB3: Input from Server: 4:103
[23:35:30:688538 +01:00] [Thread 2320] extDB3: Output to Server: [3]
[23:35:30:688561 +01:00] [Thread 2320] extDB3: Input from Server: 4:103
[23:35:30:688573 +01:00] [Thread 2320] extDB3: Output to Server: [3]
[23:35:30:688596 +01:00] [Thread 2320] extDB3: Input from Server: 4:103
[23:35:30:688608 +01:00] [Thread 2320] extDB3: Output to Server: [3]
[23:35:30:688631 +01:00] [Thread 2320] extDB3: Input from Server: 4:103
[23:35:30:688643 +01:00] [Thread 2320] extDB3: Output to Server: [3]
[23:35:30:688666 +01:00] [Thread 2320] extDB3: Input from Server: 4:103
[23:35:30:688678 +01:00] [Thread 2320] extDB3: Output to Server: [3]
[23:35:30:688701 +01:00] [Thread 2320] extDB3: Input from Server: 4:103
[23:35:30:688713 +01:00] [Thread 2320] extDB3: Output to Server: [3]
[23:35:30:688826 +01:00] [Thread 2320] extDB3: Input from Server: 4:103
[23:35:30:688846 +01:00] [Thread 2320] extDB3: Output to Server: [3]
[23:35:30:688870 +01:00] [Thread 2320] extDB3: Input from Server: 4:103
[23:35:30:688882 +01:00] [Thread 2320] extDB3: Output to Server: [3]
[23:35:30:688905 +01:00] [Thread 2320] extDB3: Input from Server: 4:103
[23:35:30:688917 +01:00] [Thread 2320] extDB3: Output to Server: [3]
[23:35:30:688940 +01:00] [Thread 2320] extDB3: Input from Server: 4:103
[23:35:30:688952 +01:00] [Thread 2320] extDB3: Output to Server: [3]
[23:35:30:688974 +01:00] [Thread 2320] extDB3: Input from Server: 4:103
[23:35:30:688986 +01:00] [Thread 2320] extDB3: Output to Server: [3]
[23:35:30:689009 +01:00] [Thread 2320] extDB3: Input from Server: 4:103
[23:35:30:689021 +01:00] [Thread 2320] extDB3: Output to Server: [3]
[23:35:30:689015 +01:00] [Thread 2680] extDB3: SQL: Trace: Result: [1,[['76561197964675179','Kira Luci',10000,0,0,[],0,[]]]]
[23:35:30:689044 +01:00] [Thread 2320] extDB3: Input from Server: 4:103
[23:35:30:689076 +01:00] [Thread 2320] extDB3: Output to Server: [1,[['76561197964675179','Kira Luci',10000,0,0,[],0,[]]]]
[23:35:30:709941 +01:00] [Thread 2320] extDB3: Input from Server: 2:3950:SELECT pid, pos, inventory, containers FROM houses WHERE pid='76561197964675179' AND owned='1'
[23:35:30:710005 +01:00] [Thread 2320] extDB3: Output to Server: [2,"104"]
[23:35:30:710053 +01:00] [Thread 2680] extDB3: SQL: Trace: Input: SELECT pid, pos, inventory, containers FROM houses WHERE pid='76561197964675179' AND owned='1'
[23:35:30:710074 +01:00] [Thread 2320] extDB3: Input from Server: 4:104
[23:35:30:710111 +01:00] [Thread 2320] extDB3: Output to Server: [3]
[23:35:30:710155 +01:00] [Thread 2320] extDB3: Input from Server: 4:104
[23:35:30:710169 +01:00] [Thread 2320] extDB3: Output to Server: [3]
[23:35:30:710195 +01:00] [Thread 2320] extDB3: Input from Server: 4:104
[23:35:30:710207 +01:00] [Thread 2320] extDB3: Output to Server: [3]
[23:35:30:710230 +01:00] [Thread 2320] extDB3: Input from Server: 4:104
[23:35:30:710242 +01:00] [Thread 2320] extDB3: Output to Server: [3]
[23:35:30:710266 +01:00] [Thread 2320] extDB3: Input from Server: 4:104
[23:35:30:710278 +01:00] [Thread 2320] extDB3: Output to Server: [3]
[23:35:30:710301 +01:00] [Thread 2320] extDB3: Input from Server: 4:104
[23:35:30:710313 +01:00] [Thread 2320] extDB3: Output to Server: [3]
[23:35:30:710335 +01:00] [Thread 2320] extDB3: Input from Server: 4:104
[23:35:30:710347 +01:00] [Thread 2320] extDB3: Output to Server: [3]
[23:35:30:710370 +01:00] [Thread 2320] extDB3: Input from Server: 4:104
[23:35:30:710382 +01:00] [Thread 2320] extDB3: Output to Server: [3]
[23:35:30:710405 +01:00] [Thread 2320] extDB3: Input from Server: 4:104
[23:35:30:710417 +01:00] [Thread 2320] extDB3: Output to Server: [3]
[23:35:30:710440 +01:00] [Thread 2320] extDB3: Input from Server: 4:104
[23:35:30:710452 +01:00] [Thread 2320] extDB3: Output to Server: [3]
[23:35:30:710475 +01:00] [Thread 2320] extDB3: Input from Server: 4:104
[23:35:30:710487 +01:00] [Thread 2320] extDB3: Output to Server: [3]
[23:35:30:710509 +01:00] [Thread 2320] extDB3: Input from Server: 4:104
[23:35:30:710522 +01:00] [Thread 2320] extDB3: Output to Server: [3]
[23:35:30:710544 +01:00] [Thread 2320] extDB3: Input from Server: 4:104
[23:35:30:710556 +01:00] [Thread 2320] extDB3: Output to Server: [3]
[23:35:30:710579 +01:00] [Thread 2320] extDB3: Input from Server: 4:104
[23:35:30:710594 +01:00] [Thread 2320] extDB3: Output to Server: [3]
[23:35:30:710595 +01:00] [Thread 2680] extDB3: SQL: Trace: Result: [1,[]]
[23:35:30:710618 +01:00] [Thread 2320] extDB3: Input from Server: 4:104
[23:35:30:710654 +01:00] [Thread 2320] extDB3: Output to Server: [1,[]]
[23:35:30:754031 +01:00] [Thread 2320] extDB3: Input from Server: 2:3950:SELECT id, owner, name, maxmembers, bank, members FROM gangs WHERE active='1' AND members LIKE '%76561197964675179%'
[23:35:30:754102 +01:00] [Thread 2320] extDB3: Output to Server: [2,"105"]
[23:35:30:754151 +01:00] [Thread 2680] extDB3: SQL: Trace: Input: SELECT id, owner, name, maxmembers, bank, members FROM gangs WHERE active='1' AND members LIKE '%76561197964675179%'
[23:35:30:754178 +01:00] [Thread 2320] extDB3: Input from Server: 4:105
[23:35:30:754212 +01:00] [Thread 2320] extDB3: Output to Server: [3]
[23:35:30:754256 +01:00] [Thread 2320] extDB3: Input from Server: 4:105
[23:35:30:754270 +01:00] [Thread 2320] extDB3: Output to Server: [3]
[23:35:30:754296 +01:00] [Thread 2320] extDB3: Input from Server: 4:105
[23:35:30:754309 +01:00] [Thread 2320] extDB3: Output to Server: [3]
[23:35:30:754332 +01:00] [Thread 2320] extDB3: Input from Server: 4:105
[23:35:30:754344 +01:00] [Thread 2320] extDB3: Output to Server: [3]
[23:35:30:754367 +01:00] [Thread 2320] extDB3: Input from Server: 4:105
[23:35:30:754379 +01:00] [Thread 2320] extDB3: Output to Server: [3]
[23:35:30:754402 +01:00] [Thread 2320] extDB3: Input from Server: 4:105
[23:35:30:754414 +01:00] [Thread 2320] extDB3: Output to Server: [3]
[23:35:30:754437 +01:00] [Thread 2320] extDB3: Input from Server: 4:105
[23:35:30:754448 +01:00] [Thread 2320] extDB3: Output to Server: [3]
[23:35:30:754471 +01:00] [Thread 2320] extDB3: Input from Server: 4:105
[23:35:30:754483 +01:00] [Thread 2320] extDB3: Output to Server: [3]
[23:35:30:754505 +01:00] [Thread 2320] extDB3: Input from Server: 4:105
[23:35:30:754517 +01:00] [Thread 2320] extDB3: Output to Server: [3]
[23:35:30:754540 +01:00] [Thread 2320] extDB3: Input from Server: 4:105
[23:35:30:754552 +01:00] [Thread 2320] extDB3: Output to Server: [3]
[23:35:30:754574 +01:00] [Thread 2320] extDB3: Input from Server: 4:105
[23:35:30:754586 +01:00] [Thread 2320] extDB3: Output to Server: [3]
[23:35:30:754609 +01:00] [Thread 2320] extDB3: Input from Server: 4:105
[23:35:30:754621 +01:00] [Thread 2320] extDB3: Output to Server: [3]
[23:35:30:754644 +01:00] [Thread 2320] extDB3: Input from Server: 4:105
[23:35:30:754656 +01:00] [Thread 2320] extDB3: Output to Server: [3]
[23:35:30:754678 +01:00] [Thread 2320] extDB3: Input from Server: 4:105
[23:35:30:754690 +01:00] [Thread 2320] extDB3: Output to Server: [3]
[23:35:30:754715 +01:00] [Thread 2320] extDB3: Input from Server: 4:105
[23:35:30:754727 +01:00] [Thread 2320] extDB3: Output to Server: [3]
[23:35:30:754736 +01:00] [Thread 2680] extDB3: SQL: Trace: Result: [1,[]]
[23:35:30:754750 +01:00] [Thread 2320] extDB3: Input from Server: 4:105
[23:35:30:754791 +01:00] [Thread 2320] extDB3: Output to Server: [1,[]]
[23:35:30:776040 +01:00] [Thread 2320] extDB3: Input from Server: 2:3950:SELECT Ppermis, nbrPermis, PermisDispo, waitTime FROM permis WHERE uid='76561197964675179'
[23:35:30:776102 +01:00] [Thread 2320] extDB3: Output to Server: [2,"106"]
[23:35:30:776149 +01:00] [Thread 2680] extDB3: SQL: Trace: Input: SELECT Ppermis, nbrPermis, PermisDispo, waitTime FROM permis WHERE uid='76561197964675179'
[23:35:30:776171 +01:00] [Thread 2320] extDB3: Input from Server: 4:106
[23:35:30:776215 +01:00] [Thread 2320] extDB3: Output to Server: [3]
[23:35:30:776259 +01:00] [Thread 2320] extDB3: Input from Server: 4:106
[23:35:30:776273 +01:00] [Thread 2320] extDB3: Output to Server: [3]
[23:35:30:776300 +01:00] [Thread 2320] extDB3: Input from Server: 4:106
[23:35:30:776312 +01:00] [Thread 2320] extDB3: Output to Server: [3]
[23:35:30:776336 +01:00] [Thread 2320] extDB3: Input from Server: 4:106
[23:35:30:776348 +01:00] [Thread 2320] extDB3: Output to Server: [3]
[23:35:30:776371 +01:00] [Thread 2320] extDB3: Input from Server: 4:106
[23:35:30:776383 +01:00] [Thread 2320] extDB3: Output to Server: [3]
[23:35:30:776407 +01:00] [Thread 2320] extDB3: Input from Server: 4:106
[23:35:30:776419 +01:00] [Thread 2320] extDB3: Output to Server: [3]
[23:35:30:776442 +01:00] [Thread 2320] extDB3: Input from Server: 4:106
[23:35:30:776454 +01:00] [Thread 2320] extDB3: Output to Server: [3]
[23:35:30:776477 +01:00] [Thread 2320] extDB3: Input from Server: 4:106
[23:35:30:776490 +01:00] [Thread 2320] extDB3: Output to Server: [3]
[23:35:30:776518 +01:00] [Thread 2320] extDB3: Input from Server: 4:106
[23:35:30:776533 +01:00] [Thread 2320] extDB3: Output to Server: [3]
[23:35:30:776557 +01:00] [Thread 2320] extDB3: Input from Server: 4:106
[23:35:30:776569 +01:00] [Thread 2320] extDB3: Output to Server: [3]
[23:35:30:776592 +01:00] [Thread 2320] extDB3: Input from Server: 4:106
[23:35:30:776604 +01:00] [Thread 2320] extDB3: Output to Server: [3]
[23:35:30:776627 +01:00] [Thread 2320] extDB3: Input from Server: 4:106
[23:35:30:776639 +01:00] [Thread 2320] extDB3: Output to Server: [3]
[23:35:30:776662 +01:00] [Thread 2320] extDB3: Input from Server: 4:106
[23:35:30:776665 +01:00] [Thread 2680] extDB3: SQL: Trace: Result: [1,[[0,0,0,0]]]
[23:35:30:776674 +01:00] [Thread 2320] extDB3: Output to Server: [3]
[23:35:30:776727 +01:00] [Thread 2320] extDB3: Input from Server: 4:106
[23:35:30:776740 +01:00] [Thread 2320] extDB3: Output to Server: [1,[[0,0,0,0]]]
[23:35:30:776979 +01:00] [Thread 2320] extDB3: Input from Server: 2:3950:SELECT id FROM banque WHERE playerid='76561197964675179'
[23:35:30:777006 +01:00] [Thread 2320] extDB3: Output to Server: [2,"107"]
[23:35:30:777056 +01:00] [Thread 2320] extDB3: Input from Server: 4:107
[23:35:30:777053 +01:00] [Thread 2680] extDB3: SQL: Trace: Input: SELECT id FROM banque WHERE playerid='76561197964675179'
[23:35:30:777071 +01:00] [Thread 2320] extDB3: Output to Server: [3]
[23:35:30:777139 +01:00] [Thread 2320] extDB3: Input from Server: 4:107
[23:35:30:777152 +01:00] [Thread 2320] extDB3: Output to Server: [3]
[23:35:30:777176 +01:00] [Thread 2320] extDB3: Input from Server: 4:107
[23:35:30:777188 +01:00] [Thread 2320] extDB3: Output to Server: [3]
[23:35:30:777211 +01:00] [Thread 2320] extDB3: Input from Server: 4:107
[23:35:30:777223 +01:00] [Thread 2320] extDB3: Output to Server: [3]
[23:35:30:777246 +01:00] [Thread 2320] extDB3: Input from Server: 4:107
[23:35:30:777258 +01:00] [Thread 2320] extDB3: Output to Server: [3]
[23:35:30:777281 +01:00] [Thread 2320] extDB3: Input from Server: 4:107
[23:35:30:777293 +01:00] [Thread 2320] extDB3: Output to Server: [3]
[23:35:30:777316 +01:00] [Thread 2320] extDB3: Input from Server: 4:107
[23:35:30:777328 +01:00] [Thread 2320] extDB3: Output to Server: [3]
[23:35:30:777351 +01:00] [Thread 2320] extDB3: Input from Server: 4:107
[23:35:30:777363 +01:00] [Thread 2320] extDB3: Output to Server: [3]
[23:35:30:777386 +01:00] [Thread 2320] extDB3: Input from Server: 4:107
[23:35:30:777398 +01:00] [Thread 2320] extDB3: Output to Server: [3]
[23:35:30:777421 +01:00] [Thread 2320] extDB3: Input from Server: 4:107
[23:35:30:777433 +01:00] [Thread 2320] extDB3: Output to Server: [3]
[23:35:30:777456 +01:00] [Thread 2320] extDB3: Input from Server: 4:107
[23:35:30:777468 +01:00] [Thread 2320] extDB3: Output to Server: [3]
[23:35:30:777463 +01:00] [Thread 2680] extDB3: SQL: Trace: Result: [1,[]]
[23:35:30:777491 +01:00] [Thread 2320] extDB3: Input from Server: 4:107
[23:35:30:777521 +01:00] [Thread 2320] extDB3: Output to Server: [1,[]]
[23:35:30:777672 +01:00] [Thread 2320] extDB3: Input from Server: 2:3950:SELECT id FROM banque WHERE playerid='76561197964675179' AND entreprise='1'
[23:35:30:777696 +01:00] [Thread 2320] extDB3: Output to Server: [2,"108"]
[23:35:30:777743 +01:00] [Thread 2320] extDB3: Input from Server: 4:108
[23:35:30:777758 +01:00] [Thread 2320] extDB3: Output to Server: [3]
[23:35:30:777757 +01:00] [Thread 2680] extDB3: SQL: Trace: Input: SELECT id FROM banque WHERE playerid='76561197964675179' AND entreprise='1'
[23:35:30:777796 +01:00] [Thread 2320] extDB3: Input from Server: 4:108
[23:35:30:777811 +01:00] [Thread 2320] extDB3: Output to Server: [3]
[23:35:30:777835 +01:00] [Thread 2320] extDB3: Input from Server: 4:108
[23:35:30:777847 +01:00] [Thread 2320] extDB3: Output to Server: [3]
[23:35:30:777870 +01:00] [Thread 2320] extDB3: Input from Server: 4:108
[23:35:30:777882 +01:00] [Thread 2320] extDB3: Output to Server: [3]
[23:35:30:777904 +01:00] [Thread 2320] extDB3: Input from Server: 4:108
[23:35:30:777919 +01:00] [Thread 2320] extDB3: Output to Server: [3]
[23:35:30:777945 +01:00] [Thread 2320] extDB3: Input from Server: 4:108
[23:35:30:777957 +01:00] [Thread 2320] extDB3: Output to Server: [3]
[23:35:30:777981 +01:00] [Thread 2320] extDB3: Input from Server: 4:108
[23:35:30:777993 +01:00] [Thread 2320] extDB3: Output to Server: [3]
[23:35:30:778015 +01:00] [Thread 2320] extDB3: Input from Server: 4:108
[23:35:30:778027 +01:00] [Thread 2320] extDB3: Output to Server: [3]
[23:35:30:778050 +01:00] [Thread 2320] extDB3: Input from Server: 4:108
[23:35:30:778062 +01:00] [Thread 2320] extDB3: Output to Server: [3]
[23:35:30:778085 +01:00] [Thread 2320] extDB3: Input from Server: 4:108
[23:35:30:778097 +01:00] [Thread 2320] extDB3: Output to Server: [3]
[23:35:30:778120 +01:00] [Thread 2320] extDB3: Input from Server: 4:108
[23:35:30:778132 +01:00] [Thread 2320] extDB3: Output to Server: [3]
[23:35:30:778155 +01:00] [Thread 2320] extDB3: Input from Server: 4:108
[23:35:30:778167 +01:00] [Thread 2320] extDB3: Output to Server: [3]
[23:35:30:778189 +01:00] [Thread 2320] extDB3: Input from Server: 4:108
[23:35:30:778186 +01:00] [Thread 2680] extDB3: SQL: Trace: Result: [1,[]]
[23:35:30:778202 +01:00] [Thread 2320] extDB3: Output to Server: [3]
[23:35:30:778262 +01:00] [Thread 2320] extDB3: Input from Server: 4:108
[23:35:30:778274 +01:00] [Thread 2320] extDB3: Output to Server: [1,[]]
[23:35:30:778429 +01:00] [Thread 2320] extDB3: Input from Server: 2:3950:SELECT id, bankacc FROM banque WHERE playerid='76561197964675179' AND dflt='1'
[23:35:30:778453 +01:00] [Thread 2320] extDB3: Output to Server: [2,"109"]
[23:35:30:778499 +01:00] [Thread 2320] extDB3: Input from Server: 4:109
[23:35:30:778499 +01:00] [Thread 2680] extDB3: SQL: Trace: Input: SELECT id, bankacc FROM banque WHERE playerid='76561197964675179' AND dflt='1'
[23:35:30:778513 +01:00] [Thread 2320] extDB3: Output to Server: [3]
[23:35:30:778581 +01:00] [Thread 2320] extDB3: Input from Server: 4:109
[23:35:30:778594 +01:00] [Thread 2320] extDB3: Output to Server: [3]
[23:35:30:778617 +01:00] [Thread 2320] extDB3: Input from Server: 4:109
[23:35:30:778629 +01:00] [Thread 2320] extDB3: Output to Server: [3]
[23:35:30:778652 +01:00] [Thread 2320] extDB3: Input from Server: 4:109
[23:35:30:778665 +01:00] [Thread 2320] extDB3: Output to Server: [3]
[23:35:30:778687 +01:00] [Thread 2320] extDB3: Input from Server: 4:109
[23:35:30:778699 +01:00] [Thread 2320] extDB3: Output to Server: [3]
[23:35:30:778722 +01:00] [Thread 2320] extDB3: Input from Server: 4:109
[23:35:30:778734 +01:00] [Thread 2320] extDB3: Output to Server: [3]
[23:35:30:778757 +01:00] [Thread 2320] extDB3: Input from Server: 4:109
[23:35:30:778771 +01:00] [Thread 2320] extDB3: Output to Server: [3]
[23:35:30:778794 +01:00] [Thread 2320] extDB3: Input from Server: 4:109
[23:35:30:778806 +01:00] [Thread 2320] extDB3: Output to Server: [3]
[23:35:30:778829 +01:00] [Thread 2320] extDB3: Input from Server: 4:109
[23:35:30:778841 +01:00] [Thread 2320] extDB3: Output to Server: [3]
[23:35:30:778864 +01:00] [Thread 2320] extDB3: Input from Server: 4:109
[23:35:30:778876 +01:00] [Thread 2320] extDB3: Output to Server: [3]
[23:35:30:778910 +01:00] [Thread 2680] extDB3: SQL: Trace: Result: [1,[]]
[23:35:30:797973 +01:00] [Thread 2320] extDB3: Input from Server: 4:109
[23:35:30:798028 +01:00] [Thread 2320] extDB3: Output to Server: [1,[]]
[23:35:46:166967 +01:00] [Thread 2320] extDB3: Input from Server: 1:3950:UPDATE players SET name='Kira Luci', cash='10000', civ_licenses='[["license_civ_driver",0],["license_civ_air",0],["license_civ_heroin",0],["license_civ_marijuana",0],["license_civ_gang",0],["license_civ_boat",0],["license_civ_oil",0],["license_civ_dive",0],["license_civ_truck",0],["license_civ_gun",0],["license_civ_rebel",0],["license_civ_coke",0],["license_civ_diamond",0],["license_civ_copper",0],["license_civ_iron",0],["license_civ_sand",0],["license_civ_salt",0],["license_civ_cement",0],["license_civ_home",0],["license_civ_opium",0],["license_civ_vin",0],["licence_civ_fermenta",0],["licence_civ_gouv",0],["license_civ_ebou",0]]', civ_gear='["U_C_Poloshirt_stripped","","","","",["ItemMap","ItemCompass","Itemwatch"],"","",[],[],[],[],[],[],["","","",""],["","","",""],[]]', arrested='0' WHERE playerid='76561197964675179'
[23:35:46:167050 +01:00] [Thread 2320] extDB3: Output to Server: 
[23:35:46:167082 +01:00] [Thread 2680] extDB3: SQL: Trace: Input: UPDATE players SET name='Kira Luci', cash='10000', civ_licenses='[["license_civ_driver",0],["license_civ_air",0],["license_civ_heroin",0],["license_civ_marijuana",0],["license_civ_gang",0],["license_civ_boat",0],["license_civ_oil",0],["license_civ_dive",0],["license_civ_truck",0],["license_civ_gun",0],["license_civ_rebel",0],["license_civ_coke",0],["license_civ_diamond",0],["license_civ_copper",0],["license_civ_iron",0],["license_civ_sand",0],["license_civ_salt",0],["license_civ_cement",0],["license_civ_home",0],["license_civ_opium",0],["license_civ_vin",0],["licence_civ_fermenta",0],["licence_civ_gouv",0],["license_civ_ebou",0]]', civ_gear='["U_C_Poloshirt_stripped","","","","",["ItemMap","ItemCompass","Itemwatch"],"","",[],[],[],[],[],[],["","","",""],["","","",""],[]]', arrested='0' WHERE playerid='76561197964675179'
[23:35:46:169870 +01:00] [Thread 2680] extDB3: SQL: Trace: Result: [1,[]]
[23:36:03:325149 +01:00] [Thread 2320] extDB3: Input from Server: 1:3950:UPDATE players SET name='Kira Luci', cash='10000', civ_licenses='[["license_civ_driver",0],["license_civ_air",0],["license_civ_heroin",0],["license_civ_marijuana",0],["license_civ_gang",0],["license_civ_boat",0],["license_civ_oil",0],["license_civ_dive",0],["license_civ_truck",0],["license_civ_gun",0],["license_civ_rebel",0],["license_civ_coke",0],["license_civ_diamond",0],["license_civ_copper",0],["license_civ_iron",0],["license_civ_sand",0],["license_civ_salt",0],["license_civ_cement",0],["license_civ_home",0],["license_civ_opium",0],["license_civ_vin",0],["licence_civ_fermenta",0],["licence_civ_gouv",0],["license_civ_ebou",0]]', civ_gear='["U_C_Poloshirt_stripped","","","","",["ItemMap","ItemCompass","Itemwatch"],"","",[],[],[],[],[],[],["","","",""],["","","",""],[]]', arrested='0' WHERE playerid='76561197964675179'
[23:36:03:325227 +01:00] [Thread 2320] extDB3: Output to Server: 
[23:36:03:325290 +01:00] [Thread 2680] extDB3: SQL: Trace: Input: UPDATE players SET name='Kira Luci', cash='10000', civ_licenses='[["license_civ_driver",0],["license_civ_air",0],["license_civ_heroin",0],["license_civ_marijuana",0],["license_civ_gang",0],["license_civ_boat",0],["license_civ_oil",0],["license_civ_dive",0],["license_civ_truck",0],["license_civ_gun",0],["license_civ_rebel",0],["license_civ_coke",0],["license_civ_diamond",0],["license_civ_copper",0],["license_civ_iron",0],["license_civ_sand",0],["license_civ_salt",0],["license_civ_cement",0],["license_civ_home",0],["license_civ_opium",0],["license_civ_vin",0],["licence_civ_fermenta",0],["licence_civ_gouv",0],["license_civ_ebou",0]]', civ_gear='["U_C_Poloshirt_stripped","","","","",["ItemMap","ItemCompass","Itemwatch"],"","",[],[],[],[],[],[],["","","",""],["","","",""],[]]', arrested='0' WHERE playerid='76561197964675179'
[23:36:03:327662 +01:00] [Thread 2680] extDB3: SQL: Trace: Result: [1,[]]
[23:36:46:864273 +01:00] [Thread 2320] extDB3: Input from Server: 1:3950:UPDATE dynmarket SET prices='[["apple",50,0],["heroinu",1850,0],["heroinp",2650,0],["salema",45,0],["ornate",40,0],["mackerel",175,0],["tuna",700,0],["mullet",250,0],["catshark",300,0],["rabbit",65,0],["oilp",3200,0],["turtle",3000,0],["water",5,0],["coffee",5,0],["turtlesoup",1000,0],["donuts",60,0],["marijuana",2350,0],["tbacon",25,0],["lockpick",75,0],["pickaxe",750,0],["redgull",200,0],["peach",55,0],["cocaine",3000,0],["cocainep",5000,0],["diamond",750,0],["diamondc",2000,0],["iron_r",3200,0],["copper_r",1500,0],["salt_r",1650,0],["glass",1450,0],["cement",1950,0],["goldbar",95000,0],["heroinu",1200,0],["heroinp",2500,0],["cocaine",1500,0],["cocainep",3500,0],["marijuana",2000,0],["turtle",3000,0]]'
[23:36:46:864345 +01:00] [Thread 2320] extDB3: Output to Server: 
[23:36:46:864467 +01:00] [Thread 2680] extDB3: SQL: Trace: Input: UPDATE dynmarket SET prices='[["apple",50,0],["heroinu",1850,0],["heroinp",2650,0],["salema",45,0],["ornate",40,0],["mackerel",175,0],["tuna",700,0],["mullet",250,0],["catshark",300,0],["rabbit",65,0],["oilp",3200,0],["turtle",3000,0],["water",5,0],["coffee",5,0],["turtlesoup",1000,0],["donuts",60,0],["marijuana",2350,0],["tbacon",25,0],["lockpick",75,0],["pickaxe",750,0],["redgull",200,0],["peach",55,0],["cocaine",3000,0],["cocainep",5000,0],["diamond",750,0],["diamondc",2000,0],["iron_r",3200,0],["copper_r",1500,0],["salt_r",1650,0],["glass",1450,0],["cement",1950,0],["goldbar",95000,0],["heroinu",1200,0],["heroinp",2500,0],["cocaine",1500,0],["cocainep",3500,0],["marijuana",2000,0],["turtle",3000,0]]'
[23:36:46:864943 +01:00] [Thread 2680] extDB3: SQL: Trace: Result: [1,[]]
[23:40:01:924256 +01:00] [Thread 2320] extDB3: Input from Server: 1:3950:UPDATE dynmarket SET prices='[["apple",50,0],["heroinu",1850,0],["heroinp",2650,0],["salema",45,0],["ornate",40,0],["mackerel",175,0],["tuna",700,0],["mullet",250,0],["catshark",300,0],["rabbit",65,0],["oilp",3200,0],["turtle",3000,0],["water",5,0],["coffee",5,0],["turtlesoup",1000,0],["donuts",60,0],["marijuana",2350,0],["tbacon",25,0],["lockpick",75,0],["pickaxe",750,0],["redgull",200,0],["peach",55,0],["cocaine",3000,0],["cocainep",5000,0],["diamond",750,0],["diamondc",2000,0],["iron_r",3200,0],["copper_r",1500,0],["salt_r",1650,0],["glass",1450,0],["cement",1950,0],["goldbar",95000,0],["heroinu",1200,0],["heroinp",2500,0],["cocaine",1500,0],["cocainep",3500,0],["marijuana",2000,0],["turtle",3000,0]]'
[23:40:01:924338 +01:00] [Thread 2320] extDB3: Output to Server: 
[23:40:01:924443 +01:00] [Thread 2680] extDB3: SQL: Trace: Input: UPDATE dynmarket SET prices='[["apple",50,0],["heroinu",1850,0],["heroinp",2650,0],["salema",45,0],["ornate",40,0],["mackerel",175,0],["tuna",700,0],["mullet",250,0],["catshark",300,0],["rabbit",65,0],["oilp",3200,0],["turtle",3000,0],["water",5,0],["coffee",5,0],["turtlesoup",1000,0],["donuts",60,0],["marijuana",2350,0],["tbacon",25,0],["lockpick",75,0],["pickaxe",750,0],["redgull",200,0],["peach",55,0],["cocaine",3000,0],["cocainep",5000,0],["diamond",750,0],["diamondc",2000,0],["iron_r",3200,0],["copper_r",1500,0],["salt_r",1650,0],["glass",1450,0],["cement",1950,0],["goldbar",95000,0],["heroinu",1200,0],["heroinp",2500,0],["cocaine",1500,0],["cocainep",3500,0],["marijuana",2000,0],["turtle",3000,0]]'
[23:40:01:924930 +01:00] [Thread 2680] extDB3: SQL: Trace: Result: [1,[]]
[23:41:51:204269 +01:00] [Thread 2320] extDB3: Input from Server: 1:3950:UPDATE players SET name='Kira Luci', cash='10000', civ_licenses='[["license_civ_driver",0],["license_civ_air",0],["license_civ_heroin",0],["license_civ_marijuana",0],["license_civ_gang",0],["license_civ_boat",0],["license_civ_oil",0],["license_civ_dive",0],["license_civ_truck",0],["license_civ_gun",0],["license_civ_rebel",0],["license_civ_coke",0],["license_civ_diamond",0],["license_civ_copper",0],["license_civ_iron",0],["license_civ_sand",0],["license_civ_salt",0],["license_civ_cement",0],["license_civ_home",0],["license_civ_opium",0],["license_civ_vin",0],["licence_civ_fermenta",0],["licence_civ_gouv",0],["license_civ_ebou",0]]', civ_gear='["U_C_Poloshirt_stripped","","","","",["ItemMap","ItemCompass","Itemwatch"],"","",[],[],[],[],[],[],["","","",""],["","","",""],[]]', arrested='0' WHERE playerid='76561197964675179'
[23:41:51:204350 +01:00] [Thread 2320] extDB3: Output to Server: 
[23:41:51:204447 +01:00] [Thread 2680] extDB3: SQL: Trace: Input: UPDATE players SET name='Kira Luci', cash='10000', civ_licenses='[["license_civ_driver",0],["license_civ_air",0],["license_civ_heroin",0],["license_civ_marijuana",0],["license_civ_gang",0],["license_civ_boat",0],["license_civ_oil",0],["license_civ_dive",0],["license_civ_truck",0],["license_civ_gun",0],["license_civ_rebel",0],["license_civ_coke",0],["license_civ_diamond",0],["license_civ_copper",0],["license_civ_iron",0],["license_civ_sand",0],["license_civ_salt",0],["license_civ_cement",0],["license_civ_home",0],["license_civ_opium",0],["license_civ_vin",0],["licence_civ_fermenta",0],["licence_civ_gouv",0],["license_civ_ebou",0]]', civ_gear='["U_C_Poloshirt_stripped","","","","",["ItemMap","ItemCompass","Itemwatch"],"","",[],[],[],[],[],[],["","","",""],["","","",""],[]]', arrested='0' WHERE playerid='76561197964675179'
[23:41:51:206855 +01:00] [Thread 2680] extDB3: SQL: Trace: Result: [1,[]]
[23:43:16:999020 +01:00] [Thread 2320] extDB3: Input from Server: 1:3950:UPDATE dynmarket SET prices='[["apple",50,0],["heroinu",1850,0],["heroinp",2650,0],["salema",45,0],["ornate",40,0],["mackerel",175,0],["tuna",700,0],["mullet",250,0],["catshark",300,0],["rabbit",65,0],["oilp",3200,0],["turtle",3000,0],["water",5,0],["coffee",5,0],["turtlesoup",1000,0],["donuts",60,0],["marijuana",2350,0],["tbacon",25,0],["lockpick",75,0],["pickaxe",750,0],["redgull",200,0],["peach",55,0],["cocaine",3000,0],["cocainep",5000,0],["diamond",750,0],["diamondc",2000,0],["iron_r",3200,0],["copper_r",1500,0],["salt_r",1650,0],["glass",1450,0],["cement",1950,0],["goldbar",95000,0],["heroinu",1200,0],["heroinp",2500,0],["cocaine",1500,0],["cocainep",3500,0],["marijuana",2000,0],["turtle",3000,0]]'
[23:43:16:999090 +01:00] [Thread 2320] extDB3: Output to Server: 
[23:43:16:999135 +01:00] [Thread 2680] extDB3: SQL: Trace: Input: UPDATE dynmarket SET prices='[["apple",50,0],["heroinu",1850,0],["heroinp",2650,0],["salema",45,0],["ornate",40,0],["mackerel",175,0],["tuna",700,0],["mullet",250,0],["catshark",300,0],["rabbit",65,0],["oilp",3200,0],["turtle",3000,0],["water",5,0],["coffee",5,0],["turtlesoup",1000,0],["donuts",60,0],["marijuana",2350,0],["tbacon",25,0],["lockpick",75,0],["pickaxe",750,0],["redgull",200,0],["peach",55,0],["cocaine",3000,0],["cocainep",5000,0],["diamond",750,0],["diamondc",2000,0],["iron_r",3200,0],["copper_r",1500,0],["salt_r",1650,0],["glass",1450,0],["cement",1950,0],["goldbar",95000,0],["heroinu",1200,0],["heroinp",2500,0],["cocaine",1500,0],["cocainep",3500,0],["marijuana",2000,0],["turtle",3000,0]]'
[23:43:16:999594 +01:00] [Thread 2680] extDB3: SQL: Trace: Result: [1,[]]
