
extDB3: https://bitbucket.org/torndeco/extdb3/wiki/Home
extDB3: Version: 1.028
extDB3: Windows Debug Version

Message: All development for extDB3 is done on a Linux Dedicated Server
Message: If you would like to Donate to extDB3 Development
Message: https://www.paypal.com/cgi-bin/webscr?cmd=_s-xclick&hosted_button_id=2SUEFTGABTAM2
Message: Also leave a message if there is any particular feature you would like to see added.
Message: Thanks for all the people that have donated.
Message: Torndeco: 18/05/15


extDB3: Found extdb3-conf.ini
extDB3: Detected 8 Cores, Setting up 6 Worker Threads
extDB3: ...
extDB3: ...
extDB3: ...
extDB3: ...
extDB3: ...
extDB3: ...


[23:47:45:425377 +01:00] [Thread 3176] extDB3: Input from Server: 9:VERSION
[23:47:45:425415 +01:00] [Thread 3176] extDB3: Output to Server: 1.028
[23:47:47:001990 +01:00] [Thread 3176] extDB3: Input from Server: 9:ADD_DATABASE:DatabaseName2
[23:47:47:007952 +01:00] [Thread 3176] extDB3: Output to Server: [1]
[23:47:47:008059 +01:00] [Thread 3176] extDB3: Input from Server: 9:ADD_DATABASE_PROTOCOL:DatabaseName2:SQL:3265:TEXT2
[23:47:47:008113 +01:00] [Thread 3176] extDB3: SQL: Initialized: Add Quotes around TEXT Datatypes mode: 2
[23:47:47:008127 +01:00] [Thread 3176] extDB3: SQL: Initialized: NULL = ""
[23:47:47:008141 +01:00] [Thread 3176] extDB3: Output to Server: [1]
[23:47:47:008178 +01:00] [Thread 3176] extDB3: Input from Server: 9:LOCK
[23:47:47:008195 +01:00] [Thread 3176] extDB3: Locked
[23:47:47:008206 +01:00] [Thread 3176] extDB3: Output to Server: [1]
[23:47:47:078410 +01:00] [Thread 3176] extDB3: Input from Server: 1:3265:CALL deleteOldGangs
[23:47:47:078466 +01:00] [Thread 3176] extDB3: Output to Server: 
[23:47:47:078526 +01:00] [Thread 3404] extDB3: SQL: Trace: Input: CALL deleteOldGangs
[23:47:47:089937 +01:00] [Thread 3176] extDB3: Input from Server: 1:3265:CALL resetLifeVehicles
[23:47:47:089980 +01:00] [Thread 3176] extDB3: Output to Server: 
[23:47:47:090048 +01:00] [Thread 3604] extDB3: SQL: Trace: Input: CALL resetLifeVehicles
[23:47:47:090092 +01:00] [Thread 3176] extDB3: Input from Server: 1:3265:CALL deleteDeadVehicles
[23:47:47:090114 +01:00] [Thread 3176] extDB3: Output to Server: 
[23:47:47:090179 +01:00] [Thread 3420] extDB3: SQL: Trace: Input: CALL deleteDeadVehicles
[23:47:47:090207 +01:00] [Thread 3176] extDB3: Input from Server: 1:3265:CALL deleteOldHouses
[23:47:47:090232 +01:00] [Thread 3176] extDB3: Output to Server: 
[23:47:47:090270 +01:00] [Thread 3608] extDB3: SQL: Trace: Input: CALL deleteOldHouses
[23:47:47:090523 +01:00] [Thread 3176] extDB3: Input from Server: 2:3265:SELECT COUNT(*) FROM houses WHERE owned='1'
[23:47:47:090556 +01:00] [Thread 3176] extDB3: Output to Server: [2,"100"]
[23:47:47:090611 +01:00] [Thread 3176] extDB3: Input from Server: 4:100
[23:47:47:090631 +01:00] [Thread 3624] extDB3: SQL: Trace: Input: SELECT COUNT(*) FROM houses WHERE owned='1'
[23:47:47:093297 +01:00] [Thread 3404] extDB3: SQL: Trace: Result: [1,[]]
[23:47:47:095261 +01:00] [Thread 3176] extDB3: Output to Server: [3]
[23:47:47:095360 +01:00] [Thread 3176] extDB3: Input from Server: 4:100
[23:47:47:095378 +01:00] [Thread 3176] extDB3: Output to Server: [3]
[23:47:47:095408 +01:00] [Thread 3176] extDB3: Input from Server: 4:100
[23:47:47:095422 +01:00] [Thread 3176] extDB3: Output to Server: [3]
[23:47:47:095446 +01:00] [Thread 3176] extDB3: Input from Server: 4:100
[23:47:47:095458 +01:00] [Thread 3176] extDB3: Output to Server: [3]
[23:47:47:095482 +01:00] [Thread 3176] extDB3: Input from Server: 4:100
[23:47:47:095494 +01:00] [Thread 3176] extDB3: Output to Server: [3]
[23:47:47:095517 +01:00] [Thread 3176] extDB3: Input from Server: 4:100
[23:47:47:095530 +01:00] [Thread 3176] extDB3: Output to Server: [3]
[23:47:47:095553 +01:00] [Thread 3176] extDB3: Input from Server: 4:100
[23:47:47:095565 +01:00] [Thread 3176] extDB3: Output to Server: [3]
[23:47:47:095588 +01:00] [Thread 3176] extDB3: Input from Server: 4:100
[23:47:47:095829 +01:00] [Thread 3176] extDB3: Output to Server: [3]
[23:47:47:095922 +01:00] [Thread 3176] extDB3: Input from Server: 4:100
[23:47:47:095944 +01:00] [Thread 3176] extDB3: Output to Server: [3]
[23:47:47:095968 +01:00] [Thread 3176] extDB3: Input from Server: 4:100
[23:47:47:095981 +01:00] [Thread 3176] extDB3: Output to Server: [3]
[23:47:47:096004 +01:00] [Thread 3176] extDB3: Input from Server: 4:100
[23:47:47:096016 +01:00] [Thread 3176] extDB3: Output to Server: [3]
[23:47:47:096040 +01:00] [Thread 3176] extDB3: Input from Server: 4:100
[23:47:47:096052 +01:00] [Thread 3176] extDB3: Output to Server: [3]
[23:47:47:096079 +01:00] [Thread 3176] extDB3: Input from Server: 4:100
[23:47:47:096092 +01:00] [Thread 3176] extDB3: Output to Server: [3]
[23:47:47:096115 +01:00] [Thread 3176] extDB3: Input from Server: 4:100
[23:47:47:096127 +01:00] [Thread 3176] extDB3: Output to Server: [3]
[23:47:47:096150 +01:00] [Thread 3176] extDB3: Input from Server: 4:100
[23:47:47:096382 +01:00] [Thread 3176] extDB3: Output to Server: [3]
[23:47:47:096407 +01:00] [Thread 3176] extDB3: Input from Server: 4:100
[23:47:47:096419 +01:00] [Thread 3176] extDB3: Output to Server: [3]
[23:47:47:096443 +01:00] [Thread 3176] extDB3: Input from Server: 4:100
[23:47:47:096455 +01:00] [Thread 3176] extDB3: Output to Server: [3]
[23:47:47:096478 +01:00] [Thread 3176] extDB3: Input from Server: 4:100
[23:47:47:096491 +01:00] [Thread 3176] extDB3: Output to Server: [3]
[23:47:47:096514 +01:00] [Thread 3176] extDB3: Input from Server: 4:100
[23:47:47:096526 +01:00] [Thread 3176] extDB3: Output to Server: [3]
[23:47:47:096549 +01:00] [Thread 3176] extDB3: Input from Server: 4:100
[23:47:47:096561 +01:00] [Thread 3176] extDB3: Output to Server: [3]
[23:47:47:096584 +01:00] [Thread 3176] extDB3: Input from Server: 4:100
[23:47:47:096596 +01:00] [Thread 3176] extDB3: Output to Server: [3]
[23:47:47:096619 +01:00] [Thread 3176] extDB3: Input from Server: 4:100
[23:47:47:096632 +01:00] [Thread 3176] extDB3: Output to Server: [3]
[23:47:47:096655 +01:00] [Thread 3176] extDB3: Input from Server: 4:100
[23:47:47:096667 +01:00] [Thread 3176] extDB3: Output to Server: [3]
[23:47:47:096690 +01:00] [Thread 3176] extDB3: Input from Server: 4:100
[23:47:47:096702 +01:00] [Thread 3176] extDB3: Output to Server: [3]
[23:47:47:096725 +01:00] [Thread 3176] extDB3: Input from Server: 4:100
[23:47:47:096737 +01:00] [Thread 3176] extDB3: Output to Server: [3]
[23:47:47:096760 +01:00] [Thread 3176] extDB3: Input from Server: 4:100
[23:47:47:096772 +01:00] [Thread 3176] extDB3: Output to Server: [3]
[23:47:47:096795 +01:00] [Thread 3176] extDB3: Input from Server: 4:100
[23:47:47:096807 +01:00] [Thread 3176] extDB3: Output to Server: [3]
[23:47:47:096830 +01:00] [Thread 3176] extDB3: Input from Server: 4:100
[23:47:47:096842 +01:00] [Thread 3176] extDB3: Output to Server: [3]
[23:47:47:096865 +01:00] [Thread 3176] extDB3: Input from Server: 4:100
[23:47:47:096877 +01:00] [Thread 3176] extDB3: Output to Server: [3]
[23:47:47:096900 +01:00] [Thread 3176] extDB3: Input from Server: 4:100
[23:47:47:096913 +01:00] [Thread 3176] extDB3: Output to Server: [3]
[23:47:47:096935 +01:00] [Thread 3176] extDB3: Input from Server: 4:100
[23:47:47:096947 +01:00] [Thread 3176] extDB3: Output to Server: [3]
[23:47:47:096971 +01:00] [Thread 3176] extDB3: Input from Server: 4:100
[23:47:47:096983 +01:00] [Thread 3176] extDB3: Output to Server: [3]
[23:47:47:097006 +01:00] [Thread 3176] extDB3: Input from Server: 4:100
[23:47:47:097018 +01:00] [Thread 3176] extDB3: Output to Server: [3]
[23:47:47:097043 +01:00] [Thread 3176] extDB3: Input from Server: 4:100
[23:47:47:097056 +01:00] [Thread 3176] extDB3: Output to Server: [3]
[23:47:47:097079 +01:00] [Thread 3176] extDB3: Input from Server: 4:100
[23:47:47:097092 +01:00] [Thread 3176] extDB3: Output to Server: [3]
[23:47:47:097115 +01:00] [Thread 3176] extDB3: Input from Server: 4:100
[23:47:47:097127 +01:00] [Thread 3176] extDB3: Output to Server: [3]
[23:47:47:097150 +01:00] [Thread 3176] extDB3: Input from Server: 4:100
[23:47:47:097162 +01:00] [Thread 3176] extDB3: Output to Server: [3]
[23:47:47:097225 +01:00] [Thread 3176] extDB3: Input from Server: 4:100
[23:47:47:097244 +01:00] [Thread 3176] extDB3: Output to Server: [3]
[23:47:47:097268 +01:00] [Thread 3176] extDB3: Input from Server: 4:100
[23:47:47:097281 +01:00] [Thread 3176] extDB3: Output to Server: [3]
[23:47:47:097304 +01:00] [Thread 3176] extDB3: Input from Server: 4:100
[23:47:47:097316 +01:00] [Thread 3176] extDB3: Output to Server: [3]
[23:47:47:097339 +01:00] [Thread 3176] extDB3: Input from Server: 4:100
[23:47:47:097351 +01:00] [Thread 3176] extDB3: Output to Server: [3]
[23:47:47:097374 +01:00] [Thread 3176] extDB3: Input from Server: 4:100
[23:47:47:097386 +01:00] [Thread 3176] extDB3: Output to Server: [3]
[23:47:47:097409 +01:00] [Thread 3176] extDB3: Input from Server: 4:100
[23:47:47:097422 +01:00] [Thread 3176] extDB3: Output to Server: [3]
[23:47:47:097445 +01:00] [Thread 3176] extDB3: Input from Server: 4:100
[23:47:47:097457 +01:00] [Thread 3176] extDB3: Output to Server: [3]
[23:47:47:097480 +01:00] [Thread 3176] extDB3: Input from Server: 4:100
[23:47:47:097492 +01:00] [Thread 3176] extDB3: Output to Server: [3]
[23:47:47:097515 +01:00] [Thread 3176] extDB3: Input from Server: 4:100
[23:47:47:097528 +01:00] [Thread 3176] extDB3: Output to Server: [3]
[23:47:47:097551 +01:00] [Thread 3176] extDB3: Input from Server: 4:100
[23:47:47:097563 +01:00] [Thread 3176] extDB3: Output to Server: [3]
[23:47:47:097586 +01:00] [Thread 3176] extDB3: Input from Server: 4:100
[23:47:47:097598 +01:00] [Thread 3176] extDB3: Output to Server: [3]
[23:47:47:097622 +01:00] [Thread 3176] extDB3: Input from Server: 4:100
[23:47:47:097634 +01:00] [Thread 3176] extDB3: Output to Server: [3]
[23:47:47:097657 +01:00] [Thread 3176] extDB3: Input from Server: 4:100
[23:47:47:097669 +01:00] [Thread 3176] extDB3: Output to Server: [3]
[23:47:47:097693 +01:00] [Thread 3176] extDB3: Input from Server: 4:100
[23:47:47:097705 +01:00] [Thread 3176] extDB3: Output to Server: [3]
[23:47:47:097728 +01:00] [Thread 3176] extDB3: Input from Server: 4:100
[23:47:47:097740 +01:00] [Thread 3176] extDB3: Output to Server: [3]
[23:47:47:097763 +01:00] [Thread 3176] extDB3: Input from Server: 4:100
[23:47:47:097776 +01:00] [Thread 3176] extDB3: Output to Server: [3]
[23:47:47:097799 +01:00] [Thread 3176] extDB3: Input from Server: 4:100
[23:47:47:097811 +01:00] [Thread 3176] extDB3: Output to Server: [3]
[23:47:47:097834 +01:00] [Thread 3176] extDB3: Input from Server: 4:100
[23:47:47:097847 +01:00] [Thread 3176] extDB3: Output to Server: [3]
[23:47:47:097870 +01:00] [Thread 3176] extDB3: Input from Server: 4:100
[23:47:47:097882 +01:00] [Thread 3176] extDB3: Output to Server: [3]
[23:47:47:097905 +01:00] [Thread 3176] extDB3: Input from Server: 4:100
[23:47:47:097917 +01:00] [Thread 3176] extDB3: Output to Server: [3]
[23:47:47:097941 +01:00] [Thread 3176] extDB3: Input from Server: 4:100
[23:47:47:097953 +01:00] [Thread 3176] extDB3: Output to Server: [3]
[23:47:47:097976 +01:00] [Thread 3176] extDB3: Input from Server: 4:100
[23:47:47:097988 +01:00] [Thread 3176] extDB3: Output to Server: [3]
[23:47:47:098012 +01:00] [Thread 3176] extDB3: Input from Server: 4:100
[23:47:47:098024 +01:00] [Thread 3176] extDB3: Output to Server: [3]
[23:47:47:098050 +01:00] [Thread 3176] extDB3: Input from Server: 4:100
[23:47:47:098062 +01:00] [Thread 3176] extDB3: Output to Server: [3]
[23:47:47:098086 +01:00] [Thread 3176] extDB3: Input from Server: 4:100
[23:47:47:098098 +01:00] [Thread 3176] extDB3: Output to Server: [3]
[23:47:47:098121 +01:00] [Thread 3176] extDB3: Input from Server: 4:100
[23:47:47:098134 +01:00] [Thread 3176] extDB3: Output to Server: [3]
[23:47:47:098157 +01:00] [Thread 3176] extDB3: Input from Server: 4:100
[23:47:47:098608 +01:00] [Thread 3176] extDB3: Output to Server: [3]
[23:47:47:098642 +01:00] [Thread 3176] extDB3: Input from Server: 4:100
[23:47:47:098656 +01:00] [Thread 3176] extDB3: Output to Server: [3]
[23:47:47:098680 +01:00] [Thread 3176] extDB3: Input from Server: 4:100
[23:47:47:098695 +01:00] [Thread 3176] extDB3: Output to Server: [3]
[23:47:47:098720 +01:00] [Thread 3176] extDB3: Input from Server: 4:100
[23:47:47:098733 +01:00] [Thread 3176] extDB3: Output to Server: [3]
[23:47:47:098756 +01:00] [Thread 3176] extDB3: Input from Server: 4:100
[23:47:47:098769 +01:00] [Thread 3176] extDB3: Output to Server: [3]
[23:47:47:098793 +01:00] [Thread 3176] extDB3: Input from Server: 4:100
[23:47:47:098805 +01:00] [Thread 3176] extDB3: Output to Server: [3]
[23:47:47:098828 +01:00] [Thread 3176] extDB3: Input from Server: 4:100
[23:47:47:098840 +01:00] [Thread 3176] extDB3: Output to Server: [3]
[23:47:47:098868 +01:00] [Thread 3176] extDB3: Input from Server: 4:100
[23:47:47:098883 +01:00] [Thread 3176] extDB3: Output to Server: [3]
[23:47:47:098908 +01:00] [Thread 3176] extDB3: Input from Server: 4:100
[23:47:47:098921 +01:00] [Thread 3176] extDB3: Output to Server: [3]
[23:47:47:098944 +01:00] [Thread 3176] extDB3: Input from Server: 4:100
[23:47:47:099207 +01:00] [Thread 3176] extDB3: Output to Server: [3]
[23:47:47:099235 +01:00] [Thread 3176] extDB3: Input from Server: 4:100
[23:47:47:099247 +01:00] [Thread 3176] extDB3: Output to Server: [3]
[23:47:47:099271 +01:00] [Thread 3176] extDB3: Input from Server: 4:100
[23:47:47:099283 +01:00] [Thread 3176] extDB3: Output to Server: [3]
[23:47:47:099306 +01:00] [Thread 3176] extDB3: Input from Server: 4:100
[23:47:47:099319 +01:00] [Thread 3176] extDB3: Output to Server: [3]
[23:47:47:099342 +01:00] [Thread 3176] extDB3: Input from Server: 4:100
[23:47:47:099359 +01:00] [Thread 3176] extDB3: Output to Server: [3]
[23:47:47:099386 +01:00] [Thread 3176] extDB3: Input from Server: 4:100
[23:47:47:099398 +01:00] [Thread 3176] extDB3: Output to Server: [3]
[23:47:47:099421 +01:00] [Thread 3176] extDB3: Input from Server: 4:100
[23:47:47:099434 +01:00] [Thread 3176] extDB3: Output to Server: [3]
[23:47:47:099457 +01:00] [Thread 3176] extDB3: Input from Server: 4:100
[23:47:47:099469 +01:00] [Thread 3176] extDB3: Output to Server: [3]
[23:47:47:099492 +01:00] [Thread 3176] extDB3: Input from Server: 4:100
[23:47:47:099505 +01:00] [Thread 3176] extDB3: Output to Server: [3]
[23:47:47:099528 +01:00] [Thread 3176] extDB3: Input from Server: 4:100
[23:47:47:099540 +01:00] [Thread 3176] extDB3: Output to Server: [3]
[23:47:47:099563 +01:00] [Thread 3176] extDB3: Input from Server: 4:100
[23:47:47:099757 +01:00] [Thread 3176] extDB3: Output to Server: [3]
[23:47:47:099784 +01:00] [Thread 3176] extDB3: Input from Server: 4:100
[23:47:47:099797 +01:00] [Thread 3176] extDB3: Output to Server: [3]
[23:47:47:099820 +01:00] [Thread 3176] extDB3: Input from Server: 4:100
[23:47:47:099833 +01:00] [Thread 3176] extDB3: Output to Server: [3]
[23:47:47:099856 +01:00] [Thread 3176] extDB3: Input from Server: 4:100
[23:47:47:099869 +01:00] [Thread 3176] extDB3: Output to Server: [3]
[23:47:47:099892 +01:00] [Thread 3176] extDB3: Input from Server: 4:100
[23:47:47:099904 +01:00] [Thread 3176] extDB3: Output to Server: [3]
[23:47:47:099936 +01:00] [Thread 3176] extDB3: Input from Server: 4:100
[23:47:47:099949 +01:00] [Thread 3176] extDB3: Output to Server: [3]
[23:47:47:099974 +01:00] [Thread 3176] extDB3: Input from Server: 4:100
[23:47:47:099986 +01:00] [Thread 3176] extDB3: Output to Server: [3]
[23:47:47:100013 +01:00] [Thread 3176] extDB3: Input from Server: 4:100
[23:47:47:100026 +01:00] [Thread 3176] extDB3: Output to Server: [3]
[23:47:47:100052 +01:00] [Thread 3176] extDB3: Input from Server: 4:100
[23:47:47:100065 +01:00] [Thread 3176] extDB3: Output to Server: [3]
[23:47:47:100089 +01:00] [Thread 3176] extDB3: Input from Server: 4:100
[23:47:47:100101 +01:00] [Thread 3176] extDB3: Output to Server: [3]
[23:47:47:100124 +01:00] [Thread 3176] extDB3: Input from Server: 4:100
[23:47:47:100137 +01:00] [Thread 3176] extDB3: Output to Server: [3]
[23:47:47:100160 +01:00] [Thread 3176] extDB3: Input from Server: 4:100
[23:47:47:100172 +01:00] [Thread 3176] extDB3: Output to Server: [3]
[23:47:47:100240 +01:00] [Thread 3176] extDB3: Input from Server: 4:100
[23:47:47:100259 +01:00] [Thread 3176] extDB3: Output to Server: [3]
[23:47:47:100283 +01:00] [Thread 3176] extDB3: Input from Server: 4:100
[23:47:47:100295 +01:00] [Thread 3176] extDB3: Output to Server: [3]
[23:47:47:100319 +01:00] [Thread 3176] extDB3: Input from Server: 4:100
[23:47:47:100331 +01:00] [Thread 3176] extDB3: Output to Server: [3]
[23:47:47:100354 +01:00] [Thread 3176] extDB3: Input from Server: 4:100
[23:47:47:100367 +01:00] [Thread 3176] extDB3: Output to Server: [3]
[23:47:47:100390 +01:00] [Thread 3176] extDB3: Input from Server: 4:100
[23:47:47:100402 +01:00] [Thread 3176] extDB3: Output to Server: [3]
[23:47:47:100425 +01:00] [Thread 3176] extDB3: Input from Server: 4:100
[23:47:47:100438 +01:00] [Thread 3176] extDB3: Output to Server: [3]
[23:47:47:100462 +01:00] [Thread 3176] extDB3: Input from Server: 4:100
[23:47:47:100474 +01:00] [Thread 3176] extDB3: Output to Server: [3]
[23:47:47:100497 +01:00] [Thread 3176] extDB3: Input from Server: 4:100
[23:47:47:100509 +01:00] [Thread 3176] extDB3: Output to Server: [3]
[23:47:47:100533 +01:00] [Thread 3176] extDB3: Input from Server: 4:100
[23:47:47:100545 +01:00] [Thread 3176] extDB3: Output to Server: [3]
[23:47:47:100568 +01:00] [Thread 3176] extDB3: Input from Server: 4:100
[23:47:47:100580 +01:00] [Thread 3176] extDB3: Output to Server: [3]
[23:47:47:100604 +01:00] [Thread 3176] extDB3: Input from Server: 4:100
[23:47:47:100616 +01:00] [Thread 3176] extDB3: Output to Server: [3]
[23:47:47:100639 +01:00] [Thread 3176] extDB3: Input from Server: 4:100
[23:47:47:100651 +01:00] [Thread 3176] extDB3: Output to Server: [3]
[23:47:47:100675 +01:00] [Thread 3176] extDB3: Input from Server: 4:100
[23:47:47:100687 +01:00] [Thread 3176] extDB3: Output to Server: [3]
[23:47:47:100710 +01:00] [Thread 3176] extDB3: Input from Server: 4:100
[23:47:47:100722 +01:00] [Thread 3176] extDB3: Output to Server: [3]
[23:47:47:100745 +01:00] [Thread 3176] extDB3: Input from Server: 4:100
[23:47:47:100758 +01:00] [Thread 3176] extDB3: Output to Server: [3]
[23:47:47:100781 +01:00] [Thread 3176] extDB3: Input from Server: 4:100
[23:47:47:100793 +01:00] [Thread 3176] extDB3: Output to Server: [3]
[23:47:47:100817 +01:00] [Thread 3176] extDB3: Input from Server: 4:100
[23:47:47:100829 +01:00] [Thread 3176] extDB3: Output to Server: [3]
[23:47:47:100852 +01:00] [Thread 3176] extDB3: Input from Server: 4:100
[23:47:47:100864 +01:00] [Thread 3176] extDB3: Output to Server: [3]
[23:47:47:100888 +01:00] [Thread 3176] extDB3: Input from Server: 4:100
[23:47:47:100900 +01:00] [Thread 3176] extDB3: Output to Server: [3]
[23:47:47:100923 +01:00] [Thread 3176] extDB3: Input from Server: 4:100
[23:47:47:100935 +01:00] [Thread 3176] extDB3: Output to Server: [3]
[23:47:47:100959 +01:00] [Thread 3176] extDB3: Input from Server: 4:100
[23:47:47:100971 +01:00] [Thread 3176] extDB3: Output to Server: [3]
[23:47:47:100994 +01:00] [Thread 3176] extDB3: Input from Server: 4:100
[23:47:47:101007 +01:00] [Thread 3176] extDB3: Output to Server: [3]
[23:47:47:101030 +01:00] [Thread 3176] extDB3: Input from Server: 4:100
[23:47:47:101042 +01:00] [Thread 3176] extDB3: Output to Server: [3]
[23:47:47:101065 +01:00] [Thread 3176] extDB3: Input from Server: 4:100
[23:47:47:101092 +01:00] [Thread 3176] extDB3: Output to Server: [3]
[23:47:47:101127 +01:00] [Thread 3176] extDB3: Input from Server: 4:100
[23:47:47:101147 +01:00] [Thread 3176] extDB3: Output to Server: [3]
[23:47:47:101185 +01:00] [Thread 3176] extDB3: Input from Server: 4:100
[23:47:47:101202 +01:00] [Thread 3176] extDB3: Output to Server: [3]
[23:47:47:101227 +01:00] [Thread 3176] extDB3: Input from Server: 4:100
[23:47:47:101240 +01:00] [Thread 3176] extDB3: Output to Server: [3]
[23:47:47:101263 +01:00] [Thread 3176] extDB3: Input from Server: 4:100
[23:47:47:101275 +01:00] [Thread 3176] extDB3: Output to Server: [3]
[23:47:47:101298 +01:00] [Thread 3176] extDB3: Input from Server: 4:100
[23:47:47:101313 +01:00] [Thread 3176] extDB3: Output to Server: [3]
[23:47:47:101339 +01:00] [Thread 3176] extDB3: Input from Server: 4:100
[23:47:47:101351 +01:00] [Thread 3176] extDB3: Output to Server: [3]
[23:47:47:101375 +01:00] [Thread 3176] extDB3: Input from Server: 4:100
[23:47:47:101387 +01:00] [Thread 3176] extDB3: Output to Server: [3]
[23:47:47:101410 +01:00] [Thread 3176] extDB3: Input from Server: 4:100
[23:47:47:101422 +01:00] [Thread 3176] extDB3: Output to Server: [3]
[23:47:47:101470 +01:00] [Thread 3176] extDB3: Input from Server: 4:100
[23:47:47:101486 +01:00] [Thread 3176] extDB3: Output to Server: [3]
[23:47:47:101511 +01:00] [Thread 3176] extDB3: Input from Server: 4:100
[23:47:47:101524 +01:00] [Thread 3176] extDB3: Output to Server: [3]
[23:47:47:101547 +01:00] [Thread 3176] extDB3: Input from Server: 4:100
[23:47:47:101978 +01:00] [Thread 3176] extDB3: Output to Server: [3]
[23:47:47:102003 +01:00] [Thread 3176] extDB3: Input from Server: 4:100
[23:47:47:102016 +01:00] [Thread 3176] extDB3: Output to Server: [3]
[23:47:47:102039 +01:00] [Thread 3176] extDB3: Input from Server: 4:100
[23:47:47:102056 +01:00] [Thread 3176] extDB3: Output to Server: [3]
[23:47:47:102085 +01:00] [Thread 3176] extDB3: Input from Server: 4:100
[23:47:47:102098 +01:00] [Thread 3176] extDB3: Output to Server: [3]
[23:47:47:102121 +01:00] [Thread 3176] extDB3: Input from Server: 4:100
[23:47:47:102134 +01:00] [Thread 3176] extDB3: Output to Server: [3]
[23:47:47:102157 +01:00] [Thread 3176] extDB3: Input from Server: 4:100
[23:47:47:102169 +01:00] [Thread 3176] extDB3: Output to Server: [3]
[23:47:47:102192 +01:00] [Thread 3176] extDB3: Input from Server: 4:100
[23:47:47:102204 +01:00] [Thread 3176] extDB3: Output to Server: [3]
[23:47:47:102227 +01:00] [Thread 3176] extDB3: Input from Server: 4:100
[23:47:47:102240 +01:00] [Thread 3176] extDB3: Output to Server: [3]
[23:47:47:102263 +01:00] [Thread 3176] extDB3: Input from Server: 4:100
[23:47:47:102275 +01:00] [Thread 3176] extDB3: Output to Server: [3]
[23:47:47:102298 +01:00] [Thread 3176] extDB3: Input from Server: 4:100
[23:47:47:102311 +01:00] [Thread 3176] extDB3: Output to Server: [3]
[23:47:47:102334 +01:00] [Thread 3176] extDB3: Input from Server: 4:100
[23:47:47:102560 +01:00] [Thread 3176] extDB3: Output to Server: [3]
[23:47:47:102588 +01:00] [Thread 3176] extDB3: Input from Server: 4:100
[23:47:47:102601 +01:00] [Thread 3176] extDB3: Output to Server: [3]
[23:47:47:102624 +01:00] [Thread 3176] extDB3: Input from Server: 4:100
[23:47:47:102637 +01:00] [Thread 3176] extDB3: Output to Server: [3]
[23:47:47:102660 +01:00] [Thread 3176] extDB3: Input from Server: 4:100
[23:47:47:102672 +01:00] [Thread 3176] extDB3: Output to Server: [3]
[23:47:47:102695 +01:00] [Thread 3176] extDB3: Input from Server: 4:100
[23:47:47:102707 +01:00] [Thread 3176] extDB3: Output to Server: [3]
[23:47:47:102731 +01:00] [Thread 3176] extDB3: Input from Server: 4:100
[23:47:47:102743 +01:00] [Thread 3176] extDB3: Output to Server: [3]
[23:47:47:102766 +01:00] [Thread 3176] extDB3: Input from Server: 4:100
[23:47:47:102778 +01:00] [Thread 3176] extDB3: Output to Server: [3]
[23:47:47:102801 +01:00] [Thread 3176] extDB3: Input from Server: 4:100
[23:47:47:102813 +01:00] [Thread 3176] extDB3: Output to Server: [3]
[23:47:47:102837 +01:00] [Thread 3176] extDB3: Input from Server: 4:100
[23:47:47:102849 +01:00] [Thread 3176] extDB3: Output to Server: [3]
[23:47:47:102872 +01:00] [Thread 3176] extDB3: Input from Server: 4:100
[23:47:47:103122 +01:00] [Thread 3176] extDB3: Output to Server: [3]
[23:47:47:103149 +01:00] [Thread 3176] extDB3: Input from Server: 4:100
[23:47:47:103162 +01:00] [Thread 3176] extDB3: Output to Server: [3]
[23:47:47:103185 +01:00] [Thread 3176] extDB3: Input from Server: 4:100
[23:47:47:103198 +01:00] [Thread 3176] extDB3: Output to Server: [3]
[23:47:47:103221 +01:00] [Thread 3176] extDB3: Input from Server: 4:100
[23:47:47:103233 +01:00] [Thread 3176] extDB3: Output to Server: [3]
[23:47:47:103257 +01:00] [Thread 3176] extDB3: Input from Server: 4:100
[23:47:47:103272 +01:00] [Thread 3176] extDB3: Output to Server: [3]
[23:47:47:103298 +01:00] [Thread 3176] extDB3: Input from Server: 4:100
[23:47:47:103311 +01:00] [Thread 3176] extDB3: Output to Server: [3]
[23:47:47:103335 +01:00] [Thread 3176] extDB3: Input from Server: 4:100
[23:47:47:103347 +01:00] [Thread 3176] extDB3: Output to Server: [3]
[23:47:47:103371 +01:00] [Thread 3176] extDB3: Input from Server: 4:100
[23:47:47:103383 +01:00] [Thread 3176] extDB3: Output to Server: [3]
[23:47:47:103406 +01:00] [Thread 3176] extDB3: Input from Server: 4:100
[23:47:47:103419 +01:00] [Thread 3176] extDB3: Output to Server: [3]
[23:47:47:103442 +01:00] [Thread 3176] extDB3: Input from Server: 4:100
[23:47:47:103455 +01:00] [Thread 3176] extDB3: Output to Server: [3]
[23:47:47:103478 +01:00] [Thread 3176] extDB3: Input from Server: 4:100
[23:47:47:103490 +01:00] [Thread 3176] extDB3: Output to Server: [3]
[23:47:47:103513 +01:00] [Thread 3176] extDB3: Input from Server: 4:100
[23:47:47:103526 +01:00] [Thread 3176] extDB3: Output to Server: [3]
[23:47:47:103549 +01:00] [Thread 3176] extDB3: Input from Server: 4:100
[23:47:47:103561 +01:00] [Thread 3176] extDB3: Output to Server: [3]
[23:47:47:103585 +01:00] [Thread 3176] extDB3: Input from Server: 4:100
[23:47:47:103597 +01:00] [Thread 3176] extDB3: Output to Server: [3]
[23:47:47:103620 +01:00] [Thread 3176] extDB3: Input from Server: 4:100
[23:47:47:103633 +01:00] [Thread 3176] extDB3: Output to Server: [3]
[23:47:47:103656 +01:00] [Thread 3176] extDB3: Input from Server: 4:100
[23:47:47:103668 +01:00] [Thread 3176] extDB3: Output to Server: [3]
[23:47:47:103678 +01:00] [Thread 3420] extDB3: SQL: Trace: Result: [1,[]]
[23:47:47:103692 +01:00] [Thread 3176] extDB3: Input from Server: 4:100
[23:47:47:103740 +01:00] [Thread 3176] extDB3: Output to Server: [3]
[23:47:47:103764 +01:00] [Thread 3176] extDB3: Input from Server: 4:100
[23:47:47:103776 +01:00] [Thread 3176] extDB3: Output to Server: [3]
[23:47:47:103799 +01:00] [Thread 3176] extDB3: Input from Server: 4:100
[23:47:47:103812 +01:00] [Thread 3176] extDB3: Output to Server: [3]
[23:47:47:103835 +01:00] [Thread 3176] extDB3: Input from Server: 4:100
[23:47:47:103848 +01:00] [Thread 3176] extDB3: Output to Server: [3]
[23:47:47:103871 +01:00] [Thread 3176] extDB3: Input from Server: 4:100
[23:47:47:103883 +01:00] [Thread 3176] extDB3: Output to Server: [3]
[23:47:47:103906 +01:00] [Thread 3176] extDB3: Input from Server: 4:100
[23:47:47:103919 +01:00] [Thread 3176] extDB3: Output to Server: [3]
[23:47:47:103942 +01:00] [Thread 3176] extDB3: Input from Server: 4:100
[23:47:47:103954 +01:00] [Thread 3176] extDB3: Output to Server: [3]
[23:47:47:103978 +01:00] [Thread 3176] extDB3: Input from Server: 4:100
[23:47:47:103990 +01:00] [Thread 3176] extDB3: Output to Server: [3]
[23:47:47:104013 +01:00] [Thread 3176] extDB3: Input from Server: 4:100
[23:47:47:104025 +01:00] [Thread 3176] extDB3: Output to Server: [3]
[23:47:47:104048 +01:00] [Thread 3176] extDB3: Input from Server: 4:100
[23:47:47:104069 +01:00] [Thread 3176] extDB3: Output to Server: [3]
[23:47:47:104094 +01:00] [Thread 3176] extDB3: Input from Server: 4:100
[23:47:47:104107 +01:00] [Thread 3176] extDB3: Output to Server: [3]
[23:47:47:104130 +01:00] [Thread 3176] extDB3: Input from Server: 4:100
[23:47:47:104142 +01:00] [Thread 3176] extDB3: Output to Server: [3]
[23:47:47:104165 +01:00] [Thread 3176] extDB3: Input from Server: 4:100
[23:47:47:104177 +01:00] [Thread 3176] extDB3: Output to Server: [3]
[23:47:47:104201 +01:00] [Thread 3176] extDB3: Input from Server: 4:100
[23:47:47:104213 +01:00] [Thread 3176] extDB3: Output to Server: [3]
[23:47:47:104237 +01:00] [Thread 3176] extDB3: Input from Server: 4:100
[23:47:47:104249 +01:00] [Thread 3176] extDB3: Output to Server: [3]
[23:47:47:104272 +01:00] [Thread 3176] extDB3: Input from Server: 4:100
[23:47:47:104285 +01:00] [Thread 3176] extDB3: Output to Server: [3]
[23:47:47:104308 +01:00] [Thread 3176] extDB3: Input from Server: 4:100
[23:47:47:104322 +01:00] [Thread 3176] extDB3: Output to Server: [3]
[23:47:47:104348 +01:00] [Thread 3176] extDB3: Input from Server: 4:100
[23:47:47:104360 +01:00] [Thread 3176] extDB3: Output to Server: [3]
[23:47:47:104383 +01:00] [Thread 3176] extDB3: Input from Server: 4:100
[23:47:47:104396 +01:00] [Thread 3176] extDB3: Output to Server: [3]
[23:47:47:104419 +01:00] [Thread 3176] extDB3: Input from Server: 4:100
[23:47:47:104432 +01:00] [Thread 3176] extDB3: Output to Server: [3]
[23:47:47:104455 +01:00] [Thread 3176] extDB3: Input from Server: 4:100
[23:47:47:104467 +01:00] [Thread 3176] extDB3: Output to Server: [3]
[23:47:47:104491 +01:00] [Thread 3176] extDB3: Input from Server: 4:100
[23:47:47:104504 +01:00] [Thread 3176] extDB3: Output to Server: [3]
[23:47:47:104527 +01:00] [Thread 3176] extDB3: Input from Server: 4:100
[23:47:47:104539 +01:00] [Thread 3176] extDB3: Output to Server: [3]
[23:47:47:104563 +01:00] [Thread 3176] extDB3: Input from Server: 4:100
[23:47:47:104575 +01:00] [Thread 3176] extDB3: Output to Server: [3]
[23:47:47:104599 +01:00] [Thread 3176] extDB3: Input from Server: 4:100
[23:47:47:104611 +01:00] [Thread 3176] extDB3: Output to Server: [3]
[23:47:47:104635 +01:00] [Thread 3176] extDB3: Input from Server: 4:100
[23:47:47:104647 +01:00] [Thread 3176] extDB3: Output to Server: [3]
[23:47:47:104670 +01:00] [Thread 3176] extDB3: Input from Server: 4:100
[23:47:47:104683 +01:00] [Thread 3176] extDB3: Output to Server: [3]
[23:47:47:104706 +01:00] [Thread 3176] extDB3: Input from Server: 4:100
[23:47:47:104718 +01:00] [Thread 3176] extDB3: Output to Server: [3]
[23:47:47:104742 +01:00] [Thread 3176] extDB3: Input from Server: 4:100
[23:47:47:104754 +01:00] [Thread 3176] extDB3: Output to Server: [3]
[23:47:47:104778 +01:00] [Thread 3176] extDB3: Input from Server: 4:100
[23:47:47:104790 +01:00] [Thread 3176] extDB3: Output to Server: [3]
[23:47:47:104813 +01:00] [Thread 3176] extDB3: Input from Server: 4:100
[23:47:47:104826 +01:00] [Thread 3176] extDB3: Output to Server: [3]
[23:47:47:104849 +01:00] [Thread 3176] extDB3: Input from Server: 4:100
[23:47:47:104862 +01:00] [Thread 3176] extDB3: Output to Server: [3]
[23:47:47:104885 +01:00] [Thread 3176] extDB3: Input from Server: 4:100
[23:47:47:105319 +01:00] [Thread 3176] extDB3: Output to Server: [3]
[23:47:47:105346 +01:00] [Thread 3176] extDB3: Input from Server: 4:100
[23:47:47:105359 +01:00] [Thread 3176] extDB3: Output to Server: [3]
[23:47:47:105382 +01:00] [Thread 3176] extDB3: Input from Server: 4:100
[23:47:47:105395 +01:00] [Thread 3176] extDB3: Output to Server: [3]
[23:47:47:105418 +01:00] [Thread 3176] extDB3: Input from Server: 4:100
[23:47:47:105430 +01:00] [Thread 3176] extDB3: Output to Server: [3]
[23:47:47:105454 +01:00] [Thread 3176] extDB3: Input from Server: 4:100
[23:47:47:105466 +01:00] [Thread 3176] extDB3: Output to Server: [3]
[23:47:47:105490 +01:00] [Thread 3176] extDB3: Input from Server: 4:100
[23:47:47:105502 +01:00] [Thread 3176] extDB3: Output to Server: [3]
[23:47:47:105526 +01:00] [Thread 3176] extDB3: Input from Server: 4:100
[23:47:47:105538 +01:00] [Thread 3176] extDB3: Output to Server: [3]
[23:47:47:105561 +01:00] [Thread 3176] extDB3: Input from Server: 4:100
[23:47:47:105573 +01:00] [Thread 3176] extDB3: Output to Server: [3]
[23:47:47:105597 +01:00] [Thread 3176] extDB3: Input from Server: 4:100
[23:47:47:105609 +01:00] [Thread 3176] extDB3: Output to Server: [3]
[23:47:47:105632 +01:00] [Thread 3176] extDB3: Input from Server: 4:100
[23:47:47:105645 +01:00] [Thread 3176] extDB3: Output to Server: [3]
[23:47:47:105676 +01:00] [Thread 3176] extDB3: Input from Server: 4:100
[23:47:47:105869 +01:00] [Thread 3176] extDB3: Output to Server: [3]
[23:47:47:105894 +01:00] [Thread 3176] extDB3: Input from Server: 4:100
[23:47:47:105907 +01:00] [Thread 3176] extDB3: Output to Server: [3]
[23:47:47:105930 +01:00] [Thread 3176] extDB3: Input from Server: 4:100
[23:47:47:105942 +01:00] [Thread 3176] extDB3: Output to Server: [3]
[23:47:47:106013 +01:00] [Thread 3176] extDB3: Input from Server: 4:100
[23:47:47:106031 +01:00] [Thread 3176] extDB3: Output to Server: [3]
[23:47:47:106056 +01:00] [Thread 3176] extDB3: Input from Server: 4:100
[23:47:47:106090 +01:00] [Thread 3176] extDB3: Output to Server: [3]
[23:47:47:106116 +01:00] [Thread 3176] extDB3: Input from Server: 4:100
[23:47:47:106129 +01:00] [Thread 3176] extDB3: Output to Server: [3]
[23:47:47:106160 +01:00] [Thread 3176] extDB3: Input from Server: 4:100
[23:47:47:106173 +01:00] [Thread 3176] extDB3: Output to Server: [3]
[23:47:47:106197 +01:00] [Thread 3176] extDB3: Input from Server: 4:100
[23:47:47:106438 +01:00] [Thread 3176] extDB3: Output to Server: [3]
[23:47:47:106463 +01:00] [Thread 3176] extDB3: Input from Server: 4:100
[23:47:47:106476 +01:00] [Thread 3176] extDB3: Output to Server: [3]
[23:47:47:106499 +01:00] [Thread 3176] extDB3: Input from Server: 4:100
[23:47:47:106511 +01:00] [Thread 3176] extDB3: Output to Server: [3]
[23:47:47:106535 +01:00] [Thread 3176] extDB3: Input from Server: 4:100
[23:47:47:106547 +01:00] [Thread 3176] extDB3: Output to Server: [3]
[23:47:47:106570 +01:00] [Thread 3176] extDB3: Input from Server: 4:100
[23:47:47:106583 +01:00] [Thread 3176] extDB3: Output to Server: [3]
[23:47:47:106606 +01:00] [Thread 3176] extDB3: Input from Server: 4:100
[23:47:47:106619 +01:00] [Thread 3176] extDB3: Output to Server: [3]
[23:47:47:106642 +01:00] [Thread 3176] extDB3: Input from Server: 4:100
[23:47:47:106655 +01:00] [Thread 3176] extDB3: Output to Server: [3]
[23:47:47:106678 +01:00] [Thread 3176] extDB3: Input from Server: 4:100
[23:47:47:106691 +01:00] [Thread 3176] extDB3: Output to Server: [3]
[23:47:47:106714 +01:00] [Thread 3176] extDB3: Input from Server: 4:100
[23:47:47:106726 +01:00] [Thread 3176] extDB3: Output to Server: [3]
[23:47:47:106749 +01:00] [Thread 3176] extDB3: Input from Server: 4:100
[23:47:47:106762 +01:00] [Thread 3176] extDB3: Output to Server: [3]
[23:47:47:106785 +01:00] [Thread 3176] extDB3: Input from Server: 4:100
[23:47:47:106782 +01:00] [Thread 3608] extDB3: SQL: Trace: Result: [1,[]]
[23:47:47:106797 +01:00] [Thread 3176] extDB3: Output to Server: [3]
[23:47:47:106856 +01:00] [Thread 3176] extDB3: Input from Server: 4:100
[23:47:47:106869 +01:00] [Thread 3176] extDB3: Output to Server: [3]
[23:47:47:106892 +01:00] [Thread 3176] extDB3: Input from Server: 4:100
[23:47:47:106904 +01:00] [Thread 3176] extDB3: Output to Server: [3]
[23:47:47:106928 +01:00] [Thread 3176] extDB3: Input from Server: 4:100
[23:47:47:106940 +01:00] [Thread 3176] extDB3: Output to Server: [3]
[23:47:47:106963 +01:00] [Thread 3176] extDB3: Input from Server: 4:100
[23:47:47:106976 +01:00] [Thread 3176] extDB3: Output to Server: [3]
[23:47:47:106999 +01:00] [Thread 3176] extDB3: Input from Server: 4:100
[23:47:47:107011 +01:00] [Thread 3176] extDB3: Output to Server: [3]
[23:47:47:107034 +01:00] [Thread 3176] extDB3: Input from Server: 4:100
[23:47:47:107047 +01:00] [Thread 3176] extDB3: Output to Server: [3]
[23:47:47:107078 +01:00] [Thread 3176] extDB3: Input from Server: 4:100
[23:47:47:107091 +01:00] [Thread 3176] extDB3: Output to Server: [3]
[23:47:47:107116 +01:00] [Thread 3176] extDB3: Input from Server: 4:100
[23:47:47:107128 +01:00] [Thread 3176] extDB3: Output to Server: [3]
[23:47:47:107152 +01:00] [Thread 3176] extDB3: Input from Server: 4:100
[23:47:47:107164 +01:00] [Thread 3176] extDB3: Output to Server: [3]
[23:47:47:107188 +01:00] [Thread 3176] extDB3: Input from Server: 4:100
[23:47:47:107200 +01:00] [Thread 3176] extDB3: Output to Server: [3]
[23:47:47:107223 +01:00] [Thread 3176] extDB3: Input from Server: 4:100
[23:47:47:107235 +01:00] [Thread 3176] extDB3: Output to Server: [3]
[23:47:47:107258 +01:00] [Thread 3176] extDB3: Input from Server: 4:100
[23:47:47:107271 +01:00] [Thread 3176] extDB3: Output to Server: [3]
[23:47:47:107294 +01:00] [Thread 3176] extDB3: Input from Server: 4:100
[23:47:47:107306 +01:00] [Thread 3176] extDB3: Output to Server: [3]
[23:47:47:107332 +01:00] [Thread 3176] extDB3: Input from Server: 4:100
[23:47:47:107346 +01:00] [Thread 3176] extDB3: Output to Server: [3]
[23:47:47:107370 +01:00] [Thread 3176] extDB3: Input from Server: 4:100
[23:47:47:107382 +01:00] [Thread 3176] extDB3: Output to Server: [3]
[23:47:47:107405 +01:00] [Thread 3176] extDB3: Input from Server: 4:100
[23:47:47:107417 +01:00] [Thread 3176] extDB3: Output to Server: [3]
[23:47:47:107441 +01:00] [Thread 3176] extDB3: Input from Server: 4:100
[23:47:47:107453 +01:00] [Thread 3176] extDB3: Output to Server: [3]
[23:47:47:107476 +01:00] [Thread 3176] extDB3: Input from Server: 4:100
[23:47:47:107489 +01:00] [Thread 3176] extDB3: Output to Server: [3]
[23:47:47:107512 +01:00] [Thread 3176] extDB3: Input from Server: 4:100
[23:47:47:107525 +01:00] [Thread 3176] extDB3: Output to Server: [3]
[23:47:47:107548 +01:00] [Thread 3176] extDB3: Input from Server: 4:100
[23:47:47:107560 +01:00] [Thread 3176] extDB3: Output to Server: [3]
[23:47:47:107584 +01:00] [Thread 3176] extDB3: Input from Server: 4:100
[23:47:47:107596 +01:00] [Thread 3176] extDB3: Output to Server: [3]
[23:47:47:107620 +01:00] [Thread 3176] extDB3: Input from Server: 4:100
[23:47:47:107632 +01:00] [Thread 3176] extDB3: Output to Server: [3]
[23:47:47:107655 +01:00] [Thread 3176] extDB3: Input from Server: 4:100
[23:47:47:107667 +01:00] [Thread 3176] extDB3: Output to Server: [3]
[23:47:47:107690 +01:00] [Thread 3176] extDB3: Input from Server: 4:100
[23:47:47:107703 +01:00] [Thread 3176] extDB3: Output to Server: [3]
[23:47:47:107726 +01:00] [Thread 3176] extDB3: Input from Server: 4:100
[23:47:47:107738 +01:00] [Thread 3176] extDB3: Output to Server: [3]
[23:47:47:107761 +01:00] [Thread 3176] extDB3: Input from Server: 4:100
[23:47:47:107774 +01:00] [Thread 3176] extDB3: Output to Server: [3]
[23:47:47:107798 +01:00] [Thread 3176] extDB3: Input from Server: 4:100
[23:47:47:107810 +01:00] [Thread 3176] extDB3: Output to Server: [3]
[23:47:47:107833 +01:00] [Thread 3176] extDB3: Input from Server: 4:100
[23:47:47:107845 +01:00] [Thread 3176] extDB3: Output to Server: [3]
[23:47:47:107841 +01:00] [Thread 3604] extDB3: SQL: Error MariaDBQueryException: The user specified as a definer ('arma3'@'localhost') does not exist
[23:47:47:107884 +01:00] [Thread 3604] extDB3: SQL: Error MariaDBQueryException: Input: CALL resetLifeVehicles
[23:47:47:107869 +01:00] [Thread 3176] extDB3: Input from Server: 4:100
[23:47:47:107909 +01:00] [Thread 3176] extDB3: Output to Server: [3]
[23:47:47:107933 +01:00] [Thread 3176] extDB3: Input from Server: 4:100
[23:47:47:107946 +01:00] [Thread 3176] extDB3: Output to Server: [3]
[23:47:47:107969 +01:00] [Thread 3176] extDB3: Input from Server: 4:100
[23:47:47:107982 +01:00] [Thread 3176] extDB3: Output to Server: [3]
[23:47:47:108005 +01:00] [Thread 3176] extDB3: Input from Server: 4:100
[23:47:47:108018 +01:00] [Thread 3176] extDB3: Output to Server: [3]
[23:47:47:108049 +01:00] [Thread 3176] extDB3: Input from Server: 4:100
[23:47:47:108062 +01:00] [Thread 3176] extDB3: Output to Server: [3]
[23:47:47:108095 +01:00] [Thread 3176] extDB3: Input from Server: 4:100
[23:47:47:108108 +01:00] [Thread 3176] extDB3: Output to Server: [3]
[23:47:47:108131 +01:00] [Thread 3176] extDB3: Input from Server: 4:100
[23:47:47:108144 +01:00] [Thread 3176] extDB3: Output to Server: [3]
[23:47:47:108167 +01:00] [Thread 3176] extDB3: Input from Server: 4:100
[23:47:47:108179 +01:00] [Thread 3176] extDB3: Output to Server: [3]
[23:47:47:108203 +01:00] [Thread 3176] extDB3: Input from Server: 4:100
[23:47:47:108215 +01:00] [Thread 3176] extDB3: Output to Server: [3]
[23:47:47:108238 +01:00] [Thread 3176] extDB3: Input from Server: 4:100
[23:47:47:108250 +01:00] [Thread 3176] extDB3: Output to Server: [3]
[23:47:47:108273 +01:00] [Thread 3176] extDB3: Input from Server: 4:100
[23:47:47:108286 +01:00] [Thread 3176] extDB3: Output to Server: [3]
[23:47:47:108309 +01:00] [Thread 3176] extDB3: Input from Server: 4:100
[23:47:47:108321 +01:00] [Thread 3176] extDB3: Output to Server: [3]
[23:47:47:108351 +01:00] [Thread 3176] extDB3: Input from Server: 4:100
[23:47:47:108368 +01:00] [Thread 3176] extDB3: Output to Server: [3]
[23:47:47:108393 +01:00] [Thread 3176] extDB3: Input from Server: 4:100
[23:47:47:108405 +01:00] [Thread 3176] extDB3: Output to Server: [3]
[23:47:47:108429 +01:00] [Thread 3176] extDB3: Input from Server: 4:100
[23:47:47:108441 +01:00] [Thread 3176] extDB3: Output to Server: [3]
[23:47:47:108464 +01:00] [Thread 3176] extDB3: Input from Server: 4:100
[23:47:47:108476 +01:00] [Thread 3176] extDB3: Output to Server: [3]
[23:47:47:108500 +01:00] [Thread 3176] extDB3: Input from Server: 4:100
[23:47:47:108512 +01:00] [Thread 3176] extDB3: Output to Server: [3]
[23:47:47:108535 +01:00] [Thread 3176] extDB3: Input from Server: 4:100
[23:47:47:108547 +01:00] [Thread 3176] extDB3: Output to Server: [3]
[23:47:47:108570 +01:00] [Thread 3176] extDB3: Input from Server: 4:100
[23:47:47:108582 +01:00] [Thread 3176] extDB3: Output to Server: [3]
[23:47:47:108606 +01:00] [Thread 3176] extDB3: Input from Server: 4:100
[23:47:47:108618 +01:00] [Thread 3176] extDB3: Output to Server: [3]
[23:47:47:108641 +01:00] [Thread 3176] extDB3: Input from Server: 4:100
[23:47:47:108658 +01:00] [Thread 3176] extDB3: Output to Server: [3]
[23:47:47:108686 +01:00] [Thread 3176] extDB3: Input from Server: 4:100
[23:47:47:108698 +01:00] [Thread 3176] extDB3: Output to Server: [3]
[23:47:47:108722 +01:00] [Thread 3176] extDB3: Input from Server: 4:100
[23:47:47:108734 +01:00] [Thread 3176] extDB3: Output to Server: [3]
[23:47:47:108757 +01:00] [Thread 3176] extDB3: Input from Server: 4:100
[23:47:47:108770 +01:00] [Thread 3176] extDB3: Output to Server: [3]
[23:47:47:108793 +01:00] [Thread 3176] extDB3: Input from Server: 4:100
[23:47:47:108805 +01:00] [Thread 3176] extDB3: Output to Server: [3]
[23:47:47:108828 +01:00] [Thread 3176] extDB3: Input from Server: 4:100
[23:47:47:108841 +01:00] [Thread 3176] extDB3: Output to Server: [3]
[23:47:47:108864 +01:00] [Thread 3176] extDB3: Input from Server: 4:100
[23:47:47:108876 +01:00] [Thread 3176] extDB3: Output to Server: [3]
[23:47:47:108899 +01:00] [Thread 3176] extDB3: Input from Server: 4:100
[23:47:47:108911 +01:00] [Thread 3176] extDB3: Output to Server: [3]
[23:47:47:108938 +01:00] [Thread 3176] extDB3: Input from Server: 4:100
[23:47:47:108955 +01:00] [Thread 3176] extDB3: Output to Server: [3]
[23:47:47:108980 +01:00] [Thread 3176] extDB3: Input from Server: 4:100
[23:47:47:108992 +01:00] [Thread 3176] extDB3: Output to Server: [3]
[23:47:47:109016 +01:00] [Thread 3176] extDB3: Input from Server: 4:100
[23:47:47:109028 +01:00] [Thread 3176] extDB3: Output to Server: [3]
[23:47:47:109052 +01:00] [Thread 3176] extDB3: Input from Server: 4:100
[23:47:47:109064 +01:00] [Thread 3176] extDB3: Output to Server: [3]
[23:47:47:109127 +01:00] [Thread 3176] extDB3: Input from Server: 4:100
[23:47:47:109141 +01:00] [Thread 3176] extDB3: Output to Server: [3]
[23:47:47:109165 +01:00] [Thread 3176] extDB3: Input from Server: 4:100
[23:47:47:109177 +01:00] [Thread 3176] extDB3: Output to Server: [3]
[23:47:47:109201 +01:00] [Thread 3176] extDB3: Input from Server: 4:100
[23:47:47:109213 +01:00] [Thread 3176] extDB3: Output to Server: [3]
[23:47:47:109236 +01:00] [Thread 3176] extDB3: Input from Server: 4:100
[23:47:47:109248 +01:00] [Thread 3176] extDB3: Output to Server: [3]
[23:47:47:109272 +01:00] [Thread 3176] extDB3: Input from Server: 4:100
[23:47:47:109284 +01:00] [Thread 3176] extDB3: Output to Server: [3]
[23:47:47:109307 +01:00] [Thread 3176] extDB3: Input from Server: 4:100
[23:47:47:109324 +01:00] [Thread 3176] extDB3: Output to Server: [3]
[23:47:47:109351 +01:00] [Thread 3176] extDB3: Input from Server: 4:100
[23:47:47:109364 +01:00] [Thread 3176] extDB3: Output to Server: [3]
[23:47:47:109387 +01:00] [Thread 3176] extDB3: Input from Server: 4:100
[23:47:47:109400 +01:00] [Thread 3176] extDB3: Output to Server: [3]
[23:47:47:109423 +01:00] [Thread 3176] extDB3: Input from Server: 4:100
[23:47:47:109438 +01:00] [Thread 3176] extDB3: Output to Server: [3]
[23:47:47:109463 +01:00] [Thread 3176] extDB3: Input from Server: 4:100
[23:47:47:109475 +01:00] [Thread 3176] extDB3: Output to Server: [3]
[23:47:47:109498 +01:00] [Thread 3176] extDB3: Input from Server: 4:100
[23:47:47:109511 +01:00] [Thread 3176] extDB3: Output to Server: [3]
[23:47:47:109534 +01:00] [Thread 3176] extDB3: Input from Server: 4:100
[23:47:47:109546 +01:00] [Thread 3176] extDB3: Output to Server: [3]
[23:47:47:109570 +01:00] [Thread 3176] extDB3: Input from Server: 4:100
[23:47:47:109582 +01:00] [Thread 3176] extDB3: Output to Server: [3]
[23:47:47:109605 +01:00] [Thread 3176] extDB3: Input from Server: 4:100
[23:47:47:109617 +01:00] [Thread 3176] extDB3: Output to Server: [3]
[23:47:47:109641 +01:00] [Thread 3176] extDB3: Input from Server: 4:100
[23:47:47:109653 +01:00] [Thread 3176] extDB3: Output to Server: [3]
[23:47:47:109676 +01:00] [Thread 3176] extDB3: Input from Server: 4:100
[23:47:47:109688 +01:00] [Thread 3176] extDB3: Output to Server: [3]
[23:47:47:109711 +01:00] [Thread 3176] extDB3: Input from Server: 4:100
[23:47:47:109724 +01:00] [Thread 3176] extDB3: Output to Server: [3]
[23:47:47:109747 +01:00] [Thread 3176] extDB3: Input from Server: 4:100
[23:47:47:109759 +01:00] [Thread 3176] extDB3: Output to Server: [3]
[23:47:47:109782 +01:00] [Thread 3176] extDB3: Input from Server: 4:100
[23:47:47:109794 +01:00] [Thread 3176] extDB3: Output to Server: [3]
[23:47:47:109817 +01:00] [Thread 3176] extDB3: Input from Server: 4:100
[23:47:47:109830 +01:00] [Thread 3176] extDB3: Output to Server: [3]
[23:47:47:109853 +01:00] [Thread 3176] extDB3: Input from Server: 4:100
[23:47:47:109865 +01:00] [Thread 3176] extDB3: Output to Server: [3]
[23:47:47:109896 +01:00] [Thread 3176] extDB3: Input from Server: 4:100
[23:47:47:109910 +01:00] [Thread 3176] extDB3: Output to Server: [3]
[23:47:47:109934 +01:00] [Thread 3176] extDB3: Input from Server: 4:100
[23:47:47:109946 +01:00] [Thread 3176] extDB3: Output to Server: [3]
[23:47:47:109969 +01:00] [Thread 3176] extDB3: Input from Server: 4:100
[23:47:47:109982 +01:00] [Thread 3176] extDB3: Output to Server: [3]
[23:47:47:109962 +01:00] [Thread 3624] extDB3: SQL: Trace: Result: [1,[[0]]]
[23:47:47:110006 +01:00] [Thread 3176] extDB3: Input from Server: 4:100
[23:47:47:110043 +01:00] [Thread 3176] extDB3: Output to Server: [1,[[0]]]
[23:47:47:110332 +01:00] [Thread 3176] extDB3: Input from Server: 2:3265:SELECT houses.id, houses.pid, houses.pos, players.name FROM houses INNER JOIN players ON houses.pid=players.playerid WHERE houses.owned='1' LIMIT 0,10
[23:47:47:110367 +01:00] [Thread 3176] extDB3: Output to Server: [2,"101"]
[23:47:47:110414 +01:00] [Thread 3624] extDB3: SQL: Trace: Input: SELECT houses.id, houses.pid, houses.pos, players.name FROM houses INNER JOIN players ON houses.pid=players.playerid WHERE houses.owned='1' LIMIT 0,10
[23:47:47:110422 +01:00] [Thread 3176] extDB3: Input from Server: 4:101
[23:47:47:110474 +01:00] [Thread 3176] extDB3: Output to Server: [3]
[23:47:47:110512 +01:00] [Thread 3176] extDB3: Input from Server: 4:101
[23:47:47:110525 +01:00] [Thread 3176] extDB3: Output to Server: [3]
[23:47:47:110549 +01:00] [Thread 3176] extDB3: Input from Server: 4:101
[23:47:47:110562 +01:00] [Thread 3176] extDB3: Output to Server: [3]
[23:47:47:110585 +01:00] [Thread 3176] extDB3: Input from Server: 4:101
[23:47:47:110598 +01:00] [Thread 3176] extDB3: Output to Server: [3]
[23:47:47:110621 +01:00] [Thread 3176] extDB3: Input from Server: 4:101
[23:47:47:110633 +01:00] [Thread 3176] extDB3: Output to Server: [3]
[23:47:47:110657 +01:00] [Thread 3176] extDB3: Input from Server: 4:101
[23:47:47:110669 +01:00] [Thread 3176] extDB3: Output to Server: [3]
[23:47:47:110693 +01:00] [Thread 3176] extDB3: Input from Server: 4:101
[23:47:47:110705 +01:00] [Thread 3176] extDB3: Output to Server: [3]
[23:47:47:110728 +01:00] [Thread 3176] extDB3: Input from Server: 4:101
[23:47:47:110740 +01:00] [Thread 3176] extDB3: Output to Server: [3]
[23:47:47:110774 +01:00] [Thread 3176] extDB3: Input from Server: 4:101
[23:47:47:110790 +01:00] [Thread 3176] extDB3: Output to Server: [3]
[23:47:47:110814 +01:00] [Thread 3176] extDB3: Input from Server: 4:101
[23:47:47:110827 +01:00] [Thread 3176] extDB3: Output to Server: [3]
[23:47:47:110850 +01:00] [Thread 3176] extDB3: Input from Server: 4:101
[23:47:47:110862 +01:00] [Thread 3176] extDB3: Output to Server: [3]
[23:47:47:110885 +01:00] [Thread 3176] extDB3: Input from Server: 4:101
[23:47:47:110897 +01:00] [Thread 3176] extDB3: Output to Server: [3]
[23:47:47:110920 +01:00] [Thread 3176] extDB3: Input from Server: 4:101
[23:47:47:110932 +01:00] [Thread 3176] extDB3: Output to Server: [3]
[23:47:47:110955 +01:00] [Thread 3176] extDB3: Input from Server: 4:101
[23:47:47:110968 +01:00] [Thread 3176] extDB3: Output to Server: [3]
[23:47:47:110990 +01:00] [Thread 3176] extDB3: Input from Server: 4:101
[23:47:47:111003 +01:00] [Thread 3176] extDB3: Output to Server: [3]
[23:47:47:111031 +01:00] [Thread 3176] extDB3: Input from Server: 4:101
[23:47:47:111046 +01:00] [Thread 3176] extDB3: Output to Server: [3]
[23:47:47:111075 +01:00] [Thread 3176] extDB3: Input from Server: 4:101
[23:47:47:111091 +01:00] [Thread 3176] extDB3: Output to Server: [3]
[23:47:47:111116 +01:00] [Thread 3176] extDB3: Input from Server: 4:101
[23:47:47:111128 +01:00] [Thread 3176] extDB3: Output to Server: [3]
[23:47:47:111152 +01:00] [Thread 3176] extDB3: Input from Server: 4:101
[23:47:47:111164 +01:00] [Thread 3176] extDB3: Output to Server: [3]
[23:47:47:111187 +01:00] [Thread 3176] extDB3: Input from Server: 4:101
[23:47:47:111200 +01:00] [Thread 3176] extDB3: Output to Server: [3]
[23:47:47:111223 +01:00] [Thread 3176] extDB3: Input from Server: 4:101
[23:47:47:111235 +01:00] [Thread 3176] extDB3: Output to Server: [3]
[23:47:47:111258 +01:00] [Thread 3176] extDB3: Input from Server: 4:101
[23:47:47:111271 +01:00] [Thread 3176] extDB3: Output to Server: [3]
[23:47:47:111294 +01:00] [Thread 3176] extDB3: Input from Server: 4:101
[23:47:47:111306 +01:00] [Thread 3176] extDB3: Output to Server: [3]
[23:47:47:111329 +01:00] [Thread 3176] extDB3: Input from Server: 4:101
[23:47:47:111342 +01:00] [Thread 3176] extDB3: Output to Server: [3]
[23:47:47:111365 +01:00] [Thread 3176] extDB3: Input from Server: 4:101
[23:47:47:111377 +01:00] [Thread 3176] extDB3: Output to Server: [3]
[23:47:47:111400 +01:00] [Thread 3176] extDB3: Input from Server: 4:101
[23:47:47:111412 +01:00] [Thread 3176] extDB3: Output to Server: [3]
[23:47:47:111435 +01:00] [Thread 3176] extDB3: Input from Server: 4:101
[23:47:47:111448 +01:00] [Thread 3176] extDB3: Output to Server: [3]
[23:47:47:111478 +01:00] [Thread 3176] extDB3: Input from Server: 4:101
[23:47:47:111491 +01:00] [Thread 3176] extDB3: Output to Server: [3]
[23:47:47:111515 +01:00] [Thread 3176] extDB3: Input from Server: 4:101
[23:47:47:111528 +01:00] [Thread 3176] extDB3: Output to Server: [3]
[23:47:47:111551 +01:00] [Thread 3176] extDB3: Input from Server: 4:101
[23:47:47:111563 +01:00] [Thread 3176] extDB3: Output to Server: [3]
[23:47:47:111586 +01:00] [Thread 3176] extDB3: Input from Server: 4:101
[23:47:47:111598 +01:00] [Thread 3176] extDB3: Output to Server: [3]
[23:47:47:111622 +01:00] [Thread 3176] extDB3: Input from Server: 4:101
[23:47:47:111634 +01:00] [Thread 3176] extDB3: Output to Server: [3]
[23:47:47:111657 +01:00] [Thread 3176] extDB3: Input from Server: 4:101
[23:47:47:111669 +01:00] [Thread 3176] extDB3: Output to Server: [3]
[23:47:47:111692 +01:00] [Thread 3176] extDB3: Input from Server: 4:101
[23:47:47:111705 +01:00] [Thread 3176] extDB3: Output to Server: [3]
[23:47:47:111727 +01:00] [Thread 3176] extDB3: Input from Server: 4:101
[23:47:47:111740 +01:00] [Thread 3176] extDB3: Output to Server: [3]
[23:47:47:111763 +01:00] [Thread 3176] extDB3: Input from Server: 4:101
[23:47:47:111775 +01:00] [Thread 3176] extDB3: Output to Server: [3]
[23:47:47:111798 +01:00] [Thread 3176] extDB3: Input from Server: 4:101
[23:47:47:111812 +01:00] [Thread 3176] extDB3: Output to Server: [3]
[23:47:47:111838 +01:00] [Thread 3176] extDB3: Input from Server: 4:101
[23:47:47:111850 +01:00] [Thread 3176] extDB3: Output to Server: [3]
[23:47:47:111873 +01:00] [Thread 3176] extDB3: Input from Server: 4:101
[23:47:47:111886 +01:00] [Thread 3176] extDB3: Output to Server: [3]
[23:47:47:111909 +01:00] [Thread 3176] extDB3: Input from Server: 4:101
[23:47:47:111921 +01:00] [Thread 3176] extDB3: Output to Server: [3]
[23:47:47:111944 +01:00] [Thread 3176] extDB3: Input from Server: 4:101
[23:47:47:111956 +01:00] [Thread 3176] extDB3: Output to Server: [3]
[23:47:47:111979 +01:00] [Thread 3176] extDB3: Input from Server: 4:101
[23:47:47:111991 +01:00] [Thread 3176] extDB3: Output to Server: [3]
[23:47:47:112014 +01:00] [Thread 3176] extDB3: Input from Server: 4:101
[23:47:47:112027 +01:00] [Thread 3176] extDB3: Output to Server: [3]
[23:47:47:112050 +01:00] [Thread 3176] extDB3: Input from Server: 4:101
[23:47:47:112062 +01:00] [Thread 3176] extDB3: Output to Server: [3]
[23:47:47:112093 +01:00] [Thread 3176] extDB3: Input from Server: 4:101
[23:47:47:112107 +01:00] [Thread 3176] extDB3: Output to Server: [3]
[23:47:47:112130 +01:00] [Thread 3176] extDB3: Input from Server: 4:101
[23:47:47:112143 +01:00] [Thread 3176] extDB3: Output to Server: [3]
[23:47:47:112166 +01:00] [Thread 3176] extDB3: Input from Server: 4:101
[23:47:47:112178 +01:00] [Thread 3176] extDB3: Output to Server: [3]
[23:47:47:112201 +01:00] [Thread 3176] extDB3: Input from Server: 4:101
[23:47:47:112214 +01:00] [Thread 3176] extDB3: Output to Server: [3]
[23:47:47:112237 +01:00] [Thread 3176] extDB3: Input from Server: 4:101
[23:47:47:112249 +01:00] [Thread 3176] extDB3: Output to Server: [3]
[23:47:47:112272 +01:00] [Thread 3176] extDB3: Input from Server: 4:101
[23:47:47:112284 +01:00] [Thread 3176] extDB3: Output to Server: [3]
[23:47:47:112315 +01:00] [Thread 3176] extDB3: Input from Server: 4:101
[23:47:47:112328 +01:00] [Thread 3176] extDB3: Output to Server: [3]
[23:47:47:112352 +01:00] [Thread 3176] extDB3: Input from Server: 4:101
[23:47:47:112365 +01:00] [Thread 3176] extDB3: Output to Server: [3]
[23:47:47:112388 +01:00] [Thread 3176] extDB3: Input from Server: 4:101
[23:47:47:112400 +01:00] [Thread 3176] extDB3: Output to Server: [3]
[23:47:47:112423 +01:00] [Thread 3176] extDB3: Input from Server: 4:101
[23:47:47:112435 +01:00] [Thread 3176] extDB3: Output to Server: [3]
[23:47:47:112458 +01:00] [Thread 3176] extDB3: Input from Server: 4:101
[23:47:47:112470 +01:00] [Thread 3176] extDB3: Output to Server: [3]
[23:47:47:112493 +01:00] [Thread 3176] extDB3: Input from Server: 4:101
[23:47:47:112506 +01:00] [Thread 3176] extDB3: Output to Server: [3]
[23:47:47:112529 +01:00] [Thread 3176] extDB3: Input from Server: 4:101
[23:47:47:112541 +01:00] [Thread 3176] extDB3: Output to Server: [3]
[23:47:47:112564 +01:00] [Thread 3176] extDB3: Input from Server: 4:101
[23:47:47:112576 +01:00] [Thread 3176] extDB3: Output to Server: [3]
[23:47:47:112599 +01:00] [Thread 3176] extDB3: Input from Server: 4:101
[23:47:47:112612 +01:00] [Thread 3176] extDB3: Output to Server: [3]
[23:47:47:112635 +01:00] [Thread 3176] extDB3: Input from Server: 4:101
[23:47:47:112647 +01:00] [Thread 3176] extDB3: Output to Server: [3]
[23:47:47:112670 +01:00] [Thread 3176] extDB3: Input from Server: 4:101
[23:47:47:112682 +01:00] [Thread 3176] extDB3: Output to Server: [3]
[23:47:47:112705 +01:00] [Thread 3176] extDB3: Input from Server: 4:101
[23:47:47:112717 +01:00] [Thread 3176] extDB3: Output to Server: [3]
[23:47:47:112740 +01:00] [Thread 3176] extDB3: Input from Server: 4:101
[23:47:47:112752 +01:00] [Thread 3176] extDB3: Output to Server: [3]
[23:47:47:112776 +01:00] [Thread 3176] extDB3: Input from Server: 4:101
[23:47:47:112792 +01:00] [Thread 3176] extDB3: Output to Server: [3]
[23:47:47:112820 +01:00] [Thread 3176] extDB3: Input from Server: 4:101
[23:47:47:112833 +01:00] [Thread 3176] extDB3: Output to Server: [3]
[23:47:47:112856 +01:00] [Thread 3176] extDB3: Input from Server: 4:101
[23:47:47:112870 +01:00] [Thread 3176] extDB3: Output to Server: [3]
[23:47:47:112895 +01:00] [Thread 3176] extDB3: Input from Server: 4:101
[23:47:47:112907 +01:00] [Thread 3176] extDB3: Output to Server: [3]
[23:47:47:112930 +01:00] [Thread 3176] extDB3: Input from Server: 4:101
[23:47:47:112942 +01:00] [Thread 3176] extDB3: Output to Server: [3]
[23:47:47:112965 +01:00] [Thread 3176] extDB3: Input from Server: 4:101
[23:47:47:112978 +01:00] [Thread 3176] extDB3: Output to Server: [3]
[23:47:47:113000 +01:00] [Thread 3176] extDB3: Input from Server: 4:101
[23:47:47:113013 +01:00] [Thread 3176] extDB3: Output to Server: [3]
[23:47:47:113036 +01:00] [Thread 3176] extDB3: Input from Server: 4:101
[23:47:47:113048 +01:00] [Thread 3176] extDB3: Output to Server: [3]
[23:47:47:113071 +01:00] [Thread 3176] extDB3: Input from Server: 4:101
[23:47:47:113092 +01:00] [Thread 3176] extDB3: Output to Server: [3]
[23:47:47:113116 +01:00] [Thread 3176] extDB3: Input from Server: 4:101
[23:47:47:113128 +01:00] [Thread 3176] extDB3: Output to Server: [3]
[23:47:47:113152 +01:00] [Thread 3176] extDB3: Input from Server: 4:101
[23:47:47:113164 +01:00] [Thread 3176] extDB3: Output to Server: [3]
[23:47:47:113187 +01:00] [Thread 3176] extDB3: Input from Server: 4:101
[23:47:47:113199 +01:00] [Thread 3176] extDB3: Output to Server: [3]
[23:47:47:113222 +01:00] [Thread 3176] extDB3: Input from Server: 4:101
[23:47:47:113235 +01:00] [Thread 3176] extDB3: Output to Server: [3]
[23:47:47:113258 +01:00] [Thread 3176] extDB3: Input from Server: 4:101
[23:47:47:113270 +01:00] [Thread 3176] extDB3: Output to Server: [3]
[23:47:47:113293 +01:00] [Thread 3176] extDB3: Input from Server: 4:101
[23:47:47:113305 +01:00] [Thread 3176] extDB3: Output to Server: [3]
[23:47:47:113329 +01:00] [Thread 3176] extDB3: Input from Server: 4:101
[23:47:47:113341 +01:00] [Thread 3176] extDB3: Output to Server: [3]
[23:47:47:113364 +01:00] [Thread 3176] extDB3: Input from Server: 4:101
[23:47:47:113376 +01:00] [Thread 3176] extDB3: Output to Server: [3]
[23:47:47:113400 +01:00] [Thread 3176] extDB3: Input from Server: 4:101
[23:47:47:113412 +01:00] [Thread 3176] extDB3: Output to Server: [3]
[23:47:47:113435 +01:00] [Thread 3176] extDB3: Input from Server: 4:101
[23:47:47:113447 +01:00] [Thread 3176] extDB3: Output to Server: [3]
[23:47:47:113471 +01:00] [Thread 3176] extDB3: Input from Server: 4:101
[23:47:47:113483 +01:00] [Thread 3176] extDB3: Output to Server: [3]
[23:47:47:113506 +01:00] [Thread 3176] extDB3: Input from Server: 4:101
[23:47:47:113518 +01:00] [Thread 3176] extDB3: Output to Server: [3]
[23:47:47:113541 +01:00] [Thread 3176] extDB3: Input from Server: 4:101
[23:47:47:113553 +01:00] [Thread 3176] extDB3: Output to Server: [3]
[23:47:47:113576 +01:00] [Thread 3176] extDB3: Input from Server: 4:101
[23:47:47:113588 +01:00] [Thread 3176] extDB3: Output to Server: [3]
[23:47:47:113593 +01:00] [Thread 3624] extDB3: SQL: Trace: Result: [1,[]]
[23:47:47:113612 +01:00] [Thread 3176] extDB3: Input from Server: 4:101
[23:47:47:113650 +01:00] [Thread 3176] extDB3: Output to Server: [1,[]]
[23:47:47:114639 +01:00] [Thread 3176] extDB3: Input from Server: 2:3265:SELECT prices FROM dynmarket WHERE id='1'
[23:47:47:114672 +01:00] [Thread 3176] extDB3: Output to Server: [2,"102"]
[23:47:47:114725 +01:00] [Thread 3176] extDB3: Input from Server: 4:102
[23:47:47:114741 +01:00] [Thread 3176] extDB3: Output to Server: [3]
[23:47:47:114720 +01:00] [Thread 3624] extDB3: SQL: Trace: Input: SELECT prices FROM dynmarket WHERE id='1'
[23:47:47:114778 +01:00] [Thread 3176] extDB3: Input from Server: 4:102
[23:47:47:114793 +01:00] [Thread 3176] extDB3: Output to Server: [3]
[23:47:47:114817 +01:00] [Thread 3176] extDB3: Input from Server: 4:102
[23:47:47:114829 +01:00] [Thread 3176] extDB3: Output to Server: [3]
[23:47:47:114852 +01:00] [Thread 3176] extDB3: Input from Server: 4:102
[23:47:47:114865 +01:00] [Thread 3176] extDB3: Output to Server: [3]
[23:47:47:114888 +01:00] [Thread 3176] extDB3: Input from Server: 4:102
[23:47:47:114903 +01:00] [Thread 3176] extDB3: Output to Server: [3]
[23:47:47:114929 +01:00] [Thread 3176] extDB3: Input from Server: 4:102
[23:47:47:114941 +01:00] [Thread 3176] extDB3: Output to Server: [3]
[23:47:47:114965 +01:00] [Thread 3176] extDB3: Input from Server: 4:102
[23:47:47:114977 +01:00] [Thread 3176] extDB3: Output to Server: [3]
[23:47:47:115000 +01:00] [Thread 3176] extDB3: Input from Server: 4:102
[23:47:47:115012 +01:00] [Thread 3176] extDB3: Output to Server: [3]
[23:47:47:115035 +01:00] [Thread 3176] extDB3: Input from Server: 4:102
[23:47:47:115047 +01:00] [Thread 3176] extDB3: Output to Server: [3]
[23:47:47:115070 +01:00] [Thread 3176] extDB3: Input from Server: 4:102
[23:47:47:115083 +01:00] [Thread 3176] extDB3: Output to Server: [3]
[23:47:47:115115 +01:00] [Thread 3176] extDB3: Input from Server: 4:102
[23:47:47:115128 +01:00] [Thread 3176] extDB3: Output to Server: [3]
[23:47:47:115151 +01:00] [Thread 3176] extDB3: Input from Server: 4:102
[23:47:47:115166 +01:00] [Thread 3176] extDB3: Output to Server: [3]
[23:47:47:115194 +01:00] [Thread 3176] extDB3: Input from Server: 4:102
[23:47:47:115207 +01:00] [Thread 3176] extDB3: Output to Server: [3]
[23:47:47:115230 +01:00] [Thread 3176] extDB3: Input from Server: 4:102
[23:47:47:115242 +01:00] [Thread 3176] extDB3: Output to Server: [3]
[23:47:47:115265 +01:00] [Thread 3176] extDB3: Input from Server: 4:102
[23:47:47:115277 +01:00] [Thread 3176] extDB3: Output to Server: [3]
[23:47:47:115300 +01:00] [Thread 3176] extDB3: Input from Server: 4:102
[23:47:47:115312 +01:00] [Thread 3176] extDB3: Output to Server: [3]
[23:47:47:115335 +01:00] [Thread 3176] extDB3: Input from Server: 4:102
[23:47:47:115347 +01:00] [Thread 3176] extDB3: Output to Server: [3]
[23:47:47:115370 +01:00] [Thread 3176] extDB3: Input from Server: 4:102
[23:47:47:115382 +01:00] [Thread 3176] extDB3: Output to Server: [3]
[23:47:47:115405 +01:00] [Thread 3176] extDB3: Input from Server: 4:102
[23:47:47:115418 +01:00] [Thread 3176] extDB3: Output to Server: [3]
[23:47:47:115440 +01:00] [Thread 3176] extDB3: Input from Server: 4:102
[23:47:47:115455 +01:00] [Thread 3176] extDB3: Output to Server: [3]
[23:47:47:115483 +01:00] [Thread 3176] extDB3: Input from Server: 4:102
[23:47:47:115496 +01:00] [Thread 3176] extDB3: Output to Server: [3]
[23:47:47:115519 +01:00] [Thread 3176] extDB3: Input from Server: 4:102
[23:47:47:115531 +01:00] [Thread 3176] extDB3: Output to Server: [3]
[23:47:47:115554 +01:00] [Thread 3176] extDB3: Input from Server: 4:102
[23:47:47:115566 +01:00] [Thread 3176] extDB3: Output to Server: [3]
[23:47:47:115589 +01:00] [Thread 3176] extDB3: Input from Server: 4:102
[23:47:47:115602 +01:00] [Thread 3176] extDB3: Output to Server: [3]
[23:47:47:115625 +01:00] [Thread 3176] extDB3: Input from Server: 4:102
[23:47:47:115637 +01:00] [Thread 3176] extDB3: Output to Server: [3]
[23:47:47:115660 +01:00] [Thread 3176] extDB3: Input from Server: 4:102
[23:47:47:115672 +01:00] [Thread 3176] extDB3: Output to Server: [3]
[23:47:47:115695 +01:00] [Thread 3176] extDB3: Input from Server: 4:102
[23:47:47:115707 +01:00] [Thread 3176] extDB3: Output to Server: [3]
[23:47:47:115730 +01:00] [Thread 3176] extDB3: Input from Server: 4:102
[23:47:47:115742 +01:00] [Thread 3176] extDB3: Output to Server: [3]
[23:47:47:115765 +01:00] [Thread 3176] extDB3: Input from Server: 4:102
[23:47:47:115778 +01:00] [Thread 3176] extDB3: Output to Server: [3]
[23:47:47:115800 +01:00] [Thread 3176] extDB3: Input from Server: 4:102
[23:47:47:115812 +01:00] [Thread 3176] extDB3: Output to Server: [3]
[23:47:47:115835 +01:00] [Thread 3176] extDB3: Input from Server: 4:102
[23:47:47:115848 +01:00] [Thread 3176] extDB3: Output to Server: [3]
[23:47:47:115870 +01:00] [Thread 3176] extDB3: Input from Server: 4:102
[23:47:47:115883 +01:00] [Thread 3176] extDB3: Output to Server: [3]
[23:47:47:115906 +01:00] [Thread 3176] extDB3: Input from Server: 4:102
[23:47:47:115918 +01:00] [Thread 3176] extDB3: Output to Server: [3]
[23:47:47:115997 +01:00] [Thread 3176] extDB3: Input from Server: 4:102
[23:47:47:116016 +01:00] [Thread 3176] extDB3: Output to Server: [3]
[23:47:47:116040 +01:00] [Thread 3176] extDB3: Input from Server: 4:102
[23:47:47:116052 +01:00] [Thread 3176] extDB3: Output to Server: [3]
[23:47:47:116075 +01:00] [Thread 3176] extDB3: Input from Server: 4:102
[23:47:47:116093 +01:00] [Thread 3176] extDB3: Output to Server: [3]
[23:47:47:116120 +01:00] [Thread 3176] extDB3: Input from Server: 4:102
[23:47:47:116133 +01:00] [Thread 3176] extDB3: Output to Server: [3]
[23:47:47:116156 +01:00] [Thread 3176] extDB3: Input from Server: 4:102
[23:47:47:116168 +01:00] [Thread 3176] extDB3: Output to Server: [3]
[23:47:47:116192 +01:00] [Thread 3176] extDB3: Input from Server: 4:102
[23:47:47:116204 +01:00] [Thread 3176] extDB3: Output to Server: [3]
[23:47:47:116227 +01:00] [Thread 3176] extDB3: Input from Server: 4:102
[23:47:47:116239 +01:00] [Thread 3176] extDB3: Output to Server: [3]
[23:47:47:116262 +01:00] [Thread 3176] extDB3: Input from Server: 4:102
[23:47:47:116274 +01:00] [Thread 3176] extDB3: Output to Server: [3]
[23:47:47:116297 +01:00] [Thread 3176] extDB3: Input from Server: 4:102
[23:47:47:116310 +01:00] [Thread 3176] extDB3: Output to Server: [3]
[23:47:47:116332 +01:00] [Thread 3176] extDB3: Input from Server: 4:102
[23:47:47:116345 +01:00] [Thread 3176] extDB3: Output to Server: [3]
[23:47:47:116368 +01:00] [Thread 3176] extDB3: Input from Server: 4:102
[23:47:47:116380 +01:00] [Thread 3176] extDB3: Output to Server: [3]
[23:47:47:116411 +01:00] [Thread 3176] extDB3: Input from Server: 4:102
[23:47:47:116424 +01:00] [Thread 3176] extDB3: Output to Server: [3]
[23:47:47:116447 +01:00] [Thread 3176] extDB3: Input from Server: 4:102
[23:47:47:116459 +01:00] [Thread 3176] extDB3: Output to Server: [3]
[23:47:47:116482 +01:00] [Thread 3176] extDB3: Input from Server: 4:102
[23:47:47:116494 +01:00] [Thread 3176] extDB3: Output to Server: [3]
[23:47:47:116518 +01:00] [Thread 3176] extDB3: Input from Server: 4:102
[23:47:47:116530 +01:00] [Thread 3176] extDB3: Output to Server: [3]
[23:47:47:116553 +01:00] [Thread 3176] extDB3: Input from Server: 4:102
[23:47:47:116565 +01:00] [Thread 3176] extDB3: Output to Server: [3]
[23:47:47:116588 +01:00] [Thread 3176] extDB3: Input from Server: 4:102
[23:47:47:116601 +01:00] [Thread 3176] extDB3: Output to Server: [3]
[23:47:47:116624 +01:00] [Thread 3176] extDB3: Input from Server: 4:102
[23:47:47:116636 +01:00] [Thread 3176] extDB3: Output to Server: [3]
[23:47:47:116659 +01:00] [Thread 3176] extDB3: Input from Server: 4:102
[23:47:47:116671 +01:00] [Thread 3176] extDB3: Output to Server: [3]
[23:47:47:116694 +01:00] [Thread 3176] extDB3: Input from Server: 4:102
[23:47:47:116707 +01:00] [Thread 3176] extDB3: Output to Server: [3]
[23:47:47:116730 +01:00] [Thread 3176] extDB3: Input from Server: 4:102
[23:47:47:116742 +01:00] [Thread 3176] extDB3: Output to Server: [3]
[23:47:47:116765 +01:00] [Thread 3176] extDB3: Input from Server: 4:102
[23:47:47:116777 +01:00] [Thread 3176] extDB3: Output to Server: [3]
[23:47:47:116800 +01:00] [Thread 3176] extDB3: Input from Server: 4:102
[23:47:47:116813 +01:00] [Thread 3176] extDB3: Output to Server: [3]
[23:47:47:116835 +01:00] [Thread 3176] extDB3: Input from Server: 4:102
[23:47:47:116848 +01:00] [Thread 3176] extDB3: Output to Server: [3]
[23:47:47:116874 +01:00] [Thread 3176] extDB3: Input from Server: 4:102
[23:47:47:116891 +01:00] [Thread 3176] extDB3: Output to Server: [3]
[23:47:47:116916 +01:00] [Thread 3176] extDB3: Input from Server: 4:102
[23:47:47:116929 +01:00] [Thread 3176] extDB3: Output to Server: [3]
[23:47:47:116952 +01:00] [Thread 3176] extDB3: Input from Server: 4:102
[23:47:47:116965 +01:00] [Thread 3176] extDB3: Output to Server: [3]
[23:47:47:116988 +01:00] [Thread 3176] extDB3: Input from Server: 4:102
[23:47:47:117000 +01:00] [Thread 3176] extDB3: Output to Server: [3]
[23:47:47:117024 +01:00] [Thread 3176] extDB3: Input from Server: 4:102
[23:47:47:117054 +01:00] [Thread 3176] extDB3: Output to Server: [3]
[23:47:47:117080 +01:00] [Thread 3176] extDB3: Input from Server: 4:102
[23:47:47:117116 +01:00] [Thread 3176] extDB3: Output to Server: [3]
[23:47:47:117142 +01:00] [Thread 3176] extDB3: Input from Server: 4:102
[23:47:47:117155 +01:00] [Thread 3176] extDB3: Output to Server: [3]
[23:47:47:117178 +01:00] [Thread 3176] extDB3: Input from Server: 4:102
[23:47:47:117190 +01:00] [Thread 3176] extDB3: Output to Server: [3]
[23:47:47:117214 +01:00] [Thread 3176] extDB3: Input from Server: 4:102
[23:47:47:117226 +01:00] [Thread 3176] extDB3: Output to Server: [3]
[23:47:47:117249 +01:00] [Thread 3176] extDB3: Input from Server: 4:102
[23:47:47:117261 +01:00] [Thread 3176] extDB3: Output to Server: [3]
[23:47:47:117285 +01:00] [Thread 3176] extDB3: Input from Server: 4:102
[23:47:47:117297 +01:00] [Thread 3176] extDB3: Output to Server: [3]
[23:47:47:117320 +01:00] [Thread 3176] extDB3: Input from Server: 4:102
[23:47:47:117332 +01:00] [Thread 3176] extDB3: Output to Server: [3]
[23:47:47:117355 +01:00] [Thread 3176] extDB3: Input from Server: 4:102
[23:47:47:117372 +01:00] [Thread 3176] extDB3: Output to Server: [3]
[23:47:47:117400 +01:00] [Thread 3176] extDB3: Input from Server: 4:102
[23:47:47:117412 +01:00] [Thread 3176] extDB3: Output to Server: [3]
[23:47:47:117435 +01:00] [Thread 3176] extDB3: Input from Server: 4:102
[23:47:47:117447 +01:00] [Thread 3176] extDB3: Output to Server: [3]
[23:47:47:117471 +01:00] [Thread 3176] extDB3: Input from Server: 4:102
[23:47:47:117483 +01:00] [Thread 3176] extDB3: Output to Server: [3]
[23:47:47:117506 +01:00] [Thread 3176] extDB3: Input from Server: 4:102
[23:47:47:117518 +01:00] [Thread 3176] extDB3: Output to Server: [3]
[23:47:47:117541 +01:00] [Thread 3176] extDB3: Input from Server: 4:102
[23:47:47:117553 +01:00] [Thread 3176] extDB3: Output to Server: [3]
[23:47:47:117565 +01:00] [Thread 3624] extDB3: SQL: Trace: Result: [1,[]]
[23:47:47:117576 +01:00] [Thread 3176] extDB3: Input from Server: 4:102
[23:47:47:117624 +01:00] [Thread 3176] extDB3: Output to Server: [1,[]]
[23:51:07:220000 +01:00] [Thread 3176] extDB3: Input from Server: 1:3265:UPDATE dynmarket SET prices='[["apple",50,0],["heroinu",1850,0],["heroinp",2650,0],["salema",45,0],["ornate",40,0],["mackerel",175,0],["tuna",700,0],["mullet",250,0],["catshark",300,0],["rabbit",65,0],["oilp",3200,0],["turtle",3000,0],["water",5,0],["coffee",5,0],["turtlesoup",1000,0],["donuts",60,0],["marijuana",2350,0],["tbacon",25,0],["lockpick",75,0],["pickaxe",750,0],["redgull",200,0],["peach",55,0],["cocaine",3000,0],["cocainep",5000,0],["diamond",750,0],["diamondc",2000,0],["iron_r",3200,0],["copper_r",1500,0],["salt_r",1650,0],["glass",1450,0],["cement",1950,0],["goldbar",95000,0],["heroinu",1200,0],["heroinp",2500,0],["cocaine",1500,0],["cocainep",3500,0],["marijuana",2000,0],["turtle",3000,0]]'
[23:51:07:220093 +01:00] [Thread 3176] extDB3: Output to Server: 
[23:51:07:220150 +01:00] [Thread 3624] extDB3: SQL: Trace: Input: UPDATE dynmarket SET prices='[["apple",50,0],["heroinu",1850,0],["heroinp",2650,0],["salema",45,0],["ornate",40,0],["mackerel",175,0],["tuna",700,0],["mullet",250,0],["catshark",300,0],["rabbit",65,0],["oilp",3200,0],["turtle",3000,0],["water",5,0],["coffee",5,0],["turtlesoup",1000,0],["donuts",60,0],["marijuana",2350,0],["tbacon",25,0],["lockpick",75,0],["pickaxe",750,0],["redgull",200,0],["peach",55,0],["cocaine",3000,0],["cocainep",5000,0],["diamond",750,0],["diamondc",2000,0],["iron_r",3200,0],["copper_r",1500,0],["salt_r",1650,0],["glass",1450,0],["cement",1950,0],["goldbar",95000,0],["heroinu",1200,0],["heroinp",2500,0],["cocaine",1500,0],["cocainep",3500,0],["marijuana",2000,0],["turtle",3000,0]]'
[23:51:07:220623 +01:00] [Thread 3624] extDB3: SQL: Trace: Result: [1,[]]
[23:54:22:280708 +01:00] [Thread 3176] extDB3: Input from Server: 1:3265:UPDATE dynmarket SET prices='[["apple",50,0],["heroinu",1850,0],["heroinp",2650,0],["salema",45,0],["ornate",40,0],["mackerel",175,0],["tuna",700,0],["mullet",250,0],["catshark",300,0],["rabbit",65,0],["oilp",3200,0],["turtle",3000,0],["water",5,0],["coffee",5,0],["turtlesoup",1000,0],["donuts",60,0],["marijuana",2350,0],["tbacon",25,0],["lockpick",75,0],["pickaxe",750,0],["redgull",200,0],["peach",55,0],["cocaine",3000,0],["cocainep",5000,0],["diamond",750,0],["diamondc",2000,0],["iron_r",3200,0],["copper_r",1500,0],["salt_r",1650,0],["glass",1450,0],["cement",1950,0],["goldbar",95000,0],["heroinu",1200,0],["heroinp",2500,0],["cocaine",1500,0],["cocainep",3500,0],["marijuana",2000,0],["turtle",3000,0]]'
[23:54:22:280793 +01:00] [Thread 3176] extDB3: Output to Server: 
[23:54:22:280894 +01:00] [Thread 3624] extDB3: SQL: Trace: Input: UPDATE dynmarket SET prices='[["apple",50,0],["heroinu",1850,0],["heroinp",2650,0],["salema",45,0],["ornate",40,0],["mackerel",175,0],["tuna",700,0],["mullet",250,0],["catshark",300,0],["rabbit",65,0],["oilp",3200,0],["turtle",3000,0],["water",5,0],["coffee",5,0],["turtlesoup",1000,0],["donuts",60,0],["marijuana",2350,0],["tbacon",25,0],["lockpick",75,0],["pickaxe",750,0],["redgull",200,0],["peach",55,0],["cocaine",3000,0],["cocainep",5000,0],["diamond",750,0],["diamondc",2000,0],["iron_r",3200,0],["copper_r",1500,0],["salt_r",1650,0],["glass",1450,0],["cement",1950,0],["goldbar",95000,0],["heroinu",1200,0],["heroinp",2500,0],["cocaine",1500,0],["cocainep",3500,0],["marijuana",2000,0],["turtle",3000,0]]'
[23:54:22:281462 +01:00] [Thread 3624] extDB3: SQL: Trace: Result: [1,[]]
