
extDB3: https://bitbucket.org/torndeco/extdb3/wiki/Home
extDB3: Version: 1.028
extDB3: Windows Debug Version

Message: All development for extDB3 is done on a Linux Dedicated Server
Message: If you would like to Donate to extDB3 Development
Message: https://www.paypal.com/cgi-bin/webscr?cmd=_s-xclick&hosted_button_id=2SUEFTGABTAM2
Message: Also leave a message if there is any particular feature you would like to see added.
Message: Thanks for all the people that have donated.
Message: Torndeco: 18/05/15


extDB3: Found extdb3-conf.ini
extDB3: Detected 8 Cores, Setting up 6 Worker Threads
extDB3: ...
extDB3: ...
extDB3: ...
extDB3: ...
extDB3: ...
extDB3: ...


[00:16:00:903812 +01:00] [Thread 2848] extDB3: Input from Server: 9:VERSION
[00:16:00:903901 +01:00] [Thread 2848] extDB3: Output to Server: 1.028
[00:16:02:735899 +01:00] [Thread 2848] extDB3: Input from Server: 9:ADD_DATABASE:DatabaseName2
[00:16:02:737918 +01:00] [Thread 2848] extDB3: Output to Server: [1]
[00:16:02:737954 +01:00] [Thread 2848] extDB3: Input from Server: 9:ADD_DATABASE_PROTOCOL:DatabaseName2:SQL:1579:TEXT2
[00:16:02:737973 +01:00] [Thread 2848] extDB3: SQL: Initialized: Add Quotes around TEXT Datatypes mode: 2
[00:16:02:737978 +01:00] [Thread 2848] extDB3: SQL: Initialized: NULL = ""
[00:16:02:737982 +01:00] [Thread 2848] extDB3: Output to Server: [1]
[00:16:02:737995 +01:00] [Thread 2848] extDB3: Input from Server: 9:LOCK
[00:16:02:738001 +01:00] [Thread 2848] extDB3: Locked
[00:16:02:738005 +01:00] [Thread 2848] extDB3: Output to Server: [1]
[00:16:02:801120 +01:00] [Thread 2848] extDB3: Input from Server: 1:1579:CALL resetLifeVehicles
[00:16:02:801177 +01:00] [Thread 2848] extDB3: Output to Server: 
[00:16:02:801259 +01:00] [Thread 2236] extDB3: SQL: Trace: Input: CALL resetLifeVehicles
[00:16:02:801296 +01:00] [Thread 2848] extDB3: Input from Server: 1:1579:CALL deleteDeadVehicles
[00:16:02:801319 +01:00] [Thread 2848] extDB3: Output to Server: 
[00:16:02:801417 +01:00] [Thread 2848] extDB3: Input from Server: 1:1579:CALL deleteOldHouses
[00:16:02:801436 +01:00] [Thread 2848] extDB3: Output to Server: 
[00:16:02:801430 +01:00] [Thread 3096] extDB3: SQL: Trace: Input: CALL deleteDeadVehicles
[00:16:02:801518 +01:00] [Thread 1676] extDB3: SQL: Trace: Input: CALL deleteOldHouses
[00:16:02:801528 +01:00] [Thread 2848] extDB3: Input from Server: 1:1579:CALL deleteOldGangs
[00:16:02:801576 +01:00] [Thread 2848] extDB3: Output to Server: 
[00:16:02:801627 +01:00] [Thread 2152] extDB3: SQL: Trace: Input: CALL deleteOldGangs
[00:16:02:801901 +01:00] [Thread 2848] extDB3: Input from Server: 2:1579:SELECT COUNT(*) FROM houses WHERE owned='1'
[00:16:02:801934 +01:00] [Thread 2848] extDB3: Output to Server: [2,"100"]
[00:16:02:801998 +01:00] [Thread 2488] extDB3: SQL: Trace: Input: SELECT COUNT(*) FROM houses WHERE owned='1'
[00:16:02:802019 +01:00] [Thread 2848] extDB3: Input from Server: 4:100
[00:16:02:802049 +01:00] [Thread 2848] extDB3: Output to Server: [3]
[00:16:02:802102 +01:00] [Thread 2848] extDB3: Input from Server: 4:100
[00:16:02:802120 +01:00] [Thread 2848] extDB3: Output to Server: [3]
[00:16:02:802152 +01:00] [Thread 2848] extDB3: Input from Server: 4:100
[00:16:02:806936 +01:00] [Thread 2848] extDB3: Output to Server: [3]
[00:16:02:807022 +01:00] [Thread 2848] extDB3: Input from Server: 4:100
[00:16:02:807040 +01:00] [Thread 2848] extDB3: Output to Server: [3]
[00:16:02:807069 +01:00] [Thread 2848] extDB3: Input from Server: 4:100
[00:16:02:807081 +01:00] [Thread 2848] extDB3: Output to Server: [3]
[00:16:02:807105 +01:00] [Thread 2848] extDB3: Input from Server: 4:100
[00:16:02:807118 +01:00] [Thread 2848] extDB3: Output to Server: [3]
[00:16:02:807141 +01:00] [Thread 2848] extDB3: Input from Server: 4:100
[00:16:02:807153 +01:00] [Thread 2848] extDB3: Output to Server: [3]
[00:16:02:807177 +01:00] [Thread 2848] extDB3: Input from Server: 4:100
[00:16:02:807189 +01:00] [Thread 2848] extDB3: Output to Server: [3]
[00:16:02:807212 +01:00] [Thread 2848] extDB3: Input from Server: 4:100
[00:16:02:807556 +01:00] [Thread 2848] extDB3: Output to Server: [3]
[00:16:02:807595 +01:00] [Thread 2848] extDB3: Input from Server: 4:100
[00:16:02:807609 +01:00] [Thread 2848] extDB3: Output to Server: [3]
[00:16:02:807633 +01:00] [Thread 2848] extDB3: Input from Server: 4:100
[00:16:02:807645 +01:00] [Thread 2848] extDB3: Output to Server: [3]
[00:16:02:807668 +01:00] [Thread 2848] extDB3: Input from Server: 4:100
[00:16:02:807681 +01:00] [Thread 2848] extDB3: Output to Server: [3]
[00:16:02:807704 +01:00] [Thread 2848] extDB3: Input from Server: 4:100
[00:16:02:807720 +01:00] [Thread 2848] extDB3: Output to Server: [3]
[00:16:02:807744 +01:00] [Thread 2848] extDB3: Input from Server: 4:100
[00:16:02:807756 +01:00] [Thread 2848] extDB3: Output to Server: [3]
[00:16:02:807780 +01:00] [Thread 2848] extDB3: Input from Server: 4:100
[00:16:02:807792 +01:00] [Thread 2848] extDB3: Output to Server: [3]
[00:16:02:807815 +01:00] [Thread 2848] extDB3: Input from Server: 4:100
[00:16:02:807827 +01:00] [Thread 2848] extDB3: Output to Server: [3]
[00:16:02:807850 +01:00] [Thread 2848] extDB3: Input from Server: 4:100
[00:16:02:807862 +01:00] [Thread 2848] extDB3: Output to Server: [3]
[00:16:02:807886 +01:00] [Thread 2848] extDB3: Input from Server: 4:100
[00:16:02:807898 +01:00] [Thread 2848] extDB3: Output to Server: [3]
[00:16:02:807921 +01:00] [Thread 2848] extDB3: Input from Server: 4:100
[00:16:02:808158 +01:00] [Thread 2848] extDB3: Output to Server: [3]
[00:16:02:808187 +01:00] [Thread 2848] extDB3: Input from Server: 4:100
[00:16:02:808200 +01:00] [Thread 2848] extDB3: Output to Server: [3]
[00:16:02:808223 +01:00] [Thread 2848] extDB3: Input from Server: 4:100
[00:16:02:808236 +01:00] [Thread 2848] extDB3: Output to Server: [3]
[00:16:02:808259 +01:00] [Thread 2848] extDB3: Input from Server: 4:100
[00:16:02:808271 +01:00] [Thread 2848] extDB3: Output to Server: [3]
[00:16:02:808294 +01:00] [Thread 2848] extDB3: Input from Server: 4:100
[00:16:02:808307 +01:00] [Thread 2848] extDB3: Output to Server: [3]
[00:16:02:808330 +01:00] [Thread 2848] extDB3: Input from Server: 4:100
[00:16:02:808342 +01:00] [Thread 2848] extDB3: Output to Server: [3]
[00:16:02:808365 +01:00] [Thread 2848] extDB3: Input from Server: 4:100
[00:16:02:808377 +01:00] [Thread 2848] extDB3: Output to Server: [3]
[00:16:02:808400 +01:00] [Thread 2848] extDB3: Input from Server: 4:100
[00:16:02:808413 +01:00] [Thread 2848] extDB3: Output to Server: [3]
[00:16:02:808436 +01:00] [Thread 2848] extDB3: Input from Server: 4:100
[00:16:02:808448 +01:00] [Thread 2848] extDB3: Output to Server: [3]
[00:16:02:808471 +01:00] [Thread 2848] extDB3: Input from Server: 4:100
[00:16:02:808483 +01:00] [Thread 2848] extDB3: Output to Server: [3]
[00:16:02:808506 +01:00] [Thread 2848] extDB3: Input from Server: 4:100
[00:16:02:808518 +01:00] [Thread 2848] extDB3: Output to Server: [3]
[00:16:02:808542 +01:00] [Thread 2848] extDB3: Input from Server: 4:100
[00:16:02:808554 +01:00] [Thread 2848] extDB3: Output to Server: [3]
[00:16:02:808577 +01:00] [Thread 2848] extDB3: Input from Server: 4:100
[00:16:02:808589 +01:00] [Thread 2848] extDB3: Output to Server: [3]
[00:16:02:808612 +01:00] [Thread 2848] extDB3: Input from Server: 4:100
[00:16:02:808624 +01:00] [Thread 2848] extDB3: Output to Server: [3]
[00:16:02:808647 +01:00] [Thread 2848] extDB3: Input from Server: 4:100
[00:16:02:808659 +01:00] [Thread 2848] extDB3: Output to Server: [3]
[00:16:02:808683 +01:00] [Thread 2848] extDB3: Input from Server: 4:100
[00:16:02:808695 +01:00] [Thread 2848] extDB3: Output to Server: [3]
[00:16:02:808721 +01:00] [Thread 2848] extDB3: Input from Server: 4:100
[00:16:02:808733 +01:00] [Thread 2848] extDB3: Output to Server: [3]
[00:16:02:808757 +01:00] [Thread 2848] extDB3: Input from Server: 4:100
[00:16:02:808769 +01:00] [Thread 2848] extDB3: Output to Server: [3]
[00:16:02:808792 +01:00] [Thread 2848] extDB3: Input from Server: 4:100
[00:16:02:808804 +01:00] [Thread 2848] extDB3: Output to Server: [3]
[00:16:02:808827 +01:00] [Thread 2848] extDB3: Input from Server: 4:100
[00:16:02:808892 +01:00] [Thread 2848] extDB3: Output to Server: [3]
[00:16:02:808926 +01:00] [Thread 2848] extDB3: Input from Server: 4:100
[00:16:02:808939 +01:00] [Thread 2848] extDB3: Output to Server: [3]
[00:16:02:808963 +01:00] [Thread 2848] extDB3: Input from Server: 4:100
[00:16:02:808975 +01:00] [Thread 2848] extDB3: Output to Server: [3]
[00:16:02:808998 +01:00] [Thread 2848] extDB3: Input from Server: 4:100
[00:16:02:809010 +01:00] [Thread 2848] extDB3: Output to Server: [3]
[00:16:02:809034 +01:00] [Thread 2848] extDB3: Input from Server: 4:100
[00:16:02:809046 +01:00] [Thread 2848] extDB3: Output to Server: [3]
[00:16:02:809069 +01:00] [Thread 2848] extDB3: Input from Server: 4:100
[00:16:02:809081 +01:00] [Thread 2848] extDB3: Output to Server: [3]
[00:16:02:809104 +01:00] [Thread 2848] extDB3: Input from Server: 4:100
[00:16:02:809116 +01:00] [Thread 2848] extDB3: Output to Server: [3]
[00:16:02:809139 +01:00] [Thread 2848] extDB3: Input from Server: 4:100
[00:16:02:809151 +01:00] [Thread 2848] extDB3: Output to Server: [3]
[00:16:02:809174 +01:00] [Thread 2848] extDB3: Input from Server: 4:100
[00:16:02:809186 +01:00] [Thread 2848] extDB3: Output to Server: [3]
[00:16:02:809209 +01:00] [Thread 2848] extDB3: Input from Server: 4:100
[00:16:02:809221 +01:00] [Thread 2848] extDB3: Output to Server: [3]
[00:16:02:809245 +01:00] [Thread 2848] extDB3: Input from Server: 4:100
[00:16:02:809257 +01:00] [Thread 2848] extDB3: Output to Server: [3]
[00:16:02:809280 +01:00] [Thread 2848] extDB3: Input from Server: 4:100
[00:16:02:809292 +01:00] [Thread 2848] extDB3: Output to Server: [3]
[00:16:02:809315 +01:00] [Thread 2848] extDB3: Input from Server: 4:100
[00:16:02:809327 +01:00] [Thread 2848] extDB3: Output to Server: [3]
[00:16:02:809351 +01:00] [Thread 2848] extDB3: Input from Server: 4:100
[00:16:02:809363 +01:00] [Thread 2848] extDB3: Output to Server: [3]
[00:16:02:809386 +01:00] [Thread 2848] extDB3: Input from Server: 4:100
[00:16:02:809398 +01:00] [Thread 2848] extDB3: Output to Server: [3]
[00:16:02:809421 +01:00] [Thread 2848] extDB3: Input from Server: 4:100
[00:16:02:809433 +01:00] [Thread 2848] extDB3: Output to Server: [3]
[00:16:02:809456 +01:00] [Thread 2848] extDB3: Input from Server: 4:100
[00:16:02:809468 +01:00] [Thread 2848] extDB3: Output to Server: [3]
[00:16:02:809491 +01:00] [Thread 2848] extDB3: Input from Server: 4:100
[00:16:02:809503 +01:00] [Thread 2848] extDB3: Output to Server: [3]
[00:16:02:809526 +01:00] [Thread 2848] extDB3: Input from Server: 4:100
[00:16:02:809538 +01:00] [Thread 2848] extDB3: Output to Server: [3]
[00:16:02:809562 +01:00] [Thread 2848] extDB3: Input from Server: 4:100
[00:16:02:809574 +01:00] [Thread 2848] extDB3: Output to Server: [3]
[00:16:02:809597 +01:00] [Thread 2848] extDB3: Input from Server: 4:100
[00:16:02:809609 +01:00] [Thread 2848] extDB3: Output to Server: [3]
[00:16:02:809632 +01:00] [Thread 2848] extDB3: Input from Server: 4:100
[00:16:02:809644 +01:00] [Thread 2848] extDB3: Output to Server: [3]
[00:16:02:809667 +01:00] [Thread 2848] extDB3: Input from Server: 4:100
[00:16:02:809679 +01:00] [Thread 2848] extDB3: Output to Server: [3]
[00:16:02:809705 +01:00] [Thread 2848] extDB3: Input from Server: 4:100
[00:16:02:809718 +01:00] [Thread 2848] extDB3: Output to Server: [3]
[00:16:02:809741 +01:00] [Thread 2848] extDB3: Input from Server: 4:100
[00:16:02:809753 +01:00] [Thread 2848] extDB3: Output to Server: [3]
[00:16:02:809776 +01:00] [Thread 2848] extDB3: Input from Server: 4:100
[00:16:02:809788 +01:00] [Thread 2848] extDB3: Output to Server: [3]
[00:16:02:809811 +01:00] [Thread 2848] extDB3: Input from Server: 4:100
[00:16:02:809823 +01:00] [Thread 2848] extDB3: Output to Server: [3]
[00:16:02:809847 +01:00] [Thread 2848] extDB3: Input from Server: 4:100
[00:16:02:809859 +01:00] [Thread 2848] extDB3: Output to Server: [3]
[00:16:02:809882 +01:00] [Thread 2848] extDB3: Input from Server: 4:100
[00:16:02:809894 +01:00] [Thread 2848] extDB3: Output to Server: [3]
[00:16:02:809923 +01:00] [Thread 2848] extDB3: Input from Server: 4:100
[00:16:02:809937 +01:00] [Thread 2848] extDB3: Output to Server: [3]
[00:16:02:809975 +01:00] [Thread 2848] extDB3: Input from Server: 4:100
[00:16:02:809989 +01:00] [Thread 2848] extDB3: Output to Server: [3]
[00:16:02:810013 +01:00] [Thread 2848] extDB3: Input from Server: 4:100
[00:16:02:810025 +01:00] [Thread 2848] extDB3: Output to Server: [3]
[00:16:02:810048 +01:00] [Thread 2848] extDB3: Input from Server: 4:100
[00:16:02:810061 +01:00] [Thread 2848] extDB3: Output to Server: [3]
[00:16:02:810084 +01:00] [Thread 2848] extDB3: Input from Server: 4:100
[00:16:02:810173 +01:00] [Thread 3096] extDB3: SQL: Trace: Result: [1,[]]
[00:16:02:810578 +01:00] [Thread 2848] extDB3: Output to Server: [3]
[00:16:02:810605 +01:00] [Thread 2848] extDB3: Input from Server: 4:100
[00:16:02:810617 +01:00] [Thread 2848] extDB3: Output to Server: [3]
[00:16:02:810641 +01:00] [Thread 2848] extDB3: Input from Server: 4:100
[00:16:02:810653 +01:00] [Thread 2848] extDB3: Output to Server: [3]
[00:16:02:810768 +01:00] [Thread 2848] extDB3: Input from Server: 4:100
[00:16:02:810789 +01:00] [Thread 2848] extDB3: Output to Server: [3]
[00:16:02:810817 +01:00] [Thread 2848] extDB3: Input from Server: 4:100
[00:16:02:810829 +01:00] [Thread 2848] extDB3: Output to Server: [3]
[00:16:02:810853 +01:00] [Thread 2848] extDB3: Input from Server: 4:100
[00:16:02:810866 +01:00] [Thread 2848] extDB3: Output to Server: [3]
[00:16:02:810897 +01:00] [Thread 2848] extDB3: Input from Server: 4:100
[00:16:02:810909 +01:00] [Thread 2848] extDB3: Output to Server: [3]
[00:16:02:810932 +01:00] [Thread 2848] extDB3: Input from Server: 4:100
[00:16:02:811174 +01:00] [Thread 2848] extDB3: Output to Server: [3]
[00:16:02:811202 +01:00] [Thread 2848] extDB3: Input from Server: 4:100
[00:16:02:811214 +01:00] [Thread 2848] extDB3: Output to Server: [3]
[00:16:02:811238 +01:00] [Thread 2848] extDB3: Input from Server: 4:100
[00:16:02:811250 +01:00] [Thread 2848] extDB3: Output to Server: [3]
[00:16:02:811273 +01:00] [Thread 2848] extDB3: Input from Server: 4:100
[00:16:02:811285 +01:00] [Thread 2848] extDB3: Output to Server: [3]
[00:16:02:811309 +01:00] [Thread 2848] extDB3: Input from Server: 4:100
[00:16:02:811321 +01:00] [Thread 2848] extDB3: Output to Server: [3]
[00:16:02:811344 +01:00] [Thread 2848] extDB3: Input from Server: 4:100
[00:16:02:811356 +01:00] [Thread 2848] extDB3: Output to Server: [3]
[00:16:02:811379 +01:00] [Thread 2848] extDB3: Input from Server: 4:100
[00:16:02:811391 +01:00] [Thread 2848] extDB3: Output to Server: [3]
[00:16:02:811414 +01:00] [Thread 2848] extDB3: Input from Server: 4:100
[00:16:02:811426 +01:00] [Thread 2848] extDB3: Output to Server: [3]
[00:16:02:811449 +01:00] [Thread 2848] extDB3: Input from Server: 4:100
[00:16:02:811461 +01:00] [Thread 2848] extDB3: Output to Server: [3]
[00:16:02:811485 +01:00] [Thread 2848] extDB3: Input from Server: 4:100
[00:16:02:811497 +01:00] [Thread 2848] extDB3: Output to Server: [3]
[00:16:02:811520 +01:00] [Thread 2848] extDB3: Input from Server: 4:100
[00:16:02:811719 +01:00] [Thread 2848] extDB3: Output to Server: [3]
[00:16:02:811748 +01:00] [Thread 2848] extDB3: Input from Server: 4:100
[00:16:02:811760 +01:00] [Thread 2848] extDB3: Output to Server: [3]
[00:16:02:811783 +01:00] [Thread 2848] extDB3: Input from Server: 4:100
[00:16:02:811795 +01:00] [Thread 2848] extDB3: Output to Server: [3]
[00:16:02:811819 +01:00] [Thread 2848] extDB3: Input from Server: 4:100
[00:16:02:811831 +01:00] [Thread 2848] extDB3: Output to Server: [3]
[00:16:02:811854 +01:00] [Thread 2848] extDB3: Input from Server: 4:100
[00:16:02:811866 +01:00] [Thread 2848] extDB3: Output to Server: [3]
[00:16:02:811889 +01:00] [Thread 2848] extDB3: Input from Server: 4:100
[00:16:02:811901 +01:00] [Thread 2848] extDB3: Output to Server: [3]
[00:16:02:811925 +01:00] [Thread 2848] extDB3: Input from Server: 4:100
[00:16:02:811937 +01:00] [Thread 2848] extDB3: Output to Server: [3]
[00:16:02:812077 +01:00] [Thread 2848] extDB3: Input from Server: 4:100
[00:16:02:812098 +01:00] [Thread 2848] extDB3: Output to Server: [3]
[00:16:02:812123 +01:00] [Thread 2848] extDB3: Input from Server: 4:100
[00:16:02:812135 +01:00] [Thread 2848] extDB3: Output to Server: [3]
[00:16:02:812159 +01:00] [Thread 2848] extDB3: Input from Server: 4:100
[00:16:02:812171 +01:00] [Thread 2848] extDB3: Output to Server: [3]
[00:16:02:812194 +01:00] [Thread 2848] extDB3: Input from Server: 4:100
[00:16:02:812206 +01:00] [Thread 2848] extDB3: Output to Server: [3]
[00:16:02:812229 +01:00] [Thread 2848] extDB3: Input from Server: 4:100
[00:16:02:812241 +01:00] [Thread 2848] extDB3: Output to Server: [3]
[00:16:02:812265 +01:00] [Thread 2848] extDB3: Input from Server: 4:100
[00:16:02:812277 +01:00] [Thread 2848] extDB3: Output to Server: [3]
[00:16:02:812300 +01:00] [Thread 2848] extDB3: Input from Server: 4:100
[00:16:02:812312 +01:00] [Thread 2848] extDB3: Output to Server: [3]
[00:16:02:812336 +01:00] [Thread 2848] extDB3: Input from Server: 4:100
[00:16:02:812348 +01:00] [Thread 2848] extDB3: Output to Server: [3]
[00:16:02:812371 +01:00] [Thread 2848] extDB3: Input from Server: 4:100
[00:16:02:812383 +01:00] [Thread 2848] extDB3: Output to Server: [3]
[00:16:02:812406 +01:00] [Thread 2848] extDB3: Input from Server: 4:100
[00:16:02:812418 +01:00] [Thread 2848] extDB3: Output to Server: [3]
[00:16:02:812441 +01:00] [Thread 2848] extDB3: Input from Server: 4:100
[00:16:02:812453 +01:00] [Thread 2848] extDB3: Output to Server: [3]
[00:16:02:812477 +01:00] [Thread 2848] extDB3: Input from Server: 4:100
[00:16:02:812489 +01:00] [Thread 2848] extDB3: Output to Server: [3]
[00:16:02:812512 +01:00] [Thread 2848] extDB3: Input from Server: 4:100
[00:16:02:812524 +01:00] [Thread 2848] extDB3: Output to Server: [3]
[00:16:02:812547 +01:00] [Thread 2848] extDB3: Input from Server: 4:100
[00:16:02:812559 +01:00] [Thread 2848] extDB3: Output to Server: [3]
[00:16:02:812582 +01:00] [Thread 2848] extDB3: Input from Server: 4:100
[00:16:02:812594 +01:00] [Thread 2848] extDB3: Output to Server: [3]
[00:16:02:812617 +01:00] [Thread 2848] extDB3: Input from Server: 4:100
[00:16:02:812630 +01:00] [Thread 2848] extDB3: Output to Server: [3]
[00:16:02:812653 +01:00] [Thread 2848] extDB3: Input from Server: 4:100
[00:16:02:812665 +01:00] [Thread 2848] extDB3: Output to Server: [3]
[00:16:02:812688 +01:00] [Thread 2848] extDB3: Input from Server: 4:100
[00:16:02:812702 +01:00] [Thread 2848] extDB3: Output to Server: [3]
[00:16:02:812726 +01:00] [Thread 2848] extDB3: Input from Server: 4:100
[00:16:02:812738 +01:00] [Thread 2848] extDB3: Output to Server: [3]
[00:16:02:812761 +01:00] [Thread 2848] extDB3: Input from Server: 4:100
[00:16:02:812773 +01:00] [Thread 2848] extDB3: Output to Server: [3]
[00:16:02:812796 +01:00] [Thread 2848] extDB3: Input from Server: 4:100
[00:16:02:812808 +01:00] [Thread 2848] extDB3: Output to Server: [3]
[00:16:02:812832 +01:00] [Thread 2848] extDB3: Input from Server: 4:100
[00:16:02:812844 +01:00] [Thread 2848] extDB3: Output to Server: [3]
[00:16:02:812867 +01:00] [Thread 2848] extDB3: Input from Server: 4:100
[00:16:02:812879 +01:00] [Thread 2848] extDB3: Output to Server: [3]
[00:16:02:812902 +01:00] [Thread 2848] extDB3: Input from Server: 4:100
[00:16:02:812914 +01:00] [Thread 2848] extDB3: Output to Server: [3]
[00:16:02:812938 +01:00] [Thread 2848] extDB3: Input from Server: 4:100
[00:16:02:812950 +01:00] [Thread 2848] extDB3: Output to Server: [3]
[00:16:02:812973 +01:00] [Thread 2848] extDB3: Input from Server: 4:100
[00:16:02:812985 +01:00] [Thread 2848] extDB3: Output to Server: [3]
[00:16:02:813008 +01:00] [Thread 2848] extDB3: Input from Server: 4:100
[00:16:02:813020 +01:00] [Thread 2848] extDB3: Output to Server: [3]
[00:16:02:813043 +01:00] [Thread 2848] extDB3: Input from Server: 4:100
[00:16:02:813055 +01:00] [Thread 2848] extDB3: Output to Server: [3]
[00:16:02:813079 +01:00] [Thread 2848] extDB3: Input from Server: 4:100
[00:16:02:813095 +01:00] [Thread 2848] extDB3: Output to Server: [3]
[00:16:02:813121 +01:00] [Thread 2848] extDB3: Input from Server: 4:100
[00:16:02:813134 +01:00] [Thread 2848] extDB3: Output to Server: [3]
[00:16:02:813157 +01:00] [Thread 2848] extDB3: Input from Server: 4:100
[00:16:02:813170 +01:00] [Thread 2848] extDB3: Output to Server: [3]
[00:16:02:813193 +01:00] [Thread 2848] extDB3: Input from Server: 4:100
[00:16:02:813205 +01:00] [Thread 2848] extDB3: Output to Server: [3]
[00:16:02:813228 +01:00] [Thread 2848] extDB3: Input from Server: 4:100
[00:16:02:813240 +01:00] [Thread 2848] extDB3: Output to Server: [3]
[00:16:02:813263 +01:00] [Thread 2848] extDB3: Input from Server: 4:100
[00:16:02:813275 +01:00] [Thread 2848] extDB3: Output to Server: [3]
[00:16:02:813298 +01:00] [Thread 2848] extDB3: Input from Server: 4:100
[00:16:02:813310 +01:00] [Thread 2848] extDB3: Output to Server: [3]
[00:16:02:813333 +01:00] [Thread 2848] extDB3: Input from Server: 4:100
[00:16:02:813345 +01:00] [Thread 2848] extDB3: Output to Server: [3]
[00:16:02:813369 +01:00] [Thread 2848] extDB3: Input from Server: 4:100
[00:16:02:813381 +01:00] [Thread 2848] extDB3: Output to Server: [3]
[00:16:02:813404 +01:00] [Thread 2848] extDB3: Input from Server: 4:100
[00:16:02:813416 +01:00] [Thread 2848] extDB3: Output to Server: [3]
[00:16:02:813439 +01:00] [Thread 2848] extDB3: Input from Server: 4:100
[00:16:02:813451 +01:00] [Thread 2848] extDB3: Output to Server: [3]
[00:16:02:813474 +01:00] [Thread 2848] extDB3: Input from Server: 4:100
[00:16:02:813486 +01:00] [Thread 2848] extDB3: Output to Server: [3]
[00:16:02:813510 +01:00] [Thread 2848] extDB3: Input from Server: 4:100
[00:16:02:813522 +01:00] [Thread 2848] extDB3: Output to Server: [3]
[00:16:02:813545 +01:00] [Thread 2848] extDB3: Input from Server: 4:100
[00:16:02:813557 +01:00] [Thread 2848] extDB3: Output to Server: [3]
[00:16:02:813560 +01:00] [Thread 1676] extDB3: SQL: Trace: Result: [1,[]]
[00:16:02:813580 +01:00] [Thread 2848] extDB3: Input from Server: 4:100
[00:16:02:814020 +01:00] [Thread 2848] extDB3: Output to Server: [3]
[00:16:02:814049 +01:00] [Thread 2848] extDB3: Input from Server: 4:100
[00:16:02:814062 +01:00] [Thread 2848] extDB3: Output to Server: [3]
[00:16:02:814085 +01:00] [Thread 2848] extDB3: Input from Server: 4:100
[00:16:02:814097 +01:00] [Thread 2848] extDB3: Output to Server: [3]
[00:16:02:814121 +01:00] [Thread 2848] extDB3: Input from Server: 4:100
[00:16:02:814133 +01:00] [Thread 2848] extDB3: Output to Server: [3]
[00:16:02:814156 +01:00] [Thread 2848] extDB3: Input from Server: 4:100
[00:16:02:814168 +01:00] [Thread 2848] extDB3: Output to Server: [3]
[00:16:02:814192 +01:00] [Thread 2848] extDB3: Input from Server: 4:100
[00:16:02:814203 +01:00] [Thread 2848] extDB3: Output to Server: [3]
[00:16:02:814227 +01:00] [Thread 2848] extDB3: Input from Server: 4:100
[00:16:02:814238 +01:00] [Thread 2848] extDB3: Output to Server: [3]
[00:16:02:814262 +01:00] [Thread 2848] extDB3: Input from Server: 4:100
[00:16:02:814274 +01:00] [Thread 2848] extDB3: Output to Server: [3]
[00:16:02:814297 +01:00] [Thread 2848] extDB3: Input from Server: 4:100
[00:16:02:814309 +01:00] [Thread 2848] extDB3: Output to Server: [3]
[00:16:02:814332 +01:00] [Thread 2848] extDB3: Input from Server: 4:100
[00:16:02:814344 +01:00] [Thread 2848] extDB3: Output to Server: [3]
[00:16:02:814367 +01:00] [Thread 2848] extDB3: Input from Server: 4:100
[00:16:02:814589 +01:00] [Thread 2848] extDB3: Output to Server: [3]
[00:16:02:814614 +01:00] [Thread 2848] extDB3: Input from Server: 4:100
[00:16:02:814627 +01:00] [Thread 2848] extDB3: Output to Server: [3]
[00:16:02:814650 +01:00] [Thread 2848] extDB3: Input from Server: 4:100
[00:16:02:814662 +01:00] [Thread 2848] extDB3: Output to Server: [3]
[00:16:02:814686 +01:00] [Thread 2848] extDB3: Input from Server: 4:100
[00:16:02:814698 +01:00] [Thread 2848] extDB3: Output to Server: [3]
[00:16:02:814721 +01:00] [Thread 2848] extDB3: Input from Server: 4:100
[00:16:02:814739 +01:00] [Thread 2848] extDB3: Output to Server: [3]
[00:16:02:814772 +01:00] [Thread 2848] extDB3: Input from Server: 4:100
[00:16:02:814787 +01:00] [Thread 2848] extDB3: Output to Server: [3]
[00:16:02:814811 +01:00] [Thread 2848] extDB3: Input from Server: 4:100
[00:16:02:814823 +01:00] [Thread 2848] extDB3: Output to Server: [3]
[00:16:02:814846 +01:00] [Thread 2848] extDB3: Input from Server: 4:100
[00:16:02:814858 +01:00] [Thread 2848] extDB3: Output to Server: [3]
[00:16:02:814882 +01:00] [Thread 2848] extDB3: Input from Server: 4:100
[00:16:02:814894 +01:00] [Thread 2848] extDB3: Output to Server: [3]
[00:16:02:814917 +01:00] [Thread 2848] extDB3: Input from Server: 4:100
[00:16:02:814929 +01:00] [Thread 2848] extDB3: Output to Server: [3]
[00:16:02:814953 +01:00] [Thread 2848] extDB3: Input from Server: 4:100
[00:16:02:815154 +01:00] [Thread 2848] extDB3: Output to Server: [3]
[00:16:02:815182 +01:00] [Thread 2848] extDB3: Input from Server: 4:100
[00:16:02:815194 +01:00] [Thread 2848] extDB3: Output to Server: [3]
[00:16:02:815218 +01:00] [Thread 2848] extDB3: Input from Server: 4:100
[00:16:02:815230 +01:00] [Thread 2848] extDB3: Output to Server: [3]
[00:16:02:815253 +01:00] [Thread 2848] extDB3: Input from Server: 4:100
[00:16:02:815265 +01:00] [Thread 2848] extDB3: Output to Server: [3]
[00:16:02:815288 +01:00] [Thread 2848] extDB3: Input from Server: 4:100
[00:16:02:815300 +01:00] [Thread 2848] extDB3: Output to Server: [3]
[00:16:02:815324 +01:00] [Thread 2848] extDB3: Input from Server: 4:100
[00:16:02:815336 +01:00] [Thread 2848] extDB3: Output to Server: [3]
[00:16:02:815359 +01:00] [Thread 2848] extDB3: Input from Server: 4:100
[00:16:02:815371 +01:00] [Thread 2848] extDB3: Output to Server: [3]
[00:16:02:815394 +01:00] [Thread 2848] extDB3: Input from Server: 4:100
[00:16:02:815406 +01:00] [Thread 2848] extDB3: Output to Server: [3]
[00:16:02:815429 +01:00] [Thread 2848] extDB3: Input from Server: 4:100
[00:16:02:815441 +01:00] [Thread 2848] extDB3: Output to Server: [3]
[00:16:02:815464 +01:00] [Thread 2848] extDB3: Input from Server: 4:100
[00:16:02:815476 +01:00] [Thread 2848] extDB3: Output to Server: [3]
[00:16:02:815499 +01:00] [Thread 2848] extDB3: Input from Server: 4:100
[00:16:02:815511 +01:00] [Thread 2848] extDB3: Output to Server: [3]
[00:16:02:815534 +01:00] [Thread 2848] extDB3: Input from Server: 4:100
[00:16:02:815546 +01:00] [Thread 2848] extDB3: Output to Server: [3]
[00:16:02:815580 +01:00] [Thread 2848] extDB3: Input from Server: 4:100
[00:16:02:815593 +01:00] [Thread 2848] extDB3: Output to Server: [3]
[00:16:02:815616 +01:00] [Thread 2848] extDB3: Input from Server: 4:100
[00:16:02:815637 +01:00] [Thread 2848] extDB3: Output to Server: [3]
[00:16:02:815662 +01:00] [Thread 2848] extDB3: Input from Server: 4:100
[00:16:02:815675 +01:00] [Thread 2848] extDB3: Output to Server: [3]
[00:16:02:815698 +01:00] [Thread 2848] extDB3: Input from Server: 4:100
[00:16:02:815718 +01:00] [Thread 2848] extDB3: Output to Server: [3]
[00:16:02:815743 +01:00] [Thread 2848] extDB3: Input from Server: 4:100
[00:16:02:815755 +01:00] [Thread 2848] extDB3: Output to Server: [3]
[00:16:02:815779 +01:00] [Thread 2848] extDB3: Input from Server: 4:100
[00:16:02:815790 +01:00] [Thread 2848] extDB3: Output to Server: [3]
[00:16:02:815814 +01:00] [Thread 2848] extDB3: Input from Server: 4:100
[00:16:02:815826 +01:00] [Thread 2848] extDB3: Output to Server: [3]
[00:16:02:815849 +01:00] [Thread 2848] extDB3: Input from Server: 4:100
[00:16:02:815861 +01:00] [Thread 2848] extDB3: Output to Server: [3]
[00:16:02:815884 +01:00] [Thread 2848] extDB3: Input from Server: 4:100
[00:16:02:815896 +01:00] [Thread 2848] extDB3: Output to Server: [3]
[00:16:02:815920 +01:00] [Thread 2848] extDB3: Input from Server: 4:100
[00:16:02:815932 +01:00] [Thread 2848] extDB3: Output to Server: [3]
[00:16:02:815955 +01:00] [Thread 2848] extDB3: Input from Server: 4:100
[00:16:02:815967 +01:00] [Thread 2848] extDB3: Output to Server: [3]
[00:16:02:815990 +01:00] [Thread 2848] extDB3: Input from Server: 4:100
[00:16:02:816007 +01:00] [Thread 2848] extDB3: Output to Server: [3]
[00:16:02:816033 +01:00] [Thread 2848] extDB3: Input from Server: 4:100
[00:16:02:816045 +01:00] [Thread 2848] extDB3: Output to Server: [3]
[00:16:02:816069 +01:00] [Thread 2848] extDB3: Input from Server: 4:100
[00:16:02:816081 +01:00] [Thread 2848] extDB3: Output to Server: [3]
[00:16:02:816104 +01:00] [Thread 2848] extDB3: Input from Server: 4:100
[00:16:02:816115 +01:00] [Thread 2848] extDB3: Output to Server: [3]
[00:16:02:816138 +01:00] [Thread 2848] extDB3: Input from Server: 4:100
[00:16:02:816151 +01:00] [Thread 2848] extDB3: Output to Server: [3]
[00:16:02:816174 +01:00] [Thread 2848] extDB3: Input from Server: 4:100
[00:16:02:816186 +01:00] [Thread 2848] extDB3: Output to Server: [3]
[00:16:02:816209 +01:00] [Thread 2848] extDB3: Input from Server: 4:100
[00:16:02:816221 +01:00] [Thread 2848] extDB3: Output to Server: [3]
[00:16:02:816244 +01:00] [Thread 2848] extDB3: Input from Server: 4:100
[00:16:02:816256 +01:00] [Thread 2848] extDB3: Output to Server: [3]
[00:16:02:816279 +01:00] [Thread 2848] extDB3: Input from Server: 4:100
[00:16:02:816291 +01:00] [Thread 2848] extDB3: Output to Server: [3]
[00:16:02:816314 +01:00] [Thread 2848] extDB3: Input from Server: 4:100
[00:16:02:816326 +01:00] [Thread 2848] extDB3: Output to Server: [3]
[00:16:02:816349 +01:00] [Thread 2848] extDB3: Input from Server: 4:100
[00:16:02:816361 +01:00] [Thread 2848] extDB3: Output to Server: [3]
[00:16:02:816385 +01:00] [Thread 2848] extDB3: Input from Server: 4:100
[00:16:02:816396 +01:00] [Thread 2848] extDB3: Output to Server: [3]
[00:16:02:816420 +01:00] [Thread 2848] extDB3: Input from Server: 4:100
[00:16:02:816432 +01:00] [Thread 2848] extDB3: Output to Server: [3]
[00:16:02:816455 +01:00] [Thread 2848] extDB3: Input from Server: 4:100
[00:16:02:816467 +01:00] [Thread 2848] extDB3: Output to Server: [3]
[00:16:02:816490 +01:00] [Thread 2848] extDB3: Input from Server: 4:100
[00:16:02:816503 +01:00] [Thread 2848] extDB3: Output to Server: [3]
[00:16:02:816526 +01:00] [Thread 2848] extDB3: Input from Server: 4:100
[00:16:02:816538 +01:00] [Thread 2848] extDB3: Output to Server: [3]
[00:16:02:816561 +01:00] [Thread 2848] extDB3: Input from Server: 4:100
[00:16:02:816573 +01:00] [Thread 2848] extDB3: Output to Server: [3]
[00:16:02:816596 +01:00] [Thread 2848] extDB3: Input from Server: 4:100
[00:16:02:816608 +01:00] [Thread 2848] extDB3: Output to Server: [3]
[00:16:02:816632 +01:00] [Thread 2848] extDB3: Input from Server: 4:100
[00:16:02:816644 +01:00] [Thread 2848] extDB3: Output to Server: [3]
[00:16:02:816667 +01:00] [Thread 2848] extDB3: Input from Server: 4:100
[00:16:02:816679 +01:00] [Thread 2848] extDB3: Output to Server: [3]
[00:16:02:816706 +01:00] [Thread 2848] extDB3: Input from Server: 4:100
[00:16:02:816722 +01:00] [Thread 2848] extDB3: Output to Server: [3]
[00:16:02:816747 +01:00] [Thread 2848] extDB3: Input from Server: 4:100
[00:16:02:816759 +01:00] [Thread 2848] extDB3: Output to Server: [3]
[00:16:02:816782 +01:00] [Thread 2848] extDB3: Input from Server: 4:100
[00:16:02:816794 +01:00] [Thread 2848] extDB3: Output to Server: [3]
[00:16:02:816818 +01:00] [Thread 2848] extDB3: Input from Server: 4:100
[00:16:02:816830 +01:00] [Thread 2848] extDB3: Output to Server: [3]
[00:16:02:816853 +01:00] [Thread 2848] extDB3: Input from Server: 4:100
[00:16:02:816865 +01:00] [Thread 2848] extDB3: Output to Server: [3]
[00:16:02:816888 +01:00] [Thread 2848] extDB3: Input from Server: 4:100
[00:16:02:816900 +01:00] [Thread 2848] extDB3: Output to Server: [3]
[00:16:02:816923 +01:00] [Thread 2848] extDB3: Input from Server: 4:100
[00:16:02:816935 +01:00] [Thread 2848] extDB3: Output to Server: [3]
[00:16:02:816958 +01:00] [Thread 2848] extDB3: Input from Server: 4:100
[00:16:02:816970 +01:00] [Thread 2848] extDB3: Output to Server: [3]
[00:16:02:816994 +01:00] [Thread 2848] extDB3: Input from Server: 4:100
[00:16:02:817006 +01:00] [Thread 2848] extDB3: Output to Server: [3]
[00:16:02:817011 +01:00] [Thread 2152] extDB3: SQL: Trace: Result: [1,[]]
[00:16:02:817082 +01:00] [Thread 2848] extDB3: Input from Server: 4:100
[00:16:02:817519 +01:00] [Thread 2848] extDB3: Output to Server: [3]
[00:16:02:817545 +01:00] [Thread 2848] extDB3: Input from Server: 4:100
[00:16:02:817557 +01:00] [Thread 2848] extDB3: Output to Server: [3]
[00:16:02:817580 +01:00] [Thread 2848] extDB3: Input from Server: 4:100
[00:16:02:817592 +01:00] [Thread 2848] extDB3: Output to Server: [3]
[00:16:02:817616 +01:00] [Thread 2848] extDB3: Input from Server: 4:100
[00:16:02:817628 +01:00] [Thread 2848] extDB3: Output to Server: [3]
[00:16:02:817690 +01:00] [Thread 2848] extDB3: Input from Server: 4:100
[00:16:02:817708 +01:00] [Thread 2848] extDB3: Output to Server: [3]
[00:16:02:817768 +01:00] [Thread 2848] extDB3: Input from Server: 4:100
[00:16:02:817784 +01:00] [Thread 2848] extDB3: Output to Server: [3]
[00:16:02:817809 +01:00] [Thread 2848] extDB3: Input from Server: 4:100
[00:16:02:817822 +01:00] [Thread 2848] extDB3: Output to Server: [3]
[00:16:02:817851 +01:00] [Thread 2848] extDB3: Input from Server: 4:100
[00:16:02:817864 +01:00] [Thread 2848] extDB3: Output to Server: [3]
[00:16:02:817888 +01:00] [Thread 2848] extDB3: Input from Server: 4:100
[00:16:02:818136 +01:00] [Thread 2848] extDB3: Output to Server: [3]
[00:16:02:818161 +01:00] [Thread 2848] extDB3: Input from Server: 4:100
[00:16:02:818173 +01:00] [Thread 2848] extDB3: Output to Server: [3]
[00:16:02:818197 +01:00] [Thread 2848] extDB3: Input from Server: 4:100
[00:16:02:818209 +01:00] [Thread 2848] extDB3: Output to Server: [3]
[00:16:02:818233 +01:00] [Thread 2848] extDB3: Input from Server: 4:100
[00:16:02:818245 +01:00] [Thread 2848] extDB3: Output to Server: [3]
[00:16:02:818268 +01:00] [Thread 2848] extDB3: Input from Server: 4:100
[00:16:02:818280 +01:00] [Thread 2848] extDB3: Output to Server: [3]
[00:16:02:818303 +01:00] [Thread 2848] extDB3: Input from Server: 4:100
[00:16:02:818315 +01:00] [Thread 2848] extDB3: Output to Server: [3]
[00:16:02:818339 +01:00] [Thread 2848] extDB3: Input from Server: 4:100
[00:16:02:818351 +01:00] [Thread 2848] extDB3: Output to Server: [3]
[00:16:02:818374 +01:00] [Thread 2848] extDB3: Input from Server: 4:100
[00:16:02:818386 +01:00] [Thread 2848] extDB3: Output to Server: [3]
[00:16:02:818409 +01:00] [Thread 2848] extDB3: Input from Server: 4:100
[00:16:02:818421 +01:00] [Thread 2848] extDB3: Output to Server: [3]
[00:16:02:818445 +01:00] [Thread 2848] extDB3: Input from Server: 4:100
[00:16:02:818457 +01:00] [Thread 2848] extDB3: Output to Server: [3]
[00:16:02:818480 +01:00] [Thread 2848] extDB3: Input from Server: 4:100
[00:16:02:818695 +01:00] [Thread 2848] extDB3: Output to Server: [3]
[00:16:02:818721 +01:00] [Thread 2848] extDB3: Input from Server: 4:100
[00:16:02:818733 +01:00] [Thread 2848] extDB3: Output to Server: [3]
[00:16:02:818768 +01:00] [Thread 2848] extDB3: Input from Server: 4:100
[00:16:02:818782 +01:00] [Thread 2848] extDB3: Output to Server: [3]
[00:16:02:818806 +01:00] [Thread 2848] extDB3: Input from Server: 4:100
[00:16:02:818819 +01:00] [Thread 2848] extDB3: Output to Server: [3]
[00:16:02:818842 +01:00] [Thread 2848] extDB3: Input from Server: 4:100
[00:16:02:818854 +01:00] [Thread 2848] extDB3: Output to Server: [3]
[00:16:02:818878 +01:00] [Thread 2848] extDB3: Input from Server: 4:100
[00:16:02:818890 +01:00] [Thread 2848] extDB3: Output to Server: [3]
[00:16:02:818913 +01:00] [Thread 2848] extDB3: Input from Server: 4:100
[00:16:02:818925 +01:00] [Thread 2848] extDB3: Output to Server: [3]
[00:16:02:818949 +01:00] [Thread 2848] extDB3: Input from Server: 4:100
[00:16:02:818961 +01:00] [Thread 2848] extDB3: Output to Server: [3]
[00:16:02:818984 +01:00] [Thread 2848] extDB3: Input from Server: 4:100
[00:16:02:818996 +01:00] [Thread 2848] extDB3: Output to Server: [3]
[00:16:02:819020 +01:00] [Thread 2848] extDB3: Input from Server: 4:100
[00:16:02:819032 +01:00] [Thread 2848] extDB3: Output to Server: [3]
[00:16:02:819061 +01:00] [Thread 2848] extDB3: Input from Server: 4:100
[00:16:02:819075 +01:00] [Thread 2848] extDB3: Output to Server: [3]
[00:16:02:819099 +01:00] [Thread 2848] extDB3: Input from Server: 4:100
[00:16:02:819111 +01:00] [Thread 2848] extDB3: Output to Server: [3]
[00:16:02:819135 +01:00] [Thread 2848] extDB3: Input from Server: 4:100
[00:16:02:819147 +01:00] [Thread 2848] extDB3: Output to Server: [3]
[00:16:02:819170 +01:00] [Thread 2848] extDB3: Input from Server: 4:100
[00:16:02:819182 +01:00] [Thread 2848] extDB3: Output to Server: [3]
[00:16:02:819205 +01:00] [Thread 2848] extDB3: Input from Server: 4:100
[00:16:02:819218 +01:00] [Thread 2848] extDB3: Output to Server: [3]
[00:16:02:819241 +01:00] [Thread 2848] extDB3: Input from Server: 4:100
[00:16:02:819253 +01:00] [Thread 2848] extDB3: Output to Server: [3]
[00:16:02:819277 +01:00] [Thread 2848] extDB3: Input from Server: 4:100
[00:16:02:819289 +01:00] [Thread 2848] extDB3: Output to Server: [3]
[00:16:02:819312 +01:00] [Thread 2848] extDB3: Input from Server: 4:100
[00:16:02:819324 +01:00] [Thread 2848] extDB3: Output to Server: [3]
[00:16:02:819347 +01:00] [Thread 2848] extDB3: Input from Server: 4:100
[00:16:02:819359 +01:00] [Thread 2848] extDB3: Output to Server: [3]
[00:16:02:819383 +01:00] [Thread 2848] extDB3: Input from Server: 4:100
[00:16:02:819395 +01:00] [Thread 2848] extDB3: Output to Server: [3]
[00:16:02:819418 +01:00] [Thread 2848] extDB3: Input from Server: 4:100
[00:16:02:819430 +01:00] [Thread 2848] extDB3: Output to Server: [3]
[00:16:02:819454 +01:00] [Thread 2848] extDB3: Input from Server: 4:100
[00:16:02:819466 +01:00] [Thread 2848] extDB3: Output to Server: [3]
[00:16:02:819489 +01:00] [Thread 2848] extDB3: Input from Server: 4:100
[00:16:02:819501 +01:00] [Thread 2848] extDB3: Output to Server: [3]
[00:16:02:819524 +01:00] [Thread 2848] extDB3: Input from Server: 4:100
[00:16:02:819536 +01:00] [Thread 2848] extDB3: Output to Server: [3]
[00:16:02:819559 +01:00] [Thread 2848] extDB3: Input from Server: 4:100
[00:16:02:819571 +01:00] [Thread 2848] extDB3: Output to Server: [3]
[00:16:02:819595 +01:00] [Thread 2848] extDB3: Input from Server: 4:100
[00:16:02:819606 +01:00] [Thread 2848] extDB3: Output to Server: [3]
[00:16:02:819630 +01:00] [Thread 2848] extDB3: Input from Server: 4:100
[00:16:02:819642 +01:00] [Thread 2848] extDB3: Output to Server: [3]
[00:16:02:819665 +01:00] [Thread 2848] extDB3: Input from Server: 4:100
[00:16:02:819677 +01:00] [Thread 2848] extDB3: Output to Server: [3]
[00:16:02:819700 +01:00] [Thread 2848] extDB3: Input from Server: 4:100
[00:16:02:819712 +01:00] [Thread 2848] extDB3: Output to Server: [3]
[00:16:02:819738 +01:00] [Thread 2848] extDB3: Input from Server: 4:100
[00:16:02:819750 +01:00] [Thread 2848] extDB3: Output to Server: [3]
[00:16:02:819774 +01:00] [Thread 2848] extDB3: Input from Server: 4:100
[00:16:02:819786 +01:00] [Thread 2848] extDB3: Output to Server: [3]
[00:16:02:819809 +01:00] [Thread 2848] extDB3: Input from Server: 4:100
[00:16:02:819821 +01:00] [Thread 2848] extDB3: Output to Server: [3]
[00:16:02:819844 +01:00] [Thread 2848] extDB3: Input from Server: 4:100
[00:16:02:819856 +01:00] [Thread 2848] extDB3: Output to Server: [3]
[00:16:02:819880 +01:00] [Thread 2848] extDB3: Input from Server: 4:100
[00:16:02:819892 +01:00] [Thread 2848] extDB3: Output to Server: [3]
[00:16:02:819915 +01:00] [Thread 2848] extDB3: Input from Server: 4:100
[00:16:02:819927 +01:00] [Thread 2848] extDB3: Output to Server: [3]
[00:16:02:819950 +01:00] [Thread 2848] extDB3: Input from Server: 4:100
[00:16:02:819962 +01:00] [Thread 2848] extDB3: Output to Server: [3]
[00:16:02:819986 +01:00] [Thread 2848] extDB3: Input from Server: 4:100
[00:16:02:819998 +01:00] [Thread 2848] extDB3: Output to Server: [3]
[00:16:02:820021 +01:00] [Thread 2848] extDB3: Input from Server: 4:100
[00:16:02:820033 +01:00] [Thread 2848] extDB3: Output to Server: [3]
[00:16:02:820056 +01:00] [Thread 2848] extDB3: Input from Server: 4:100
[00:16:02:820068 +01:00] [Thread 2848] extDB3: Output to Server: [3]
[00:16:02:820096 +01:00] [Thread 2848] extDB3: Input from Server: 4:100
[00:16:02:820110 +01:00] [Thread 2848] extDB3: Output to Server: [3]
[00:16:02:820116 +01:00] [Thread 2236] extDB3: SQL: Error MariaDBQueryException: The user specified as a definer ('arma3'@'localhost') does not exist
[00:16:02:820154 +01:00] [Thread 2236] extDB3: SQL: Error MariaDBQueryException: Input: CALL resetLifeVehicles
[00:16:02:820134 +01:00] [Thread 2848] extDB3: Input from Server: 4:100
[00:16:02:820179 +01:00] [Thread 2848] extDB3: Output to Server: [3]
[00:16:02:820203 +01:00] [Thread 2848] extDB3: Input from Server: 4:100
[00:16:02:820215 +01:00] [Thread 2848] extDB3: Output to Server: [3]
[00:16:02:820239 +01:00] [Thread 2848] extDB3: Input from Server: 4:100
[00:16:02:820251 +01:00] [Thread 2848] extDB3: Output to Server: [3]
[00:16:02:820274 +01:00] [Thread 2848] extDB3: Input from Server: 4:100
[00:16:02:820286 +01:00] [Thread 2848] extDB3: Output to Server: [3]
[00:16:02:820309 +01:00] [Thread 2848] extDB3: Input from Server: 4:100
[00:16:02:820321 +01:00] [Thread 2848] extDB3: Output to Server: [3]
[00:16:02:820344 +01:00] [Thread 2848] extDB3: Input from Server: 4:100
[00:16:02:820356 +01:00] [Thread 2848] extDB3: Output to Server: [3]
[00:16:02:820379 +01:00] [Thread 2848] extDB3: Input from Server: 4:100
[00:16:02:820391 +01:00] [Thread 2848] extDB3: Output to Server: [3]
[00:16:02:820415 +01:00] [Thread 2848] extDB3: Input from Server: 4:100
[00:16:02:820426 +01:00] [Thread 2848] extDB3: Output to Server: [3]
[00:16:02:820450 +01:00] [Thread 2848] extDB3: Input from Server: 4:100
[00:16:02:820462 +01:00] [Thread 2848] extDB3: Output to Server: [3]
[00:16:02:820485 +01:00] [Thread 2848] extDB3: Input from Server: 4:100
[00:16:02:820497 +01:00] [Thread 2848] extDB3: Output to Server: [3]
[00:16:02:820520 +01:00] [Thread 2848] extDB3: Input from Server: 4:100
[00:16:02:820532 +01:00] [Thread 2848] extDB3: Output to Server: [3]
[00:16:02:820555 +01:00] [Thread 2848] extDB3: Input from Server: 4:100
[00:16:02:820567 +01:00] [Thread 2848] extDB3: Output to Server: [3]
[00:16:02:820590 +01:00] [Thread 2848] extDB3: Input from Server: 4:100
[00:16:02:820602 +01:00] [Thread 2848] extDB3: Output to Server: [3]
[00:16:02:820625 +01:00] [Thread 2848] extDB3: Input from Server: 4:100
[00:16:02:820637 +01:00] [Thread 2848] extDB3: Output to Server: [3]
[00:16:02:820661 +01:00] [Thread 2848] extDB3: Input from Server: 4:100
[00:16:02:820672 +01:00] [Thread 2848] extDB3: Output to Server: [3]
[00:16:02:820696 +01:00] [Thread 2848] extDB3: Input from Server: 4:100
[00:16:02:820708 +01:00] [Thread 2848] extDB3: Output to Server: [3]
[00:16:02:820731 +01:00] [Thread 2848] extDB3: Input from Server: 4:100
[00:16:02:820743 +01:00] [Thread 2848] extDB3: Output to Server: [3]
[00:16:02:820779 +01:00] [Thread 2848] extDB3: Input from Server: 4:100
[00:16:02:820792 +01:00] [Thread 2848] extDB3: Output to Server: [3]
[00:16:02:820816 +01:00] [Thread 2848] extDB3: Input from Server: 4:100
[00:16:02:820828 +01:00] [Thread 2848] extDB3: Output to Server: [3]
[00:16:02:820851 +01:00] [Thread 2848] extDB3: Input from Server: 4:100
[00:16:02:820863 +01:00] [Thread 2848] extDB3: Output to Server: [3]
[00:16:02:820863 +01:00] [Thread 2488] extDB3: SQL: Trace: Result: [1,[[0]]]
[00:16:02:820886 +01:00] [Thread 2848] extDB3: Input from Server: 4:100
[00:16:02:820918 +01:00] [Thread 2848] extDB3: Output to Server: [1,[[0]]]
[00:16:02:821196 +01:00] [Thread 2848] extDB3: Input from Server: 2:1579:SELECT houses.id, houses.pid, houses.pos, players.name FROM houses INNER JOIN players ON houses.pid=players.playerid WHERE houses.owned='1' LIMIT 0,10
[00:16:02:821230 +01:00] [Thread 2848] extDB3: Output to Server: [2,"101"]
[00:16:02:821277 +01:00] [Thread 2488] extDB3: SQL: Trace: Input: SELECT houses.id, houses.pid, houses.pos, players.name FROM houses INNER JOIN players ON houses.pid=players.playerid WHERE houses.owned='1' LIMIT 0,10
[00:16:02:821287 +01:00] [Thread 2848] extDB3: Input from Server: 4:101
[00:16:02:821336 +01:00] [Thread 2848] extDB3: Output to Server: [3]
[00:16:02:821379 +01:00] [Thread 2848] extDB3: Input from Server: 4:101
[00:16:02:821392 +01:00] [Thread 2848] extDB3: Output to Server: [3]
[00:16:02:821418 +01:00] [Thread 2848] extDB3: Input from Server: 4:101
[00:16:02:821430 +01:00] [Thread 2848] extDB3: Output to Server: [3]
[00:16:02:821454 +01:00] [Thread 2848] extDB3: Input from Server: 4:101
[00:16:02:821466 +01:00] [Thread 2848] extDB3: Output to Server: [3]
[00:16:02:821490 +01:00] [Thread 2848] extDB3: Input from Server: 4:101
[00:16:02:821502 +01:00] [Thread 2848] extDB3: Output to Server: [3]
[00:16:02:821525 +01:00] [Thread 2848] extDB3: Input from Server: 4:101
[00:16:02:821537 +01:00] [Thread 2848] extDB3: Output to Server: [3]
[00:16:02:821560 +01:00] [Thread 2848] extDB3: Input from Server: 4:101
[00:16:02:821572 +01:00] [Thread 2848] extDB3: Output to Server: [3]
[00:16:02:821596 +01:00] [Thread 2848] extDB3: Input from Server: 4:101
[00:16:02:821608 +01:00] [Thread 2848] extDB3: Output to Server: [3]
[00:16:02:821631 +01:00] [Thread 2848] extDB3: Input from Server: 4:101
[00:16:02:821643 +01:00] [Thread 2848] extDB3: Output to Server: [3]
[00:16:02:821667 +01:00] [Thread 2848] extDB3: Input from Server: 4:101
[00:16:02:821679 +01:00] [Thread 2848] extDB3: Output to Server: [3]
[00:16:02:821703 +01:00] [Thread 2848] extDB3: Input from Server: 4:101
[00:16:02:821715 +01:00] [Thread 2848] extDB3: Output to Server: [3]
[00:16:02:821738 +01:00] [Thread 2848] extDB3: Input from Server: 4:101
[00:16:02:821753 +01:00] [Thread 2848] extDB3: Output to Server: [3]
[00:16:02:821776 +01:00] [Thread 2848] extDB3: Input from Server: 4:101
[00:16:02:821789 +01:00] [Thread 2848] extDB3: Output to Server: [3]
[00:16:02:821796 +01:00] [Thread 2488] extDB3: SQL: Trace: Result: [1,[]]
[00:16:02:821812 +01:00] [Thread 2848] extDB3: Input from Server: 4:101
[00:16:02:821848 +01:00] [Thread 2848] extDB3: Output to Server: [1,[]]
[00:16:02:822838 +01:00] [Thread 2848] extDB3: Input from Server: 2:1579:SELECT prices FROM dynmarket WHERE id='1'
[00:16:02:822870 +01:00] [Thread 2848] extDB3: Output to Server: [2,"102"]
[00:16:02:822924 +01:00] [Thread 2848] extDB3: Input from Server: 4:102
[00:16:02:822941 +01:00] [Thread 2848] extDB3: Output to Server: [3]
[00:16:02:822919 +01:00] [Thread 2488] extDB3: SQL: Trace: Input: SELECT prices FROM dynmarket WHERE id='1'
[00:16:02:822978 +01:00] [Thread 2848] extDB3: Input from Server: 4:102
[00:16:02:822993 +01:00] [Thread 2848] extDB3: Output to Server: [3]
[00:16:02:823018 +01:00] [Thread 2848] extDB3: Input from Server: 4:102
[00:16:02:823030 +01:00] [Thread 2848] extDB3: Output to Server: [3]
[00:16:02:823054 +01:00] [Thread 2848] extDB3: Input from Server: 4:102
[00:16:02:823066 +01:00] [Thread 2848] extDB3: Output to Server: [3]
[00:16:02:823089 +01:00] [Thread 2848] extDB3: Input from Server: 4:102
[00:16:02:823101 +01:00] [Thread 2848] extDB3: Output to Server: [3]
[00:16:02:823124 +01:00] [Thread 2848] extDB3: Input from Server: 4:102
[00:16:02:823136 +01:00] [Thread 2848] extDB3: Output to Server: [3]
[00:16:02:823159 +01:00] [Thread 2848] extDB3: Input from Server: 4:102
[00:16:02:823171 +01:00] [Thread 2848] extDB3: Output to Server: [3]
[00:16:02:823194 +01:00] [Thread 2848] extDB3: Input from Server: 4:102
[00:16:02:823206 +01:00] [Thread 2848] extDB3: Output to Server: [3]
[00:16:02:823229 +01:00] [Thread 2848] extDB3: Input from Server: 4:102
[00:16:02:823241 +01:00] [Thread 2848] extDB3: Output to Server: [3]
[00:16:02:823265 +01:00] [Thread 2848] extDB3: Input from Server: 4:102
[00:16:02:823276 +01:00] [Thread 2848] extDB3: Output to Server: [3]
[00:16:02:823299 +01:00] [Thread 2848] extDB3: Input from Server: 4:102
[00:16:02:823311 +01:00] [Thread 2848] extDB3: Output to Server: [3]
[00:16:02:823334 +01:00] [Thread 2848] extDB3: Input from Server: 4:102
[00:16:02:823347 +01:00] [Thread 2848] extDB3: Output to Server: [3]
[00:16:02:823357 +01:00] [Thread 2488] extDB3: SQL: Trace: Result: [1,[]]
[00:16:02:823369 +01:00] [Thread 2848] extDB3: Input from Server: 4:102
[00:16:02:823417 +01:00] [Thread 2848] extDB3: Output to Server: [1,[]]
