
extDB3: https://bitbucket.org/torndeco/extdb3/wiki/Home
extDB3: Version: 1.028
extDB3: Windows Debug Version

Message: All development for extDB3 is done on a Linux Dedicated Server
Message: If you would like to Donate to extDB3 Development
Message: https://www.paypal.com/cgi-bin/webscr?cmd=_s-xclick&hosted_button_id=2SUEFTGABTAM2
Message: Also leave a message if there is any particular feature you would like to see added.
Message: Thanks for all the people that have donated.
Message: Torndeco: 18/05/15


extDB3: Found extdb3-conf.ini
extDB3: Detected 8 Cores, Setting up 6 Worker Threads
extDB3: ...
extDB3: ...
extDB3: ...
extDB3: ...
extDB3: ...
extDB3: ...


[00:57:10:407192 +01:00] [Thread 3092] extDB3: Input from Server: 9:VERSION
[00:57:10:407274 +01:00] [Thread 3092] extDB3: Output to Server: 1.028
[00:57:11:940842 +01:00] [Thread 3092] extDB3: Input from Server: 9:ADD_DATABASE:DatabaseName2
[00:57:11:942773 +01:00] [Thread 3092] extDB3: Output to Server: [1]
[00:57:11:942821 +01:00] [Thread 3092] extDB3: Input from Server: 9:ADD_DATABASE_PROTOCOL:DatabaseName2:SQL:3132:TEXT2
[00:57:11:942845 +01:00] [Thread 3092] extDB3: SQL: Initialized: Add Quotes around TEXT Datatypes mode: 2
[00:57:11:942852 +01:00] [Thread 3092] extDB3: SQL: Initialized: NULL = ""
[00:57:11:942858 +01:00] [Thread 3092] extDB3: Output to Server: [1]
[00:57:11:942877 +01:00] [Thread 3092] extDB3: Input from Server: 9:LOCK
[00:57:11:942885 +01:00] [Thread 3092] extDB3: Locked
[00:57:11:942890 +01:00] [Thread 3092] extDB3: Output to Server: [1]
[00:57:11:995925 +01:00] [Thread 3092] extDB3: Input from Server: 1:3132:CALL deleteOldGangs
[00:57:11:995979 +01:00] [Thread 3092] extDB3: Output to Server: 
[00:57:11:996044 +01:00] [Thread 1756] extDB3: SQL: Trace: Input: CALL deleteOldGangs
[00:57:11:996696 +01:00] [Thread 1756] extDB3: SQL: Trace: Result: [1,[]]
[00:57:11:997619 +01:00] [Thread 3092] extDB3: Input from Server: 1:3132:CALL resetLifeVehicles
[00:57:11:997646 +01:00] [Thread 3092] extDB3: Output to Server: 
[00:57:11:997691 +01:00] [Thread 1756] extDB3: SQL: Trace: Input: CALL resetLifeVehicles
[00:57:11:997743 +01:00] [Thread 3092] extDB3: Input from Server: 1:3132:CALL deleteDeadVehicles
[00:57:11:997762 +01:00] [Thread 3092] extDB3: Output to Server: 
[00:57:11:997822 +01:00] [Thread 3548] extDB3: SQL: Trace: Input: CALL deleteDeadVehicles
[00:57:11:997848 +01:00] [Thread 3092] extDB3: Input from Server: 1:3132:CALL deleteOldHouses
[00:57:11:997875 +01:00] [Thread 3092] extDB3: Output to Server: 
[00:57:11:997990 +01:00] [Thread 2280] extDB3: SQL: Trace: Input: CALL deleteOldHouses
[00:57:11:998101 +01:00] [Thread 3092] extDB3: Input from Server: 2:3132:SELECT COUNT(*) FROM houses WHERE owned='1'
[00:57:11:998130 +01:00] [Thread 3092] extDB3: Output to Server: [2,"100"]
[00:57:11:998181 +01:00] [Thread 3092] extDB3: Input from Server: 4:100
[00:57:11:998203 +01:00] [Thread 1844] extDB3: SQL: Trace: Input: SELECT COUNT(*) FROM houses WHERE owned='1'
[00:57:11:998222 +01:00] [Thread 3092] extDB3: Output to Server: [3]
[00:57:11:998287 +01:00] [Thread 3092] extDB3: Input from Server: 4:100
[00:57:11:998300 +01:00] [Thread 3092] extDB3: Output to Server: [3]
[00:57:11:998324 +01:00] [Thread 3092] extDB3: Input from Server: 4:100
[00:57:11:998335 +01:00] [Thread 3092] extDB3: Output to Server: [3]
[00:57:11:998357 +01:00] [Thread 3092] extDB3: Input from Server: 4:100
[00:57:12:002008 +01:00] [Thread 3092] extDB3: Output to Server: [3]
[00:57:12:002092 +01:00] [Thread 3092] extDB3: Input from Server: 4:100
[00:57:12:002109 +01:00] [Thread 3092] extDB3: Output to Server: [3]
[00:57:12:002135 +01:00] [Thread 3092] extDB3: Input from Server: 4:100
[00:57:12:002146 +01:00] [Thread 3092] extDB3: Output to Server: [3]
[00:57:12:002168 +01:00] [Thread 3092] extDB3: Input from Server: 4:100
[00:57:12:002180 +01:00] [Thread 3092] extDB3: Output to Server: [3]
[00:57:12:002201 +01:00] [Thread 3092] extDB3: Input from Server: 4:100
[00:57:12:002212 +01:00] [Thread 3092] extDB3: Output to Server: [3]
[00:57:12:002303 +01:00] [Thread 3092] extDB3: Input from Server: 4:100
[00:57:12:002508 +01:00] [Thread 3092] extDB3: Output to Server: [3]
[00:57:12:002532 +01:00] [Thread 3092] extDB3: Input from Server: 4:100
[00:57:12:002544 +01:00] [Thread 3092] extDB3: Output to Server: [3]
[00:57:12:002566 +01:00] [Thread 3092] extDB3: Input from Server: 4:100
[00:57:12:002577 +01:00] [Thread 3092] extDB3: Output to Server: [3]
[00:57:12:002598 +01:00] [Thread 3092] extDB3: Input from Server: 4:100
[00:57:12:002609 +01:00] [Thread 3092] extDB3: Output to Server: [3]
[00:57:12:002630 +01:00] [Thread 3092] extDB3: Input from Server: 4:100
[00:57:12:002642 +01:00] [Thread 3092] extDB3: Output to Server: [3]
[00:57:12:002663 +01:00] [Thread 3092] extDB3: Input from Server: 4:100
[00:57:12:002674 +01:00] [Thread 3092] extDB3: Output to Server: [3]
[00:57:12:002696 +01:00] [Thread 3092] extDB3: Input from Server: 4:100
[00:57:12:002707 +01:00] [Thread 3092] extDB3: Output to Server: [3]
[00:57:12:002728 +01:00] [Thread 3092] extDB3: Input from Server: 4:100
[00:57:12:002739 +01:00] [Thread 3092] extDB3: Output to Server: [3]
[00:57:12:002760 +01:00] [Thread 3092] extDB3: Input from Server: 4:100
[00:57:12:002771 +01:00] [Thread 3092] extDB3: Output to Server: [3]
[00:57:12:002792 +01:00] [Thread 3092] extDB3: Input from Server: 4:100
[00:57:12:003004 +01:00] [Thread 3092] extDB3: Output to Server: [3]
[00:57:12:003027 +01:00] [Thread 3092] extDB3: Input from Server: 4:100
[00:57:12:003046 +01:00] [Thread 3092] extDB3: Output to Server: [3]
[00:57:12:003069 +01:00] [Thread 3092] extDB3: Input from Server: 4:100
[00:57:12:003080 +01:00] [Thread 3092] extDB3: Output to Server: [3]
[00:57:12:003102 +01:00] [Thread 3092] extDB3: Input from Server: 4:100
[00:57:12:003113 +01:00] [Thread 3092] extDB3: Output to Server: [3]
[00:57:12:003134 +01:00] [Thread 3092] extDB3: Input from Server: 4:100
[00:57:12:003145 +01:00] [Thread 3092] extDB3: Output to Server: [3]
[00:57:12:003166 +01:00] [Thread 3092] extDB3: Input from Server: 4:100
[00:57:12:003177 +01:00] [Thread 3092] extDB3: Output to Server: [3]
[00:57:12:003199 +01:00] [Thread 3092] extDB3: Input from Server: 4:100
[00:57:12:003210 +01:00] [Thread 3092] extDB3: Output to Server: [3]
[00:57:12:003231 +01:00] [Thread 3092] extDB3: Input from Server: 4:100
[00:57:12:003242 +01:00] [Thread 3092] extDB3: Output to Server: [3]
[00:57:12:003263 +01:00] [Thread 3092] extDB3: Input from Server: 4:100
[00:57:12:003274 +01:00] [Thread 3092] extDB3: Output to Server: [3]
[00:57:12:003295 +01:00] [Thread 3092] extDB3: Input from Server: 4:100
[00:57:12:003306 +01:00] [Thread 3092] extDB3: Output to Server: [3]
[00:57:12:003327 +01:00] [Thread 3092] extDB3: Input from Server: 4:100
[00:57:12:003338 +01:00] [Thread 3092] extDB3: Output to Server: [3]
[00:57:12:003359 +01:00] [Thread 3092] extDB3: Input from Server: 4:100
[00:57:12:003370 +01:00] [Thread 3092] extDB3: Output to Server: [3]
[00:57:12:003391 +01:00] [Thread 3092] extDB3: Input from Server: 4:100
[00:57:12:003402 +01:00] [Thread 3092] extDB3: Output to Server: [3]
[00:57:12:003423 +01:00] [Thread 3092] extDB3: Input from Server: 4:100
[00:57:12:003434 +01:00] [Thread 3092] extDB3: Output to Server: [3]
[00:57:12:003455 +01:00] [Thread 3092] extDB3: Input from Server: 4:100
[00:57:12:003466 +01:00] [Thread 3092] extDB3: Output to Server: [3]
[00:57:12:003487 +01:00] [Thread 3092] extDB3: Input from Server: 4:100
[00:57:12:003499 +01:00] [Thread 3092] extDB3: Output to Server: [3]
[00:57:12:003520 +01:00] [Thread 3092] extDB3: Input from Server: 4:100
[00:57:12:003531 +01:00] [Thread 3092] extDB3: Output to Server: [3]
[00:57:12:003552 +01:00] [Thread 3092] extDB3: Input from Server: 4:100
[00:57:12:003563 +01:00] [Thread 3092] extDB3: Output to Server: [3]
[00:57:12:003584 +01:00] [Thread 3092] extDB3: Input from Server: 4:100
[00:57:12:003595 +01:00] [Thread 3092] extDB3: Output to Server: [3]
[00:57:12:003616 +01:00] [Thread 3092] extDB3: Input from Server: 4:100
[00:57:12:003627 +01:00] [Thread 3092] extDB3: Output to Server: [3]
[00:57:12:003685 +01:00] [Thread 3092] extDB3: Input from Server: 4:100
[00:57:12:003701 +01:00] [Thread 3092] extDB3: Output to Server: [3]
[00:57:12:003724 +01:00] [Thread 3092] extDB3: Input from Server: 4:100
[00:57:12:003735 +01:00] [Thread 3092] extDB3: Output to Server: [3]
[00:57:12:003756 +01:00] [Thread 3092] extDB3: Input from Server: 4:100
[00:57:12:003767 +01:00] [Thread 3092] extDB3: Output to Server: [3]
[00:57:12:003788 +01:00] [Thread 3092] extDB3: Input from Server: 4:100
[00:57:12:003799 +01:00] [Thread 3092] extDB3: Output to Server: [3]
[00:57:12:003820 +01:00] [Thread 3092] extDB3: Input from Server: 4:100
[00:57:12:003831 +01:00] [Thread 3092] extDB3: Output to Server: [3]
[00:57:12:003852 +01:00] [Thread 3092] extDB3: Input from Server: 4:100
[00:57:12:003863 +01:00] [Thread 3092] extDB3: Output to Server: [3]
[00:57:12:003884 +01:00] [Thread 3092] extDB3: Input from Server: 4:100
[00:57:12:003895 +01:00] [Thread 3092] extDB3: Output to Server: [3]
[00:57:12:003917 +01:00] [Thread 3092] extDB3: Input from Server: 4:100
[00:57:12:003928 +01:00] [Thread 3092] extDB3: Output to Server: [3]
[00:57:12:003949 +01:00] [Thread 3092] extDB3: Input from Server: 4:100
[00:57:12:003960 +01:00] [Thread 3092] extDB3: Output to Server: [3]
[00:57:12:003981 +01:00] [Thread 3092] extDB3: Input from Server: 4:100
[00:57:12:003992 +01:00] [Thread 3092] extDB3: Output to Server: [3]
[00:57:12:004014 +01:00] [Thread 3092] extDB3: Input from Server: 4:100
[00:57:12:004024 +01:00] [Thread 3092] extDB3: Output to Server: [3]
[00:57:12:004053 +01:00] [Thread 3092] extDB3: Input from Server: 4:100
[00:57:12:004065 +01:00] [Thread 3092] extDB3: Output to Server: [3]
[00:57:12:004086 +01:00] [Thread 3092] extDB3: Input from Server: 4:100
[00:57:12:004098 +01:00] [Thread 3092] extDB3: Output to Server: [3]
[00:57:12:004118 +01:00] [Thread 3092] extDB3: Input from Server: 4:100
[00:57:12:004130 +01:00] [Thread 3092] extDB3: Output to Server: [3]
[00:57:12:004151 +01:00] [Thread 3092] extDB3: Input from Server: 4:100
[00:57:12:004162 +01:00] [Thread 3092] extDB3: Output to Server: [3]
[00:57:12:004183 +01:00] [Thread 3092] extDB3: Input from Server: 4:100
[00:57:12:004194 +01:00] [Thread 3092] extDB3: Output to Server: [3]
[00:57:12:004216 +01:00] [Thread 3092] extDB3: Input from Server: 4:100
[00:57:12:004227 +01:00] [Thread 3092] extDB3: Output to Server: [3]
[00:57:12:004247 +01:00] [Thread 3092] extDB3: Input from Server: 4:100
[00:57:12:004259 +01:00] [Thread 3092] extDB3: Output to Server: [3]
[00:57:12:004280 +01:00] [Thread 3092] extDB3: Input from Server: 4:100
[00:57:12:004291 +01:00] [Thread 3092] extDB3: Output to Server: [3]
[00:57:12:004312 +01:00] [Thread 3092] extDB3: Input from Server: 4:100
[00:57:12:004323 +01:00] [Thread 3092] extDB3: Output to Server: [3]
[00:57:12:004344 +01:00] [Thread 3092] extDB3: Input from Server: 4:100
[00:57:12:004355 +01:00] [Thread 3092] extDB3: Output to Server: [3]
[00:57:12:004377 +01:00] [Thread 3092] extDB3: Input from Server: 4:100
[00:57:12:004388 +01:00] [Thread 3092] extDB3: Output to Server: [3]
[00:57:12:004409 +01:00] [Thread 3092] extDB3: Input from Server: 4:100
[00:57:12:004420 +01:00] [Thread 3092] extDB3: Output to Server: [3]
[00:57:12:004441 +01:00] [Thread 3092] extDB3: Input from Server: 4:100
[00:57:12:004452 +01:00] [Thread 3092] extDB3: Output to Server: [3]
[00:57:12:004473 +01:00] [Thread 3092] extDB3: Input from Server: 4:100
[00:57:12:004484 +01:00] [Thread 3092] extDB3: Output to Server: [3]
[00:57:12:004505 +01:00] [Thread 3092] extDB3: Input from Server: 4:100
[00:57:12:004517 +01:00] [Thread 3092] extDB3: Output to Server: [3]
[00:57:12:004537 +01:00] [Thread 3092] extDB3: Input from Server: 4:100
[00:57:12:004549 +01:00] [Thread 3092] extDB3: Output to Server: [3]
[00:57:12:004570 +01:00] [Thread 3092] extDB3: Input from Server: 4:100
[00:57:12:004581 +01:00] [Thread 3092] extDB3: Output to Server: [3]
[00:57:12:004602 +01:00] [Thread 3092] extDB3: Input from Server: 4:100
[00:57:12:004616 +01:00] [Thread 3092] extDB3: Output to Server: [3]
[00:57:12:004639 +01:00] [Thread 3092] extDB3: Input from Server: 4:100
[00:57:12:004650 +01:00] [Thread 3092] extDB3: Output to Server: [3]
[00:57:12:004671 +01:00] [Thread 3092] extDB3: Input from Server: 4:100
[00:57:12:004682 +01:00] [Thread 3092] extDB3: Output to Server: [3]
[00:57:12:004703 +01:00] [Thread 3092] extDB3: Input from Server: 4:100
[00:57:12:004732 +01:00] [Thread 3548] extDB3: SQL: Trace: Result: [1,[]]
[00:57:12:005122 +01:00] [Thread 3092] extDB3: Output to Server: [3]
[00:57:12:005145 +01:00] [Thread 3092] extDB3: Input from Server: 4:100
[00:57:12:005157 +01:00] [Thread 3092] extDB3: Output to Server: [3]
[00:57:12:005178 +01:00] [Thread 3092] extDB3: Input from Server: 4:100
[00:57:12:005189 +01:00] [Thread 3092] extDB3: Output to Server: [3]
[00:57:12:005210 +01:00] [Thread 3092] extDB3: Input from Server: 4:100
[00:57:12:005221 +01:00] [Thread 3092] extDB3: Output to Server: [3]
[00:57:12:005242 +01:00] [Thread 3092] extDB3: Input from Server: 4:100
[00:57:12:005253 +01:00] [Thread 3092] extDB3: Output to Server: [3]
[00:57:12:005274 +01:00] [Thread 3092] extDB3: Input from Server: 4:100
[00:57:12:005285 +01:00] [Thread 3092] extDB3: Output to Server: [3]
[00:57:12:005305 +01:00] [Thread 3092] extDB3: Input from Server: 4:100
[00:57:12:005317 +01:00] [Thread 3092] extDB3: Output to Server: [3]
[00:57:12:005337 +01:00] [Thread 3092] extDB3: Input from Server: 4:100
[00:57:12:005348 +01:00] [Thread 3092] extDB3: Output to Server: [3]
[00:57:12:005369 +01:00] [Thread 3092] extDB3: Input from Server: 4:100
[00:57:12:005381 +01:00] [Thread 3092] extDB3: Output to Server: [3]
[00:57:12:005402 +01:00] [Thread 3092] extDB3: Input from Server: 4:100
[00:57:12:005413 +01:00] [Thread 3092] extDB3: Output to Server: [3]
[00:57:12:005433 +01:00] [Thread 3092] extDB3: Input from Server: 4:100
[00:57:12:005640 +01:00] [Thread 3092] extDB3: Output to Server: [3]
[00:57:12:005662 +01:00] [Thread 3092] extDB3: Input from Server: 4:100
[00:57:12:005673 +01:00] [Thread 3092] extDB3: Output to Server: [3]
[00:57:12:005694 +01:00] [Thread 3092] extDB3: Input from Server: 4:100
[00:57:12:005705 +01:00] [Thread 3092] extDB3: Output to Server: [3]
[00:57:12:005726 +01:00] [Thread 3092] extDB3: Input from Server: 4:100
[00:57:12:005737 +01:00] [Thread 3092] extDB3: Output to Server: [3]
[00:57:12:005758 +01:00] [Thread 3092] extDB3: Input from Server: 4:100
[00:57:12:005769 +01:00] [Thread 3092] extDB3: Output to Server: [3]
[00:57:12:005790 +01:00] [Thread 3092] extDB3: Input from Server: 4:100
[00:57:12:005801 +01:00] [Thread 3092] extDB3: Output to Server: [3]
[00:57:12:005822 +01:00] [Thread 3092] extDB3: Input from Server: 4:100
[00:57:12:005833 +01:00] [Thread 3092] extDB3: Output to Server: [3]
[00:57:12:005854 +01:00] [Thread 3092] extDB3: Input from Server: 4:100
[00:57:12:005865 +01:00] [Thread 3092] extDB3: Output to Server: [3]
[00:57:12:005886 +01:00] [Thread 3092] extDB3: Input from Server: 4:100
[00:57:12:005897 +01:00] [Thread 3092] extDB3: Output to Server: [3]
[00:57:12:005918 +01:00] [Thread 3092] extDB3: Input from Server: 4:100
[00:57:12:005929 +01:00] [Thread 3092] extDB3: Output to Server: [3]
[00:57:12:005950 +01:00] [Thread 3092] extDB3: Input from Server: 4:100
[00:57:12:006135 +01:00] [Thread 3092] extDB3: Output to Server: [3]
[00:57:12:006158 +01:00] [Thread 3092] extDB3: Input from Server: 4:100
[00:57:12:006170 +01:00] [Thread 3092] extDB3: Output to Server: [3]
[00:57:12:006191 +01:00] [Thread 3092] extDB3: Input from Server: 4:100
[00:57:12:006202 +01:00] [Thread 3092] extDB3: Output to Server: [3]
[00:57:12:006223 +01:00] [Thread 3092] extDB3: Input from Server: 4:100
[00:57:12:006234 +01:00] [Thread 3092] extDB3: Output to Server: [3]
[00:57:12:006256 +01:00] [Thread 3092] extDB3: Input from Server: 4:100
[00:57:12:006267 +01:00] [Thread 3092] extDB3: Output to Server: [3]
[00:57:12:006288 +01:00] [Thread 3092] extDB3: Input from Server: 4:100
[00:57:12:006334 +01:00] [Thread 3092] extDB3: Output to Server: [3]
[00:57:12:006362 +01:00] [Thread 3092] extDB3: Input from Server: 4:100
[00:57:12:006374 +01:00] [Thread 3092] extDB3: Output to Server: [3]
[00:57:12:006395 +01:00] [Thread 3092] extDB3: Input from Server: 4:100
[00:57:12:006407 +01:00] [Thread 3092] extDB3: Output to Server: [3]
[00:57:12:006428 +01:00] [Thread 3092] extDB3: Input from Server: 4:100
[00:57:12:006439 +01:00] [Thread 3092] extDB3: Output to Server: [3]
[00:57:12:006460 +01:00] [Thread 3092] extDB3: Input from Server: 4:100
[00:57:12:006471 +01:00] [Thread 3092] extDB3: Output to Server: [3]
[00:57:12:006492 +01:00] [Thread 3092] extDB3: Input from Server: 4:100
[00:57:12:006503 +01:00] [Thread 3092] extDB3: Output to Server: [3]
[00:57:12:006524 +01:00] [Thread 3092] extDB3: Input from Server: 4:100
[00:57:12:006535 +01:00] [Thread 3092] extDB3: Output to Server: [3]
[00:57:12:006556 +01:00] [Thread 3092] extDB3: Input from Server: 4:100
[00:57:12:006567 +01:00] [Thread 3092] extDB3: Output to Server: [3]
[00:57:12:006588 +01:00] [Thread 3092] extDB3: Input from Server: 4:100
[00:57:12:006599 +01:00] [Thread 3092] extDB3: Output to Server: [3]
[00:57:12:006620 +01:00] [Thread 3092] extDB3: Input from Server: 4:100
[00:57:12:006631 +01:00] [Thread 3092] extDB3: Output to Server: [3]
[00:57:12:006652 +01:00] [Thread 3092] extDB3: Input from Server: 4:100
[00:57:12:006663 +01:00] [Thread 3092] extDB3: Output to Server: [3]
[00:57:12:006684 +01:00] [Thread 3092] extDB3: Input from Server: 4:100
[00:57:12:006695 +01:00] [Thread 3092] extDB3: Output to Server: [3]
[00:57:12:006716 +01:00] [Thread 3092] extDB3: Input from Server: 4:100
[00:57:12:006727 +01:00] [Thread 3092] extDB3: Output to Server: [3]
[00:57:12:006748 +01:00] [Thread 3092] extDB3: Input from Server: 4:100
[00:57:12:006759 +01:00] [Thread 3092] extDB3: Output to Server: [3]
[00:57:12:006780 +01:00] [Thread 3092] extDB3: Input from Server: 4:100
[00:57:12:006791 +01:00] [Thread 3092] extDB3: Output to Server: [3]
[00:57:12:006813 +01:00] [Thread 3092] extDB3: Input from Server: 4:100
[00:57:12:006824 +01:00] [Thread 3092] extDB3: Output to Server: [3]
[00:57:12:006845 +01:00] [Thread 3092] extDB3: Input from Server: 4:100
[00:57:12:006856 +01:00] [Thread 3092] extDB3: Output to Server: [3]
[00:57:12:006877 +01:00] [Thread 3092] extDB3: Input from Server: 4:100
[00:57:12:006888 +01:00] [Thread 3092] extDB3: Output to Server: [3]
[00:57:12:006909 +01:00] [Thread 3092] extDB3: Input from Server: 4:100
[00:57:12:006920 +01:00] [Thread 3092] extDB3: Output to Server: [3]
[00:57:12:006941 +01:00] [Thread 3092] extDB3: Input from Server: 4:100
[00:57:12:006952 +01:00] [Thread 3092] extDB3: Output to Server: [3]
[00:57:12:006972 +01:00] [Thread 3092] extDB3: Input from Server: 4:100
[00:57:12:006983 +01:00] [Thread 3092] extDB3: Output to Server: [3]
[00:57:12:007004 +01:00] [Thread 3092] extDB3: Input from Server: 4:100
[00:57:12:007015 +01:00] [Thread 3092] extDB3: Output to Server: [3]
[00:57:12:007036 +01:00] [Thread 3092] extDB3: Input from Server: 4:100
[00:57:12:007047 +01:00] [Thread 3092] extDB3: Output to Server: [3]
[00:57:12:007068 +01:00] [Thread 3092] extDB3: Input from Server: 4:100
[00:57:12:007085 +01:00] [Thread 3092] extDB3: Output to Server: [3]
[00:57:12:007108 +01:00] [Thread 3092] extDB3: Input from Server: 4:100
[00:57:12:007120 +01:00] [Thread 3092] extDB3: Output to Server: [3]
[00:57:12:007141 +01:00] [Thread 3092] extDB3: Input from Server: 4:100
[00:57:12:007152 +01:00] [Thread 3092] extDB3: Output to Server: [3]
[00:57:12:007173 +01:00] [Thread 3092] extDB3: Input from Server: 4:100
[00:57:12:007184 +01:00] [Thread 3092] extDB3: Output to Server: [3]
[00:57:12:007205 +01:00] [Thread 3092] extDB3: Input from Server: 4:100
[00:57:12:007216 +01:00] [Thread 3092] extDB3: Output to Server: [3]
[00:57:12:007237 +01:00] [Thread 3092] extDB3: Input from Server: 4:100
[00:57:12:007248 +01:00] [Thread 3092] extDB3: Output to Server: [3]
[00:57:12:007271 +01:00] [Thread 3092] extDB3: Input from Server: 4:100
[00:57:12:007283 +01:00] [Thread 3092] extDB3: Output to Server: [3]
[00:57:12:007304 +01:00] [Thread 3092] extDB3: Input from Server: 4:100
[00:57:12:007316 +01:00] [Thread 3092] extDB3: Output to Server: [3]
[00:57:12:007337 +01:00] [Thread 3092] extDB3: Input from Server: 4:100
[00:57:12:007348 +01:00] [Thread 3092] extDB3: Output to Server: [3]
[00:57:12:007369 +01:00] [Thread 3092] extDB3: Input from Server: 4:100
[00:57:12:007370 +01:00] [Thread 1756] extDB3: SQL: Error MariaDBQueryException: The user specified as a definer ('arma3'@'localhost') does not exist
[00:57:12:007406 +01:00] [Thread 1756] extDB3: SQL: Error MariaDBQueryException: Input: CALL resetLifeVehicles
[00:57:12:007380 +01:00] [Thread 3092] extDB3: Output to Server: [3]
[00:57:12:007464 +01:00] [Thread 3092] extDB3: Input from Server: 4:100
[00:57:12:007476 +01:00] [Thread 3092] extDB3: Output to Server: [3]
[00:57:12:007497 +01:00] [Thread 3092] extDB3: Input from Server: 4:100
[00:57:12:007508 +01:00] [Thread 3092] extDB3: Output to Server: [3]
[00:57:12:007529 +01:00] [Thread 3092] extDB3: Input from Server: 4:100
[00:57:12:007540 +01:00] [Thread 3092] extDB3: Output to Server: [3]
[00:57:12:007561 +01:00] [Thread 3092] extDB3: Input from Server: 4:100
[00:57:12:007572 +01:00] [Thread 3092] extDB3: Output to Server: [3]
[00:57:12:007594 +01:00] [Thread 3092] extDB3: Input from Server: 4:100
[00:57:12:007605 +01:00] [Thread 3092] extDB3: Output to Server: [3]
[00:57:12:007626 +01:00] [Thread 3092] extDB3: Input from Server: 4:100
[00:57:12:007637 +01:00] [Thread 3092] extDB3: Output to Server: [3]
[00:57:12:007658 +01:00] [Thread 3092] extDB3: Input from Server: 4:100
[00:57:12:007669 +01:00] [Thread 3092] extDB3: Output to Server: [3]
[00:57:12:007690 +01:00] [Thread 3092] extDB3: Input from Server: 4:100
[00:57:12:007701 +01:00] [Thread 3092] extDB3: Output to Server: [3]
[00:57:12:007722 +01:00] [Thread 3092] extDB3: Input from Server: 4:100
[00:57:12:007733 +01:00] [Thread 3092] extDB3: Output to Server: [3]
[00:57:12:007754 +01:00] [Thread 3092] extDB3: Input from Server: 4:100
[00:57:12:007750 +01:00] [Thread 2280] extDB3: SQL: Trace: Result: [1,[]]
[00:57:12:007765 +01:00] [Thread 3092] extDB3: Output to Server: [3]
[00:57:12:007812 +01:00] [Thread 3092] extDB3: Input from Server: 4:100
[00:57:12:007823 +01:00] [Thread 3092] extDB3: Output to Server: [3]
[00:57:12:007844 +01:00] [Thread 3092] extDB3: Input from Server: 4:100
[00:57:12:007855 +01:00] [Thread 3092] extDB3: Output to Server: [3]
[00:57:12:007876 +01:00] [Thread 3092] extDB3: Input from Server: 4:100
[00:57:12:007887 +01:00] [Thread 3092] extDB3: Output to Server: [3]
[00:57:12:007909 +01:00] [Thread 3092] extDB3: Input from Server: 4:100
[00:57:12:007920 +01:00] [Thread 3092] extDB3: Output to Server: [3]
[00:57:12:007941 +01:00] [Thread 3092] extDB3: Input from Server: 4:100
[00:57:12:007952 +01:00] [Thread 3092] extDB3: Output to Server: [3]
[00:57:12:007973 +01:00] [Thread 3092] extDB3: Input from Server: 4:100
[00:57:12:007984 +01:00] [Thread 3092] extDB3: Output to Server: [3]
[00:57:12:008006 +01:00] [Thread 3092] extDB3: Input from Server: 4:100
[00:57:12:008018 +01:00] [Thread 3092] extDB3: Output to Server: [3]
[00:57:12:008001 +01:00] [Thread 1844] extDB3: SQL: Trace: Result: [1,[[0]]]
[00:57:12:008039 +01:00] [Thread 3092] extDB3: Input from Server: 4:100
[00:57:12:008049 +01:00] [Thread 3092] extDB3: Output to Server: [3]
[00:57:12:008071 +01:00] [Thread 3092] extDB3: Input from Server: 4:100
[00:57:12:008090 +01:00] [Thread 3092] extDB3: Output to Server: [1,[[0]]]
[00:57:12:008336 +01:00] [Thread 3092] extDB3: Input from Server: 2:3132:SELECT houses.id, houses.pid, houses.pos, players.name FROM houses INNER JOIN players ON houses.pid=players.playerid WHERE houses.owned='1' LIMIT 0,10
[00:57:12:008365 +01:00] [Thread 3092] extDB3: Output to Server: [2,"101"]
[00:57:12:008413 +01:00] [Thread 3092] extDB3: Input from Server: 4:101
[00:57:12:008418 +01:00] [Thread 1844] extDB3: SQL: Trace: Input: SELECT houses.id, houses.pid, houses.pos, players.name FROM houses INNER JOIN players ON houses.pid=players.playerid WHERE houses.owned='1' LIMIT 0,10
[00:57:12:008427 +01:00] [Thread 3092] extDB3: Output to Server: [3]
[00:57:12:008494 +01:00] [Thread 3092] extDB3: Input from Server: 4:101
[00:57:12:008506 +01:00] [Thread 3092] extDB3: Output to Server: [3]
[00:57:12:008528 +01:00] [Thread 3092] extDB3: Input from Server: 4:101
[00:57:12:008539 +01:00] [Thread 3092] extDB3: Output to Server: [3]
[00:57:12:008561 +01:00] [Thread 3092] extDB3: Input from Server: 4:101
[00:57:12:008572 +01:00] [Thread 3092] extDB3: Output to Server: [3]
[00:57:12:008593 +01:00] [Thread 3092] extDB3: Input from Server: 4:101
[00:57:12:008604 +01:00] [Thread 3092] extDB3: Output to Server: [3]
[00:57:12:008625 +01:00] [Thread 3092] extDB3: Input from Server: 4:101
[00:57:12:008636 +01:00] [Thread 3092] extDB3: Output to Server: [3]
[00:57:12:008657 +01:00] [Thread 3092] extDB3: Input from Server: 4:101
[00:57:12:008668 +01:00] [Thread 3092] extDB3: Output to Server: [3]
[00:57:12:008689 +01:00] [Thread 3092] extDB3: Input from Server: 4:101
[00:57:12:008700 +01:00] [Thread 3092] extDB3: Output to Server: [3]
[00:57:12:008721 +01:00] [Thread 3092] extDB3: Input from Server: 4:101
[00:57:12:008732 +01:00] [Thread 3092] extDB3: Output to Server: [3]
[00:57:12:008753 +01:00] [Thread 3092] extDB3: Input from Server: 4:101
[00:57:12:008764 +01:00] [Thread 3092] extDB3: Output to Server: [3]
[00:57:12:008785 +01:00] [Thread 3092] extDB3: Input from Server: 4:101
[00:57:12:008796 +01:00] [Thread 3092] extDB3: Output to Server: [3]
[00:57:12:008817 +01:00] [Thread 3092] extDB3: Input from Server: 4:101
[00:57:12:008828 +01:00] [Thread 3092] extDB3: Output to Server: [3]
[00:57:12:008849 +01:00] [Thread 3092] extDB3: Input from Server: 4:101
[00:57:12:008860 +01:00] [Thread 3092] extDB3: Output to Server: [3]
[00:57:12:008881 +01:00] [Thread 3092] extDB3: Input from Server: 4:101
[00:57:12:008893 +01:00] [Thread 3092] extDB3: Output to Server: [3]
[00:57:12:008874 +01:00] [Thread 1844] extDB3: SQL: Trace: Result: [1,[]]
[00:57:12:008914 +01:00] [Thread 3092] extDB3: Input from Server: 4:101
[00:57:12:008952 +01:00] [Thread 3092] extDB3: Output to Server: [1,[]]
[00:57:12:009848 +01:00] [Thread 3092] extDB3: Input from Server: 2:3132:SELECT prices FROM dynmarket WHERE id='1'
[00:57:12:009875 +01:00] [Thread 3092] extDB3: Output to Server: [2,"102"]
[00:57:12:009919 +01:00] [Thread 1844] extDB3: SQL: Trace: Input: SELECT prices FROM dynmarket WHERE id='1'
[00:57:12:009922 +01:00] [Thread 3092] extDB3: Input from Server: 4:102
[00:57:12:009985 +01:00] [Thread 3092] extDB3: Output to Server: [3]
[00:57:12:010063 +01:00] [Thread 3092] extDB3: Input from Server: 4:102
[00:57:12:010079 +01:00] [Thread 3092] extDB3: Output to Server: [3]
[00:57:12:010112 +01:00] [Thread 3092] extDB3: Input from Server: 4:102
[00:57:12:010132 +01:00] [Thread 3092] extDB3: Output to Server: [3]
[00:57:12:010155 +01:00] [Thread 3092] extDB3: Input from Server: 4:102
[00:57:12:010167 +01:00] [Thread 3092] extDB3: Output to Server: [3]
[00:57:12:010188 +01:00] [Thread 3092] extDB3: Input from Server: 4:102
[00:57:12:010199 +01:00] [Thread 3092] extDB3: Output to Server: [3]
[00:57:12:010220 +01:00] [Thread 3092] extDB3: Input from Server: 4:102
[00:57:12:010231 +01:00] [Thread 3092] extDB3: Output to Server: [3]
[00:57:12:010252 +01:00] [Thread 3092] extDB3: Input from Server: 4:102
[00:57:12:010263 +01:00] [Thread 3092] extDB3: Output to Server: [3]
[00:57:12:010284 +01:00] [Thread 3092] extDB3: Input from Server: 4:102
[00:57:12:010281 +01:00] [Thread 1844] extDB3: SQL: Trace: Result: [1,[]]
[00:57:12:010295 +01:00] [Thread 3092] extDB3: Output to Server: [3]
[00:57:12:010349 +01:00] [Thread 3092] extDB3: Input from Server: 4:102
[00:57:12:010361 +01:00] [Thread 3092] extDB3: Output to Server: [1,[]]
[00:59:11:554610 +01:00] [Thread 3092] extDB3: Input from Server: 2:3132:SELECT playerid, name, cash, adminlevel, donatorlvl, civ_licenses, arrested, civ_gear FROM players WHERE playerid='76561197964675179'
[00:59:11:554693 +01:00] [Thread 3092] extDB3: Output to Server: [2,"103"]
[00:59:11:554770 +01:00] [Thread 3092] extDB3: Input from Server: 4:103
[00:59:11:554790 +01:00] [Thread 3092] extDB3: Output to Server: [3]
[00:59:11:554792 +01:00] [Thread 1844] extDB3: SQL: Trace: Input: SELECT playerid, name, cash, adminlevel, donatorlvl, civ_licenses, arrested, civ_gear FROM players WHERE playerid='76561197964675179'
[00:59:11:554835 +01:00] [Thread 3092] extDB3: Input from Server: 4:103
[00:59:11:554850 +01:00] [Thread 3092] extDB3: Output to Server: [3]
[00:59:11:554876 +01:00] [Thread 3092] extDB3: Input from Server: 4:103
[00:59:11:554888 +01:00] [Thread 3092] extDB3: Output to Server: [3]
[00:59:11:554912 +01:00] [Thread 3092] extDB3: Input from Server: 4:103
[00:59:11:554924 +01:00] [Thread 3092] extDB3: Output to Server: [3]
[00:59:11:554947 +01:00] [Thread 3092] extDB3: Input from Server: 4:103
[00:59:11:554960 +01:00] [Thread 3092] extDB3: Output to Server: [3]
[00:59:11:554983 +01:00] [Thread 3092] extDB3: Input from Server: 4:103
[00:59:11:554995 +01:00] [Thread 3092] extDB3: Output to Server: [3]
[00:59:11:555018 +01:00] [Thread 3092] extDB3: Input from Server: 4:103
[00:59:11:555030 +01:00] [Thread 3092] extDB3: Output to Server: [3]
[00:59:11:555053 +01:00] [Thread 3092] extDB3: Input from Server: 4:103
[00:59:11:555065 +01:00] [Thread 3092] extDB3: Output to Server: [3]
[00:59:11:555098 +01:00] [Thread 3092] extDB3: Input from Server: 4:103
[00:59:11:555114 +01:00] [Thread 3092] extDB3: Output to Server: [3]
[00:59:11:555138 +01:00] [Thread 3092] extDB3: Input from Server: 4:103
[00:59:11:555150 +01:00] [Thread 3092] extDB3: Output to Server: [3]
[00:59:11:555173 +01:00] [Thread 3092] extDB3: Input from Server: 4:103
[00:59:11:555186 +01:00] [Thread 3092] extDB3: Output to Server: [3]
[00:59:11:555209 +01:00] [Thread 3092] extDB3: Input from Server: 4:103
[00:59:11:555221 +01:00] [Thread 3092] extDB3: Output to Server: [3]
[00:59:11:555245 +01:00] [Thread 3092] extDB3: Input from Server: 4:103
[00:59:11:555257 +01:00] [Thread 3092] extDB3: Output to Server: [3]
[00:59:11:555280 +01:00] [Thread 3092] extDB3: Input from Server: 4:103
[00:59:11:555292 +01:00] [Thread 3092] extDB3: Output to Server: [3]
[00:59:11:555316 +01:00] [Thread 3092] extDB3: Input from Server: 4:103
[00:59:11:555328 +01:00] [Thread 3092] extDB3: Output to Server: [3]
[00:59:11:555351 +01:00] [Thread 3092] extDB3: Input from Server: 4:103
[00:59:11:555364 +01:00] [Thread 3092] extDB3: Output to Server: [3]
[00:59:11:555387 +01:00] [Thread 3092] extDB3: Input from Server: 4:103
[00:59:11:555399 +01:00] [Thread 3092] extDB3: Output to Server: [3]
[00:59:11:555423 +01:00] [Thread 3092] extDB3: Input from Server: 4:103
[00:59:11:555435 +01:00] [Thread 3092] extDB3: Output to Server: [3]
[00:59:11:555458 +01:00] [Thread 3092] extDB3: Input from Server: 4:103
[00:59:11:555471 +01:00] [Thread 3092] extDB3: Output to Server: [3]
[00:59:11:555494 +01:00] [Thread 3092] extDB3: Input from Server: 4:103
[00:59:11:555506 +01:00] [Thread 3092] extDB3: Output to Server: [3]
[00:59:11:555529 +01:00] [Thread 3092] extDB3: Input from Server: 4:103
[00:59:11:555542 +01:00] [Thread 3092] extDB3: Output to Server: [3]
[00:59:11:555565 +01:00] [Thread 3092] extDB3: Input from Server: 4:103
[00:59:11:555581 +01:00] [Thread 3092] extDB3: Output to Server: [3]
[00:59:11:555610 +01:00] [Thread 3092] extDB3: Input from Server: 4:103
[00:59:11:555623 +01:00] [Thread 3092] extDB3: Output to Server: [3]
[00:59:11:555646 +01:00] [Thread 3092] extDB3: Input from Server: 4:103
[00:59:11:555659 +01:00] [Thread 3092] extDB3: Output to Server: [3]
[00:59:11:555682 +01:00] [Thread 3092] extDB3: Input from Server: 4:103
[00:59:11:555694 +01:00] [Thread 3092] extDB3: Output to Server: [3]
[00:59:11:555717 +01:00] [Thread 3092] extDB3: Input from Server: 4:103
[00:59:11:555729 +01:00] [Thread 3092] extDB3: Output to Server: [3]
[00:59:11:555840 +01:00] [Thread 3092] extDB3: Input from Server: 4:103
[00:59:11:555859 +01:00] [Thread 3092] extDB3: Output to Server: [3]
[00:59:11:555884 +01:00] [Thread 3092] extDB3: Input from Server: 4:103
[00:59:11:555897 +01:00] [Thread 3092] extDB3: Output to Server: [3]
[00:59:11:555920 +01:00] [Thread 3092] extDB3: Input from Server: 4:103
[00:59:11:555932 +01:00] [Thread 3092] extDB3: Output to Server: [3]
[00:59:11:555955 +01:00] [Thread 3092] extDB3: Input from Server: 4:103
[00:59:11:555968 +01:00] [Thread 3092] extDB3: Output to Server: [3]
[00:59:11:555991 +01:00] [Thread 3092] extDB3: Input from Server: 4:103
[00:59:11:556003 +01:00] [Thread 3092] extDB3: Output to Server: [3]
[00:59:11:556026 +01:00] [Thread 3092] extDB3: Input from Server: 4:103
[00:59:11:556039 +01:00] [Thread 3092] extDB3: Output to Server: [3]
[00:59:11:556062 +01:00] [Thread 3092] extDB3: Input from Server: 4:103
[00:59:11:556074 +01:00] [Thread 3092] extDB3: Output to Server: [3]
[00:59:11:556098 +01:00] [Thread 3092] extDB3: Input from Server: 4:103
[00:59:11:556118 +01:00] [Thread 3092] extDB3: Output to Server: [3]
[00:59:11:556143 +01:00] [Thread 3092] extDB3: Input from Server: 4:103
[00:59:11:556155 +01:00] [Thread 3092] extDB3: Output to Server: [3]
[00:59:11:556178 +01:00] [Thread 3092] extDB3: Input from Server: 4:103
[00:59:11:556191 +01:00] [Thread 3092] extDB3: Output to Server: [3]
[00:59:11:556192 +01:00] [Thread 1844] extDB3: SQL: Trace: Result: [1,[['76561197964675179','Kira Luci',10000,0,0,[["license_civ_driver",0],["license_civ_air",0],["license_civ_heroin",0],["license_civ_marijuana",0],["license_civ_gang",0],["license_civ_boat",0],["license_civ_oil",0],["license_civ_dive",0],["license_civ_truck",0],["license_civ_gun",0],["license_civ_rebel",0],["license_civ_coke",0],["license_civ_diamond",0],["license_civ_copper",0],["license_civ_iron",0],["license_civ_sand",0],["license_civ_salt",0],["license_civ_cement",0],["license_civ_home",0],["license_civ_opium",0],["license_civ_vin",0],["licence_civ_fermenta",0],["licence_civ_gouv",0],["license_civ_ebou",0]],0,["U_C_Poloshirt_stripped","","","","",["ItemMap","ItemCompass","Itemwatch"],"","",[],[],[],[],[],[],["","","",""],["","","",""],[]]]]]
[00:59:11:556214 +01:00] [Thread 3092] extDB3: Input from Server: 4:103
[00:59:11:556268 +01:00] [Thread 3092] extDB3: Output to Server: [1,[['76561197964675179','Kira Luci',10000,0,0,[["license_civ_driver",0],["license_civ_air",0],["license_civ_heroin",0],["license_civ_marijuana",0],["license_civ_gang",0],["license_civ_boat",0],["license_civ_oil",0],["license_civ_dive",0],["license_civ_truck",0],["license_civ_gun",0],["license_civ_rebel",0],["license_civ_coke",0],["license_civ_diamond",0],["license_civ_copper",0],["license_civ_iron",0],["license_civ_sand",0],["license_civ_salt",0],["license_civ_cement",0],["license_civ_home",0],["license_civ_opium",0],["license_civ_vin",0],["licence_civ_fermenta",0],["licence_civ_gouv",0],["license_civ_ebou",0]],0,["U_C_Poloshirt_stripped","","","","",["ItemMap","ItemCompass","Itemwatch"],"","",[],[],[],[],[],[],["","","",""],["","","",""],[]]]]]
[00:59:11:598519 +01:00] [Thread 3092] extDB3: Input from Server: 2:3132:SELECT pid, pos, inventory, containers FROM houses WHERE pid='76561197964675179' AND owned='1'
[00:59:11:598588 +01:00] [Thread 3092] extDB3: Output to Server: [2,"104"]
[00:59:11:598638 +01:00] [Thread 1844] extDB3: SQL: Trace: Input: SELECT pid, pos, inventory, containers FROM houses WHERE pid='76561197964675179' AND owned='1'
[00:59:11:598659 +01:00] [Thread 3092] extDB3: Input from Server: 4:104
[00:59:11:598698 +01:00] [Thread 3092] extDB3: Output to Server: [3]
[00:59:11:598743 +01:00] [Thread 3092] extDB3: Input from Server: 4:104
[00:59:11:598756 +01:00] [Thread 3092] extDB3: Output to Server: [3]
[00:59:11:598782 +01:00] [Thread 3092] extDB3: Input from Server: 4:104
[00:59:11:598795 +01:00] [Thread 3092] extDB3: Output to Server: [3]
[00:59:11:598818 +01:00] [Thread 3092] extDB3: Input from Server: 4:104
[00:59:11:598835 +01:00] [Thread 3092] extDB3: Output to Server: [3]
[00:59:11:598863 +01:00] [Thread 3092] extDB3: Input from Server: 4:104
[00:59:11:598876 +01:00] [Thread 3092] extDB3: Output to Server: [3]
[00:59:11:598900 +01:00] [Thread 3092] extDB3: Input from Server: 4:104
[00:59:11:598912 +01:00] [Thread 3092] extDB3: Output to Server: [3]
[00:59:11:598935 +01:00] [Thread 3092] extDB3: Input from Server: 4:104
[00:59:11:598947 +01:00] [Thread 3092] extDB3: Output to Server: [3]
[00:59:11:598969 +01:00] [Thread 3092] extDB3: Input from Server: 4:104
[00:59:11:598981 +01:00] [Thread 3092] extDB3: Output to Server: [3]
[00:59:11:599004 +01:00] [Thread 3092] extDB3: Input from Server: 4:104
[00:59:11:599016 +01:00] [Thread 3092] extDB3: Output to Server: [3]
[00:59:11:599039 +01:00] [Thread 3092] extDB3: Input from Server: 4:104
[00:59:11:599051 +01:00] [Thread 3092] extDB3: Output to Server: [3]
[00:59:11:599073 +01:00] [Thread 3092] extDB3: Input from Server: 4:104
[00:59:11:599086 +01:00] [Thread 3092] extDB3: Output to Server: [3]
[00:59:11:599109 +01:00] [Thread 3092] extDB3: Input from Server: 4:104
[00:59:11:599121 +01:00] [Thread 3092] extDB3: Output to Server: [3]
[00:59:11:599144 +01:00] [Thread 3092] extDB3: Input from Server: 4:104
[00:59:11:599156 +01:00] [Thread 3092] extDB3: Output to Server: [3]
[00:59:11:599179 +01:00] [Thread 3092] extDB3: Input from Server: 4:104
[00:59:11:599191 +01:00] [Thread 3092] extDB3: Output to Server: [3]
[00:59:11:599205 +01:00] [Thread 1844] extDB3: SQL: Trace: Result: [1,[]]
[00:59:11:599217 +01:00] [Thread 3092] extDB3: Input from Server: 4:104
[00:59:11:599257 +01:00] [Thread 3092] extDB3: Output to Server: [1,[]]
[00:59:11:642834 +01:00] [Thread 3092] extDB3: Input from Server: 2:3132:SELECT id, owner, name, maxmembers, bank, members FROM gangs WHERE active='1' AND members LIKE '%76561197964675179%'
[00:59:11:642903 +01:00] [Thread 3092] extDB3: Output to Server: [2,"105"]
[00:59:11:642957 +01:00] [Thread 1844] extDB3: SQL: Trace: Input: SELECT id, owner, name, maxmembers, bank, members FROM gangs WHERE active='1' AND members LIKE '%76561197964675179%'
[00:59:11:642978 +01:00] [Thread 3092] extDB3: Input from Server: 4:105
[00:59:11:643021 +01:00] [Thread 3092] extDB3: Output to Server: [3]
[00:59:11:643067 +01:00] [Thread 3092] extDB3: Input from Server: 4:105
[00:59:11:643080 +01:00] [Thread 3092] extDB3: Output to Server: [3]
[00:59:11:643107 +01:00] [Thread 3092] extDB3: Input from Server: 4:105
[00:59:11:643119 +01:00] [Thread 3092] extDB3: Output to Server: [3]
[00:59:11:643142 +01:00] [Thread 3092] extDB3: Input from Server: 4:105
[00:59:11:643155 +01:00] [Thread 3092] extDB3: Output to Server: [3]
[00:59:11:643178 +01:00] [Thread 3092] extDB3: Input from Server: 4:105
[00:59:11:643190 +01:00] [Thread 3092] extDB3: Output to Server: [3]
[00:59:11:643213 +01:00] [Thread 3092] extDB3: Input from Server: 4:105
[00:59:11:643225 +01:00] [Thread 3092] extDB3: Output to Server: [3]
[00:59:11:643249 +01:00] [Thread 3092] extDB3: Input from Server: 4:105
[00:59:11:643261 +01:00] [Thread 3092] extDB3: Output to Server: [3]
[00:59:11:643284 +01:00] [Thread 3092] extDB3: Input from Server: 4:105
[00:59:11:643296 +01:00] [Thread 3092] extDB3: Output to Server: [3]
[00:59:11:643319 +01:00] [Thread 3092] extDB3: Input from Server: 4:105
[00:59:11:643331 +01:00] [Thread 3092] extDB3: Output to Server: [3]
[00:59:11:643354 +01:00] [Thread 3092] extDB3: Input from Server: 4:105
[00:59:11:643367 +01:00] [Thread 3092] extDB3: Output to Server: [3]
[00:59:11:643390 +01:00] [Thread 3092] extDB3: Input from Server: 4:105
[00:59:11:643402 +01:00] [Thread 3092] extDB3: Output to Server: [3]
[00:59:11:643425 +01:00] [Thread 3092] extDB3: Input from Server: 4:105
[00:59:11:643437 +01:00] [Thread 3092] extDB3: Output to Server: [3]
[00:59:11:643460 +01:00] [Thread 3092] extDB3: Input from Server: 4:105
[00:59:11:643472 +01:00] [Thread 3092] extDB3: Output to Server: [3]
[00:59:11:643495 +01:00] [Thread 3092] extDB3: Input from Server: 4:105
[00:59:11:643511 +01:00] [Thread 3092] extDB3: Output to Server: [3]
[00:59:11:643539 +01:00] [Thread 3092] extDB3: Input from Server: 4:105
[00:59:11:643552 +01:00] [Thread 3092] extDB3: Output to Server: [3]
[00:59:11:643585 +01:00] [Thread 3092] extDB3: Input from Server: 4:105
[00:59:11:643599 +01:00] [Thread 3092] extDB3: Output to Server: [3]
[00:59:11:643622 +01:00] [Thread 3092] extDB3: Input from Server: 4:105
[00:59:11:643635 +01:00] [Thread 3092] extDB3: Output to Server: [3]
[00:59:11:643658 +01:00] [Thread 3092] extDB3: Input from Server: 4:105
[00:59:11:643676 +01:00] [Thread 3092] extDB3: Output to Server: [3]
[00:59:11:643700 +01:00] [Thread 3092] extDB3: Input from Server: 4:105
[00:59:11:643712 +01:00] [Thread 3092] extDB3: Output to Server: [3]
[00:59:11:643736 +01:00] [Thread 3092] extDB3: Input from Server: 4:105
[00:59:11:643748 +01:00] [Thread 3092] extDB3: Output to Server: [3]
[00:59:11:643771 +01:00] [Thread 3092] extDB3: Input from Server: 4:105
[00:59:11:643784 +01:00] [Thread 3092] extDB3: Output to Server: [3]
[00:59:11:643807 +01:00] [Thread 3092] extDB3: Input from Server: 4:105
[00:59:11:643819 +01:00] [Thread 3092] extDB3: Output to Server: [3]
[00:59:11:643843 +01:00] [Thread 3092] extDB3: Input from Server: 4:105
[00:59:11:643855 +01:00] [Thread 3092] extDB3: Output to Server: [3]
[00:59:11:643878 +01:00] [Thread 3092] extDB3: Input from Server: 4:105
[00:59:11:643891 +01:00] [Thread 3092] extDB3: Output to Server: [3]
[00:59:11:643914 +01:00] [Thread 3092] extDB3: Input from Server: 4:105
[00:59:11:643927 +01:00] [Thread 3092] extDB3: Output to Server: [3]
[00:59:11:643925 +01:00] [Thread 1844] extDB3: SQL: Trace: Result: [1,[]]
[00:59:11:643950 +01:00] [Thread 3092] extDB3: Input from Server: 4:105
[00:59:11:643985 +01:00] [Thread 3092] extDB3: Output to Server: [1,[]]
[00:59:11:664938 +01:00] [Thread 3092] extDB3: Input from Server: 2:3132:SELECT Ppermis, nbrPermis, PermisDispo, waitTime FROM permis WHERE uid='76561197964675179'
[00:59:11:665000 +01:00] [Thread 3092] extDB3: Output to Server: [2,"106"]
[00:59:11:665049 +01:00] [Thread 1844] extDB3: SQL: Trace: Input: SELECT Ppermis, nbrPermis, PermisDispo, waitTime FROM permis WHERE uid='76561197964675179'
[00:59:11:665069 +01:00] [Thread 3092] extDB3: Input from Server: 4:106
[00:59:11:665111 +01:00] [Thread 3092] extDB3: Output to Server: [3]
[00:59:11:665156 +01:00] [Thread 3092] extDB3: Input from Server: 4:106
[00:59:11:665169 +01:00] [Thread 3092] extDB3: Output to Server: [3]
[00:59:11:665195 +01:00] [Thread 3092] extDB3: Input from Server: 4:106
[00:59:11:665208 +01:00] [Thread 3092] extDB3: Output to Server: [3]
[00:59:11:665232 +01:00] [Thread 3092] extDB3: Input from Server: 4:106
[00:59:11:665245 +01:00] [Thread 3092] extDB3: Output to Server: [3]
[00:59:11:665268 +01:00] [Thread 3092] extDB3: Input from Server: 4:106
[00:59:11:665280 +01:00] [Thread 3092] extDB3: Output to Server: [3]
[00:59:11:665304 +01:00] [Thread 3092] extDB3: Input from Server: 4:106
[00:59:11:665316 +01:00] [Thread 3092] extDB3: Output to Server: [3]
[00:59:11:665340 +01:00] [Thread 3092] extDB3: Input from Server: 4:106
[00:59:11:665352 +01:00] [Thread 3092] extDB3: Output to Server: [3]
[00:59:11:665375 +01:00] [Thread 3092] extDB3: Input from Server: 4:106
[00:59:11:665388 +01:00] [Thread 3092] extDB3: Output to Server: [3]
[00:59:11:665411 +01:00] [Thread 3092] extDB3: Input from Server: 4:106
[00:59:11:665423 +01:00] [Thread 3092] extDB3: Output to Server: [3]
[00:59:11:665446 +01:00] [Thread 3092] extDB3: Input from Server: 4:106
[00:59:11:665459 +01:00] [Thread 3092] extDB3: Output to Server: [3]
[00:59:11:665482 +01:00] [Thread 3092] extDB3: Input from Server: 4:106
[00:59:11:665494 +01:00] [Thread 3092] extDB3: Output to Server: [3]
[00:59:11:665517 +01:00] [Thread 3092] extDB3: Input from Server: 4:106
[00:59:11:665530 +01:00] [Thread 3092] extDB3: Output to Server: [3]
[00:59:11:665553 +01:00] [Thread 3092] extDB3: Input from Server: 4:106
[00:59:11:665565 +01:00] [Thread 3092] extDB3: Output to Server: [3]
[00:59:11:665594 +01:00] [Thread 3092] extDB3: Input from Server: 4:106
[00:59:11:665610 +01:00] [Thread 3092] extDB3: Output to Server: [3]
[00:59:11:665643 +01:00] [Thread 3092] extDB3: Input from Server: 4:106
[00:59:11:665657 +01:00] [Thread 3092] extDB3: Output to Server: [3]
[00:59:11:665680 +01:00] [Thread 3092] extDB3: Input from Server: 4:106
[00:59:11:665693 +01:00] [Thread 3092] extDB3: Output to Server: [3]
[00:59:11:665716 +01:00] [Thread 3092] extDB3: Input from Server: 4:106
[00:59:11:665736 +01:00] [Thread 3092] extDB3: Output to Server: [3]
[00:59:11:665763 +01:00] [Thread 3092] extDB3: Input from Server: 4:106
[00:59:11:665776 +01:00] [Thread 3092] extDB3: Output to Server: [3]
[00:59:11:665799 +01:00] [Thread 3092] extDB3: Input from Server: 4:106
[00:59:11:665812 +01:00] [Thread 3092] extDB3: Output to Server: [3]
[00:59:11:665835 +01:00] [Thread 3092] extDB3: Input from Server: 4:106
[00:59:11:665847 +01:00] [Thread 3092] extDB3: Output to Server: [3]
[00:59:11:665870 +01:00] [Thread 3092] extDB3: Input from Server: 4:106
[00:59:11:665883 +01:00] [Thread 3092] extDB3: Output to Server: [3]
[00:59:11:665906 +01:00] [Thread 3092] extDB3: Input from Server: 4:106
[00:59:11:665918 +01:00] [Thread 3092] extDB3: Output to Server: [3]
[00:59:11:665941 +01:00] [Thread 3092] extDB3: Input from Server: 4:106
[00:59:11:665953 +01:00] [Thread 3092] extDB3: Output to Server: [3]
[00:59:11:665977 +01:00] [Thread 3092] extDB3: Input from Server: 4:106
[00:59:11:665989 +01:00] [Thread 3092] extDB3: Output to Server: [3]
[00:59:11:666012 +01:00] [Thread 3092] extDB3: Input from Server: 4:106
[00:59:11:666024 +01:00] [Thread 3092] extDB3: Output to Server: [3]
[00:59:11:666047 +01:00] [Thread 3092] extDB3: Input from Server: 4:106
[00:59:11:666060 +01:00] [Thread 3092] extDB3: Output to Server: [3]
[00:59:11:666083 +01:00] [Thread 3092] extDB3: Input from Server: 4:106
[00:59:11:666095 +01:00] [Thread 3092] extDB3: Output to Server: [3]
[00:59:11:666118 +01:00] [Thread 3092] extDB3: Input from Server: 4:106
[00:59:11:666131 +01:00] [Thread 3092] extDB3: Output to Server: [3]
[00:59:11:666154 +01:00] [Thread 3092] extDB3: Input from Server: 4:106
[00:59:11:666166 +01:00] [Thread 3092] extDB3: Output to Server: [3]
[00:59:11:666189 +01:00] [Thread 3092] extDB3: Input from Server: 4:106
[00:59:11:666202 +01:00] [Thread 3092] extDB3: Output to Server: [3]
[00:59:11:666225 +01:00] [Thread 3092] extDB3: Input from Server: 4:106
[00:59:11:666237 +01:00] [Thread 3092] extDB3: Output to Server: [3]
[00:59:11:666260 +01:00] [Thread 3092] extDB3: Input from Server: 4:106
[00:59:11:666273 +01:00] [Thread 3092] extDB3: Output to Server: [3]
[00:59:11:666296 +01:00] [Thread 3092] extDB3: Input from Server: 4:106
[00:59:11:666308 +01:00] [Thread 3092] extDB3: Output to Server: [3]
[00:59:11:666331 +01:00] [Thread 3092] extDB3: Input from Server: 4:106
[00:59:11:666343 +01:00] [Thread 3092] extDB3: Output to Server: [3]
[00:59:11:666367 +01:00] [Thread 3092] extDB3: Input from Server: 4:106
[00:59:11:666379 +01:00] [Thread 3092] extDB3: Output to Server: [3]
[00:59:11:666404 +01:00] [Thread 3092] extDB3: Input from Server: 4:106
[00:59:11:666422 +01:00] [Thread 3092] extDB3: Output to Server: [3]
[00:59:11:666446 +01:00] [Thread 3092] extDB3: Input from Server: 4:106
[00:59:11:666459 +01:00] [Thread 3092] extDB3: Output to Server: [3]
[00:59:11:666483 +01:00] [Thread 3092] extDB3: Input from Server: 4:106
[00:59:11:666495 +01:00] [Thread 3092] extDB3: Output to Server: [3]
[00:59:11:666518 +01:00] [Thread 3092] extDB3: Input from Server: 4:106
[00:59:11:666530 +01:00] [Thread 3092] extDB3: Output to Server: [3]
[00:59:11:666553 +01:00] [Thread 3092] extDB3: Input from Server: 4:106
[00:59:11:666588 +01:00] [Thread 3092] extDB3: Output to Server: [3]
[00:59:11:666615 +01:00] [Thread 3092] extDB3: Input from Server: 4:106
[00:59:11:666627 +01:00] [Thread 3092] extDB3: Output to Server: [3]
[00:59:11:666661 +01:00] [Thread 3092] extDB3: Input from Server: 4:106
[00:59:11:666677 +01:00] [Thread 3092] extDB3: Output to Server: [3]
[00:59:11:666704 +01:00] [Thread 3092] extDB3: Input from Server: 4:106
[00:59:11:666717 +01:00] [Thread 3092] extDB3: Output to Server: [3]
[00:59:11:666750 +01:00] [Thread 3092] extDB3: Input from Server: 4:106
[00:59:11:666763 +01:00] [Thread 3092] extDB3: Output to Server: [3]
[00:59:11:666787 +01:00] [Thread 3092] extDB3: Input from Server: 4:106
[00:59:11:666800 +01:00] [Thread 3092] extDB3: Output to Server: [3]
[00:59:11:666823 +01:00] [Thread 3092] extDB3: Input from Server: 4:106
[00:59:11:666835 +01:00] [Thread 3092] extDB3: Output to Server: [3]
[00:59:11:666859 +01:00] [Thread 3092] extDB3: Input from Server: 4:106
[00:59:11:666871 +01:00] [Thread 3092] extDB3: Output to Server: [3]
[00:59:11:666894 +01:00] [Thread 3092] extDB3: Input from Server: 4:106
[00:59:11:666906 +01:00] [Thread 3092] extDB3: Output to Server: [3]
[00:59:11:666936 +01:00] [Thread 3092] extDB3: Input from Server: 4:106
[00:59:11:666950 +01:00] [Thread 3092] extDB3: Output to Server: [3]
[00:59:11:666973 +01:00] [Thread 3092] extDB3: Input from Server: 4:106
[00:59:11:666986 +01:00] [Thread 3092] extDB3: Output to Server: [3]
[00:59:11:667009 +01:00] [Thread 3092] extDB3: Input from Server: 4:106
[00:59:11:667021 +01:00] [Thread 3092] extDB3: Output to Server: [3]
[00:59:11:667044 +01:00] [Thread 3092] extDB3: Input from Server: 4:106
[00:59:11:667057 +01:00] [Thread 3092] extDB3: Output to Server: [3]
[00:59:11:667080 +01:00] [Thread 3092] extDB3: Input from Server: 4:106
[00:59:11:667092 +01:00] [Thread 3092] extDB3: Output to Server: [3]
[00:59:11:667115 +01:00] [Thread 3092] extDB3: Input from Server: 4:106
[00:59:11:667128 +01:00] [Thread 3092] extDB3: Output to Server: [3]
[00:59:11:667151 +01:00] [Thread 3092] extDB3: Input from Server: 4:106
[00:59:11:667163 +01:00] [Thread 3092] extDB3: Output to Server: [3]
[00:59:11:667186 +01:00] [Thread 3092] extDB3: Input from Server: 4:106
[00:59:11:667198 +01:00] [Thread 3092] extDB3: Output to Server: [3]
[00:59:11:667221 +01:00] [Thread 3092] extDB3: Input from Server: 4:106
[00:59:11:667234 +01:00] [Thread 3092] extDB3: Output to Server: [3]
[00:59:11:667257 +01:00] [Thread 3092] extDB3: Input from Server: 4:106
[00:59:11:667269 +01:00] [Thread 3092] extDB3: Output to Server: [3]
[00:59:11:667292 +01:00] [Thread 3092] extDB3: Input from Server: 4:106
[00:59:11:667305 +01:00] [Thread 3092] extDB3: Output to Server: [3]
[00:59:11:667327 +01:00] [Thread 3092] extDB3: Input from Server: 4:106
[00:59:11:667340 +01:00] [Thread 3092] extDB3: Output to Server: [3]
[00:59:11:667363 +01:00] [Thread 3092] extDB3: Input from Server: 4:106
[00:59:11:667375 +01:00] [Thread 3092] extDB3: Output to Server: [3]
[00:59:11:667399 +01:00] [Thread 3092] extDB3: Input from Server: 4:106
[00:59:11:667411 +01:00] [Thread 3092] extDB3: Output to Server: [3]
[00:59:11:667434 +01:00] [Thread 3092] extDB3: Input from Server: 4:106
[00:59:11:667446 +01:00] [Thread 3092] extDB3: Output to Server: [3]
[00:59:11:667470 +01:00] [Thread 3092] extDB3: Input from Server: 4:106
[00:59:11:667482 +01:00] [Thread 3092] extDB3: Output to Server: [3]
[00:59:11:667505 +01:00] [Thread 3092] extDB3: Input from Server: 4:106
[00:59:11:667517 +01:00] [Thread 3092] extDB3: Output to Server: [3]
[00:59:11:667541 +01:00] [Thread 3092] extDB3: Input from Server: 4:106
[00:59:11:667553 +01:00] [Thread 3092] extDB3: Output to Server: [3]
[00:59:11:667576 +01:00] [Thread 3092] extDB3: Input from Server: 4:106
[00:59:11:667589 +01:00] [Thread 3092] extDB3: Output to Server: [3]
[00:59:11:667612 +01:00] [Thread 3092] extDB3: Input from Server: 4:106
[00:59:11:667624 +01:00] [Thread 3092] extDB3: Output to Server: [3]
[00:59:11:667647 +01:00] [Thread 3092] extDB3: Input from Server: 4:106
[00:59:11:667660 +01:00] [Thread 3092] extDB3: Output to Server: [3]
[00:59:11:667683 +01:00] [Thread 3092] extDB3: Input from Server: 4:106
[00:59:11:667695 +01:00] [Thread 3092] extDB3: Output to Server: [3]
[00:59:11:667706 +01:00] [Thread 1844] extDB3: SQL: Trace: Result: [1,[[0,0,0,0]]]
[00:59:11:667718 +01:00] [Thread 3092] extDB3: Input from Server: 4:106
[00:59:11:667769 +01:00] [Thread 3092] extDB3: Output to Server: [1,[[0,0,0,0]]]
[00:59:11:687263 +01:00] [Thread 3092] extDB3: Input from Server: 2:3132:SELECT id FROM banque WHERE playerid='76561197964675179'
[00:59:11:687326 +01:00] [Thread 3092] extDB3: Output to Server: [2,"107"]
[00:59:11:687374 +01:00] [Thread 1844] extDB3: SQL: Trace: Input: SELECT id FROM banque WHERE playerid='76561197964675179'
[00:59:11:687388 +01:00] [Thread 3092] extDB3: Input from Server: 4:107
[00:59:11:687442 +01:00] [Thread 3092] extDB3: Output to Server: [3]
[00:59:11:687485 +01:00] [Thread 3092] extDB3: Input from Server: 4:107
[00:59:11:687499 +01:00] [Thread 3092] extDB3: Output to Server: [3]
[00:59:11:687525 +01:00] [Thread 3092] extDB3: Input from Server: 4:107
[00:59:11:687537 +01:00] [Thread 3092] extDB3: Output to Server: [3]
[00:59:11:687560 +01:00] [Thread 3092] extDB3: Input from Server: 4:107
[00:59:11:687572 +01:00] [Thread 3092] extDB3: Output to Server: [3]
[00:59:11:687596 +01:00] [Thread 3092] extDB3: Input from Server: 4:107
[00:59:11:687608 +01:00] [Thread 3092] extDB3: Output to Server: [3]
[00:59:11:687631 +01:00] [Thread 3092] extDB3: Input from Server: 4:107
[00:59:11:687643 +01:00] [Thread 3092] extDB3: Output to Server: [3]
[00:59:11:687666 +01:00] [Thread 3092] extDB3: Input from Server: 4:107
[00:59:11:687678 +01:00] [Thread 3092] extDB3: Output to Server: [3]
[00:59:11:687701 +01:00] [Thread 3092] extDB3: Input from Server: 4:107
[00:59:11:687713 +01:00] [Thread 3092] extDB3: Output to Server: [3]
[00:59:11:687736 +01:00] [Thread 3092] extDB3: Input from Server: 4:107
[00:59:11:687748 +01:00] [Thread 3092] extDB3: Output to Server: [3]
[00:59:11:687771 +01:00] [Thread 3092] extDB3: Input from Server: 4:107
[00:59:11:687789 +01:00] [Thread 3092] extDB3: Output to Server: [3]
[00:59:11:687813 +01:00] [Thread 3092] extDB3: Input from Server: 4:107
[00:59:11:687826 +01:00] [Thread 3092] extDB3: Output to Server: [3]
[00:59:11:687848 +01:00] [Thread 3092] extDB3: Input from Server: 4:107
[00:59:11:687861 +01:00] [Thread 3092] extDB3: Output to Server: [3]
[00:59:11:687884 +01:00] [Thread 3092] extDB3: Input from Server: 4:107
[00:59:11:687896 +01:00] [Thread 3092] extDB3: Output to Server: [3]
[00:59:11:687919 +01:00] [Thread 3092] extDB3: Input from Server: 4:107
[00:59:11:687931 +01:00] [Thread 3092] extDB3: Output to Server: [3]
[00:59:11:687954 +01:00] [Thread 3092] extDB3: Input from Server: 4:107
[00:59:11:687966 +01:00] [Thread 3092] extDB3: Output to Server: [3]
[00:59:11:687995 +01:00] [Thread 3092] extDB3: Input from Server: 4:107
[00:59:11:688012 +01:00] [Thread 3092] extDB3: Output to Server: [3]
[00:59:11:688037 +01:00] [Thread 3092] extDB3: Input from Server: 4:107
[00:59:11:688049 +01:00] [Thread 3092] extDB3: Output to Server: [3]
[00:59:11:688072 +01:00] [Thread 3092] extDB3: Input from Server: 4:107
[00:59:11:688085 +01:00] [Thread 3092] extDB3: Output to Server: [3]
[00:59:11:688108 +01:00] [Thread 3092] extDB3: Input from Server: 4:107
[00:59:11:688139 +01:00] [Thread 3092] extDB3: Output to Server: [3]
[00:59:11:688165 +01:00] [Thread 3092] extDB3: Input from Server: 4:107
[00:59:11:688177 +01:00] [Thread 3092] extDB3: Output to Server: [3]
[00:59:11:688200 +01:00] [Thread 3092] extDB3: Input from Server: 4:107
[00:59:11:688213 +01:00] [Thread 3092] extDB3: Output to Server: [3]
[00:59:11:688236 +01:00] [Thread 3092] extDB3: Input from Server: 4:107
[00:59:11:688248 +01:00] [Thread 3092] extDB3: Output to Server: [3]
[00:59:11:688271 +01:00] [Thread 3092] extDB3: Input from Server: 4:107
[00:59:11:688283 +01:00] [Thread 3092] extDB3: Output to Server: [3]
[00:59:11:688306 +01:00] [Thread 3092] extDB3: Input from Server: 4:107
[00:59:11:688318 +01:00] [Thread 3092] extDB3: Output to Server: [3]
[00:59:11:688341 +01:00] [Thread 3092] extDB3: Input from Server: 4:107
[00:59:11:688354 +01:00] [Thread 3092] extDB3: Output to Server: [3]
[00:59:11:688381 +01:00] [Thread 3092] extDB3: Input from Server: 4:107
[00:59:11:688397 +01:00] [Thread 3092] extDB3: Output to Server: [3]
[00:59:11:688421 +01:00] [Thread 3092] extDB3: Input from Server: 4:107
[00:59:11:688433 +01:00] [Thread 3092] extDB3: Output to Server: [3]
[00:59:11:688456 +01:00] [Thread 3092] extDB3: Input from Server: 4:107
[00:59:11:688469 +01:00] [Thread 3092] extDB3: Output to Server: [3]
[00:59:11:688491 +01:00] [Thread 3092] extDB3: Input from Server: 4:107
[00:59:11:688504 +01:00] [Thread 3092] extDB3: Output to Server: [3]
[00:59:11:688526 +01:00] [Thread 3092] extDB3: Input from Server: 4:107
[00:59:11:688539 +01:00] [Thread 3092] extDB3: Output to Server: [3]
[00:59:11:688562 +01:00] [Thread 3092] extDB3: Input from Server: 4:107
[00:59:11:688574 +01:00] [Thread 3092] extDB3: Output to Server: [3]
[00:59:11:688597 +01:00] [Thread 3092] extDB3: Input from Server: 4:107
[00:59:11:688609 +01:00] [Thread 3092] extDB3: Output to Server: [3]
[00:59:11:688632 +01:00] [Thread 3092] extDB3: Input from Server: 4:107
[00:59:11:688644 +01:00] [Thread 3092] extDB3: Output to Server: [3]
[00:59:11:688667 +01:00] [Thread 3092] extDB3: Input from Server: 4:107
[00:59:11:688679 +01:00] [Thread 3092] extDB3: Output to Server: [3]
[00:59:11:688702 +01:00] [Thread 3092] extDB3: Input from Server: 4:107
[00:59:11:688714 +01:00] [Thread 3092] extDB3: Output to Server: [3]
[00:59:11:688737 +01:00] [Thread 3092] extDB3: Input from Server: 4:107
[00:59:11:688752 +01:00] [Thread 3092] extDB3: Output to Server: [3]
[00:59:11:688781 +01:00] [Thread 3092] extDB3: Input from Server: 4:107
[00:59:11:688798 +01:00] [Thread 3092] extDB3: Output to Server: [3]
[00:59:11:688822 +01:00] [Thread 3092] extDB3: Input from Server: 4:107
[00:59:11:688834 +01:00] [Thread 3092] extDB3: Output to Server: [3]
[00:59:11:688857 +01:00] [Thread 3092] extDB3: Input from Server: 4:107
[00:59:11:688869 +01:00] [Thread 3092] extDB3: Output to Server: [3]
[00:59:11:688893 +01:00] [Thread 3092] extDB3: Input from Server: 4:107
[00:59:11:688905 +01:00] [Thread 3092] extDB3: Output to Server: [3]
[00:59:11:688928 +01:00] [Thread 3092] extDB3: Input from Server: 4:107
[00:59:11:688940 +01:00] [Thread 3092] extDB3: Output to Server: [3]
[00:59:11:688962 +01:00] [Thread 3092] extDB3: Input from Server: 4:107
[00:59:11:688975 +01:00] [Thread 3092] extDB3: Output to Server: [3]
[00:59:11:688998 +01:00] [Thread 3092] extDB3: Input from Server: 4:107
[00:59:11:689010 +01:00] [Thread 3092] extDB3: Output to Server: [3]
[00:59:11:689033 +01:00] [Thread 3092] extDB3: Input from Server: 4:107
[00:59:11:689045 +01:00] [Thread 3092] extDB3: Output to Server: [3]
[00:59:11:689068 +01:00] [Thread 3092] extDB3: Input from Server: 4:107
[00:59:11:689080 +01:00] [Thread 3092] extDB3: Output to Server: [3]
[00:59:11:689103 +01:00] [Thread 3092] extDB3: Input from Server: 4:107
[00:59:11:689115 +01:00] [Thread 3092] extDB3: Output to Server: [3]
[00:59:11:689138 +01:00] [Thread 3092] extDB3: Input from Server: 4:107
[00:59:11:689151 +01:00] [Thread 3092] extDB3: Output to Server: [3]
[00:59:11:689174 +01:00] [Thread 3092] extDB3: Input from Server: 4:107
[00:59:11:689186 +01:00] [Thread 3092] extDB3: Output to Server: [3]
[00:59:11:689209 +01:00] [Thread 3092] extDB3: Input from Server: 4:107
[00:59:11:689221 +01:00] [Thread 3092] extDB3: Output to Server: [3]
[00:59:11:689248 +01:00] [Thread 3092] extDB3: Input from Server: 4:107
[00:59:11:689265 +01:00] [Thread 3092] extDB3: Output to Server: [3]
[00:59:11:689289 +01:00] [Thread 3092] extDB3: Input from Server: 4:107
[00:59:11:689301 +01:00] [Thread 3092] extDB3: Output to Server: [3]
[00:59:11:689324 +01:00] [Thread 3092] extDB3: Input from Server: 4:107
[00:59:11:689336 +01:00] [Thread 3092] extDB3: Output to Server: [3]
[00:59:11:689359 +01:00] [Thread 3092] extDB3: Input from Server: 4:107
[00:59:11:689372 +01:00] [Thread 3092] extDB3: Output to Server: [3]
[00:59:11:689395 +01:00] [Thread 3092] extDB3: Input from Server: 4:107
[00:59:11:689409 +01:00] [Thread 3092] extDB3: Output to Server: [3]
[00:59:11:689434 +01:00] [Thread 3092] extDB3: Input from Server: 4:107
[00:59:11:689447 +01:00] [Thread 3092] extDB3: Output to Server: [3]
[00:59:11:689470 +01:00] [Thread 3092] extDB3: Input from Server: 4:107
[00:59:11:689482 +01:00] [Thread 3092] extDB3: Output to Server: [3]
[00:59:11:689505 +01:00] [Thread 3092] extDB3: Input from Server: 4:107
[00:59:11:689518 +01:00] [Thread 3092] extDB3: Output to Server: [3]
[00:59:11:689541 +01:00] [Thread 3092] extDB3: Input from Server: 4:107
[00:59:11:689553 +01:00] [Thread 3092] extDB3: Output to Server: [3]
[00:59:11:689576 +01:00] [Thread 3092] extDB3: Input from Server: 4:107
[00:59:11:689588 +01:00] [Thread 3092] extDB3: Output to Server: [3]
[00:59:11:689612 +01:00] [Thread 3092] extDB3: Input from Server: 4:107
[00:59:11:689624 +01:00] [Thread 3092] extDB3: Output to Server: [3]
[00:59:11:689647 +01:00] [Thread 3092] extDB3: Input from Server: 4:107
[00:59:11:689659 +01:00] [Thread 3092] extDB3: Output to Server: [3]
[00:59:11:689682 +01:00] [Thread 3092] extDB3: Input from Server: 4:107
[00:59:11:689694 +01:00] [Thread 3092] extDB3: Output to Server: [3]
[00:59:11:689717 +01:00] [Thread 3092] extDB3: Input from Server: 4:107
[00:59:11:689730 +01:00] [Thread 3092] extDB3: Output to Server: [3]
[00:59:11:689753 +01:00] [Thread 3092] extDB3: Input from Server: 4:107
[00:59:11:689765 +01:00] [Thread 3092] extDB3: Output to Server: [3]
[00:59:11:689792 +01:00] [Thread 3092] extDB3: Input from Server: 4:107
[00:59:11:689805 +01:00] [Thread 3092] extDB3: Output to Server: [3]
[00:59:11:689828 +01:00] [Thread 3092] extDB3: Input from Server: 4:107
[00:59:11:689840 +01:00] [Thread 3092] extDB3: Output to Server: [3]
[00:59:11:689863 +01:00] [Thread 3092] extDB3: Input from Server: 4:107
[00:59:11:689876 +01:00] [Thread 3092] extDB3: Output to Server: [3]
[00:59:11:689899 +01:00] [Thread 3092] extDB3: Input from Server: 4:107
[00:59:11:689911 +01:00] [Thread 3092] extDB3: Output to Server: [3]
[00:59:11:689934 +01:00] [Thread 3092] extDB3: Input from Server: 4:107
[00:59:11:689946 +01:00] [Thread 3092] extDB3: Output to Server: [3]
[00:59:11:689970 +01:00] [Thread 3092] extDB3: Input from Server: 4:107
[00:59:11:689982 +01:00] [Thread 3092] extDB3: Output to Server: [3]
[00:59:11:689979 +01:00] [Thread 1844] extDB3: SQL: Trace: Result: [1,[]]
[00:59:11:709080 +01:00] [Thread 3092] extDB3: Input from Server: 4:107
[00:59:11:709136 +01:00] [Thread 3092] extDB3: Output to Server: [1,[]]
[00:59:11:709352 +01:00] [Thread 3092] extDB3: Input from Server: 2:3132:SELECT id FROM banque WHERE playerid='76561197964675179' AND entreprise='1'
[00:59:11:709386 +01:00] [Thread 3092] extDB3: Output to Server: [2,"108"]
[00:59:11:709444 +01:00] [Thread 3092] extDB3: Input from Server: 4:108
[00:59:11:709451 +01:00] [Thread 1844] extDB3: SQL: Trace: Input: SELECT id FROM banque WHERE playerid='76561197964675179' AND entreprise='1'
[00:59:11:709460 +01:00] [Thread 3092] extDB3: Output to Server: [3]
[00:59:11:709543 +01:00] [Thread 3092] extDB3: Input from Server: 4:108
[00:59:11:709556 +01:00] [Thread 3092] extDB3: Output to Server: [3]
[00:59:11:709581 +01:00] [Thread 3092] extDB3: Input from Server: 4:108
[00:59:11:709594 +01:00] [Thread 3092] extDB3: Output to Server: [3]
[00:59:11:709617 +01:00] [Thread 3092] extDB3: Input from Server: 4:108
[00:59:11:709629 +01:00] [Thread 3092] extDB3: Output to Server: [3]
[00:59:11:709652 +01:00] [Thread 3092] extDB3: Input from Server: 4:108
[00:59:11:709664 +01:00] [Thread 3092] extDB3: Output to Server: [3]
[00:59:11:709687 +01:00] [Thread 3092] extDB3: Input from Server: 4:108
[00:59:11:709700 +01:00] [Thread 3092] extDB3: Output to Server: [3]
[00:59:11:709723 +01:00] [Thread 3092] extDB3: Input from Server: 4:108
[00:59:11:709735 +01:00] [Thread 3092] extDB3: Output to Server: [3]
[00:59:11:709758 +01:00] [Thread 3092] extDB3: Input from Server: 4:108
[00:59:11:709770 +01:00] [Thread 3092] extDB3: Output to Server: [3]
[00:59:11:709883 +01:00] [Thread 3092] extDB3: Input from Server: 4:108
[00:59:11:709905 +01:00] [Thread 3092] extDB3: Output to Server: [3]
[00:59:11:709929 +01:00] [Thread 3092] extDB3: Input from Server: 4:108
[00:59:11:709931 +01:00] [Thread 1844] extDB3: SQL: Trace: Result: [1,[]]
[00:59:11:709942 +01:00] [Thread 3092] extDB3: Output to Server: [3]
[00:59:11:709995 +01:00] [Thread 3092] extDB3: Input from Server: 4:108
[00:59:11:710008 +01:00] [Thread 3092] extDB3: Output to Server: [1,[]]
[00:59:11:710187 +01:00] [Thread 3092] extDB3: Input from Server: 2:3132:SELECT id, bankacc FROM banque WHERE playerid='76561197964675179' AND dflt='1'
[00:59:11:710213 +01:00] [Thread 3092] extDB3: Output to Server: [2,"109"]
[00:59:11:710263 +01:00] [Thread 3092] extDB3: Input from Server: 4:109
[00:59:11:710260 +01:00] [Thread 1844] extDB3: SQL: Trace: Input: SELECT id, bankacc FROM banque WHERE playerid='76561197964675179' AND dflt='1'
[00:59:11:710278 +01:00] [Thread 3092] extDB3: Output to Server: [3]
[00:59:11:710344 +01:00] [Thread 3092] extDB3: Input from Server: 4:109
[00:59:11:710357 +01:00] [Thread 3092] extDB3: Output to Server: [3]
[00:59:11:710381 +01:00] [Thread 3092] extDB3: Input from Server: 4:109
[00:59:11:710393 +01:00] [Thread 3092] extDB3: Output to Server: [3]
[00:59:11:710416 +01:00] [Thread 3092] extDB3: Input from Server: 4:109
[00:59:11:710429 +01:00] [Thread 3092] extDB3: Output to Server: [3]
[00:59:11:710451 +01:00] [Thread 3092] extDB3: Input from Server: 4:109
[00:59:11:710464 +01:00] [Thread 3092] extDB3: Output to Server: [3]
[00:59:11:710486 +01:00] [Thread 3092] extDB3: Input from Server: 4:109
[00:59:11:710498 +01:00] [Thread 3092] extDB3: Output to Server: [3]
[00:59:11:710521 +01:00] [Thread 3092] extDB3: Input from Server: 4:109
[00:59:11:710533 +01:00] [Thread 3092] extDB3: Output to Server: [3]
[00:59:11:710556 +01:00] [Thread 3092] extDB3: Input from Server: 4:109
[00:59:11:710568 +01:00] [Thread 3092] extDB3: Output to Server: [3]
[00:59:11:710592 +01:00] [Thread 3092] extDB3: Input from Server: 4:109
[00:59:11:710604 +01:00] [Thread 3092] extDB3: Output to Server: [3]
[00:59:11:710627 +01:00] [Thread 3092] extDB3: Input from Server: 4:109
[00:59:11:710639 +01:00] [Thread 3092] extDB3: Output to Server: [3]
[00:59:11:710662 +01:00] [Thread 3092] extDB3: Input from Server: 4:109
[00:59:11:710674 +01:00] [Thread 3092] extDB3: Output to Server: [3]
[00:59:11:710697 +01:00] [Thread 3092] extDB3: Input from Server: 4:109
[00:59:11:710701 +01:00] [Thread 1844] extDB3: SQL: Trace: Result: [1,[]]
[00:59:11:710710 +01:00] [Thread 3092] extDB3: Output to Server: [3]
[00:59:11:710763 +01:00] [Thread 3092] extDB3: Input from Server: 4:109
[00:59:11:710776 +01:00] [Thread 3092] extDB3: Output to Server: [1,[]]
[01:00:32:216393 +01:00] [Thread 3092] extDB3: Input from Server: 1:3132:UPDATE dynmarket SET prices='[["apple",50,0],["heroinu",1850,0],["heroinp",2650,0],["salema",45,0],["ornate",40,0],["mackerel",175,0],["tuna",700,0],["mullet",250,0],["catshark",300,0],["rabbit",65,0],["oilp",3200,0],["turtle",3000,0],["water",5,0],["coffee",5,0],["turtlesoup",1000,0],["donuts",60,0],["marijuana",2350,0],["tbacon",25,0],["lockpick",75,0],["pickaxe",750,0],["redgull",200,0],["peach",55,0],["cocaine",3000,0],["cocainep",5000,0],["diamond",750,0],["diamondc",2000,0],["iron_r",3200,0],["copper_r",1500,0],["salt_r",1650,0],["glass",1450,0],["cement",1950,0],["goldbar",95000,0],["heroinu",1200,0],["heroinp",2500,0],["cocaine",1500,0],["cocainep",3500,0],["marijuana",2000,0],["turtle",3000,0]]'
[01:00:32:216466 +01:00] [Thread 3092] extDB3: Output to Server: 
[01:00:32:216517 +01:00] [Thread 1844] extDB3: SQL: Trace: Input: UPDATE dynmarket SET prices='[["apple",50,0],["heroinu",1850,0],["heroinp",2650,0],["salema",45,0],["ornate",40,0],["mackerel",175,0],["tuna",700,0],["mullet",250,0],["catshark",300,0],["rabbit",65,0],["oilp",3200,0],["turtle",3000,0],["water",5,0],["coffee",5,0],["turtlesoup",1000,0],["donuts",60,0],["marijuana",2350,0],["tbacon",25,0],["lockpick",75,0],["pickaxe",750,0],["redgull",200,0],["peach",55,0],["cocaine",3000,0],["cocainep",5000,0],["diamond",750,0],["diamondc",2000,0],["iron_r",3200,0],["copper_r",1500,0],["salt_r",1650,0],["glass",1450,0],["cement",1950,0],["goldbar",95000,0],["heroinu",1200,0],["heroinp",2500,0],["cocaine",1500,0],["cocainep",3500,0],["marijuana",2000,0],["turtle",3000,0]]'
[01:00:32:217024 +01:00] [Thread 1844] extDB3: SQL: Trace: Result: [1,[]]
[01:00:43:780371 +01:00] [Thread 3092] extDB3: Input from Server: 1:3132:UPDATE players SET name='Kira Luci', cash='10000', civ_licenses='[["license_civ_driver",0],["license_civ_air",0],["license_civ_heroin",0],["license_civ_marijuana",0],["license_civ_gang",0],["license_civ_boat",0],["license_civ_oil",0],["license_civ_dive",0],["license_civ_truck",0],["license_civ_gun",0],["license_civ_rebel",0],["license_civ_coke",0],["license_civ_diamond",0],["license_civ_copper",0],["license_civ_iron",0],["license_civ_sand",0],["license_civ_salt",0],["license_civ_cement",0],["license_civ_home",0],["license_civ_opium",0],["license_civ_vin",0],["licence_civ_fermenta",0],["licence_civ_gouv",0],["license_civ_ebou",0]]', civ_gear='["U_C_Poloshirt_stripped","","","","",["ItemMap","ItemCompass","Itemwatch"],"","",[],[],[],[],[],[],["","","",""],["","","",""],[]]', arrested='0' WHERE playerid='76561197964675179'
[01:00:43:780457 +01:00] [Thread 3092] extDB3: Output to Server: 
[01:00:43:780533 +01:00] [Thread 1844] extDB3: SQL: Trace: Input: UPDATE players SET name='Kira Luci', cash='10000', civ_licenses='[["license_civ_driver",0],["license_civ_air",0],["license_civ_heroin",0],["license_civ_marijuana",0],["license_civ_gang",0],["license_civ_boat",0],["license_civ_oil",0],["license_civ_dive",0],["license_civ_truck",0],["license_civ_gun",0],["license_civ_rebel",0],["license_civ_coke",0],["license_civ_diamond",0],["license_civ_copper",0],["license_civ_iron",0],["license_civ_sand",0],["license_civ_salt",0],["license_civ_cement",0],["license_civ_home",0],["license_civ_opium",0],["license_civ_vin",0],["licence_civ_fermenta",0],["licence_civ_gouv",0],["license_civ_ebou",0]]', civ_gear='["U_C_Poloshirt_stripped","","","","",["ItemMap","ItemCompass","Itemwatch"],"","",[],[],[],[],[],[],["","","",""],["","","",""],[]]', arrested='0' WHERE playerid='76561197964675179'
[01:00:43:782958 +01:00] [Thread 1844] extDB3: SQL: Trace: Result: [1,[]]
[01:00:51:104273 +01:00] [Thread 3092] extDB3: Input from Server: 1:3132:UPDATE players SET name='Kira Luci', cash='10000', civ_licenses='[["license_civ_driver",0],["license_civ_air",0],["license_civ_heroin",0],["license_civ_marijuana",0],["license_civ_gang",0],["license_civ_boat",0],["license_civ_oil",0],["license_civ_dive",0],["license_civ_truck",0],["license_civ_gun",0],["license_civ_rebel",0],["license_civ_coke",0],["license_civ_diamond",0],["license_civ_copper",0],["license_civ_iron",0],["license_civ_sand",0],["license_civ_salt",0],["license_civ_cement",0],["license_civ_home",0],["license_civ_opium",0],["license_civ_vin",0],["licence_civ_fermenta",0],["licence_civ_gouv",0],["license_civ_ebou",0]]', civ_gear='["U_C_Poloshirt_stripped","","","","",["ItemMap","ItemCompass","Itemwatch"],"","",[],[],[],[],[],[],["","","",""],["","","",""],[]]', arrested='0' WHERE playerid='76561197964675179'
[01:00:51:104351 +01:00] [Thread 3092] extDB3: Output to Server: 
[01:00:51:104405 +01:00] [Thread 1844] extDB3: SQL: Trace: Input: UPDATE players SET name='Kira Luci', cash='10000', civ_licenses='[["license_civ_driver",0],["license_civ_air",0],["license_civ_heroin",0],["license_civ_marijuana",0],["license_civ_gang",0],["license_civ_boat",0],["license_civ_oil",0],["license_civ_dive",0],["license_civ_truck",0],["license_civ_gun",0],["license_civ_rebel",0],["license_civ_coke",0],["license_civ_diamond",0],["license_civ_copper",0],["license_civ_iron",0],["license_civ_sand",0],["license_civ_salt",0],["license_civ_cement",0],["license_civ_home",0],["license_civ_opium",0],["license_civ_vin",0],["licence_civ_fermenta",0],["licence_civ_gouv",0],["license_civ_ebou",0]]', civ_gear='["U_C_Poloshirt_stripped","","","","",["ItemMap","ItemCompass","Itemwatch"],"","",[],[],[],[],[],[],["","","",""],["","","",""],[]]', arrested='0' WHERE playerid='76561197964675179'
[01:00:51:106733 +01:00] [Thread 1844] extDB3: SQL: Trace: Result: [1,[]]
[01:03:47:277547 +01:00] [Thread 3092] extDB3: Input from Server: 1:3132:UPDATE dynmarket SET prices='[["apple",50,0],["heroinu",1850,0],["heroinp",2650,0],["salema",45,0],["ornate",40,0],["mackerel",175,0],["tuna",700,0],["mullet",250,0],["catshark",300,0],["rabbit",65,0],["oilp",3200,0],["turtle",3000,0],["water",5,0],["coffee",5,0],["turtlesoup",1000,0],["donuts",60,0],["marijuana",2350,0],["tbacon",25,0],["lockpick",75,0],["pickaxe",750,0],["redgull",200,0],["peach",55,0],["cocaine",3000,0],["cocainep",5000,0],["diamond",750,0],["diamondc",2000,0],["iron_r",3200,0],["copper_r",1500,0],["salt_r",1650,0],["glass",1450,0],["cement",1950,0],["goldbar",95000,0],["heroinu",1200,0],["heroinp",2500,0],["cocaine",1500,0],["cocainep",3500,0],["marijuana",2000,0],["turtle",3000,0]]'
[01:03:47:277626 +01:00] [Thread 3092] extDB3: Output to Server: 
[01:03:47:277678 +01:00] [Thread 1844] extDB3: SQL: Trace: Input: UPDATE dynmarket SET prices='[["apple",50,0],["heroinu",1850,0],["heroinp",2650,0],["salema",45,0],["ornate",40,0],["mackerel",175,0],["tuna",700,0],["mullet",250,0],["catshark",300,0],["rabbit",65,0],["oilp",3200,0],["turtle",3000,0],["water",5,0],["coffee",5,0],["turtlesoup",1000,0],["donuts",60,0],["marijuana",2350,0],["tbacon",25,0],["lockpick",75,0],["pickaxe",750,0],["redgull",200,0],["peach",55,0],["cocaine",3000,0],["cocainep",5000,0],["diamond",750,0],["diamondc",2000,0],["iron_r",3200,0],["copper_r",1500,0],["salt_r",1650,0],["glass",1450,0],["cement",1950,0],["goldbar",95000,0],["heroinu",1200,0],["heroinp",2500,0],["cocaine",1500,0],["cocainep",3500,0],["marijuana",2000,0],["turtle",3000,0]]'
[01:03:47:278220 +01:00] [Thread 1844] extDB3: SQL: Trace: Result: [1,[]]
